----------------------------------------------
1th fold cross-validation
integrating files of  ../../bionoi_autoencoder_prj/ft_vec_control_vs_heme_cv/cv1/train/control/
number of files: 84096
size of feature vector: 512
size of feature matrix: (84096, 512)
size of label vector: (84096,)
size of training data of control class:(84096, 512)
number of training data points of control:84096
integrating files of  ../../bionoi_autoencoder_prj/ft_vec_control_vs_heme_cv/cv1/train/heme/
number of files: 25776
size of feature vector: 512
size of feature matrix: (25776, 512)
size of label vector: (25776,)
size of training data of heme class:(25776, 512)
number of training data points of heme:25776
integrating files of  ../../bionoi_autoencoder_prj/ft_vec_control_vs_heme_cv/cv1/val/control/
number of files: 9312
size of feature vector: 512
size of feature matrix: (9312, 512)
size of label vector: (9312,)
size of val data of control class:(9312, 512)
number of val data points of control:9312
integrating files of  ../../bionoi_autoencoder_prj/ft_vec_control_vs_heme_cv/cv1/val/heme/
number of files: 2832
size of feature vector: 512
size of feature matrix: (2832, 512)
size of label vector: (2832,)
size of val data of heme class:(2832, 512)
number of val data points of heme:2832
shape of X_train: (109872, 512)
shape of y_train: (109872,)
shape of X_val: (12144, 512)
shape of y_val: (12144,)
training the random forest...
training finished.
training accuracy: 0.8766564729867482
number of correct predictions: 9252
validation accuracy: 0.7618577075098815
validation precision: 0.49219156689224364
validation recall: 0.667725988700565
validation mcc: 0.416642854559205
validation f1: 0.5666766556787532
validation confusion matrix: [[7361 1951]
 [ 941 1891]]
----------------------------------------------
2th fold cross-validation
integrating files of  ../../bionoi_autoencoder_prj/ft_vec_control_vs_heme_cv/cv2/train/control/
number of files: 84096
size of feature vector: 512
size of feature matrix: (84096, 512)
size of label vector: (84096,)
size of training data of control class:(84096, 512)
number of training data points of control:84096
integrating files of  ../../bionoi_autoencoder_prj/ft_vec_control_vs_heme_cv/cv2/train/heme/
number of files: 25776
size of feature vector: 512
size of feature matrix: (25776, 512)
size of label vector: (25776,)
size of training data of heme class:(25776, 512)
number of training data points of heme:25776
integrating files of  ../../bionoi_autoencoder_prj/ft_vec_control_vs_heme_cv/cv2/val/control/
number of files: 9312
size of feature vector: 512
size of feature matrix: (9312, 512)
size of label vector: (9312,)
size of val data of control class:(9312, 512)
number of val data points of control:9312
integrating files of  ../../bionoi_autoencoder_prj/ft_vec_control_vs_heme_cv/cv2/val/heme/
number of files: 2832
size of feature vector: 512
size of feature matrix: (2832, 512)
size of label vector: (2832,)
size of val data of heme class:(2832, 512)
number of val data points of heme:2832
shape of X_train: (109872, 512)
shape of y_train: (109872,)
shape of X_val: (12144, 512)
shape of y_val: (12144,)
training the random forest...
training finished.
training accuracy: 0.8774483034804136
number of correct predictions: 9486
validation accuracy: 0.7811264822134387
validation precision: 0.5234248788368336
validation recall: 0.6864406779661016
validation mcc: 0.4555468893673144
validation f1: 0.5939505041246563
validation confusion matrix: [[7542 1770]
 [ 888 1944]]
----------------------------------------------
3th fold cross-validation
integrating files of  ../../bionoi_autoencoder_prj/ft_vec_control_vs_heme_cv/cv3/train/control/
number of files: 84096
size of feature vector: 512
size of feature matrix: (84096, 512)
size of label vector: (84096,)
size of training data of control class:(84096, 512)
number of training data points of control:84096
integrating files of  ../../bionoi_autoencoder_prj/ft_vec_control_vs_heme_cv/cv3/train/heme/
number of files: 25776
size of feature vector: 512
size of feature matrix: (25776, 512)
size of label vector: (25776,)
size of training data of heme class:(25776, 512)
number of training data points of heme:25776
integrating files of  ../../bionoi_autoencoder_prj/ft_vec_control_vs_heme_cv/cv3/val/control/
number of files: 9312
size of feature vector: 512
size of feature matrix: (9312, 512)
size of label vector: (9312,)
size of val data of control class:(9312, 512)
number of val data points of control:9312
integrating files of  ../../bionoi_autoencoder_prj/ft_vec_control_vs_heme_cv/cv3/val/heme/
number of files: 2832
size of feature vector: 512
size of feature matrix: (2832, 512)
size of label vector: (2832,)
size of val data of heme class:(2832, 512)
number of val data points of heme:2832
shape of X_train: (109872, 512)
shape of y_train: (109872,)
shape of X_val: (12144, 512)
shape of y_val: (12144,)
training the random forest...
training finished.
training accuracy: 0.8762742099898063
number of correct predictions: 9479
validation accuracy: 0.7805500658761528
validation precision: 0.5226348603957712
validation recall: 0.6807909604519774
validation mcc: 0.4521053406985995
validation f1: 0.5913203496396258
validation confusion matrix: [[7551 1761]
 [ 904 1928]]
----------------------------------------------
4th fold cross-validation
integrating files of  ../../bionoi_autoencoder_prj/ft_vec_control_vs_heme_cv/cv4/train/control/
number of files: 84096
size of feature vector: 512
size of feature matrix: (84096, 512)
size of label vector: (84096,)
size of training data of control class:(84096, 512)
number of training data points of control:84096
integrating files of  ../../bionoi_autoencoder_prj/ft_vec_control_vs_heme_cv/cv4/train/heme/
number of files: 25776
size of feature vector: 512
size of feature matrix: (25776, 512)
size of label vector: (25776,)
size of training data of heme class:(25776, 512)
number of training data points of heme:25776
integrating files of  ../../bionoi_autoencoder_prj/ft_vec_control_vs_heme_cv/cv4/val/control/
number of files: 9312
size of feature vector: 512
size of feature matrix: (9312, 512)
size of label vector: (9312,)
size of val data of control class:(9312, 512)
number of val data points of control:9312
integrating files of  ../../bionoi_autoencoder_prj/ft_vec_control_vs_heme_cv/cv4/val/heme/
number of files: 2832
size of feature vector: 512
size of feature matrix: (2832, 512)
size of label vector: (2832,)
size of val data of heme class:(2832, 512)
number of val data points of heme:2832
shape of X_train: (109872, 512)
shape of y_train: (109872,)
shape of X_val: (12144, 512)
shape of y_val: (12144,)
training the random forest...
training finished.
training accuracy: 0.8746632445026941
number of correct predictions: 9307
validation accuracy: 0.7663866930171278
validation precision: 0.4993433149461518
validation recall: 0.6712570621468926
validation mcc: 0.4252978331553036
validation f1: 0.57267660792288
validation confusion matrix: [[7406 1906]
 [ 931 1901]]
----------------------------------------------
5th fold cross-validation
integrating files of  ../../bionoi_autoencoder_prj/ft_vec_control_vs_heme_cv/cv5/train/control/
number of files: 84096
size of feature vector: 512
size of feature matrix: (84096, 512)
size of label vector: (84096,)
size of training data of control class:(84096, 512)
number of training data points of control:84096
integrating files of  ../../bionoi_autoencoder_prj/ft_vec_control_vs_heme_cv/cv5/train/heme/
number of files: 25776
size of feature vector: 512
size of feature matrix: (25776, 512)
size of label vector: (25776,)
size of training data of heme class:(25776, 512)
number of training data points of heme:25776
integrating files of  ../../bionoi_autoencoder_prj/ft_vec_control_vs_heme_cv/cv5/val/control/
number of files: 9312
size of feature vector: 512
size of feature matrix: (9312, 512)
size of label vector: (9312,)
size of val data of control class:(9312, 512)
number of val data points of control:9312
integrating files of  ../../bionoi_autoencoder_prj/ft_vec_control_vs_heme_cv/cv5/val/heme/
number of files: 2832
size of feature vector: 512
size of feature matrix: (2832, 512)
size of label vector: (2832,)
size of val data of heme class:(2832, 512)
number of val data points of heme:2832
shape of X_train: (109872, 512)
shape of y_train: (109872,)
shape of X_val: (12144, 512)
shape of y_val: (12144,)
training the random forest...
training finished.
training accuracy: 0.8759647589922819
number of correct predictions: 9953
validation accuracy: 0.8195816864295126
validation precision: 0.5912325647594648
validation recall: 0.7334039548022598
validation mcc: 0.5401604454653574
validation f1: 0.654688731284476
validation confusion matrix: [[7876 1436]
 [ 755 2077]]
----------------------------------------------
6th fold cross-validation
integrating files of  ../../bionoi_autoencoder_prj/ft_vec_control_vs_heme_cv/cv6/train/control/
number of files: 84096
size of feature vector: 512
size of feature matrix: (84096, 512)
size of label vector: (84096,)
size of training data of control class:(84096, 512)
number of training data points of control:84096
integrating files of  ../../bionoi_autoencoder_prj/ft_vec_control_vs_heme_cv/cv6/train/heme/
number of files: 25776
size of feature vector: 512
size of feature matrix: (25776, 512)
size of label vector: (25776,)
size of training data of heme class:(25776, 512)
number of training data points of heme:25776
integrating files of  ../../bionoi_autoencoder_prj/ft_vec_control_vs_heme_cv/cv6/val/control/
number of files: 9312
size of feature vector: 512
size of feature matrix: (9312, 512)
size of label vector: (9312,)
size of val data of control class:(9312, 512)
number of val data points of control:9312
integrating files of  ../../bionoi_autoencoder_prj/ft_vec_control_vs_heme_cv/cv6/val/heme/
number of files: 2832
size of feature vector: 512
size of feature matrix: (2832, 512)
size of label vector: (2832,)
size of val data of heme class:(2832, 512)
number of val data points of heme:2832
shape of X_train: (109872, 512)
shape of y_train: (109872,)
shape of X_val: (12144, 512)
shape of y_val: (12144,)
training the random forest...
training finished.
training accuracy: 0.8731159895150721
number of correct predictions: 9834
validation accuracy: 0.8097826086956522
validation precision: 0.5751295336787565
validation recall: 0.7055084745762712
validation mcc: 0.5118392832513914
validation f1: 0.6336822074215034
validation confusion matrix: [[7836 1476]
 [ 834 1998]]
----------------------------------------------
7th fold cross-validation
integrating files of  ../../bionoi_autoencoder_prj/ft_vec_control_vs_heme_cv/cv7/train/control/
number of files: 84096
size of feature vector: 512
size of feature matrix: (84096, 512)
size of label vector: (84096,)
size of training data of control class:(84096, 512)
number of training data points of control:84096
integrating files of  ../../bionoi_autoencoder_prj/ft_vec_control_vs_heme_cv/cv7/train/heme/
number of files: 25776
size of feature vector: 512
size of feature matrix: (25776, 512)
size of label vector: (25776,)
size of training data of heme class:(25776, 512)
number of training data points of heme:25776
integrating files of  ../../bionoi_autoencoder_prj/ft_vec_control_vs_heme_cv/cv7/val/control/
number of files: 9312
size of feature vector: 512
size of feature matrix: (9312, 512)
size of label vector: (9312,)
size of val data of control class:(9312, 512)
number of val data points of control:9312
integrating files of  ../../bionoi_autoencoder_prj/ft_vec_control_vs_heme_cv/cv7/val/heme/
number of files: 2832
size of feature vector: 512
size of feature matrix: (2832, 512)
size of label vector: (2832,)
size of val data of heme class:(2832, 512)
number of val data points of heme:2832
shape of X_train: (109872, 512)
shape of y_train: (109872,)
shape of X_val: (12144, 512)
shape of y_val: (12144,)
training the random forest...
training finished.
training accuracy: 0.8806702344546381
number of correct predictions: 9410
validation accuracy: 0.7748682476943346
validation precision: 0.5127272727272727
validation recall: 0.6970338983050848
validation mcc: 0.4503640650261729
validation f1: 0.5908410655492368
validation confusion matrix: [[7436 1876]
 [ 858 1974]]
----------------------------------------------
8th fold cross-validation
integrating files of  ../../bionoi_autoencoder_prj/ft_vec_control_vs_heme_cv/cv8/train/control/
number of files: 84096
size of feature vector: 512
size of feature matrix: (84096, 512)
size of label vector: (84096,)
size of training data of control class:(84096, 512)
number of training data points of control:84096
integrating files of  ../../bionoi_autoencoder_prj/ft_vec_control_vs_heme_cv/cv8/train/heme/
number of files: 25776
size of feature vector: 512
size of feature matrix: (25776, 512)
size of label vector: (25776,)
size of training data of heme class:(25776, 512)
number of training data points of heme:25776
integrating files of  ../../bionoi_autoencoder_prj/ft_vec_control_vs_heme_cv/cv8/val/control/
number of files: 9312
size of feature vector: 512
size of feature matrix: (9312, 512)
size of label vector: (9312,)
size of val data of control class:(9312, 512)
number of val data points of control:9312
integrating files of  ../../bionoi_autoencoder_prj/ft_vec_control_vs_heme_cv/cv8/val/heme/
number of files: 2832
size of feature vector: 512
size of feature matrix: (2832, 512)
size of label vector: (2832,)
size of val data of heme class:(2832, 512)
number of val data points of heme:2832
shape of X_train: (109872, 512)
shape of y_train: (109872,)
shape of X_val: (12144, 512)
shape of y_val: (12144,)
training the random forest...
training finished.
training accuracy: 0.8775029124799767
number of correct predictions: 9361
validation accuracy: 0.7708333333333334
validation precision: 0.5064253868345135
validation recall: 0.6818502824858758
validation mcc: 0.43711632080419693
validation f1: 0.581188863807374
validation confusion matrix: [[7430 1882]
 [ 901 1931]]
----------------------------------------------
9th fold cross-validation
integrating files of  ../../bionoi_autoencoder_prj/ft_vec_control_vs_heme_cv/cv9/train/control/
number of files: 84096
size of feature vector: 512
size of feature matrix: (84096, 512)
size of label vector: (84096,)
size of training data of control class:(84096, 512)
number of training data points of control:84096
integrating files of  ../../bionoi_autoencoder_prj/ft_vec_control_vs_heme_cv/cv9/train/heme/
number of files: 25776
size of feature vector: 512
size of feature matrix: (25776, 512)
size of label vector: (25776,)
size of training data of heme class:(25776, 512)
number of training data points of heme:25776
integrating files of  ../../bionoi_autoencoder_prj/ft_vec_control_vs_heme_cv/cv9/val/control/
number of files: 9312
size of feature vector: 512
size of feature matrix: (9312, 512)
size of label vector: (9312,)
size of val data of control class:(9312, 512)
number of val data points of control:9312
integrating files of  ../../bionoi_autoencoder_prj/ft_vec_control_vs_heme_cv/cv9/val/heme/
number of files: 2832
size of feature vector: 512
size of feature matrix: (2832, 512)
size of label vector: (2832,)
size of val data of heme class:(2832, 512)
number of val data points of heme:2832
shape of X_train: (109872, 512)
shape of y_train: (109872,)
shape of X_val: (12144, 512)
shape of y_val: (12144,)
training the random forest...
training finished.
training accuracy: 0.8743901995048784
number of correct predictions: 9184
validation accuracy: 0.7562582345191041
validation precision: 0.4829151094500801
validation recall: 0.638771186440678
validation mcc: 0.3943952474757695
validation f1: 0.5500152021891153
validation confusion matrix: [[7375 1937]
 [1023 1809]]
----------------------------------------------
10th fold cross-validation
integrating files of  ../../bionoi_autoencoder_prj/ft_vec_control_vs_heme_cv/cv10/train/control/
number of files: 84096
size of feature vector: 512
size of feature matrix: (84096, 512)
size of label vector: (84096,)
size of training data of control class:(84096, 512)
number of training data points of control:84096
integrating files of  ../../bionoi_autoencoder_prj/ft_vec_control_vs_heme_cv/cv10/train/heme/
number of files: 25776
size of feature vector: 512
size of feature matrix: (25776, 512)
size of label vector: (25776,)
size of training data of heme class:(25776, 512)
number of training data points of heme:25776
integrating files of  ../../bionoi_autoencoder_prj/ft_vec_control_vs_heme_cv/cv10/val/control/
number of files: 9312
size of feature vector: 512
size of feature matrix: (9312, 512)
size of label vector: (9312,)
size of val data of control class:(9312, 512)
number of val data points of control:9312
integrating files of  ../../bionoi_autoencoder_prj/ft_vec_control_vs_heme_cv/cv10/val/heme/
number of files: 2832
size of feature vector: 512
size of feature matrix: (2832, 512)
size of label vector: (2832,)
size of val data of heme class:(2832, 512)
number of val data points of heme:2832
shape of X_train: (109872, 512)
shape of y_train: (109872,)
shape of X_val: (12144, 512)
shape of y_val: (12144,)
training the random forest...
training finished.
training accuracy: 0.8740716470074268
number of correct predictions: 9545
validation accuracy: 0.7859848484848485
validation precision: 0.5338367702584955
validation recall: 0.6490112994350282
validation mcc: 0.4472160594931662
validation f1: 0.5858167330677291
validation confusion matrix: [[7707 1605]
 [ 994 1838]]
