data directory: ../../bionoi_autoencoder_prj/autoencoder_vec_control_vs_heme/
batch size: 256
performing control_vs_heme cross-validation task.
Current device: cuda:0
MLP(
  (fc1): Linear(in_features=512, out_features=512, bias=True)
  (fc2): Linear(in_features=512, out_features=512, bias=True)
  (fc3): Linear(in_features=512, out_features=512, bias=True)
  (fc4): Linear(in_features=512, out_features=512, bias=True)
  (fc5): Linear(in_features=512, out_features=1, bias=True)
  (relu): LeakyReLU(negative_slope=0.1)
  (sigmoid): Sigmoid()
  (dropout): Dropout(p=0.5)
)
Using 2 GPUs...
*********************************************************************
starting 1th fold cross-validation
Using learning rate scheduler.
 
Epoch 1/10
---------------
train Loss: 0.8387
train Accuracy:0.685 Precision:0.413 Recall:0.811 F1:0.547 MCC:0.388.
(tn, fp, fn, tp):  (54344, 29752, 4882, 20894)
val Loss: 0.8097
val Accuracy:0.700 Precision:0.425 Recall:0.815 F1:0.559 MCC:0.408.
(tn, fp, fn, tp):  (6194, 3118, 525, 2307)
 
Epoch 2/10
---------------
train Loss: 0.7536
train Accuracy:0.746 Precision:0.476 Recall:0.812 F1:0.600 MCC:0.465.
(tn, fp, fn, tp):  (61040, 23056, 4853, 20923)
val Loss: 0.7622
val Accuracy:0.751 Precision:0.479 Recall:0.777 F1:0.593 MCC:0.454.
(tn, fp, fn, tp):  (6923, 2389, 632, 2200)
 
Epoch 3/10
---------------
train Loss: 0.6828
train Accuracy:0.781 Precision:0.521 Recall:0.830 F1:0.641 MCC:0.523.
(tn, fp, fn, tp):  (64455, 19641, 4377, 21399)
val Loss: 0.7407
val Accuracy:0.753 Precision:0.481 Recall:0.791 F1:0.598 MCC:0.462.
(tn, fp, fn, tp):  (6900, 2412, 593, 2239)
 
Epoch 4/10
---------------
train Loss: 0.6180
train Accuracy:0.811 Precision:0.565 Recall:0.852 F1:0.679 MCC:0.576.
(tn, fp, fn, tp):  (67175, 16921, 3827, 21949)
val Loss: 0.7395
val Accuracy:0.782 Precision:0.523 Recall:0.755 F1:0.618 MCC:0.488.
(tn, fp, fn, tp):  (7365, 1947, 695, 2137)
 
Epoch 5/10
---------------
train Loss: 0.5448
train Accuracy:0.843 Precision:0.615 Recall:0.881 F1:0.724 MCC:0.638.
(tn, fp, fn, tp):  (69876, 14220, 3075, 22701)
val Loss: 0.7406
val Accuracy:0.785 Precision:0.527 Recall:0.750 F1:0.619 MCC:0.490.
(tn, fp, fn, tp):  (7410, 1902, 709, 2123)
 
Epoch 6/10
---------------
train Loss: 0.5267
train Accuracy:0.852 Precision:0.632 Recall:0.881 F1:0.736 MCC:0.654.
(tn, fp, fn, tp):  (70885, 13211, 3068, 22708)
val Loss: 0.7508
val Accuracy:0.785 Precision:0.528 Recall:0.743 F1:0.617 MCC:0.487.
(tn, fp, fn, tp):  (7430, 1882, 729, 2103)
 
Epoch 7/10
---------------
train Loss: 0.5172
train Accuracy:0.856 Precision:0.640 Recall:0.884 F1:0.742 MCC:0.662.
(tn, fp, fn, tp):  (71277, 12819, 2991, 22785)
val Loss: 0.7532
val Accuracy:0.777 Precision:0.515 Recall:0.771 F1:0.618 MCC:0.488.
(tn, fp, fn, tp):  (7255, 2057, 648, 2184)
 
Epoch 8/10
---------------
train Loss: 0.5071
train Accuracy:0.859 Precision:0.645 Recall:0.887 F1:0.747 MCC:0.668.
(tn, fp, fn, tp):  (71520, 12576, 2923, 22853)
val Loss: 0.7640
val Accuracy:0.787 Precision:0.531 Recall:0.738 F1:0.618 MCC:0.488.
(tn, fp, fn, tp):  (7470, 1842, 743, 2089)
 
Epoch 9/10
---------------
train Loss: 0.4994
train Accuracy:0.863 Precision:0.653 Recall:0.888 F1:0.753 MCC:0.676.
(tn, fp, fn, tp):  (71931, 12165, 2880, 22896)
val Loss: 0.7624
val Accuracy:0.784 Precision:0.525 Recall:0.754 F1:0.619 MCC:0.490.
(tn, fp, fn, tp):  (7381, 1931, 696, 2136)
 
Epoch 10/10
---------------
train Loss: 0.4907
train Accuracy:0.867 Precision:0.660 Recall:0.891 F1:0.758 MCC:0.684.
(tn, fp, fn, tp):  (72276, 11820, 2808, 22968)
val Loss: 0.7682
val Accuracy:0.786 Precision:0.529 Recall:0.752 F1:0.621 MCC:0.493.
(tn, fp, fn, tp):  (7413, 1899, 701, 2131)
Training complete in 3m 26s
Best val MCC: 0.492615
*********************************************************************
starting 2th fold cross-validation
Using learning rate scheduler.
 
Epoch 1/10
---------------
train Loss: 0.5172
train Accuracy:0.860 Precision:0.649 Recall:0.881 F1:0.747 MCC:0.668.
(tn, fp, fn, tp):  (71801, 12295, 3073, 22703)
val Loss: 0.4304
val Accuracy:0.880 Precision:0.683 Recall:0.907 F1:0.779 MCC:0.712.
(tn, fp, fn, tp):  (8118, 1194, 263, 2569)
 
Epoch 2/10
---------------
train Loss: 0.5084
train Accuracy:0.862 Precision:0.653 Recall:0.884 F1:0.751 MCC:0.673.
(tn, fp, fn, tp):  (71971, 12125, 2988, 22788)
val Loss: 0.4359
val Accuracy:0.885 Precision:0.698 Recall:0.892 F1:0.783 MCC:0.716.
(tn, fp, fn, tp):  (8222, 1090, 307, 2525)
 
Epoch 3/10
---------------
train Loss: 0.5017
train Accuracy:0.865 Precision:0.658 Recall:0.885 F1:0.755 MCC:0.678.
(tn, fp, fn, tp):  (72220, 11876, 2964, 22812)
val Loss: 0.4391
val Accuracy:0.884 Precision:0.698 Recall:0.888 F1:0.782 MCC:0.714.
(tn, fp, fn, tp):  (8223, 1089, 316, 2516)
 
Epoch 4/10
---------------
train Loss: 0.4925
train Accuracy:0.868 Precision:0.663 Recall:0.890 F1:0.760 MCC:0.686.
(tn, fp, fn, tp):  (72449, 11647, 2840, 22936)
val Loss: 0.4405
val Accuracy:0.883 Precision:0.696 Recall:0.886 F1:0.780 MCC:0.711.
(tn, fp, fn, tp):  (8217, 1095, 323, 2509)
 
Epoch 5/10
---------------
train Loss: 0.4891
train Accuracy:0.870 Precision:0.667 Recall:0.890 F1:0.763 MCC:0.689.
(tn, fp, fn, tp):  (72672, 11424, 2848, 22928)
val Loss: 0.4422
val Accuracy:0.880 Precision:0.688 Recall:0.885 F1:0.774 MCC:0.704.
(tn, fp, fn, tp):  (8178, 1134, 326, 2506)
 
Epoch 6/10
---------------
train Loss: 0.4832
train Accuracy:0.872 Precision:0.672 Recall:0.890 F1:0.766 MCC:0.693.
(tn, fp, fn, tp):  (72899, 11197, 2832, 22944)
val Loss: 0.4433
val Accuracy:0.877 Precision:0.680 Recall:0.891 F1:0.772 MCC:0.701.
(tn, fp, fn, tp):  (8127, 1185, 309, 2523)
 
Epoch 7/10
---------------
train Loss: 0.4770
train Accuracy:0.875 Precision:0.678 Recall:0.893 F1:0.770 MCC:0.699.
(tn, fp, fn, tp):  (73146, 10950, 2761, 23015)
val Loss: 0.4435
val Accuracy:0.876 Precision:0.677 Recall:0.892 F1:0.770 MCC:0.699.
(tn, fp, fn, tp):  (8108, 1204, 306, 2526)
 
Epoch 8/10
---------------
train Loss: 0.4680
train Accuracy:0.878 Precision:0.683 Recall:0.897 F1:0.775 MCC:0.706.
(tn, fp, fn, tp):  (73342, 10754, 2644, 23132)
val Loss: 0.4458
val Accuracy:0.881 Precision:0.694 Recall:0.877 F1:0.775 MCC:0.704.
(tn, fp, fn, tp):  (8214, 1098, 347, 2485)
 
Epoch 9/10
---------------
train Loss: 0.4628
train Accuracy:0.880 Precision:0.688 Recall:0.897 F1:0.778 MCC:0.710.
(tn, fp, fn, tp):  (73595, 10501, 2658, 23118)
val Loss: 0.4468
val Accuracy:0.880 Precision:0.688 Recall:0.883 F1:0.774 MCC:0.704.
(tn, fp, fn, tp):  (8180, 1132, 330, 2502)
 
Epoch 10/10
---------------
train Loss: 0.4528
train Accuracy:0.883 Precision:0.693 Recall:0.902 F1:0.784 MCC:0.717.
(tn, fp, fn, tp):  (73813, 10283, 2532, 23244)
val Loss: 0.4530
val Accuracy:0.884 Precision:0.703 Recall:0.868 F1:0.777 MCC:0.707.
(tn, fp, fn, tp):  (8276, 1036, 375, 2457)
Training complete in 3m 20s
Best val MCC: 0.716325
*********************************************************************
starting 3th fold cross-validation
Using learning rate scheduler.
 
Epoch 1/10
---------------
train Loss: 0.4926
train Accuracy:0.866 Precision:0.658 Recall:0.889 F1:0.757 MCC:0.681.
(tn, fp, fn, tp):  (72203, 11893, 2856, 22920)
val Loss: 0.4997
val Accuracy:0.879 Precision:0.689 Recall:0.876 F1:0.771 MCC:0.700.
(tn, fp, fn, tp):  (8194, 1118, 352, 2480)
 
Epoch 2/10
---------------
train Loss: 0.4869
train Accuracy:0.867 Precision:0.661 Recall:0.891 F1:0.759 MCC:0.685.
(tn, fp, fn, tp):  (72318, 11778, 2799, 22977)
val Loss: 0.5063
val Accuracy:0.886 Precision:0.710 Recall:0.863 F1:0.779 MCC:0.710.
(tn, fp, fn, tp):  (8315, 997, 387, 2445)
 
Epoch 3/10
---------------
train Loss: 0.4811
train Accuracy:0.870 Precision:0.666 Recall:0.892 F1:0.763 MCC:0.690.
(tn, fp, fn, tp):  (72581, 11515, 2777, 22999)
val Loss: 0.5086
val Accuracy:0.881 Precision:0.697 Recall:0.864 F1:0.772 MCC:0.700.
(tn, fp, fn, tp):  (8250, 1062, 385, 2447)
 
Epoch 4/10
---------------
train Loss: 0.4737
train Accuracy:0.873 Precision:0.671 Recall:0.895 F1:0.767 MCC:0.695.
(tn, fp, fn, tp):  (72797, 11299, 2698, 23078)
val Loss: 0.5138
val Accuracy:0.874 Precision:0.678 Recall:0.872 F1:0.763 MCC:0.688.
(tn, fp, fn, tp):  (8139, 1173, 363, 2469)
 
Epoch 5/10
---------------
train Loss: 0.4707
train Accuracy:0.874 Precision:0.674 Recall:0.895 F1:0.769 MCC:0.697.
(tn, fp, fn, tp):  (72933, 11163, 2708, 23068)
val Loss: 0.5153
val Accuracy:0.880 Precision:0.698 Recall:0.855 F1:0.768 MCC:0.695.
(tn, fp, fn, tp):  (8265, 1047, 412, 2420)
 
Epoch 6/10
---------------
train Loss: 0.4618
train Accuracy:0.877 Precision:0.681 Recall:0.899 F1:0.775 MCC:0.705.
(tn, fp, fn, tp):  (73227, 10869, 2601, 23175)
val Loss: 0.5163
val Accuracy:0.878 Precision:0.692 Recall:0.859 F1:0.767 MCC:0.693.
(tn, fp, fn, tp):  (8230, 1082, 399, 2433)
 
Epoch 7/10
---------------
train Loss: 0.4565
train Accuracy:0.879 Precision:0.684 Recall:0.902 F1:0.778 MCC:0.710.
(tn, fp, fn, tp):  (73378, 10718, 2524, 23252)
val Loss: 0.5214
val Accuracy:0.871 Precision:0.673 Recall:0.864 F1:0.757 MCC:0.680.
(tn, fp, fn, tp):  (8126, 1186, 386, 2446)
 
Epoch 8/10
---------------
train Loss: 0.4498
train Accuracy:0.882 Precision:0.689 Recall:0.905 F1:0.783 MCC:0.716.
(tn, fp, fn, tp):  (73593, 10503, 2453, 23323)
val Loss: 0.5249
val Accuracy:0.878 Precision:0.696 Recall:0.848 F1:0.764 MCC:0.689.
(tn, fp, fn, tp):  (8262, 1050, 431, 2401)
 
Epoch 9/10
---------------
train Loss: 0.4413
train Accuracy:0.885 Precision:0.695 Recall:0.907 F1:0.787 MCC:0.722.
(tn, fp, fn, tp):  (73853, 10243, 2402, 23374)
val Loss: 0.5275
val Accuracy:0.870 Precision:0.674 Recall:0.858 F1:0.755 MCC:0.678.
(tn, fp, fn, tp):  (8138, 1174, 402, 2430)
 
Epoch 10/10
---------------
train Loss: 0.4361
train Accuracy:0.887 Precision:0.699 Recall:0.908 F1:0.790 MCC:0.725.
(tn, fp, fn, tp):  (74016, 10080, 2380, 23396)
val Loss: 0.5325
val Accuracy:0.871 Precision:0.677 Recall:0.852 F1:0.754 MCC:0.676.
(tn, fp, fn, tp):  (8162, 1150, 420, 2412)
Training complete in 14m 34s
Best val MCC: 0.709637
*********************************************************************
starting 4th fold cross-validation
Using learning rate scheduler.
 
Epoch 1/10
---------------
train Loss: 0.4835
train Accuracy:0.870 Precision:0.667 Recall:0.891 F1:0.763 MCC:0.690.
(tn, fp, fn, tp):  (72651, 11445, 2812, 22964)
val Loss: 0.4748
val Accuracy:0.889 Precision:0.705 Recall:0.899 F1:0.790 MCC:0.726.
(tn, fp, fn, tp):  (8245, 1067, 285, 2547)
 
Epoch 2/10
---------------
train Loss: 0.4777
train Accuracy:0.872 Precision:0.670 Recall:0.893 F1:0.765 MCC:0.693.
(tn, fp, fn, tp):  (72738, 11358, 2757, 23019)
val Loss: 0.4783
val Accuracy:0.887 Precision:0.702 Recall:0.894 F1:0.786 MCC:0.720.
(tn, fp, fn, tp):  (8238, 1074, 301, 2531)
 
Epoch 3/10
---------------
train Loss: 0.4726
train Accuracy:0.873 Precision:0.672 Recall:0.894 F1:0.768 MCC:0.696.
(tn, fp, fn, tp):  (72872, 11224, 2734, 23042)
val Loss: 0.4843
val Accuracy:0.885 Precision:0.700 Recall:0.888 F1:0.783 MCC:0.715.
(tn, fp, fn, tp):  (8232, 1080, 316, 2516)
 
Epoch 4/10
---------------
train Loss: 0.4639
train Accuracy:0.877 Precision:0.681 Recall:0.897 F1:0.774 MCC:0.705.
(tn, fp, fn, tp):  (73274, 10822, 2655, 23121)
val Loss: 0.4862
val Accuracy:0.880 Precision:0.686 Recall:0.899 F1:0.778 MCC:0.710.
(tn, fp, fn, tp):  (8144, 1168, 285, 2547)
 
Epoch 5/10
---------------
train Loss: 0.4619
train Accuracy:0.878 Precision:0.683 Recall:0.897 F1:0.775 MCC:0.706.
(tn, fp, fn, tp):  (73337, 10759, 2647, 23129)
val Loss: 0.4899
val Accuracy:0.884 Precision:0.699 Recall:0.886 F1:0.781 MCC:0.714.
(tn, fp, fn, tp):  (8232, 1080, 323, 2509)
 
Epoch 6/10
---------------
train Loss: 0.4551
train Accuracy:0.880 Precision:0.686 Recall:0.900 F1:0.779 MCC:0.711.
(tn, fp, fn, tp):  (73504, 10592, 2585, 23191)
val Loss: 0.4949
val Accuracy:0.884 Precision:0.701 Recall:0.879 F1:0.780 MCC:0.711.
(tn, fp, fn, tp):  (8249, 1063, 344, 2488)
 
Epoch 7/10
---------------
train Loss: 0.4464
train Accuracy:0.883 Precision:0.692 Recall:0.901 F1:0.783 MCC:0.716.
(tn, fp, fn, tp):  (73785, 10311, 2562, 23214)
val Loss: 0.4963
val Accuracy:0.876 Precision:0.675 Recall:0.901 F1:0.772 MCC:0.703.
(tn, fp, fn, tp):  (8082, 1230, 279, 2553)
 
Epoch 8/10
---------------
train Loss: 0.4412
train Accuracy:0.885 Precision:0.695 Recall:0.906 F1:0.786 MCC:0.721.
(tn, fp, fn, tp):  (73847, 10249, 2429, 23347)
val Loss: 0.4997
val Accuracy:0.882 Precision:0.691 Recall:0.889 F1:0.778 MCC:0.709.
(tn, fp, fn, tp):  (8188, 1124, 315, 2517)
 
Epoch 9/10
---------------
train Loss: 0.4336
train Accuracy:0.888 Precision:0.702 Recall:0.907 F1:0.791 MCC:0.727.
(tn, fp, fn, tp):  (74169, 9927, 2397, 23379)
val Loss: 0.5041
val Accuracy:0.882 Precision:0.697 Recall:0.875 F1:0.776 MCC:0.706.
(tn, fp, fn, tp):  (8237, 1075, 355, 2477)
 
Epoch 10/10
---------------
train Loss: 0.4247
train Accuracy:0.891 Precision:0.709 Recall:0.911 F1:0.798 MCC:0.736.
(tn, fp, fn, tp):  (74461, 9635, 2291, 23485)
val Loss: 0.5065
val Accuracy:0.882 Precision:0.699 Recall:0.873 F1:0.776 MCC:0.706.
(tn, fp, fn, tp):  (8245, 1067, 360, 2472)
Training complete in 3m 22s
Best val MCC: 0.725852
*********************************************************************
starting 5th fold cross-validation
Using learning rate scheduler.
 
Epoch 1/10
---------------
train Loss: 0.4863
train Accuracy:0.871 Precision:0.669 Recall:0.893 F1:0.765 MCC:0.692.
(tn, fp, fn, tp):  (72684, 11412, 2756, 23020)
val Loss: 0.3898
val Accuracy:0.895 Precision:0.711 Recall:0.924 F1:0.804 MCC:0.745.
(tn, fp, fn, tp):  (8250, 1062, 216, 2616)
 
Epoch 2/10
---------------
train Loss: 0.4799
train Accuracy:0.873 Precision:0.672 Recall:0.893 F1:0.767 MCC:0.695.
(tn, fp, fn, tp):  (72883, 11213, 2767, 23009)
val Loss: 0.3963
val Accuracy:0.898 Precision:0.725 Recall:0.904 F1:0.805 MCC:0.745.
(tn, fp, fn, tp):  (8340, 972, 271, 2561)
 
Epoch 3/10
---------------
train Loss: 0.4760
train Accuracy:0.875 Precision:0.676 Recall:0.893 F1:0.770 MCC:0.698.
(tn, fp, fn, tp):  (73083, 11013, 2760, 23016)
val Loss: 0.3961
val Accuracy:0.896 Precision:0.722 Recall:0.903 F1:0.803 MCC:0.742.
(tn, fp, fn, tp):  (8329, 983, 274, 2558)
 
Epoch 4/10
---------------
train Loss: 0.4685
train Accuracy:0.878 Precision:0.683 Recall:0.896 F1:0.775 MCC:0.705.
(tn, fp, fn, tp):  (73355, 10741, 2686, 23090)
val Loss: 0.3977
val Accuracy:0.887 Precision:0.695 Recall:0.922 F1:0.792 MCC:0.731.
(tn, fp, fn, tp):  (8164, 1148, 221, 2611)
 
Epoch 5/10
---------------
train Loss: 0.4649
train Accuracy:0.880 Precision:0.686 Recall:0.898 F1:0.778 MCC:0.709.
(tn, fp, fn, tp):  (73490, 10606, 2629, 23147)
val Loss: 0.3975
val Accuracy:0.894 Precision:0.715 Recall:0.906 F1:0.799 MCC:0.737.
(tn, fp, fn, tp):  (8288, 1024, 267, 2565)
 
Epoch 6/10
---------------
train Loss: 0.4589
train Accuracy:0.881 Precision:0.689 Recall:0.899 F1:0.780 MCC:0.712.
(tn, fp, fn, tp):  (73621, 10475, 2604, 23172)
val Loss: 0.3991
val Accuracy:0.891 Precision:0.708 Recall:0.910 F1:0.796 MCC:0.734.
(tn, fp, fn, tp):  (8248, 1064, 256, 2576)
 
Epoch 7/10
---------------
train Loss: 0.4514
train Accuracy:0.884 Precision:0.696 Recall:0.900 F1:0.785 MCC:0.719.
(tn, fp, fn, tp):  (73942, 10154, 2566, 23210)
val Loss: 0.4010
val Accuracy:0.887 Precision:0.697 Recall:0.916 F1:0.792 MCC:0.729.
(tn, fp, fn, tp):  (8182, 1130, 237, 2595)
 
Epoch 8/10
---------------
train Loss: 0.4454
train Accuracy:0.886 Precision:0.698 Recall:0.903 F1:0.787 MCC:0.722.
(tn, fp, fn, tp):  (74043, 10053, 2510, 23266)
val Loss: 0.4034
val Accuracy:0.893 Precision:0.716 Recall:0.898 F1:0.797 MCC:0.734.
(tn, fp, fn, tp):  (8302, 1010, 289, 2543)
 
Epoch 9/10
---------------
train Loss: 0.4395
train Accuracy:0.888 Precision:0.704 Recall:0.906 F1:0.792 MCC:0.728.
(tn, fp, fn, tp):  (74272, 9824, 2435, 23341)
val Loss: 0.4020
val Accuracy:0.894 Precision:0.717 Recall:0.898 F1:0.797 MCC:0.735.
(tn, fp, fn, tp):  (8307, 1005, 288, 2544)
 
Epoch 10/10
---------------
train Loss: 0.4330
train Accuracy:0.890 Precision:0.708 Recall:0.907 F1:0.795 MCC:0.732.
(tn, fp, fn, tp):  (74431, 9665, 2385, 23391)
val Loss: 0.4039
val Accuracy:0.891 Precision:0.709 Recall:0.901 F1:0.794 MCC:0.731.
(tn, fp, fn, tp):  (8265, 1047, 279, 2553)
Training complete in 3m 22s
Best val MCC: 0.745140
*********************************************************************
starting 6th fold cross-validation
Using learning rate scheduler.
 
Epoch 1/10
---------------
train Loss: 0.4783
train Accuracy:0.875 Precision:0.676 Recall:0.893 F1:0.770 MCC:0.698.
(tn, fp, fn, tp):  (73071, 11025, 2749, 23027)
val Loss: 0.3991
val Accuracy:0.890 Precision:0.703 Recall:0.915 F1:0.795 MCC:0.734.
(tn, fp, fn, tp):  (8219, 1093, 240, 2592)
 
Epoch 2/10
---------------
train Loss: 0.4729
train Accuracy:0.876 Precision:0.679 Recall:0.894 F1:0.772 MCC:0.701.
(tn, fp, fn, tp):  (73206, 10890, 2724, 23052)
val Loss: 0.4025
val Accuracy:0.894 Precision:0.716 Recall:0.902 F1:0.798 MCC:0.737.
(tn, fp, fn, tp):  (8299, 1013, 277, 2555)
 
Epoch 3/10
---------------
train Loss: 0.4694
train Accuracy:0.877 Precision:0.682 Recall:0.894 F1:0.774 MCC:0.704.
(tn, fp, fn, tp):  (73348, 10748, 2722, 23054)
val Loss: 0.4096
val Accuracy:0.895 Precision:0.722 Recall:0.892 F1:0.798 MCC:0.735.
(tn, fp, fn, tp):  (8340, 972, 306, 2526)
 
Epoch 4/10
---------------
train Loss: 0.4605
train Accuracy:0.881 Precision:0.689 Recall:0.898 F1:0.780 MCC:0.711.
(tn, fp, fn, tp):  (73641, 10455, 2635, 23141)
val Loss: 0.4111
val Accuracy:0.892 Precision:0.714 Recall:0.895 F1:0.794 MCC:0.731.
(tn, fp, fn, tp):  (8298, 1014, 298, 2534)
 
Epoch 5/10
---------------
train Loss: 0.4582
train Accuracy:0.882 Precision:0.692 Recall:0.898 F1:0.781 MCC:0.714.
(tn, fp, fn, tp):  (73795, 10301, 2640, 23136)
val Loss: 0.4152
val Accuracy:0.892 Precision:0.713 Recall:0.895 F1:0.794 MCC:0.730.
(tn, fp, fn, tp):  (8293, 1019, 297, 2535)
 
Epoch 6/10
---------------
train Loss: 0.4504
train Accuracy:0.885 Precision:0.698 Recall:0.901 F1:0.787 MCC:0.721.
(tn, fp, fn, tp):  (74029, 10067, 2544, 23232)
val Loss: 0.4175
val Accuracy:0.890 Precision:0.710 Recall:0.889 F1:0.790 MCC:0.725.
(tn, fp, fn, tp):  (8285, 1027, 313, 2519)
 
Epoch 7/10
---------------
train Loss: 0.4455
train Accuracy:0.887 Precision:0.702 Recall:0.902 F1:0.790 MCC:0.725.
(tn, fp, fn, tp):  (74215, 9881, 2516, 23260)
val Loss: 0.4163
val Accuracy:0.882 Precision:0.687 Recall:0.906 F1:0.782 MCC:0.715.
(tn, fp, fn, tp):  (8143, 1169, 265, 2567)
 
Epoch 8/10
---------------
train Loss: 0.4387
train Accuracy:0.889 Precision:0.705 Recall:0.904 F1:0.792 MCC:0.728.
(tn, fp, fn, tp):  (74328, 9768, 2470, 23306)
val Loss: 0.4221
val Accuracy:0.887 Precision:0.702 Recall:0.892 F1:0.786 MCC:0.720.
(tn, fp, fn, tp):  (8240, 1072, 305, 2527)
 
Epoch 9/10
---------------
train Loss: 0.4316
train Accuracy:0.892 Precision:0.712 Recall:0.906 F1:0.797 MCC:0.735.
(tn, fp, fn, tp):  (74649, 9447, 2431, 23345)
val Loss: 0.4274
val Accuracy:0.889 Precision:0.709 Recall:0.887 F1:0.788 MCC:0.722.
(tn, fp, fn, tp):  (8283, 1029, 321, 2511)
 
Epoch 10/10
---------------
train Loss: 0.4245
train Accuracy:0.895 Precision:0.718 Recall:0.909 F1:0.802 MCC:0.742.
(tn, fp, fn, tp):  (74886, 9210, 2334, 23442)
val Loss: 0.4294
val Accuracy:0.887 Precision:0.704 Recall:0.890 F1:0.786 MCC:0.719.
(tn, fp, fn, tp):  (8250, 1062, 312, 2520)
Training complete in 3m 21s
Best val MCC: 0.736560
*********************************************************************
starting 7th fold cross-validation
Using learning rate scheduler.
 
Epoch 1/10
---------------
train Loss: 0.4598
train Accuracy:0.881 Precision:0.688 Recall:0.898 F1:0.779 MCC:0.711.
(tn, fp, fn, tp):  (73603, 10493, 2631, 23145)
val Loss: 0.4519
val Accuracy:0.878 Precision:0.676 Recall:0.913 F1:0.777 MCC:0.710.
(tn, fp, fn, tp):  (8073, 1239, 245, 2587)
 
Epoch 2/10
---------------
train Loss: 0.4548
train Accuracy:0.882 Precision:0.692 Recall:0.898 F1:0.782 MCC:0.714.
(tn, fp, fn, tp):  (73787, 10309, 2629, 23147)
val Loss: 0.4607
val Accuracy:0.877 Precision:0.675 Recall:0.910 F1:0.775 MCC:0.708.
(tn, fp, fn, tp):  (8071, 1241, 254, 2578)
 
Epoch 3/10
---------------
train Loss: 0.4494
train Accuracy:0.884 Precision:0.696 Recall:0.901 F1:0.785 MCC:0.719.
(tn, fp, fn, tp):  (73961, 10135, 2559, 23217)
val Loss: 0.4641
val Accuracy:0.871 Precision:0.663 Recall:0.910 F1:0.767 MCC:0.697.
(tn, fp, fn, tp):  (8002, 1310, 255, 2577)
 
Epoch 4/10
---------------
train Loss: 0.4417
train Accuracy:0.887 Precision:0.701 Recall:0.904 F1:0.790 MCC:0.725.
(tn, fp, fn, tp):  (74170, 9926, 2483, 23293)
val Loss: 0.4695
val Accuracy:0.868 Precision:0.657 Recall:0.909 F1:0.763 MCC:0.692.
(tn, fp, fn, tp):  (7970, 1342, 259, 2573)
 
Epoch 5/10
---------------
train Loss: 0.4392
train Accuracy:0.889 Precision:0.705 Recall:0.903 F1:0.792 MCC:0.728.
(tn, fp, fn, tp):  (74358, 9738, 2495, 23281)
val Loss: 0.4712
val Accuracy:0.872 Precision:0.665 Recall:0.907 F1:0.768 MCC:0.698.
(tn, fp, fn, tp):  (8021, 1291, 264, 2568)
 
Epoch 6/10
---------------
train Loss: 0.4303
train Accuracy:0.891 Precision:0.709 Recall:0.907 F1:0.796 MCC:0.734.
(tn, fp, fn, tp):  (74518, 9578, 2394, 23382)
val Loss: 0.4741
val Accuracy:0.875 Precision:0.674 Recall:0.900 F1:0.771 MCC:0.701.
(tn, fp, fn, tp):  (8076, 1236, 282, 2550)
 
Epoch 7/10
---------------
train Loss: 0.4258
train Accuracy:0.893 Precision:0.713 Recall:0.907 F1:0.799 MCC:0.737.
(tn, fp, fn, tp):  (74690, 9406, 2390, 23386)
val Loss: 0.4776
val Accuracy:0.866 Precision:0.654 Recall:0.907 F1:0.760 MCC:0.688.
(tn, fp, fn, tp):  (7952, 1360, 263, 2569)
 
Epoch 8/10
---------------
train Loss: 0.4189
train Accuracy:0.895 Precision:0.717 Recall:0.911 F1:0.802 MCC:0.742.
(tn, fp, fn, tp):  (74840, 9256, 2305, 23471)
val Loss: 0.4768
val Accuracy:0.873 Precision:0.670 Recall:0.897 F1:0.767 MCC:0.696.
(tn, fp, fn, tp):  (8062, 1250, 293, 2539)
 
Epoch 9/10
---------------
train Loss: 0.4119
train Accuracy:0.898 Precision:0.724 Recall:0.913 F1:0.807 MCC:0.748.
(tn, fp, fn, tp):  (75108, 8988, 2252, 23524)
val Loss: 0.4827
val Accuracy:0.865 Precision:0.651 Recall:0.904 F1:0.757 MCC:0.684.
(tn, fp, fn, tp):  (7942, 1370, 272, 2560)
 
Epoch 10/10
---------------
train Loss: 0.4058
train Accuracy:0.900 Precision:0.728 Recall:0.914 F1:0.810 MCC:0.752.
(tn, fp, fn, tp):  (75273, 8823, 2209, 23567)
val Loss: 0.4857
val Accuracy:0.867 Precision:0.657 Recall:0.898 F1:0.759 MCC:0.686.
(tn, fp, fn, tp):  (7986, 1326, 289, 2543)
Training complete in 3m 22s
Best val MCC: 0.710432
*********************************************************************
starting 8th fold cross-validation
Using learning rate scheduler.
 
Epoch 1/10
---------------
train Loss: 0.4563
train Accuracy:0.882 Precision:0.691 Recall:0.898 F1:0.781 MCC:0.713.
(tn, fp, fn, tp):  (73756, 10340, 2641, 23135)
val Loss: 0.4294
val Accuracy:0.875 Precision:0.663 Recall:0.941 F1:0.778 MCC:0.714.
(tn, fp, fn, tp):  (7956, 1356, 168, 2664)
 
Epoch 2/10
---------------
train Loss: 0.4511
train Accuracy:0.884 Precision:0.695 Recall:0.900 F1:0.784 MCC:0.718.
(tn, fp, fn, tp):  (73919, 10177, 2586, 23190)
val Loss: 0.4271
val Accuracy:0.887 Precision:0.695 Recall:0.922 F1:0.792 MCC:0.731.
(tn, fp, fn, tp):  (8165, 1147, 221, 2611)
 
Epoch 3/10
---------------
train Loss: 0.4468
train Accuracy:0.885 Precision:0.698 Recall:0.901 F1:0.786 MCC:0.720.
(tn, fp, fn, tp):  (74040, 10056, 2556, 23220)
val Loss: 0.4337
val Accuracy:0.886 Precision:0.694 Recall:0.918 F1:0.790 MCC:0.728.
(tn, fp, fn, tp):  (8164, 1148, 232, 2600)
 
Epoch 4/10
---------------
train Loss: 0.4402
train Accuracy:0.888 Precision:0.703 Recall:0.903 F1:0.790 MCC:0.726.
(tn, fp, fn, tp):  (74251, 9845, 2505, 23271)
val Loss: 0.4408
val Accuracy:0.875 Precision:0.666 Recall:0.934 F1:0.777 MCC:0.713.
(tn, fp, fn, tp):  (7983, 1329, 187, 2645)
 
Epoch 5/10
---------------
train Loss: 0.4368
train Accuracy:0.888 Precision:0.705 Recall:0.903 F1:0.792 MCC:0.727.
(tn, fp, fn, tp):  (74341, 9755, 2498, 23278)
val Loss: 0.4404
val Accuracy:0.879 Precision:0.677 Recall:0.922 F1:0.781 MCC:0.716.
(tn, fp, fn, tp):  (8067, 1245, 221, 2611)
 
Epoch 6/10
---------------
train Loss: 0.4296
train Accuracy:0.891 Precision:0.708 Recall:0.907 F1:0.795 MCC:0.732.
(tn, fp, fn, tp):  (74480, 9616, 2406, 23370)
val Loss: 0.4427
val Accuracy:0.876 Precision:0.671 Recall:0.923 F1:0.777 MCC:0.711.
(tn, fp, fn, tp):  (8029, 1283, 219, 2613)
 
Epoch 7/10
---------------
train Loss: 0.4238
train Accuracy:0.893 Precision:0.714 Recall:0.907 F1:0.799 MCC:0.737.
(tn, fp, fn, tp):  (74707, 9389, 2387, 23389)
val Loss: 0.4483
val Accuracy:0.870 Precision:0.658 Recall:0.926 F1:0.769 MCC:0.702.
(tn, fp, fn, tp):  (7948, 1364, 209, 2623)
 
Epoch 8/10
---------------
train Loss: 0.4179
train Accuracy:0.895 Precision:0.717 Recall:0.912 F1:0.803 MCC:0.743.
(tn, fp, fn, tp):  (74839, 9257, 2278, 23498)
val Loss: 0.4497
val Accuracy:0.877 Precision:0.674 Recall:0.917 F1:0.777 MCC:0.711.
(tn, fp, fn, tp):  (8058, 1254, 235, 2597)
 
Epoch 9/10
---------------
train Loss: 0.4113
train Accuracy:0.898 Precision:0.723 Recall:0.913 F1:0.807 MCC:0.748.
(tn, fp, fn, tp):  (75095, 9001, 2246, 23530)
val Loss: 0.4549
val Accuracy:0.874 Precision:0.667 Recall:0.917 F1:0.772 MCC:0.705.
(tn, fp, fn, tp):  (8015, 1297, 234, 2598)
 
Epoch 10/10
---------------
train Loss: 0.4024
train Accuracy:0.901 Precision:0.729 Recall:0.917 F1:0.812 MCC:0.755.
(tn, fp, fn, tp):  (75322, 8774, 2152, 23624)
val Loss: 0.4524
val Accuracy:0.875 Precision:0.671 Recall:0.914 F1:0.774 MCC:0.706.
(tn, fp, fn, tp):  (8043, 1269, 244, 2588)
Training complete in 3m 22s
Best val MCC: 0.730709
*********************************************************************
starting 9th fold cross-validation
Using learning rate scheduler.
 
Epoch 1/10
---------------
train Loss: 0.4467
train Accuracy:0.885 Precision:0.696 Recall:0.902 F1:0.786 MCC:0.720.
(tn, fp, fn, tp):  (73949, 10147, 2525, 23251)
val Loss: 0.3935
val Accuracy:0.902 Precision:0.724 Recall:0.934 F1:0.816 MCC:0.761.
(tn, fp, fn, tp):  (8303, 1009, 186, 2646)
 
Epoch 2/10
---------------
train Loss: 0.4428
train Accuracy:0.886 Precision:0.699 Recall:0.903 F1:0.788 MCC:0.723.
(tn, fp, fn, tp):  (74092, 10004, 2490, 23286)
val Loss: 0.3985
val Accuracy:0.901 Precision:0.725 Recall:0.924 F1:0.813 MCC:0.756.
(tn, fp, fn, tp):  (8318, 994, 214, 2618)
 
Epoch 3/10
---------------
train Loss: 0.4390
train Accuracy:0.888 Precision:0.702 Recall:0.905 F1:0.791 MCC:0.726.
(tn, fp, fn, tp):  (74204, 9892, 2451, 23325)
val Loss: 0.4005
val Accuracy:0.899 Precision:0.719 Recall:0.927 F1:0.810 MCC:0.754.
(tn, fp, fn, tp):  (8288, 1024, 207, 2625)
 
Epoch 4/10
---------------
train Loss: 0.4313
train Accuracy:0.889 Precision:0.705 Recall:0.906 F1:0.793 MCC:0.729.
(tn, fp, fn, tp):  (74344, 9752, 2428, 23348)
val Loss: 0.4076
val Accuracy:0.891 Precision:0.702 Recall:0.929 F1:0.800 MCC:0.741.
(tn, fp, fn, tp):  (8194, 1118, 200, 2632)
 
Epoch 5/10
---------------
train Loss: 0.4277
train Accuracy:0.891 Precision:0.710 Recall:0.907 F1:0.797 MCC:0.734.
(tn, fp, fn, tp):  (74560, 9536, 2397, 23379)
val Loss: 0.4075
val Accuracy:0.898 Precision:0.721 Recall:0.921 F1:0.808 MCC:0.751.
(tn, fp, fn, tp):  (8302, 1010, 225, 2607)
 
Epoch 6/10
---------------
train Loss: 0.4205
train Accuracy:0.894 Precision:0.715 Recall:0.912 F1:0.801 MCC:0.740.
(tn, fp, fn, tp):  (74715, 9381, 2279, 23497)
val Loss: 0.4120
val Accuracy:0.894 Precision:0.713 Recall:0.913 F1:0.801 MCC:0.741.
(tn, fp, fn, tp):  (8273, 1039, 245, 2587)
 
Epoch 7/10
---------------
train Loss: 0.4163
train Accuracy:0.895 Precision:0.717 Recall:0.912 F1:0.803 MCC:0.742.
(tn, fp, fn, tp):  (74837, 9259, 2278, 23498)
val Loss: 0.4176
val Accuracy:0.888 Precision:0.697 Recall:0.920 F1:0.793 MCC:0.731.
(tn, fp, fn, tp):  (8178, 1134, 227, 2605)
 
Epoch 8/10
---------------
train Loss: 0.4074
train Accuracy:0.898 Precision:0.723 Recall:0.914 F1:0.807 MCC:0.748.
(tn, fp, fn, tp):  (75088, 9008, 2229, 23547)
val Loss: 0.4190
val Accuracy:0.889 Precision:0.702 Recall:0.913 F1:0.794 MCC:0.732.
(tn, fp, fn, tp):  (8217, 1095, 247, 2585)
 
Epoch 9/10
---------------
train Loss: 0.4008
train Accuracy:0.901 Precision:0.729 Recall:0.917 F1:0.812 MCC:0.755.
(tn, fp, fn, tp):  (75301, 8795, 2133, 23643)
val Loss: 0.4211
val Accuracy:0.890 Precision:0.700 Recall:0.920 F1:0.795 MCC:0.734.
(tn, fp, fn, tp):  (8198, 1114, 227, 2605)
 
Epoch 10/10
---------------
train Loss: 0.3947
train Accuracy:0.902 Precision:0.732 Recall:0.918 F1:0.814 MCC:0.757.
(tn, fp, fn, tp):  (75424, 8672, 2121, 23655)
val Loss: 0.4240
val Accuracy:0.889 Precision:0.701 Recall:0.916 F1:0.794 MCC:0.732.
(tn, fp, fn, tp):  (8208, 1104, 239, 2593)
Training complete in 3m 22s
Best val MCC: 0.761481
*********************************************************************
starting 10th fold cross-validation
Using learning rate scheduler.
 
Epoch 1/10
---------------
train Loss: 0.4370
train Accuracy:0.887 Precision:0.700 Recall:0.907 F1:0.790 MCC:0.725.
(tn, fp, fn, tp):  (74058, 10038, 2401, 23375)
val Loss: 0.4424
val Accuracy:0.903 Precision:0.742 Recall:0.897 F1:0.812 MCC:0.754.
(tn, fp, fn, tp):  (8429, 883, 292, 2540)
 
Epoch 2/10
---------------
train Loss: 0.4299
train Accuracy:0.888 Precision:0.703 Recall:0.908 F1:0.793 MCC:0.729.
(tn, fp, fn, tp):  (74210, 9886, 2365, 23411)
val Loss: 0.4482
val Accuracy:0.904 Precision:0.747 Recall:0.889 F1:0.812 MCC:0.753.
(tn, fp, fn, tp):  (8459, 853, 313, 2519)
 
Epoch 3/10
---------------
train Loss: 0.4265
train Accuracy:0.891 Precision:0.707 Recall:0.910 F1:0.796 MCC:0.733.
(tn, fp, fn, tp):  (74383, 9713, 2316, 23460)
val Loss: 0.4532
val Accuracy:0.898 Precision:0.730 Recall:0.893 F1:0.803 MCC:0.742.
(tn, fp, fn, tp):  (8377, 935, 303, 2529)
 
Epoch 4/10
---------------
train Loss: 0.4190
train Accuracy:0.892 Precision:0.711 Recall:0.910 F1:0.798 MCC:0.737.
(tn, fp, fn, tp):  (74544, 9552, 2307, 23469)
val Loss: 0.4577
val Accuracy:0.891 Precision:0.710 Recall:0.899 F1:0.793 MCC:0.730.
(tn, fp, fn, tp):  (8274, 1038, 287, 2545)
 
Epoch 5/10
---------------
train Loss: 0.4162
train Accuracy:0.894 Precision:0.714 Recall:0.913 F1:0.801 MCC:0.740.
(tn, fp, fn, tp):  (74655, 9441, 2241, 23535)
val Loss: 0.4634
val Accuracy:0.899 Precision:0.736 Recall:0.884 F1:0.803 MCC:0.742.
(tn, fp, fn, tp):  (8416, 896, 329, 2503)
 
Epoch 6/10
---------------
train Loss: 0.4107
train Accuracy:0.895 Precision:0.716 Recall:0.914 F1:0.803 MCC:0.743.
(tn, fp, fn, tp):  (74772, 9324, 2213, 23563)
val Loss: 0.4662
val Accuracy:0.896 Precision:0.727 Recall:0.884 F1:0.798 MCC:0.735.
(tn, fp, fn, tp):  (8372, 940, 328, 2504)
 
Epoch 7/10
---------------
train Loss: 0.4035
train Accuracy:0.898 Precision:0.723 Recall:0.919 F1:0.809 MCC:0.751.
(tn, fp, fn, tp):  (75029, 9067, 2097, 23679)
val Loss: 0.4692
val Accuracy:0.889 Precision:0.708 Recall:0.891 F1:0.789 MCC:0.723.
(tn, fp, fn, tp):  (8272, 1040, 310, 2522)
 
Epoch 8/10
---------------
train Loss: 0.3978
train Accuracy:0.899 Precision:0.725 Recall:0.918 F1:0.810 MCC:0.752.
(tn, fp, fn, tp):  (75104, 8992, 2107, 23669)
val Loss: 0.4707
val Accuracy:0.896 Precision:0.728 Recall:0.885 F1:0.799 MCC:0.736.
(tn, fp, fn, tp):  (8375, 937, 325, 2507)
 
Epoch 9/10
---------------
train Loss: 0.3889
train Accuracy:0.902 Precision:0.732 Recall:0.921 F1:0.816 MCC:0.760.
(tn, fp, fn, tp):  (75417, 8679, 2041, 23735)
val Loss: 0.4743
val Accuracy:0.895 Precision:0.728 Recall:0.881 F1:0.797 MCC:0.734.
(tn, fp, fn, tp):  (8378, 934, 336, 2496)
 
Epoch 10/10
---------------
train Loss: 0.3831
train Accuracy:0.905 Precision:0.737 Recall:0.924 F1:0.820 MCC:0.765.
(tn, fp, fn, tp):  (75583, 8513, 1962, 23814)
val Loss: 0.4777
val Accuracy:0.892 Precision:0.721 Recall:0.880 F1:0.792 MCC:0.727.
(tn, fp, fn, tp):  (8347, 965, 341, 2491)
Training complete in 3m 23s
Best val MCC: 0.753864
average accuracy over folds: 0.8804100790513834
average precision over folds: 0.6906634845367663
average recall over folds: 0.8899364406779661
average mcc over folds: 0.7082615464925269
