data directory: ../../bionoi_autoencoder_prj/autoencoder_vec_control_vs_nucleotide/
batch size: 256
performing control_vs_nucleotide cross-validation task.
Current device: cuda:0
MLP(
  (fc1): Linear(in_features=512, out_features=512, bias=True)
  (fc2): Linear(in_features=512, out_features=512, bias=True)
  (fc3): Linear(in_features=512, out_features=512, bias=True)
  (fc4): Linear(in_features=512, out_features=512, bias=True)
  (fc5): Linear(in_features=512, out_features=1, bias=True)
  (relu): LeakyReLU(negative_slope=0.1)
  (sigmoid): Sigmoid()
  (dropout): Dropout(p=0.5)
)
Using 2 GPUs...
*********************************************************************
starting 1th fold cross-validation
Using learning rate scheduler.
 
Epoch 1/10
---------------
train Loss: 0.7219
train Accuracy:0.598 Precision:0.538 Recall:0.675 F1:0.599 MCC:0.212.
(tn, fp, fn, tp):  (45130, 38966, 21806, 45298)
val Loss: 0.6567
val Accuracy:0.668 Precision:0.600 Recall:0.758 F1:0.670 MCC:0.355.
(tn, fp, fn, tp):  (5553, 3759, 1801, 5639)
 
Epoch 2/10
---------------
train Loss: 0.6344
train Accuracy:0.700 Precision:0.635 Recall:0.763 F1:0.693 MCC:0.412.
(tn, fp, fn, tp):  (54720, 29376, 15931, 51173)
val Loss: 0.6217
val Accuracy:0.699 Precision:0.637 Recall:0.750 F1:0.689 MCC:0.407.
(tn, fp, fn, tp):  (6138, 3174, 1861, 5579)
 
Epoch 3/10
---------------
train Loss: 0.5989
train Accuracy:0.729 Precision:0.665 Recall:0.786 F1:0.720 MCC:0.468.
(tn, fp, fn, tp):  (57552, 26544, 14373, 52731)
val Loss: 0.6101
val Accuracy:0.712 Precision:0.651 Recall:0.758 F1:0.700 MCC:0.431.
(tn, fp, fn, tp):  (6286, 3026, 1801, 5639)
 
Epoch 4/10
---------------
train Loss: 0.5740
train Accuracy:0.748 Precision:0.686 Recall:0.800 F1:0.738 MCC:0.504.
(tn, fp, fn, tp):  (59473, 24623, 13428, 53676)
val Loss: 0.6065
val Accuracy:0.716 Precision:0.659 Recall:0.748 F1:0.700 MCC:0.435.
(tn, fp, fn, tp):  (6428, 2884, 1876, 5564)
 
Epoch 5/10
---------------
train Loss: 0.5313
train Accuracy:0.779 Precision:0.719 Recall:0.824 F1:0.768 MCC:0.564.
(tn, fp, fn, tp):  (62460, 21636, 11787, 55317)
val Loss: 0.6038
val Accuracy:0.721 Precision:0.656 Recall:0.781 F1:0.713 MCC:0.451.
(tn, fp, fn, tp):  (6263, 3049, 1631, 5809)
 
Epoch 6/10
---------------
train Loss: 0.5222
train Accuracy:0.784 Precision:0.725 Recall:0.829 F1:0.773 MCC:0.574.
(tn, fp, fn, tp):  (62941, 21155, 11450, 55654)
val Loss: 0.6065
val Accuracy:0.723 Precision:0.662 Recall:0.769 F1:0.712 MCC:0.453.
(tn, fp, fn, tp):  (6394, 2918, 1719, 5721)
 
Epoch 7/10
---------------
train Loss: 0.5159
train Accuracy:0.788 Precision:0.729 Recall:0.832 F1:0.777 MCC:0.581.
(tn, fp, fn, tp):  (63301, 20795, 11259, 55845)
val Loss: 0.6087
val Accuracy:0.720 Precision:0.654 Recall:0.784 F1:0.713 MCC:0.451.
(tn, fp, fn, tp):  (6231, 3081, 1607, 5833)
 
Epoch 8/10
---------------
train Loss: 0.5111
train Accuracy:0.791 Precision:0.732 Recall:0.833 F1:0.780 MCC:0.587.
(tn, fp, fn, tp):  (63663, 20433, 11190, 55914)
val Loss: 0.6103
val Accuracy:0.724 Precision:0.663 Recall:0.771 F1:0.713 MCC:0.455.
(tn, fp, fn, tp):  (6393, 2919, 1703, 5737)
 
Epoch 9/10
---------------
train Loss: 0.5060
train Accuracy:0.795 Precision:0.736 Recall:0.837 F1:0.783 MCC:0.594.
(tn, fp, fn, tp):  (64005, 20091, 10961, 56143)
val Loss: 0.6088
val Accuracy:0.726 Precision:0.667 Recall:0.764 F1:0.712 MCC:0.457.
(tn, fp, fn, tp):  (6474, 2838, 1753, 5687)
 
Epoch 10/10
---------------
train Loss: 0.5011
train Accuracy:0.797 Precision:0.740 Recall:0.838 F1:0.786 MCC:0.599.
(tn, fp, fn, tp):  (64298, 19798, 10868, 56236)
val Loss: 0.6119
val Accuracy:0.723 Precision:0.659 Recall:0.777 F1:0.713 MCC:0.454.
(tn, fp, fn, tp):  (6322, 2990, 1658, 5782)
Training complete in 4m 8s
Best val MCC: 0.456807
*********************************************************************
starting 2th fold cross-validation
Using learning rate scheduler.
 
Epoch 1/10
---------------
train Loss: 0.5160
train Accuracy:0.788 Precision:0.730 Recall:0.830 F1:0.777 MCC:0.581.
(tn, fp, fn, tp):  (63505, 20591, 11425, 55679)
val Loss: 0.4688
val Accuracy:0.812 Precision:0.753 Recall:0.858 F1:0.802 MCC:0.629.
(tn, fp, fn, tp):  (7217, 2095, 1058, 6382)
 
Epoch 2/10
---------------
train Loss: 0.5106
train Accuracy:0.792 Precision:0.734 Recall:0.832 F1:0.780 MCC:0.588.
(tn, fp, fn, tp):  (63849, 20247, 11268, 55836)
val Loss: 0.4696
val Accuracy:0.811 Precision:0.751 Recall:0.861 F1:0.802 MCC:0.629.
(tn, fp, fn, tp):  (7189, 2123, 1035, 6405)
 
Epoch 3/10
---------------
train Loss: 0.5059
train Accuracy:0.795 Precision:0.737 Recall:0.835 F1:0.783 MCC:0.594.
(tn, fp, fn, tp):  (64099, 19997, 11041, 56063)
val Loss: 0.4734
val Accuracy:0.809 Precision:0.748 Recall:0.860 F1:0.800 MCC:0.625.
(tn, fp, fn, tp):  (7159, 2153, 1039, 6401)
 
Epoch 4/10
---------------
train Loss: 0.5005
train Accuracy:0.798 Precision:0.741 Recall:0.837 F1:0.786 MCC:0.600.
(tn, fp, fn, tp):  (64454, 19642, 10906, 56198)
val Loss: 0.4752
val Accuracy:0.808 Precision:0.752 Recall:0.845 F1:0.796 MCC:0.619.
(tn, fp, fn, tp):  (7241, 2071, 1153, 6287)
 
Epoch 5/10
---------------
train Loss: 0.4974
train Accuracy:0.801 Precision:0.744 Recall:0.840 F1:0.789 MCC:0.605.
(tn, fp, fn, tp):  (64694, 19402, 10747, 56357)
val Loss: 0.4756
val Accuracy:0.806 Precision:0.749 Recall:0.847 F1:0.795 MCC:0.617.
(tn, fp, fn, tp):  (7202, 2110, 1135, 6305)
 
Epoch 6/10
---------------
train Loss: 0.4921
train Accuracy:0.804 Precision:0.748 Recall:0.842 F1:0.792 MCC:0.612.
(tn, fp, fn, tp):  (65071, 19025, 10588, 56516)
val Loss: 0.4735
val Accuracy:0.809 Precision:0.754 Recall:0.845 F1:0.797 MCC:0.621.
(tn, fp, fn, tp):  (7261, 2051, 1153, 6287)
 
Epoch 7/10
---------------
train Loss: 0.4872
train Accuracy:0.806 Precision:0.751 Recall:0.844 F1:0.795 MCC:0.616.
(tn, fp, fn, tp):  (65266, 18830, 10457, 56647)
val Loss: 0.4754
val Accuracy:0.809 Precision:0.763 Recall:0.827 F1:0.794 MCC:0.618.
(tn, fp, fn, tp):  (7395, 1917, 1284, 6156)
 
Epoch 8/10
---------------
train Loss: 0.4834
train Accuracy:0.809 Precision:0.754 Recall:0.845 F1:0.797 MCC:0.621.
(tn, fp, fn, tp):  (65640, 18456, 10415, 56689)
val Loss: 0.4761
val Accuracy:0.806 Precision:0.748 Recall:0.849 F1:0.795 MCC:0.616.
(tn, fp, fn, tp):  (7179, 2133, 1122, 6318)
 
Epoch 9/10
---------------
train Loss: 0.4781
train Accuracy:0.812 Precision:0.758 Recall:0.847 F1:0.800 MCC:0.627.
(tn, fp, fn, tp):  (65896, 18200, 10251, 56853)
val Loss: 0.4781
val Accuracy:0.804 Precision:0.746 Recall:0.845 F1:0.793 MCC:0.612.
(tn, fp, fn, tp):  (7174, 2138, 1153, 6287)
 
Epoch 10/10
---------------
train Loss: 0.4725
train Accuracy:0.815 Precision:0.761 Recall:0.851 F1:0.803 MCC:0.634.
(tn, fp, fn, tp):  (66156, 17940, 10000, 57104)
val Loss: 0.4786
val Accuracy:0.805 Precision:0.751 Recall:0.840 F1:0.793 MCC:0.614.
(tn, fp, fn, tp):  (7238, 2074, 1187, 6253)
Training complete in 4m 6s
Best val MCC: 0.629041
*********************************************************************
starting 3th fold cross-validation
Using learning rate scheduler.
 
Epoch 1/10
---------------
train Loss: 0.4985
train Accuracy:0.798 Precision:0.741 Recall:0.839 F1:0.787 MCC:0.601.
(tn, fp, fn, tp):  (64424, 19672, 10819, 56285)
val Loss: 0.5351
val Accuracy:0.781 Precision:0.725 Recall:0.815 F1:0.767 MCC:0.565.
(tn, fp, fn, tp):  (7014, 2298, 1376, 6064)
 
Epoch 2/10
---------------
train Loss: 0.4943
train Accuracy:0.800 Precision:0.743 Recall:0.841 F1:0.789 MCC:0.605.
(tn, fp, fn, tp):  (64597, 19499, 10670, 56434)
val Loss: 0.5371
val Accuracy:0.778 Precision:0.718 Recall:0.824 F1:0.767 MCC:0.562.
(tn, fp, fn, tp):  (6899, 2413, 1306, 6134)
 
Epoch 3/10
---------------
train Loss: 0.4902
train Accuracy:0.803 Precision:0.747 Recall:0.842 F1:0.792 MCC:0.611.
(tn, fp, fn, tp):  (64916, 19180, 10569, 56535)
val Loss: 0.5414
val Accuracy:0.779 Precision:0.726 Recall:0.807 F1:0.764 MCC:0.560.
(tn, fp, fn, tp):  (7045, 2267, 1434, 6006)
 
Epoch 4/10
---------------
train Loss: 0.4859
train Accuracy:0.806 Precision:0.750 Recall:0.844 F1:0.794 MCC:0.615.
(tn, fp, fn, tp):  (65173, 18923, 10463, 56641)
val Loss: 0.5419
val Accuracy:0.778 Precision:0.724 Recall:0.809 F1:0.764 MCC:0.559.
(tn, fp, fn, tp):  (7016, 2296, 1424, 6016)
 
Epoch 5/10
---------------
train Loss: 0.4819
train Accuracy:0.808 Precision:0.753 Recall:0.846 F1:0.797 MCC:0.621.
(tn, fp, fn, tp):  (65453, 18643, 10324, 56780)
val Loss: 0.5434
val Accuracy:0.774 Precision:0.714 Recall:0.821 F1:0.764 MCC:0.555.
(tn, fp, fn, tp):  (6866, 2446, 1332, 6108)
 
Epoch 6/10
---------------
train Loss: 0.4768
train Accuracy:0.812 Precision:0.757 Recall:0.849 F1:0.800 MCC:0.627.
(tn, fp, fn, tp):  (65811, 18285, 10162, 56942)
val Loss: 0.5461
val Accuracy:0.772 Precision:0.708 Recall:0.826 F1:0.763 MCC:0.551.
(tn, fp, fn, tp):  (6781, 2531, 1292, 6148)
 
Epoch 7/10
---------------
train Loss: 0.4719
train Accuracy:0.814 Precision:0.759 Recall:0.851 F1:0.803 MCC:0.632.
(tn, fp, fn, tp):  (66003, 18093, 9977, 57127)
val Loss: 0.5469
val Accuracy:0.774 Precision:0.717 Recall:0.810 F1:0.761 MCC:0.551.
(tn, fp, fn, tp):  (6931, 2381, 1411, 6029)
 
Epoch 8/10
---------------
train Loss: 0.4677
train Accuracy:0.817 Precision:0.763 Recall:0.853 F1:0.805 MCC:0.637.
(tn, fp, fn, tp):  (66321, 17775, 9882, 57222)
val Loss: 0.5489
val Accuracy:0.770 Precision:0.709 Recall:0.819 F1:0.760 MCC:0.547.
(tn, fp, fn, tp):  (6805, 2507, 1346, 6094)
 
Epoch 9/10
---------------
train Loss: 0.4628
train Accuracy:0.821 Precision:0.767 Recall:0.856 F1:0.809 MCC:0.645.
(tn, fp, fn, tp):  (66691, 17405, 9676, 57428)
val Loss: 0.5489
val Accuracy:0.772 Precision:0.711 Recall:0.822 F1:0.762 MCC:0.551.
(tn, fp, fn, tp):  (6821, 2491, 1324, 6116)
 
Epoch 10/10
---------------
train Loss: 0.4572
train Accuracy:0.823 Precision:0.770 Recall:0.858 F1:0.812 MCC:0.650.
(tn, fp, fn, tp):  (66919, 17177, 9538, 57566)
val Loss: 0.5508
val Accuracy:0.771 Precision:0.712 Recall:0.816 F1:0.760 MCC:0.548.
(tn, fp, fn, tp):  (6852, 2460, 1371, 6069)
Training complete in 4m 8s
Best val MCC: 0.564717
*********************************************************************
starting 4th fold cross-validation
Using learning rate scheduler.
 
Epoch 1/10
---------------
train Loss: 0.5041
train Accuracy:0.796 Precision:0.738 Recall:0.837 F1:0.784 MCC:0.596.
(tn, fp, fn, tp):  (64136, 19960, 10916, 56188)
val Loss: 0.4424
val Accuracy:0.828 Precision:0.764 Recall:0.885 F1:0.820 MCC:0.663.
(tn, fp, fn, tp):  (7283, 2029, 859, 6581)
 
Epoch 2/10
---------------
train Loss: 0.5002
train Accuracy:0.798 Precision:0.741 Recall:0.838 F1:0.786 MCC:0.600.
(tn, fp, fn, tp):  (64462, 19634, 10894, 56210)
val Loss: 0.4448
val Accuracy:0.824 Precision:0.762 Recall:0.878 F1:0.816 MCC:0.656.
(tn, fp, fn, tp):  (7276, 2036, 906, 6534)
 
Epoch 3/10
---------------
train Loss: 0.4970
train Accuracy:0.800 Precision:0.743 Recall:0.839 F1:0.788 MCC:0.604.
(tn, fp, fn, tp):  (64636, 19460, 10805, 56299)
val Loss: 0.4458
val Accuracy:0.826 Precision:0.766 Recall:0.874 F1:0.817 MCC:0.657.
(tn, fp, fn, tp):  (7332, 1980, 941, 6499)
 
Epoch 4/10
---------------
train Loss: 0.4921
train Accuracy:0.803 Precision:0.747 Recall:0.842 F1:0.791 MCC:0.610.
(tn, fp, fn, tp):  (64916, 19180, 10610, 56494)
val Loss: 0.4472
val Accuracy:0.824 Precision:0.767 Recall:0.866 F1:0.814 MCC:0.652.
(tn, fp, fn, tp):  (7357, 1955, 995, 6445)
 
Epoch 5/10
---------------
train Loss: 0.4883
train Accuracy:0.805 Precision:0.750 Recall:0.843 F1:0.794 MCC:0.614.
(tn, fp, fn, tp):  (65236, 18860, 10564, 56540)
val Loss: 0.4511
val Accuracy:0.819 Precision:0.755 Recall:0.879 F1:0.812 MCC:0.647.
(tn, fp, fn, tp):  (7190, 2122, 903, 6537)
 
Epoch 6/10
---------------
train Loss: 0.4828
train Accuracy:0.808 Precision:0.753 Recall:0.845 F1:0.797 MCC:0.620.
(tn, fp, fn, tp):  (65523, 18573, 10382, 56722)
val Loss: 0.4550
val Accuracy:0.815 Precision:0.747 Recall:0.882 F1:0.809 MCC:0.640.
(tn, fp, fn, tp):  (7096, 2216, 881, 6559)
 
Epoch 7/10
---------------
train Loss: 0.4782
train Accuracy:0.812 Precision:0.758 Recall:0.849 F1:0.800 MCC:0.628.
(tn, fp, fn, tp):  (65874, 18222, 10162, 56942)
val Loss: 0.4524
val Accuracy:0.818 Precision:0.758 Recall:0.866 F1:0.809 MCC:0.642.
(tn, fp, fn, tp):  (7260, 2052, 998, 6442)
 
Epoch 8/10
---------------
train Loss: 0.4731
train Accuracy:0.815 Precision:0.761 Recall:0.851 F1:0.803 MCC:0.633.
(tn, fp, fn, tp):  (66171, 17925, 10027, 57077)
val Loss: 0.4534
val Accuracy:0.821 Precision:0.765 Recall:0.860 F1:0.810 MCC:0.645.
(tn, fp, fn, tp):  (7349, 1963, 1043, 6397)
 
Epoch 9/10
---------------
train Loss: 0.4688
train Accuracy:0.818 Precision:0.764 Recall:0.853 F1:0.806 MCC:0.639.
(tn, fp, fn, tp):  (66467, 17629, 9896, 57208)
val Loss: 0.4541
val Accuracy:0.820 Precision:0.768 Recall:0.852 F1:0.808 MCC:0.642.
(tn, fp, fn, tp):  (7398, 1914, 1104, 6336)
 
Epoch 10/10
---------------
train Loss: 0.4640
train Accuracy:0.821 Precision:0.768 Recall:0.855 F1:0.809 MCC:0.644.
(tn, fp, fn, tp):  (66751, 17345, 9757, 57347)
val Loss: 0.4566
val Accuracy:0.817 Precision:0.759 Recall:0.861 F1:0.807 MCC:0.639.
(tn, fp, fn, tp):  (7281, 2031, 1032, 6408)
Training complete in 4m 3s
Best val MCC: 0.662735
*********************************************************************
starting 5th fold cross-validation
Using learning rate scheduler.
 
Epoch 1/10
---------------
train Loss: 0.4964
train Accuracy:0.801 Precision:0.744 Recall:0.840 F1:0.789 MCC:0.606.
(tn, fp, fn, tp):  (64692, 19404, 10708, 56396)
val Loss: 0.4708
val Accuracy:0.810 Precision:0.759 Recall:0.838 F1:0.796 MCC:0.621.
(tn, fp, fn, tp):  (7332, 1980, 1209, 6231)
 
Epoch 2/10
---------------
train Loss: 0.4929
train Accuracy:0.803 Precision:0.747 Recall:0.840 F1:0.791 MCC:0.609.
(tn, fp, fn, tp):  (64982, 19114, 10741, 56363)
val Loss: 0.4748
val Accuracy:0.808 Precision:0.758 Recall:0.835 F1:0.795 MCC:0.618.
(tn, fp, fn, tp):  (7325, 1987, 1224, 6216)
 
Epoch 3/10
---------------
train Loss: 0.4893
train Accuracy:0.805 Precision:0.750 Recall:0.841 F1:0.793 MCC:0.614.
(tn, fp, fn, tp):  (65280, 18816, 10647, 56457)
val Loss: 0.4767
val Accuracy:0.805 Precision:0.753 Recall:0.835 F1:0.792 MCC:0.612.
(tn, fp, fn, tp):  (7276, 2036, 1230, 6210)
 
Epoch 4/10
---------------
train Loss: 0.4844
train Accuracy:0.808 Precision:0.753 Recall:0.845 F1:0.796 MCC:0.620.
(tn, fp, fn, tp):  (65532, 18564, 10426, 56678)
val Loss: 0.4775
val Accuracy:0.805 Precision:0.752 Recall:0.838 F1:0.793 MCC:0.613.
(tn, fp, fn, tp):  (7253, 2059, 1205, 6235)
 
Epoch 5/10
---------------
train Loss: 0.4807
train Accuracy:0.810 Precision:0.755 Recall:0.846 F1:0.798 MCC:0.623.
(tn, fp, fn, tp):  (65729, 18367, 10362, 56742)
val Loss: 0.4802
val Accuracy:0.803 Precision:0.749 Recall:0.838 F1:0.791 MCC:0.609.
(tn, fp, fn, tp):  (7223, 2089, 1208, 6232)
 
Epoch 6/10
---------------
train Loss: 0.4756
train Accuracy:0.814 Precision:0.759 Recall:0.849 F1:0.802 MCC:0.631.
(tn, fp, fn, tp):  (66046, 18050, 10121, 56983)
val Loss: 0.4816
val Accuracy:0.803 Precision:0.749 Recall:0.836 F1:0.790 MCC:0.609.
(tn, fp, fn, tp):  (7233, 2079, 1223, 6217)
 
Epoch 7/10
---------------
train Loss: 0.4709
train Accuracy:0.817 Precision:0.763 Recall:0.851 F1:0.805 MCC:0.636.
(tn, fp, fn, tp):  (66379, 17717, 10010, 57094)
val Loss: 0.4841
val Accuracy:0.801 Precision:0.747 Recall:0.835 F1:0.788 MCC:0.605.
(tn, fp, fn, tp):  (7210, 2102, 1230, 6210)
 
Epoch 8/10
---------------
train Loss: 0.4665
train Accuracy:0.819 Precision:0.766 Recall:0.851 F1:0.806 MCC:0.640.
(tn, fp, fn, tp):  (66649, 17447, 9979, 57125)
val Loss: 0.4844
val Accuracy:0.801 Precision:0.753 Recall:0.821 F1:0.785 MCC:0.602.
(tn, fp, fn, tp):  (7304, 2008, 1331, 6109)
 
Epoch 9/10
---------------
train Loss: 0.4615
train Accuracy:0.821 Precision:0.769 Recall:0.854 F1:0.809 MCC:0.645.
(tn, fp, fn, tp):  (66903, 17193, 9811, 57293)
val Loss: 0.4852
val Accuracy:0.801 Precision:0.747 Recall:0.835 F1:0.788 MCC:0.605.
(tn, fp, fn, tp):  (7209, 2103, 1230, 6210)
 
Epoch 10/10
---------------
train Loss: 0.4562
train Accuracy:0.826 Precision:0.774 Recall:0.858 F1:0.814 MCC:0.654.
(tn, fp, fn, tp):  (67282, 16814, 9531, 57573)
val Loss: 0.4872
val Accuracy:0.802 Precision:0.751 Recall:0.829 F1:0.788 MCC:0.606.
(tn, fp, fn, tp):  (7265, 2047, 1272, 6168)
Training complete in 4m 8s
Best val MCC: 0.621078
*********************************************************************
starting 6th fold cross-validation
Using learning rate scheduler.
 
Epoch 1/10
---------------
train Loss: 0.4943
train Accuracy:0.802 Precision:0.746 Recall:0.840 F1:0.790 MCC:0.608.
(tn, fp, fn, tp):  (64876, 19220, 10706, 56398)
val Loss: 0.4527
val Accuracy:0.824 Precision:0.774 Recall:0.852 F1:0.811 MCC:0.650.
(tn, fp, fn, tp):  (7462, 1850, 1098, 6342)
 
Epoch 2/10
---------------
train Loss: 0.4910
train Accuracy:0.804 Precision:0.749 Recall:0.842 F1:0.793 MCC:0.612.
(tn, fp, fn, tp):  (65113, 18983, 10599, 56505)
val Loss: 0.4566
val Accuracy:0.821 Precision:0.770 Recall:0.851 F1:0.809 MCC:0.644.
(tn, fp, fn, tp):  (7426, 1886, 1109, 6331)
 
Epoch 3/10
---------------
train Loss: 0.4871
train Accuracy:0.807 Precision:0.751 Recall:0.845 F1:0.795 MCC:0.617.
(tn, fp, fn, tp):  (65276, 18820, 10423, 56681)
val Loss: 0.4556
val Accuracy:0.820 Precision:0.767 Recall:0.854 F1:0.808 MCC:0.642.
(tn, fp, fn, tp):  (7381, 1931, 1088, 6352)
 
Epoch 4/10
---------------
train Loss: 0.4829
train Accuracy:0.809 Precision:0.754 Recall:0.847 F1:0.798 MCC:0.622.
(tn, fp, fn, tp):  (65529, 18567, 10277, 56827)
val Loss: 0.4623
val Accuracy:0.818 Precision:0.774 Recall:0.834 F1:0.803 MCC:0.636.
(tn, fp, fn, tp):  (7497, 1815, 1236, 6204)
 
Epoch 5/10
---------------
train Loss: 0.4790
train Accuracy:0.811 Precision:0.756 Recall:0.848 F1:0.799 MCC:0.626.
(tn, fp, fn, tp):  (65716, 18380, 10176, 56928)
val Loss: 0.4632
val Accuracy:0.817 Precision:0.771 Recall:0.835 F1:0.802 MCC:0.634.
(tn, fp, fn, tp):  (7466, 1846, 1225, 6215)
 
Epoch 6/10
---------------
train Loss: 0.4742
train Accuracy:0.815 Precision:0.761 Recall:0.850 F1:0.803 MCC:0.632.
(tn, fp, fn, tp):  (66158, 17938, 10084, 57020)
val Loss: 0.4612
val Accuracy:0.816 Precision:0.766 Recall:0.845 F1:0.803 MCC:0.634.
(tn, fp, fn, tp):  (7388, 1924, 1154, 6286)
 
Epoch 7/10
---------------
train Loss: 0.4693
train Accuracy:0.817 Precision:0.763 Recall:0.852 F1:0.805 MCC:0.638.
(tn, fp, fn, tp):  (66380, 17716, 9917, 57187)
val Loss: 0.4646
val Accuracy:0.814 Precision:0.770 Recall:0.829 F1:0.799 MCC:0.628.
(tn, fp, fn, tp):  (7469, 1843, 1270, 6170)
 
Epoch 8/10
---------------
train Loss: 0.4652
train Accuracy:0.820 Precision:0.766 Recall:0.855 F1:0.808 MCC:0.642.
(tn, fp, fn, tp):  (66585, 17511, 9761, 57343)
val Loss: 0.4623
val Accuracy:0.814 Precision:0.760 Recall:0.847 F1:0.802 MCC:0.630.
(tn, fp, fn, tp):  (7326, 1986, 1136, 6304)
 
Epoch 9/10
---------------
train Loss: 0.4605
train Accuracy:0.822 Precision:0.769 Recall:0.858 F1:0.811 MCC:0.648.
(tn, fp, fn, tp):  (66794, 17302, 9553, 57551)
val Loss: 0.4646
val Accuracy:0.814 Precision:0.769 Recall:0.832 F1:0.799 MCC:0.629.
(tn, fp, fn, tp):  (7455, 1857, 1252, 6188)
 
Epoch 10/10
---------------
train Loss: 0.4554
train Accuracy:0.825 Precision:0.773 Recall:0.858 F1:0.813 MCC:0.653.
(tn, fp, fn, tp):  (67168, 16928, 9536, 57568)
val Loss: 0.4650
val Accuracy:0.814 Precision:0.762 Recall:0.844 F1:0.801 MCC:0.630.
(tn, fp, fn, tp):  (7351, 1961, 1158, 6282)
Training complete in 4m 6s
Best val MCC: 0.649813
*********************************************************************
starting 7th fold cross-validation
Using learning rate scheduler.
 
Epoch 1/10
---------------
train Loss: 0.4930
train Accuracy:0.802 Precision:0.746 Recall:0.841 F1:0.791 MCC:0.609.
(tn, fp, fn, tp):  (64876, 19220, 10660, 56444)
val Loss: 0.4323
val Accuracy:0.835 Precision:0.785 Recall:0.865 F1:0.823 MCC:0.671.
(tn, fp, fn, tp):  (7551, 1761, 1008, 6432)
 
Epoch 2/10
---------------
train Loss: 0.4897
train Accuracy:0.805 Precision:0.749 Recall:0.844 F1:0.793 MCC:0.614.
(tn, fp, fn, tp):  (65129, 18967, 10499, 56605)
val Loss: 0.4362
val Accuracy:0.831 Precision:0.778 Recall:0.865 F1:0.820 MCC:0.664.
(tn, fp, fn, tp):  (7478, 1834, 1001, 6439)
 
Epoch 3/10
---------------
train Loss: 0.4862
train Accuracy:0.808 Precision:0.753 Recall:0.846 F1:0.797 MCC:0.620.
(tn, fp, fn, tp):  (65437, 18659, 10335, 56769)
val Loss: 0.4372
val Accuracy:0.830 Precision:0.774 Recall:0.870 F1:0.819 MCC:0.663.
(tn, fp, fn, tp):  (7424, 1888, 968, 6472)
 
Epoch 4/10
---------------
train Loss: 0.4811
train Accuracy:0.810 Precision:0.755 Recall:0.847 F1:0.799 MCC:0.624.
(tn, fp, fn, tp):  (65676, 18420, 10240, 56864)
val Loss: 0.4391
val Accuracy:0.826 Precision:0.770 Recall:0.869 F1:0.816 MCC:0.657.
(tn, fp, fn, tp):  (7379, 1933, 977, 6463)
 
Epoch 5/10
---------------
train Loss: 0.4776
train Accuracy:0.813 Precision:0.758 Recall:0.848 F1:0.801 MCC:0.629.
(tn, fp, fn, tp):  (65949, 18147, 10169, 56935)
val Loss: 0.4419
val Accuracy:0.826 Precision:0.770 Recall:0.866 F1:0.815 MCC:0.655.
(tn, fp, fn, tp):  (7391, 1921, 999, 6441)
 
Epoch 6/10
---------------
train Loss: 0.4727
train Accuracy:0.816 Precision:0.761 Recall:0.851 F1:0.804 MCC:0.635.
(tn, fp, fn, tp):  (66189, 17907, 9967, 57137)
val Loss: 0.4433
val Accuracy:0.826 Precision:0.777 Recall:0.852 F1:0.813 MCC:0.653.
(tn, fp, fn, tp):  (7497, 1815, 1100, 6340)
 
Epoch 7/10
---------------
train Loss: 0.4669
train Accuracy:0.819 Precision:0.766 Recall:0.854 F1:0.808 MCC:0.642.
(tn, fp, fn, tp):  (66603, 17493, 9799, 57305)
val Loss: 0.4441
val Accuracy:0.824 Precision:0.776 Recall:0.850 F1:0.811 MCC:0.649.
(tn, fp, fn, tp):  (7482, 1830, 1118, 6322)
 
Epoch 8/10
---------------
train Loss: 0.4620
train Accuracy:0.822 Precision:0.769 Recall:0.857 F1:0.811 MCC:0.647.
(tn, fp, fn, tp):  (66825, 17271, 9600, 57504)
val Loss: 0.4478
val Accuracy:0.820 Precision:0.765 Recall:0.858 F1:0.809 MCC:0.643.
(tn, fp, fn, tp):  (7351, 1961, 1058, 6382)
 
Epoch 9/10
---------------
train Loss: 0.4572
train Accuracy:0.824 Precision:0.772 Recall:0.857 F1:0.812 MCC:0.650.
(tn, fp, fn, tp):  (67101, 16995, 9620, 57484)
val Loss: 0.4476
val Accuracy:0.821 Precision:0.772 Recall:0.846 F1:0.807 MCC:0.643.
(tn, fp, fn, tp):  (7454, 1858, 1145, 6295)
 
Epoch 10/10
---------------
train Loss: 0.4523
train Accuracy:0.827 Precision:0.775 Recall:0.860 F1:0.815 MCC:0.657.
(tn, fp, fn, tp):  (67335, 16761, 9370, 57734)
val Loss: 0.4486
val Accuracy:0.818 Precision:0.765 Recall:0.852 F1:0.806 MCC:0.638.
(tn, fp, fn, tp):  (7362, 1950, 1103, 6337)
Training complete in 4m 8s
Best val MCC: 0.671335
*********************************************************************
starting 8th fold cross-validation
Using learning rate scheduler.
 
Epoch 1/10
---------------
train Loss: 0.4797
train Accuracy:0.810 Precision:0.755 Recall:0.846 F1:0.798 MCC:0.624.
(tn, fp, fn, tp):  (65702, 18394, 10306, 56798)
val Loss: 0.5098
val Accuracy:0.795 Precision:0.738 Recall:0.834 F1:0.783 MCC:0.593.
(tn, fp, fn, tp):  (7105, 2207, 1235, 6205)
 
Epoch 2/10
---------------
train Loss: 0.4772
train Accuracy:0.812 Precision:0.757 Recall:0.848 F1:0.800 MCC:0.627.
(tn, fp, fn, tp):  (65857, 18239, 10184, 56920)
val Loss: 0.5141
val Accuracy:0.791 Precision:0.733 Recall:0.832 F1:0.779 MCC:0.586.
(tn, fp, fn, tp):  (7060, 2252, 1250, 6190)
 
Epoch 3/10
---------------
train Loss: 0.4734
train Accuracy:0.814 Precision:0.760 Recall:0.849 F1:0.802 MCC:0.631.
(tn, fp, fn, tp):  (66062, 18034, 10121, 56983)
val Loss: 0.5154
val Accuracy:0.789 Precision:0.728 Recall:0.837 F1:0.779 MCC:0.584.
(tn, fp, fn, tp):  (6985, 2327, 1212, 6228)
 
Epoch 4/10
---------------
train Loss: 0.4686
train Accuracy:0.817 Precision:0.763 Recall:0.851 F1:0.805 MCC:0.636.
(tn, fp, fn, tp):  (66336, 17760, 9976, 57128)
val Loss: 0.5195
val Accuracy:0.789 Precision:0.738 Recall:0.814 F1:0.774 MCC:0.580.
(tn, fp, fn, tp):  (7164, 2148, 1384, 6056)
 
Epoch 5/10
---------------
train Loss: 0.4647
train Accuracy:0.819 Precision:0.766 Recall:0.854 F1:0.807 MCC:0.641.
(tn, fp, fn, tp):  (66588, 17508, 9815, 57289)
val Loss: 0.5199
val Accuracy:0.786 Precision:0.720 Recall:0.848 F1:0.778 MCC:0.581.
(tn, fp, fn, tp):  (6854, 2458, 1132, 6308)
 
Epoch 6/10
---------------
train Loss: 0.4604
train Accuracy:0.822 Precision:0.770 Recall:0.856 F1:0.810 MCC:0.647.
(tn, fp, fn, tp):  (66901, 17195, 9682, 57422)
val Loss: 0.5229
val Accuracy:0.781 Precision:0.715 Recall:0.844 F1:0.774 MCC:0.572.
(tn, fp, fn, tp):  (6809, 2503, 1160, 6280)
 
Epoch 7/10
---------------
train Loss: 0.4543
train Accuracy:0.825 Precision:0.773 Recall:0.859 F1:0.813 MCC:0.653.
(tn, fp, fn, tp):  (67162, 16934, 9487, 57617)
val Loss: 0.5258
val Accuracy:0.784 Precision:0.731 Recall:0.813 F1:0.770 MCC:0.570.
(tn, fp, fn, tp):  (7087, 2225, 1392, 6048)
 
Epoch 8/10
---------------
train Loss: 0.4494
train Accuracy:0.827 Precision:0.776 Recall:0.860 F1:0.816 MCC:0.657.
(tn, fp, fn, tp):  (67390, 16706, 9384, 57720)
val Loss: 0.5274
val Accuracy:0.781 Precision:0.727 Recall:0.812 F1:0.767 MCC:0.565.
(tn, fp, fn, tp):  (7042, 2270, 1397, 6043)
 
Epoch 9/10
---------------
train Loss: 0.4450
train Accuracy:0.832 Precision:0.781 Recall:0.863 F1:0.820 MCC:0.666.
(tn, fp, fn, tp):  (67829, 16267, 9181, 57923)
val Loss: 0.5284
val Accuracy:0.779 Precision:0.720 Recall:0.821 F1:0.767 MCC:0.563.
(tn, fp, fn, tp):  (6935, 2377, 1329, 6111)
 
Epoch 10/10
---------------
train Loss: 0.4403
train Accuracy:0.834 Precision:0.783 Recall:0.866 F1:0.823 MCC:0.671.
(tn, fp, fn, tp):  (68035, 16061, 8986, 58118)
val Loss: 0.5319
val Accuracy:0.778 Precision:0.724 Recall:0.808 F1:0.764 MCC:0.558.
(tn, fp, fn, tp):  (7018, 2294, 1428, 6012)
Training complete in 4m 7s
Best val MCC: 0.593266
*********************************************************************
starting 9th fold cross-validation
Using learning rate scheduler.
 
Epoch 1/10
---------------
train Loss: 0.4769
train Accuracy:0.810 Precision:0.754 Recall:0.848 F1:0.799 MCC:0.624.
(tn, fp, fn, tp):  (65558, 18538, 10181, 56923)
val Loss: 0.5048
val Accuracy:0.818 Precision:0.779 Recall:0.823 F1:0.801 MCC:0.634.
(tn, fp, fn, tp):  (7574, 1738, 1314, 6126)
 
Epoch 2/10
---------------
train Loss: 0.4741
train Accuracy:0.811 Precision:0.755 Recall:0.849 F1:0.799 MCC:0.626.
(tn, fp, fn, tp):  (65632, 18464, 10129, 56975)
val Loss: 0.5097
val Accuracy:0.815 Precision:0.774 Recall:0.825 F1:0.799 MCC:0.630.
(tn, fp, fn, tp):  (7518, 1794, 1299, 6141)
 
Epoch 3/10
---------------
train Loss: 0.4694
train Accuracy:0.814 Precision:0.759 Recall:0.852 F1:0.803 MCC:0.632.
(tn, fp, fn, tp):  (65949, 18147, 9945, 57159)
val Loss: 0.5083
val Accuracy:0.813 Precision:0.764 Recall:0.840 F1:0.800 MCC:0.628.
(tn, fp, fn, tp):  (7381, 1931, 1194, 6246)
 
Epoch 4/10
---------------
train Loss: 0.4654
train Accuracy:0.816 Precision:0.761 Recall:0.854 F1:0.805 MCC:0.636.
(tn, fp, fn, tp):  (66116, 17980, 9809, 57295)
val Loss: 0.5119
val Accuracy:0.811 Precision:0.766 Recall:0.828 F1:0.795 MCC:0.622.
(tn, fp, fn, tp):  (7429, 1883, 1283, 6157)
 
Epoch 5/10
---------------
train Loss: 0.4618
train Accuracy:0.818 Precision:0.764 Recall:0.855 F1:0.807 MCC:0.640.
(tn, fp, fn, tp):  (66367, 17729, 9732, 57372)
val Loss: 0.5169
val Accuracy:0.808 Precision:0.761 Recall:0.829 F1:0.793 MCC:0.617.
(tn, fp, fn, tp):  (7372, 1940, 1273, 6167)
 
Epoch 6/10
---------------
train Loss: 0.4566
train Accuracy:0.822 Precision:0.768 Recall:0.858 F1:0.810 MCC:0.647.
(tn, fp, fn, tp):  (66679, 17417, 9532, 57572)
val Loss: 0.5196
val Accuracy:0.807 Precision:0.767 Recall:0.814 F1:0.790 MCC:0.613.
(tn, fp, fn, tp):  (7469, 1843, 1384, 6056)
 
Epoch 7/10
---------------
train Loss: 0.4511
train Accuracy:0.825 Precision:0.772 Recall:0.861 F1:0.814 MCC:0.654.
(tn, fp, fn, tp):  (67006, 17090, 9298, 57806)
val Loss: 0.5224
val Accuracy:0.806 Precision:0.763 Recall:0.817 F1:0.789 MCC:0.611.
(tn, fp, fn, tp):  (7420, 1892, 1363, 6077)
 
Epoch 8/10
---------------
train Loss: 0.4466
train Accuracy:0.828 Precision:0.774 Recall:0.863 F1:0.816 MCC:0.658.
(tn, fp, fn, tp):  (67215, 16881, 9188, 57916)
val Loss: 0.5245
val Accuracy:0.806 Precision:0.770 Recall:0.805 F1:0.787 MCC:0.610.
(tn, fp, fn, tp):  (7521, 1791, 1451, 5989)
 
Epoch 9/10
---------------
train Loss: 0.4416
train Accuracy:0.832 Precision:0.780 Recall:0.865 F1:0.820 MCC:0.666.
(tn, fp, fn, tp):  (67672, 16424, 9042, 58062)
val Loss: 0.5291
val Accuracy:0.803 Precision:0.765 Recall:0.804 F1:0.784 MCC:0.604.
(tn, fp, fn, tp):  (7471, 1841, 1460, 5980)
 
Epoch 10/10
---------------
train Loss: 0.4365
train Accuracy:0.834 Precision:0.781 Recall:0.868 F1:0.823 MCC:0.670.
(tn, fp, fn, tp):  (67785, 16311, 8827, 58277)
val Loss: 0.5315
val Accuracy:0.803 Precision:0.762 Recall:0.807 F1:0.784 MCC:0.603.
(tn, fp, fn, tp):  (7441, 1871, 1437, 6003)
Training complete in 4m 5s
Best val MCC: 0.633943
*********************************************************************
starting 10th fold cross-validation
Using learning rate scheduler.
 
Epoch 1/10
---------------
train Loss: 0.4731
train Accuracy:0.814 Precision:0.760 Recall:0.850 F1:0.802 MCC:0.632.
(tn, fp, fn, tp):  (66060, 18036, 10059, 57045)
val Loss: 0.4943
val Accuracy:0.805 Precision:0.750 Recall:0.843 F1:0.794 MCC:0.614.
(tn, fp, fn, tp):  (7218, 2094, 1169, 6271)
 
Epoch 2/10
---------------
train Loss: 0.4715
train Accuracy:0.814 Precision:0.761 Recall:0.849 F1:0.802 MCC:0.632.
(tn, fp, fn, tp):  (66162, 17934, 10125, 56979)
val Loss: 0.4972
val Accuracy:0.802 Precision:0.739 Recall:0.855 F1:0.793 MCC:0.611.
(tn, fp, fn, tp):  (7070, 2242, 1077, 6363)
 
Epoch 3/10
---------------
train Loss: 0.4677
train Accuracy:0.817 Precision:0.764 Recall:0.851 F1:0.805 MCC:0.637.
(tn, fp, fn, tp):  (66466, 17630, 10023, 57081)
val Loss: 0.4994
val Accuracy:0.800 Precision:0.744 Recall:0.839 F1:0.788 MCC:0.604.
(tn, fp, fn, tp):  (7164, 2148, 1201, 6239)
 
Epoch 4/10
---------------
train Loss: 0.4619
train Accuracy:0.821 Precision:0.769 Recall:0.854 F1:0.809 MCC:0.645.
(tn, fp, fn, tp):  (66838, 17258, 9813, 57291)
val Loss: 0.5037
val Accuracy:0.797 Precision:0.740 Recall:0.837 F1:0.785 MCC:0.597.
(tn, fp, fn, tp):  (7120, 2192, 1216, 6224)
 
Epoch 5/10
---------------
train Loss: 0.4581
train Accuracy:0.823 Precision:0.771 Recall:0.854 F1:0.811 MCC:0.648.
(tn, fp, fn, tp):  (67083, 17013, 9773, 57331)
val Loss: 0.5063
val Accuracy:0.793 Precision:0.726 Recall:0.855 F1:0.786 MCC:0.595.
(tn, fp, fn, tp):  (6917, 2395, 1079, 6361)
 
Epoch 6/10
---------------
train Loss: 0.4538
train Accuracy:0.826 Precision:0.775 Recall:0.858 F1:0.814 MCC:0.654.
(tn, fp, fn, tp):  (67358, 16738, 9556, 57548)
val Loss: 0.5103
val Accuracy:0.794 Precision:0.738 Recall:0.829 F1:0.781 MCC:0.591.
(tn, fp, fn, tp):  (7127, 2185, 1272, 6168)
 
Epoch 7/10
---------------
train Loss: 0.4482
train Accuracy:0.829 Precision:0.778 Recall:0.860 F1:0.817 MCC:0.660.
(tn, fp, fn, tp):  (67627, 16469, 9387, 57717)
val Loss: 0.5092
val Accuracy:0.795 Precision:0.743 Recall:0.822 F1:0.780 MCC:0.591.
(tn, fp, fn, tp):  (7198, 2114, 1327, 6113)
 
Epoch 8/10
---------------
train Loss: 0.4435
train Accuracy:0.832 Precision:0.781 Recall:0.862 F1:0.820 MCC:0.665.
(tn, fp, fn, tp):  (67923, 16173, 9292, 57812)
val Loss: 0.5109
val Accuracy:0.793 Precision:0.736 Recall:0.832 F1:0.781 MCC:0.590.
(tn, fp, fn, tp):  (7095, 2217, 1249, 6191)
 
Epoch 9/10
---------------
train Loss: 0.4390
train Accuracy:0.835 Precision:0.785 Recall:0.865 F1:0.823 MCC:0.672.
(tn, fp, fn, tp):  (68214, 15882, 9066, 58038)
val Loss: 0.5167
val Accuracy:0.789 Precision:0.724 Recall:0.849 F1:0.781 MCC:0.587.
(tn, fp, fn, tp):  (6904, 2408, 1127, 6313)
 
Epoch 10/10
---------------
train Loss: 0.4339
train Accuracy:0.838 Precision:0.789 Recall:0.866 F1:0.826 MCC:0.677.
(tn, fp, fn, tp):  (68506, 15590, 8975, 58129)
val Loss: 0.5190
val Accuracy:0.789 Precision:0.735 Recall:0.821 F1:0.775 MCC:0.580.
(tn, fp, fn, tp):  (7106, 2206, 1332, 6108)
Training complete in 4m 7s
Best val MCC: 0.614135
average accuracy over folds: 0.8031638013371538
average precision over folds: 0.7492072512661466
average recall over folds: 0.8379569892473118
average mcc over folds: 0.6096870633612838
