data directory: ../../data_homology_reduced/autoencoder_vectors/
*********************************************************************
starting 1th fold cross-validation
--------------------------------------------------------
generating training dataset...
folds:  [2, 3, 4, 5]
class name to integer map:  {'control': 0, 'heme': 1}
getting training data from following folders:  ['../../data_homology_reduced/autoencoder_vectors/control/fold_2', '../../data_homology_reduced/autoencoder_vectors/control/fold_3', '../../data_homology_reduced/autoencoder_vectors/control/fold_4', '../../data_homology_reduced/autoencoder_vectors/control/fold_5', '../../data_homology_reduced/autoencoder_vectors/heme/fold_2', '../../data_homology_reduced/autoencoder_vectors/heme/fold_3', '../../data_homology_reduced/autoencoder_vectors/heme/fold_4', '../../data_homology_reduced/autoencoder_vectors/heme/fold_5']
folder classes:  [0, 0, 0, 0, 1, 1, 1, 1]
lengths of the folders:  [18672, 18672, 18672, 18672, 5712, 5712, 5712, 5712]
--------------------------------------------------------
generating validation dataset...
folds:  [1]
class name to integer map:  {'control': 0, 'heme': 1}
getting training data from following folders:  ['../../data_homology_reduced/autoencoder_vectors/control/fold_1', '../../data_homology_reduced/autoencoder_vectors/heme/fold_1']
folder classes:  [0, 1]
lengths of the folders:  [18720, 5760]
number of data:  97536
loading data...
Loading data takes 1m 10s
number of data:  24480
loading data...
Loading data takes 2m 15s
Model:
RandomForestClassifier(bootstrap=True, class_weight={0: 22944, 1: 74784},
                       criterion='entropy', max_depth=None, max_features='auto',
                       max_leaf_nodes=None, min_impurity_decrease=0.0,
                       min_impurity_split=None, min_samples_leaf=0.0002,
                       min_samples_split=0.0005, min_weight_fraction_leaf=0.0,
                       n_estimators=1000, n_jobs=-1, oob_score=False,
                       random_state=42, verbose=0, warm_start=False)
training the random forest...
training finished.
training accuracy: 0.9288160269028871
number of correct validation predictions: 19087
validation accuracy: 0.7796977124183007
validation precision: 0.5353224254090472
validation recall: 0.4828125
validation mcc: 0.3671068061409588
validation f1: 0.5077133728890918
validation confusion matrix: [[16306  2414]
 [ 2979  2781]]
*********************************************************************
starting 2th fold cross-validation
--------------------------------------------------------
generating training dataset...
folds:  [1, 3, 4, 5]
class name to integer map:  {'control': 0, 'heme': 1}
getting training data from following folders:  ['../../data_homology_reduced/autoencoder_vectors/control/fold_1', '../../data_homology_reduced/autoencoder_vectors/control/fold_3', '../../data_homology_reduced/autoencoder_vectors/control/fold_4', '../../data_homology_reduced/autoencoder_vectors/control/fold_5', '../../data_homology_reduced/autoencoder_vectors/heme/fold_1', '../../data_homology_reduced/autoencoder_vectors/heme/fold_3', '../../data_homology_reduced/autoencoder_vectors/heme/fold_4', '../../data_homology_reduced/autoencoder_vectors/heme/fold_5']
folder classes:  [0, 0, 0, 0, 1, 1, 1, 1]
lengths of the folders:  [18720, 18672, 18672, 18672, 5760, 5712, 5712, 5712]
--------------------------------------------------------
generating validation dataset...
folds:  [2]
class name to integer map:  {'control': 0, 'heme': 1}
getting training data from following folders:  ['../../data_homology_reduced/autoencoder_vectors/control/fold_2', '../../data_homology_reduced/autoencoder_vectors/heme/fold_2']
folder classes:  [0, 1]
lengths of the folders:  [18672, 5712]
number of data:  97632
loading data...
Loading data takes 0m 30s
number of data:  24384
loading data...
Loading data takes 0m 7s
Model:
RandomForestClassifier(bootstrap=True, class_weight={0: 22944, 1: 74784},
                       criterion='entropy', max_depth=None, max_features='auto',
                       max_leaf_nodes=None, min_impurity_decrease=0.0,
                       min_impurity_split=None, min_samples_leaf=0.0002,
                       min_samples_split=0.0005, min_weight_fraction_leaf=0.0,
                       n_estimators=1000, n_jobs=-1, oob_score=False,
                       random_state=42, verbose=0, warm_start=False)
training the random forest...
training finished.
training accuracy: 0.9272164863979023
number of correct validation predictions: 18847
validation accuracy: 0.7729248687664042
validation precision: 0.5141288551590505
validation recall: 0.5574229691876751
validation mcc: 0.38557131638878356
validation f1: 0.5349013019739606
validation confusion matrix: [[15663  3009]
 [ 2528  3184]]
*********************************************************************
starting 3th fold cross-validation
--------------------------------------------------------
generating training dataset...
folds:  [1, 2, 4, 5]
class name to integer map:  {'control': 0, 'heme': 1}
getting training data from following folders:  ['../../data_homology_reduced/autoencoder_vectors/control/fold_1', '../../data_homology_reduced/autoencoder_vectors/control/fold_2', '../../data_homology_reduced/autoencoder_vectors/control/fold_4', '../../data_homology_reduced/autoencoder_vectors/control/fold_5', '../../data_homology_reduced/autoencoder_vectors/heme/fold_1', '../../data_homology_reduced/autoencoder_vectors/heme/fold_2', '../../data_homology_reduced/autoencoder_vectors/heme/fold_4', '../../data_homology_reduced/autoencoder_vectors/heme/fold_5']
folder classes:  [0, 0, 0, 0, 1, 1, 1, 1]
lengths of the folders:  [18720, 18672, 18672, 18672, 5760, 5712, 5712, 5712]
--------------------------------------------------------
generating validation dataset...
folds:  [3]
class name to integer map:  {'control': 0, 'heme': 1}
getting training data from following folders:  ['../../data_homology_reduced/autoencoder_vectors/control/fold_3', '../../data_homology_reduced/autoencoder_vectors/heme/fold_3']
folder classes:  [0, 1]
lengths of the folders:  [18672, 5712]
number of data:  97632
loading data...
Loading data takes 0m 31s
number of data:  24384
loading data...
Loading data takes 0m 8s
Model:
RandomForestClassifier(bootstrap=True, class_weight={0: 22944, 1: 74784},
                       criterion='entropy', max_depth=None, max_features='auto',
                       max_leaf_nodes=None, min_impurity_decrease=0.0,
                       min_impurity_split=None, min_samples_leaf=0.0002,
                       min_samples_split=0.0005, min_weight_fraction_leaf=0.0,
                       n_estimators=1000, n_jobs=-1, oob_score=False,
                       random_state=42, verbose=0, warm_start=False)
training the random forest...
training finished.
training accuracy: 0.9275032776138971
number of correct validation predictions: 19930
validation accuracy: 0.8173392388451444
validation precision: 0.5919053185271771
validation recall: 0.7092086834733894
validation mcc: 0.5274944980354315
validation f1: 0.6452691940108315
validation confusion matrix: [[15879  2793]
 [ 1661  4051]]
*********************************************************************
starting 4th fold cross-validation
--------------------------------------------------------
generating training dataset...
folds:  [1, 2, 3, 5]
class name to integer map:  {'control': 0, 'heme': 1}
getting training data from following folders:  ['../../data_homology_reduced/autoencoder_vectors/control/fold_1', '../../data_homology_reduced/autoencoder_vectors/control/fold_2', '../../data_homology_reduced/autoencoder_vectors/control/fold_3', '../../data_homology_reduced/autoencoder_vectors/control/fold_5', '../../data_homology_reduced/autoencoder_vectors/heme/fold_1', '../../data_homology_reduced/autoencoder_vectors/heme/fold_2', '../../data_homology_reduced/autoencoder_vectors/heme/fold_3', '../../data_homology_reduced/autoencoder_vectors/heme/fold_5']
folder classes:  [0, 0, 0, 0, 1, 1, 1, 1]
lengths of the folders:  [18720, 18672, 18672, 18672, 5760, 5712, 5712, 5712]
--------------------------------------------------------
generating validation dataset...
folds:  [4]
class name to integer map:  {'control': 0, 'heme': 1}
getting training data from following folders:  ['../../data_homology_reduced/autoencoder_vectors/control/fold_4', '../../data_homology_reduced/autoencoder_vectors/heme/fold_4']
folder classes:  [0, 1]
lengths of the folders:  [18672, 5712]
number of data:  97632
loading data...
Loading data takes 0m 28s
number of data:  24384
loading data...
Loading data takes 0m 7s
Model:
RandomForestClassifier(bootstrap=True, class_weight={0: 22944, 1: 74784},
                       criterion='entropy', max_depth=None, max_features='auto',
                       max_leaf_nodes=None, min_impurity_decrease=0.0,
                       min_impurity_split=None, min_samples_leaf=0.0002,
                       min_samples_split=0.0005, min_weight_fraction_leaf=0.0,
                       n_estimators=1000, n_jobs=-1, oob_score=False,
                       random_state=42, verbose=0, warm_start=False)
training the random forest...
training finished.
training accuracy: 0.9268170272041953
number of correct validation predictions: 19619
validation accuracy: 0.8045849737532809
validation precision: 0.5796199764587187
validation recall: 0.6034663865546218
validation mcc: 0.4631283619418788
validation f1: 0.5913028561626211
validation confusion matrix: [[16172  2500]
 [ 2265  3447]]
*********************************************************************
starting 5th fold cross-validation
--------------------------------------------------------
generating training dataset...
folds:  [1, 2, 3, 4]
class name to integer map:  {'control': 0, 'heme': 1}
getting training data from following folders:  ['../../data_homology_reduced/autoencoder_vectors/control/fold_1', '../../data_homology_reduced/autoencoder_vectors/control/fold_2', '../../data_homology_reduced/autoencoder_vectors/control/fold_3', '../../data_homology_reduced/autoencoder_vectors/control/fold_4', '../../data_homology_reduced/autoencoder_vectors/heme/fold_1', '../../data_homology_reduced/autoencoder_vectors/heme/fold_2', '../../data_homology_reduced/autoencoder_vectors/heme/fold_3', '../../data_homology_reduced/autoencoder_vectors/heme/fold_4']
folder classes:  [0, 0, 0, 0, 1, 1, 1, 1]
lengths of the folders:  [18720, 18672, 18672, 18672, 5760, 5712, 5712, 5712]
--------------------------------------------------------
generating validation dataset...
folds:  [5]
class name to integer map:  {'control': 0, 'heme': 1}
getting training data from following folders:  ['../../data_homology_reduced/autoencoder_vectors/control/fold_5', '../../data_homology_reduced/autoencoder_vectors/heme/fold_5']
folder classes:  [0, 1]
lengths of the folders:  [18672, 5712]
number of data:  97632
loading data...
Loading data takes 0m 29s
number of data:  24384
loading data...
Loading data takes 0m 7s
Model:
RandomForestClassifier(bootstrap=True, class_weight={0: 22944, 1: 74784},
                       criterion='entropy', max_depth=None, max_features='auto',
                       max_leaf_nodes=None, min_impurity_decrease=0.0,
                       min_impurity_split=None, min_samples_leaf=0.0002,
                       min_samples_split=0.0005, min_weight_fraction_leaf=0.0,
                       n_estimators=1000, n_jobs=-1, oob_score=False,
                       random_state=42, verbose=0, warm_start=False)
training the random forest...
training finished.
training accuracy: 0.9301868239921337
number of correct validation predictions: 19463
validation accuracy: 0.7981873359580053
validation precision: 0.5616331619136669
validation recall: 0.6309523809523809
validation mcc: 0.461952577018428
validation f1: 0.5942781762717454
validation confusion matrix: [[15859  2813]
 [ 2108  3604]]
--------------------------------------------------
average accuracy:  0.7945468259482271
average precision:  0.556521947493532
average recall:  0.5967725840336133
average mcc:  0.4410507119050961
