data directory: ../../data_homology_reduced/autoencoder_vectors/
*********************************************************************
starting 1th fold cross-validation
--------------------------------------------------------
generating training dataset...
folds:  [2, 3, 4, 5]
class name to integer map:  {'control': 0, 'heme': 1}
getting training data from following folders:  ['../../data_homology_reduced/autoencoder_vectors/control/fold_2', '../../data_homology_reduced/autoencoder_vectors/control/fold_3', '../../data_homology_reduced/autoencoder_vectors/control/fold_4', '../../data_homology_reduced/autoencoder_vectors/control/fold_5', '../../data_homology_reduced/autoencoder_vectors/heme/fold_2', '../../data_homology_reduced/autoencoder_vectors/heme/fold_3', '../../data_homology_reduced/autoencoder_vectors/heme/fold_4', '../../data_homology_reduced/autoencoder_vectors/heme/fold_5']
folder classes:  [0, 0, 0, 0, 1, 1, 1, 1]
lengths of the folders:  [18672, 18672, 18672, 18672, 5712, 5712, 5712, 5712]
--------------------------------------------------------
generating validation dataset...
folds:  [1]
class name to integer map:  {'control': 0, 'heme': 1}
getting training data from following folders:  ['../../data_homology_reduced/autoencoder_vectors/control/fold_1', '../../data_homology_reduced/autoencoder_vectors/heme/fold_1']
folder classes:  [0, 1]
lengths of the folders:  [18720, 5760]
number of data:  97536
loading data...
Loading data takes 5m 47s
number of data:  24480
loading data...
Loading data takes 2m 15s
Model:
RandomForestClassifier(bootstrap=True, class_weight={0: 22944, 1: 74784},
                       criterion='gini', max_depth=None, max_features='log2',
                       max_leaf_nodes=None, min_impurity_decrease=0.0,
                       min_impurity_split=None, min_samples_leaf=0.0002,
                       min_samples_split=0.0005, min_weight_fraction_leaf=0.0,
                       n_estimators=1000, n_jobs=-1, oob_score=False,
                       random_state=42, verbose=0, warm_start=False)
training the random forest...
training finished.
training accuracy: 0.9078801673228346
number of correct validation predictions: 19023
validation accuracy: 0.7770833333333333
validation precision: 0.5272237196765499
validation recall: 0.509375
validation mcc: 0.37329725492158866
validation f1: 0.5181456953642384
validation confusion matrix: [[16089  2631]
 [ 2826  2934]]
*********************************************************************
starting 2th fold cross-validation
--------------------------------------------------------
generating training dataset...
folds:  [1, 3, 4, 5]
class name to integer map:  {'control': 0, 'heme': 1}
getting training data from following folders:  ['../../data_homology_reduced/autoencoder_vectors/control/fold_1', '../../data_homology_reduced/autoencoder_vectors/control/fold_3', '../../data_homology_reduced/autoencoder_vectors/control/fold_4', '../../data_homology_reduced/autoencoder_vectors/control/fold_5', '../../data_homology_reduced/autoencoder_vectors/heme/fold_1', '../../data_homology_reduced/autoencoder_vectors/heme/fold_3', '../../data_homology_reduced/autoencoder_vectors/heme/fold_4', '../../data_homology_reduced/autoencoder_vectors/heme/fold_5']
folder classes:  [0, 0, 0, 0, 1, 1, 1, 1]
lengths of the folders:  [18720, 18672, 18672, 18672, 5760, 5712, 5712, 5712]
--------------------------------------------------------
generating validation dataset...
folds:  [2]
class name to integer map:  {'control': 0, 'heme': 1}
getting training data from following folders:  ['../../data_homology_reduced/autoencoder_vectors/control/fold_2', '../../data_homology_reduced/autoencoder_vectors/heme/fold_2']
folder classes:  [0, 1]
lengths of the folders:  [18672, 5712]
number of data:  97632
loading data...
Loading data takes 0m 30s
number of data:  24384
loading data...
Loading data takes 0m 7s
Model:
RandomForestClassifier(bootstrap=True, class_weight={0: 22944, 1: 74784},
                       criterion='gini', max_depth=None, max_features='log2',
                       max_leaf_nodes=None, min_impurity_decrease=0.0,
                       min_impurity_split=None, min_samples_leaf=0.0002,
                       min_samples_split=0.0005, min_weight_fraction_leaf=0.0,
                       n_estimators=1000, n_jobs=-1, oob_score=False,
                       random_state=42, verbose=0, warm_start=False)
training the random forest...
training finished.
training accuracy: 0.9053588987217306
number of correct validation predictions: 18627
validation accuracy: 0.7639025590551181
validation precision: 0.4965810667071874
validation recall: 0.5721288515406162
validation mcc: 0.3765834646312905
validation f1: 0.5316846986089644
validation confusion matrix: [[15359  3313]
 [ 2444  3268]]
*********************************************************************
starting 3th fold cross-validation
--------------------------------------------------------
generating training dataset...
folds:  [1, 2, 4, 5]
class name to integer map:  {'control': 0, 'heme': 1}
getting training data from following folders:  ['../../data_homology_reduced/autoencoder_vectors/control/fold_1', '../../data_homology_reduced/autoencoder_vectors/control/fold_2', '../../data_homology_reduced/autoencoder_vectors/control/fold_4', '../../data_homology_reduced/autoencoder_vectors/control/fold_5', '../../data_homology_reduced/autoencoder_vectors/heme/fold_1', '../../data_homology_reduced/autoencoder_vectors/heme/fold_2', '../../data_homology_reduced/autoencoder_vectors/heme/fold_4', '../../data_homology_reduced/autoencoder_vectors/heme/fold_5']
folder classes:  [0, 0, 0, 0, 1, 1, 1, 1]
lengths of the folders:  [18720, 18672, 18672, 18672, 5760, 5712, 5712, 5712]
--------------------------------------------------------
generating validation dataset...
folds:  [3]
class name to integer map:  {'control': 0, 'heme': 1}
getting training data from following folders:  ['../../data_homology_reduced/autoencoder_vectors/control/fold_3', '../../data_homology_reduced/autoencoder_vectors/heme/fold_3']
folder classes:  [0, 1]
lengths of the folders:  [18672, 5712]
number of data:  97632
loading data...
Loading data takes 0m 28s
number of data:  24384
loading data...
Loading data takes 0m 7s
Model:
RandomForestClassifier(bootstrap=True, class_weight={0: 22944, 1: 74784},
                       criterion='gini', max_depth=None, max_features='log2',
                       max_leaf_nodes=None, min_impurity_decrease=0.0,
                       min_impurity_split=None, min_samples_leaf=0.0002,
                       min_samples_split=0.0005, min_weight_fraction_leaf=0.0,
                       n_estimators=1000, n_jobs=-1, oob_score=False,
                       random_state=42, verbose=0, warm_start=False)
training the random forest...
training finished.
training accuracy: 0.9067518846279908
number of correct validation predictions: 19688
validation accuracy: 0.8074146981627297
validation precision: 0.5700689655172414
validation recall: 0.7235644257703081
validation mcc: 0.5157719584024536
validation f1: 0.6377102299027928
validation confusion matrix: [[15555  3117]
 [ 1579  4133]]
*********************************************************************
starting 4th fold cross-validation
--------------------------------------------------------
generating training dataset...
folds:  [1, 2, 3, 5]
class name to integer map:  {'control': 0, 'heme': 1}
getting training data from following folders:  ['../../data_homology_reduced/autoencoder_vectors/control/fold_1', '../../data_homology_reduced/autoencoder_vectors/control/fold_2', '../../data_homology_reduced/autoencoder_vectors/control/fold_3', '../../data_homology_reduced/autoencoder_vectors/control/fold_5', '../../data_homology_reduced/autoencoder_vectors/heme/fold_1', '../../data_homology_reduced/autoencoder_vectors/heme/fold_2', '../../data_homology_reduced/autoencoder_vectors/heme/fold_3', '../../data_homology_reduced/autoencoder_vectors/heme/fold_5']
folder classes:  [0, 0, 0, 0, 1, 1, 1, 1]
lengths of the folders:  [18720, 18672, 18672, 18672, 5760, 5712, 5712, 5712]
--------------------------------------------------------
generating validation dataset...
folds:  [4]
class name to integer map:  {'control': 0, 'heme': 1}
getting training data from following folders:  ['../../data_homology_reduced/autoencoder_vectors/control/fold_4', '../../data_homology_reduced/autoencoder_vectors/heme/fold_4']
folder classes:  [0, 1]
lengths of the folders:  [18672, 5712]
number of data:  97632
loading data...
Loading data takes 0m 28s
number of data:  24384
loading data...
Loading data takes 0m 7s
Model:
RandomForestClassifier(bootstrap=True, class_weight={0: 22944, 1: 74784},
                       criterion='gini', max_depth=None, max_features='log2',
                       max_leaf_nodes=None, min_impurity_decrease=0.0,
                       min_impurity_split=None, min_samples_leaf=0.0002,
                       min_samples_split=0.0005, min_weight_fraction_leaf=0.0,
                       n_estimators=1000, n_jobs=-1, oob_score=False,
                       random_state=42, verbose=0, warm_start=False)
training the random forest...
training finished.
training accuracy: 0.9063216978039987
number of correct validation predictions: 19443
validation accuracy: 0.797367125984252
validation precision: 0.5601685656313408
validation recall: 0.6283263305322129
validation mcc: 0.4593996510201963
validation f1: 0.5922930934895619
validation confusion matrix: [[15854  2818]
 [ 2123  3589]]
*********************************************************************
starting 5th fold cross-validation
--------------------------------------------------------
generating training dataset...
folds:  [1, 2, 3, 4]
class name to integer map:  {'control': 0, 'heme': 1}
getting training data from following folders:  ['../../data_homology_reduced/autoencoder_vectors/control/fold_1', '../../data_homology_reduced/autoencoder_vectors/control/fold_2', '../../data_homology_reduced/autoencoder_vectors/control/fold_3', '../../data_homology_reduced/autoencoder_vectors/control/fold_4', '../../data_homology_reduced/autoencoder_vectors/heme/fold_1', '../../data_homology_reduced/autoencoder_vectors/heme/fold_2', '../../data_homology_reduced/autoencoder_vectors/heme/fold_3', '../../data_homology_reduced/autoencoder_vectors/heme/fold_4']
folder classes:  [0, 0, 0, 0, 1, 1, 1, 1]
lengths of the folders:  [18720, 18672, 18672, 18672, 5760, 5712, 5712, 5712]
--------------------------------------------------------
generating validation dataset...
folds:  [5]
class name to integer map:  {'control': 0, 'heme': 1}
getting training data from following folders:  ['../../data_homology_reduced/autoencoder_vectors/control/fold_5', '../../data_homology_reduced/autoencoder_vectors/heme/fold_5']
folder classes:  [0, 1]
lengths of the folders:  [18672, 5712]
number of data:  97632
loading data...
Loading data takes 0m 30s
number of data:  24384
loading data...
Loading data takes 0m 8s
Model:
RandomForestClassifier(bootstrap=True, class_weight={0: 22944, 1: 74784},
                       criterion='gini', max_depth=None, max_features='log2',
                       max_leaf_nodes=None, min_impurity_decrease=0.0,
                       min_impurity_split=None, min_samples_leaf=0.0002,
                       min_samples_split=0.0005, min_weight_fraction_leaf=0.0,
                       n_estimators=1000, n_jobs=-1, oob_score=False,
                       random_state=42, verbose=0, warm_start=False)
training the random forest...
training finished.
training accuracy: 0.9083087512291053
number of correct validation predictions: 19321
validation accuracy: 0.792363845144357
validation precision: 0.5480669530439934
validation recall: 0.6477591036414566
validation mcc: 0.4584690873092256
validation f1: 0.5937575222659072
validation confusion matrix: [[15621  3051]
 [ 2012  3700]]
--------------------------------------------------
average accuracy:  0.787626312335958
average precision:  0.5404218541152626
average recall:  0.6162307422969188
average mcc:  0.4367042832569509
