(pytorch) [wshi6@qb503 bionoi_ml]$ python mlp.py -op control_vs_heme
----------------------------------------------
1th fold cross-validation
integrating files of  ../../bionoi_autoencoder_prj/ft_vec_control_vs_heme_cv/cv1/train/control/
number of files: 84096
size of feature vector: 512
size of feature matrix: (84096, 512)
size of label vector: (84096,)
size of training data of control class:(84096, 512)
number of training data points of control:84096
integrating files of  ../../bionoi_autoencoder_prj/ft_vec_control_vs_heme_cv/cv1/train/heme/
number of files: 25776
size of feature vector: 512
size of feature matrix: (25776, 512)
size of label vector: (25776,)
size of training data of heme class:(25776, 512)
number of training data points of heme:25776
integrating files of  ../../bionoi_autoencoder_prj/ft_vec_control_vs_heme_cv/cv1/val/control/
number of files: 9312
size of feature vector: 512
size of feature matrix: (9312, 512)
size of label vector: (9312,)
size of val data of control class:(9312, 512)
number of val data points of control:9312
integrating files of  ../../bionoi_autoencoder_prj/ft_vec_control_vs_heme_cv/cv1/val/heme/
number of files: 2832
size of feature vector: 512
size of feature matrix: (2832, 512)
size of label vector: (2832,)
size of val data of heme class:(2832, 512)
number of val data points of heme:2832
shape of X_train: (109872, 512)
shape of y_train: (109872,)
shape of X_val: (12144, 512)
shape of y_val: (12144,)
training the random forest...
Iteration 1, loss = 0.41498842
Iteration 2, loss = 0.37856075
Iteration 3, loss = 0.35392967
Iteration 4, loss = 0.32405164
Iteration 5, loss = 0.29783533
Iteration 6, loss = 0.27343090
Iteration 7, loss = 0.24751789
Iteration 8, loss = 0.22745543
Iteration 9, loss = 0.20768118
Iteration 10, loss = 0.18907656
Iteration 11, loss = 0.17540059
Iteration 12, loss = 0.16050388
Iteration 13, loss = 0.14879426
Iteration 14, loss = 0.14247626
Iteration 15, loss = 0.13345315
Iteration 16, loss = 0.12833645
Iteration 17, loss = 0.12480401
Iteration 18, loss = 0.11638938
Iteration 19, loss = 0.11463809
Iteration 20, loss = 0.11034590
Iteration 21, loss = 0.10835843
Iteration 22, loss = 0.11107125
Iteration 23, loss = 0.10420664
Iteration 24, loss = 0.10587631
Iteration 25, loss = 0.09953877
Iteration 26, loss = 0.09689019
Iteration 27, loss = 0.10335529
Iteration 28, loss = 0.10048468
Iteration 29, loss = 0.09719412
Iteration 30, loss = 0.09688691
Iteration 31, loss = 0.09788980
Iteration 32, loss = 0.09811895
Iteration 33, loss = 0.09513684
Iteration 34, loss = 0.09943529
Iteration 35, loss = 0.09120210
Iteration 36, loss = 0.09984099
Iteration 37, loss = 0.09276915
Iteration 38, loss = 0.09437485
Iteration 39, loss = 0.09727647
Iteration 40, loss = 0.09321165
Iteration 41, loss = 0.09438280
Iteration 42, loss = 0.09083366
Iteration 43, loss = 0.09741145
Iteration 44, loss = 0.09946289
Iteration 45, loss = 0.09997857
Iteration 46, loss = 0.09029632
Iteration 47, loss = 0.09713733
Iteration 48, loss = 0.09317066
Iteration 49, loss = 0.09568176
Iteration 50, loss = 0.09058628
Iteration 51, loss = 0.09827700
Iteration 52, loss = 0.09545782
Iteration 53, loss = 0.09680982
Iteration 54, loss = 0.09246015
Iteration 55, loss = 0.09223822
Iteration 56, loss = 0.10206995
Iteration 57, loss = 0.09243381
Training loss did not improve more than tol=0.000100 for 10 consecutive epochs. Stopping.
training finished.
training accuracy: 0.990416120576671
number of correct predictions: 9713
validation accuracy: 0.7998188405797102
validation precision: 0.5700314355571079
validation recall: 0.576271186440678
validation mcc: 0.4424024422495957
validation f1: 0.5731343283582089
validation confusion matrix: [[8081 1231]
 [1200 1632]]
----------------------------------------------
2th fold cross-validation
integrating files of  ../../bionoi_autoencoder_prj/ft_vec_control_vs_heme_cv/cv2/train/control/
number of files: 84096
size of feature vector: 512
size of feature matrix: (84096, 512)
size of label vector: (84096,)
size of training data of control class:(84096, 512)
number of training data points of control:84096
integrating files of  ../../bionoi_autoencoder_prj/ft_vec_control_vs_heme_cv/cv2/train/heme/
number of files: 25776
size of feature vector: 512
size of feature matrix: (25776, 512)
size of label vector: (25776,)
size of training data of heme class:(25776, 512)
number of training data points of heme:25776
integrating files of  ../../bionoi_autoencoder_prj/ft_vec_control_vs_heme_cv/cv2/val/control/
number of files: 9312
size of feature vector: 512
size of feature matrix: (9312, 512)
size of label vector: (9312,)
size of val data of control class:(9312, 512)
number of val data points of control:9312
integrating files of  ../../bionoi_autoencoder_prj/ft_vec_control_vs_heme_cv/cv2/val/heme/
number of files: 2832
size of feature vector: 512
size of feature matrix: (2832, 512)
size of label vector: (2832,)
size of val data of heme class:(2832, 512)
number of val data points of heme:2832
shape of X_train: (109872, 512)
shape of y_train: (109872,)
shape of X_val: (12144, 512)
shape of y_val: (12144,)
training the random forest...
Iteration 1, loss = 0.41651176
Iteration 2, loss = 0.38008958
Iteration 3, loss = 0.35084459
Iteration 4, loss = 0.32312304
Iteration 5, loss = 0.29707291
Iteration 6, loss = 0.27123653
Iteration 7, loss = 0.24831691
Iteration 8, loss = 0.22647622
Iteration 9, loss = 0.20490934
Iteration 10, loss = 0.18845256
Iteration 11, loss = 0.17508460
Iteration 12, loss = 0.16184025
Iteration 13, loss = 0.15077658
Iteration 14, loss = 0.14394560
Iteration 15, loss = 0.13699210
Iteration 16, loss = 0.12926856
Iteration 17, loss = 0.12506626
Iteration 18, loss = 0.11945452
Iteration 19, loss = 0.11521195
Iteration 20, loss = 0.11046131
Iteration 21, loss = 0.10788071
Iteration 22, loss = 0.10595800
Iteration 23, loss = 0.10480721
Iteration 24, loss = 0.10233382
Iteration 25, loss = 0.10395854
Iteration 26, loss = 0.10402713
Iteration 27, loss = 0.09756672
Iteration 28, loss = 0.09765973
Iteration 29, loss = 0.10001792
Iteration 30, loss = 0.09717093
Iteration 31, loss = 0.09584808
Iteration 32, loss = 0.09312195
Iteration 33, loss = 0.10097910
Iteration 34, loss = 0.10183515
Iteration 35, loss = 0.09212485
Iteration 36, loss = 0.09355630
Iteration 37, loss = 0.09013522
Iteration 38, loss = 0.09711602
Iteration 39, loss = 0.09405600
Iteration 40, loss = 0.09464968
Iteration 41, loss = 0.09280405
Iteration 42, loss = 0.09430116
Iteration 43, loss = 0.09581684
Iteration 44, loss = 0.09156031
Iteration 45, loss = 0.09418880
Iteration 46, loss = 0.09062848
Iteration 47, loss = 0.09624868
Iteration 48, loss = 0.09660183
Training loss did not improve more than tol=0.000100 for 10 consecutive epochs. Stopping.
training finished.
training accuracy: 0.9852282656181739
number of correct predictions: 9689
validation accuracy: 0.7978425559947299
validation precision: 0.5709446744448626
validation recall: 0.5356638418079096
validation mcc: 0.4226797618972676
validation f1: 0.5527418473310257
validation confusion matrix: [[8172 1140]
 [1315 1517]]
----------------------------------------------
3th fold cross-validation
integrating files of  ../../bionoi_autoencoder_prj/ft_vec_control_vs_heme_cv/cv3/train/control/
number of files: 84096
size of feature vector: 512
size of feature matrix: (84096, 512)
size of label vector: (84096,)
size of training data of control class:(84096, 512)
number of training data points of control:84096
integrating files of  ../../bionoi_autoencoder_prj/ft_vec_control_vs_heme_cv/cv3/train/heme/
number of files: 25776
size of feature vector: 512
size of feature matrix: (25776, 512)
size of label vector: (25776,)
size of training data of heme class:(25776, 512)
number of training data points of heme:25776
integrating files of  ../../bionoi_autoencoder_prj/ft_vec_control_vs_heme_cv/cv3/val/control/
number of files: 9312
size of feature vector: 512
size of feature matrix: (9312, 512)
size of label vector: (9312,)
size of val data of control class:(9312, 512)
number of val data points of control:9312
integrating files of  ../../bionoi_autoencoder_prj/ft_vec_control_vs_heme_cv/cv3/val/heme/
number of files: 2832
size of feature vector: 512
size of feature matrix: (2832, 512)
size of label vector: (2832,)
size of val data of heme class:(2832, 512)
number of val data points of heme:2832
shape of X_train: (109872, 512)
shape of y_train: (109872,)
shape of X_val: (12144, 512)
shape of y_val: (12144,)
training the random forest...
Iteration 1, loss = 0.41274062
Iteration 2, loss = 0.37556277
Iteration 3, loss = 0.34612492
Iteration 4, loss = 0.31702877
Iteration 5, loss = 0.29183357
Iteration 6, loss = 0.26653587
Iteration 7, loss = 0.24258398
Iteration 8, loss = 0.22104687
Iteration 9, loss = 0.19956606
Iteration 10, loss = 0.18158397
Iteration 11, loss = 0.16772531
Iteration 12, loss = 0.15391640
Iteration 13, loss = 0.14776608
Iteration 14, loss = 0.13750108
Iteration 15, loss = 0.12996465
Iteration 16, loss = 0.12408636
Iteration 17, loss = 0.11781170
Iteration 18, loss = 0.11386730
Iteration 19, loss = 0.11326813
Iteration 20, loss = 0.10676099
Iteration 21, loss = 0.10424417
Iteration 22, loss = 0.10412861
Iteration 23, loss = 0.10158040
Iteration 24, loss = 0.10177159
Iteration 25, loss = 0.09626754
Iteration 26, loss = 0.10028164
Iteration 27, loss = 0.09622655
Iteration 28, loss = 0.09659511
Iteration 29, loss = 0.09174864
Iteration 30, loss = 0.09539132
Iteration 31, loss = 0.09682284
Iteration 32, loss = 0.09632603
Iteration 33, loss = 0.09383228
Iteration 34, loss = 0.09143583
Iteration 35, loss = 0.09166972
Iteration 36, loss = 0.09380790
Iteration 37, loss = 0.09277345
Iteration 38, loss = 0.09185531
Iteration 39, loss = 0.09172196
Iteration 40, loss = 0.09332324
Iteration 41, loss = 0.09133132
Iteration 42, loss = 0.08889938
Iteration 43, loss = 0.09428131
Iteration 44, loss = 0.08828051
Iteration 45, loss = 0.09446007
Iteration 46, loss = 0.09212069
Iteration 47, loss = 0.08758363
Iteration 48, loss = 0.09200224
Iteration 49, loss = 0.09279498
Iteration 50, loss = 0.08921582
Iteration 51, loss = 0.08932750
Iteration 52, loss = 0.09210669
Iteration 53, loss = 0.09320481
Iteration 54, loss = 0.09026665
Iteration 55, loss = 0.09214913
Iteration 56, loss = 0.09085917
Iteration 57, loss = 0.09199772
Iteration 58, loss = 0.09132339
Training loss did not improve more than tol=0.000100 for 10 consecutive epochs. Stopping.
training finished.
training accuracy: 0.9876037570991699
number of correct predictions: 9761
validation accuracy: 0.8037714097496707
validation precision: 0.5810762007945106
validation recall: 0.5681497175141242
validation mcc: 0.44708719836811356
validation f1: 0.5745402606677379
validation confusion matrix: [[8152 1160]
 [1223 1609]]
----------------------------------------------
4th fold cross-validation
integrating files of  ../../bionoi_autoencoder_prj/ft_vec_control_vs_heme_cv/cv4/train/control/
number of files: 84096
size of feature vector: 512
size of feature matrix: (84096, 512)
size of label vector: (84096,)
size of training data of control class:(84096, 512)
number of training data points of control:84096
integrating files of  ../../bionoi_autoencoder_prj/ft_vec_control_vs_heme_cv/cv4/train/heme/
number of files: 25776
size of feature vector: 512
size of feature matrix: (25776, 512)
size of label vector: (25776,)
size of training data of heme class:(25776, 512)
number of training data points of heme:25776
integrating files of  ../../bionoi_autoencoder_prj/ft_vec_control_vs_heme_cv/cv4/val/control/
number of files: 9312
size of feature vector: 512
size of feature matrix: (9312, 512)
size of label vector: (9312,)
size of val data of control class:(9312, 512)
number of val data points of control:9312
integrating files of  ../../bionoi_autoencoder_prj/ft_vec_control_vs_heme_cv/cv4/val/heme/
number of files: 2832
size of feature vector: 512
size of feature matrix: (2832, 512)
size of label vector: (2832,)
size of val data of heme class:(2832, 512)
number of val data points of heme:2832
shape of X_train: (109872, 512)
shape of y_train: (109872,)
shape of X_val: (12144, 512)
shape of y_val: (12144,)
training the random forest...
Iteration 1, loss = 0.41490971
Iteration 2, loss = 0.37530636
Iteration 3, loss = 0.34797809
Iteration 4, loss = 0.32069764
Iteration 5, loss = 0.29389871
Iteration 6, loss = 0.26770520
Iteration 7, loss = 0.24314780
Iteration 8, loss = 0.22012930
Iteration 9, loss = 0.19923048
Iteration 10, loss = 0.18379352
Iteration 11, loss = 0.16839659
Iteration 12, loss = 0.15387741
Iteration 13, loss = 0.14551959
Iteration 14, loss = 0.13732156
Iteration 15, loss = 0.12880581
Iteration 16, loss = 0.12908063
Iteration 17, loss = 0.12131723
Iteration 18, loss = 0.11622355
Iteration 19, loss = 0.11290134
Iteration 20, loss = 0.10989569
Iteration 21, loss = 0.10762911
Iteration 22, loss = 0.10802295
Iteration 23, loss = 0.10216759
Iteration 24, loss = 0.10209309
Iteration 25, loss = 0.10378040
Iteration 26, loss = 0.10121830
Iteration 27, loss = 0.10083145
Iteration 28, loss = 0.09916634
Iteration 29, loss = 0.09562425
Iteration 30, loss = 0.09756632
Iteration 31, loss = 0.09678139
Iteration 32, loss = 0.09992993
Iteration 33, loss = 0.09750570
Iteration 34, loss = 0.09580730
Iteration 35, loss = 0.09390086
Iteration 36, loss = 0.09316436
Iteration 37, loss = 0.09346165
Iteration 38, loss = 0.09556608
Iteration 39, loss = 0.09492196
Iteration 40, loss = 0.09519030
Iteration 41, loss = 0.09505397
Iteration 42, loss = 0.09697673
Iteration 43, loss = 0.09495838
Iteration 44, loss = 0.09327101
Iteration 45, loss = 0.09105284
Iteration 46, loss = 0.09236399
Iteration 47, loss = 0.09747621
Iteration 48, loss = 0.08987027
Iteration 49, loss = 0.09683114
Iteration 50, loss = 0.09320826
Iteration 51, loss = 0.09221646
Iteration 52, loss = 0.09656001
Iteration 53, loss = 0.09241770
Iteration 54, loss = 0.09496101
Iteration 55, loss = 0.09209747
Iteration 56, loss = 0.09434349
Iteration 57, loss = 0.09377723
Iteration 58, loss = 0.09201939
Iteration 59, loss = 0.09622207
Training loss did not improve more than tol=0.000100 for 10 consecutive epochs. Stopping.
training finished.
training accuracy: 0.9899428425804573
number of correct predictions: 9665
validation accuracy: 0.7958662714097496
validation precision: 0.5684904928211099
validation recall: 0.5173022598870056
validation mcc: 0.4115116777245365
validation f1: 0.5416897762987614
validation confusion matrix: [[8200 1112]
 [1367 1465]]
----------------------------------------------
5th fold cross-validation
integrating files of  ../../bionoi_autoencoder_prj/ft_vec_control_vs_heme_cv/cv5/train/control/
number of files: 84096
size of feature vector: 512
size of feature matrix: (84096, 512)
size of label vector: (84096,)
size of training data of control class:(84096, 512)
number of training data points of control:84096
integrating files of  ../../bionoi_autoencoder_prj/ft_vec_control_vs_heme_cv/cv5/train/heme/
number of files: 25776
size of feature vector: 512
size of feature matrix: (25776, 512)
size of label vector: (25776,)
size of training data of heme class:(25776, 512)
number of training data points of heme:25776
integrating files of  ../../bionoi_autoencoder_prj/ft_vec_control_vs_heme_cv/cv5/val/control/
number of files: 9312
size of feature vector: 512
size of feature matrix: (9312, 512)
size of label vector: (9312,)
size of val data of control class:(9312, 512)
number of val data points of control:9312
integrating files of  ../../bionoi_autoencoder_prj/ft_vec_control_vs_heme_cv/cv5/val/heme/
number of files: 2832
size of feature vector: 512
size of feature matrix: (2832, 512)
size of label vector: (2832,)
size of val data of heme class:(2832, 512)
number of val data points of heme:2832
shape of X_train: (109872, 512)
shape of y_train: (109872,)
shape of X_val: (12144, 512)
shape of y_val: (12144,)
training the random forest...
Iteration 1, loss = 0.41954446
Iteration 2, loss = 0.38228181
Iteration 3, loss = 0.35419329
Iteration 4, loss = 0.32808388
Iteration 5, loss = 0.30072927
Iteration 6, loss = 0.27480113
Iteration 7, loss = 0.25119598
Iteration 8, loss = 0.22982112
Iteration 9, loss = 0.20928574
Iteration 10, loss = 0.19069655
Iteration 11, loss = 0.17404928
Iteration 12, loss = 0.16305238
Iteration 13, loss = 0.15355134
Iteration 14, loss = 0.14585499
Iteration 15, loss = 0.13598923
Iteration 16, loss = 0.12799187
Iteration 17, loss = 0.12236854
Iteration 18, loss = 0.12133098
Iteration 19, loss = 0.11553209
Iteration 20, loss = 0.11232936
Iteration 21, loss = 0.10918062
Iteration 22, loss = 0.10661808
Iteration 23, loss = 0.10207924
Iteration 24, loss = 0.10700382
Iteration 25, loss = 0.09969543
Iteration 26, loss = 0.09937556
Iteration 27, loss = 0.09673123
Iteration 28, loss = 0.10231748
Iteration 29, loss = 0.09706708
Iteration 30, loss = 0.10074635
Iteration 31, loss = 0.09264599
Iteration 32, loss = 0.09635543
Iteration 33, loss = 0.09601924
Iteration 34, loss = 0.09302250
Iteration 35, loss = 0.09780093
Iteration 36, loss = 0.09356996
Iteration 37, loss = 0.09413625
Iteration 38, loss = 0.09407662
Iteration 39, loss = 0.09490957
Iteration 40, loss = 0.09327443
Iteration 41, loss = 0.09244748
Iteration 42, loss = 0.09610012
Iteration 43, loss = 0.09418762
Iteration 44, loss = 0.09183662
Iteration 45, loss = 0.09446147
Iteration 46, loss = 0.09148199
Iteration 47, loss = 0.09306669
Iteration 48, loss = 0.09225338
Iteration 49, loss = 0.09184533
Iteration 50, loss = 0.09382870
Iteration 51, loss = 0.09106267
Iteration 52, loss = 0.09218485
Iteration 53, loss = 0.09369989
Iteration 54, loss = 0.09504740
Iteration 55, loss = 0.09411012
Iteration 56, loss = 0.09292996
Iteration 57, loss = 0.09038918
Iteration 58, loss = 0.09232638
Iteration 59, loss = 0.09320699
Iteration 60, loss = 0.09464585
Iteration 61, loss = 0.09187409
Iteration 62, loss = 0.09658651
Iteration 63, loss = 0.09260541
Iteration 64, loss = 0.09534529
Iteration 65, loss = 0.09184013
Iteration 66, loss = 0.09241131
Iteration 67, loss = 0.09118509
Iteration 68, loss = 0.09458549
Training loss did not improve more than tol=0.000100 for 10 consecutive epochs. Stopping.
training finished.
training accuracy: 0.9912443570700451
number of correct predictions: 9984
validation accuracy: 0.8221343873517787
validation precision: 0.6285386381025249
validation recall: 0.5801553672316384
validation mcc: 0.48962943314120505
validation f1: 0.6033786265148733
validation confusion matrix: [[8341  971]
 [1189 1643]]
----------------------------------------------
6th fold cross-validation
integrating files of  ../../bionoi_autoencoder_prj/ft_vec_control_vs_heme_cv/cv6/train/control/
number of files: 84096
size of feature vector: 512
size of feature matrix: (84096, 512)
size of label vector: (84096,)
size of training data of control class:(84096, 512)
number of training data points of control:84096
integrating files of  ../../bionoi_autoencoder_prj/ft_vec_control_vs_heme_cv/cv6/train/heme/
number of files: 25776
size of feature vector: 512
size of feature matrix: (25776, 512)
size of label vector: (25776,)
size of training data of heme class:(25776, 512)
number of training data points of heme:25776
integrating files of  ../../bionoi_autoencoder_prj/ft_vec_control_vs_heme_cv/cv6/val/control/
number of files: 9312
size of feature vector: 512
size of feature matrix: (9312, 512)
size of label vector: (9312,)
size of val data of control class:(9312, 512)
number of val data points of control:9312
integrating files of  ../../bionoi_autoencoder_prj/ft_vec_control_vs_heme_cv/cv6/val/heme/
number of files: 2832
size of feature vector: 512
size of feature matrix: (2832, 512)
size of label vector: (2832,)
size of val data of heme class:(2832, 512)
number of val data points of heme:2832
shape of X_train: (109872, 512)
shape of y_train: (109872,)
shape of X_val: (12144, 512)
shape of y_val: (12144,)
training the random forest...
Iteration 1, loss = 0.41630565
Iteration 2, loss = 0.38060570
Iteration 3, loss = 0.35089246
Iteration 4, loss = 0.32458380
Iteration 5, loss = 0.29765891
Iteration 6, loss = 0.27115673
Iteration 7, loss = 0.24707301
Iteration 8, loss = 0.22526390
Iteration 9, loss = 0.20655501
Iteration 10, loss = 0.18776341
Iteration 11, loss = 0.17365383
Iteration 12, loss = 0.15930894
Iteration 13, loss = 0.14980481
Iteration 14, loss = 0.14324631
Iteration 15, loss = 0.13359283
Iteration 16, loss = 0.13136333
Iteration 17, loss = 0.12244356
Iteration 18, loss = 0.11791170
Iteration 19, loss = 0.11507870
Iteration 20, loss = 0.11256135
Iteration 21, loss = 0.10749880
Iteration 22, loss = 0.10438462
Iteration 23, loss = 0.10750006
Iteration 24, loss = 0.10017072
Iteration 25, loss = 0.10109291
Iteration 26, loss = 0.10256578
Iteration 27, loss = 0.10183427
Iteration 28, loss = 0.09449256
Iteration 29, loss = 0.10201943
Iteration 30, loss = 0.09746977
Iteration 31, loss = 0.09538404
Iteration 32, loss = 0.09855427
Iteration 33, loss = 0.09556020
Iteration 34, loss = 0.09056978
Iteration 35, loss = 0.09425521
Iteration 36, loss = 0.09535932
Iteration 37, loss = 0.09872336
Iteration 38, loss = 0.09100895
Iteration 39, loss = 0.09263792
Iteration 40, loss = 0.09537465
Iteration 41, loss = 0.09105717
Iteration 42, loss = 0.09453904
Iteration 43, loss = 0.09538514
Iteration 44, loss = 0.09139487
Iteration 45, loss = 0.09405550
Training loss did not improve more than tol=0.000100 for 10 consecutive epochs. Stopping.
training finished.
training accuracy: 0.9904343235765254
number of correct predictions: 9868
validation accuracy: 0.8125823451910409
validation precision: 0.6043543543543544
validation recall: 0.568502824858757
validation mcc: 0.4652745545492665
validation f1: 0.5858806404657932
validation confusion matrix: [[8258 1054]
 [1222 1610]]
----------------------------------------------
7th fold cross-validation
integrating files of  ../../bionoi_autoencoder_prj/ft_vec_control_vs_heme_cv/cv7/train/control/
number of files: 84096
size of feature vector: 512
size of feature matrix: (84096, 512)
size of label vector: (84096,)
size of training data of control class:(84096, 512)
number of training data points of control:84096
integrating files of  ../../bionoi_autoencoder_prj/ft_vec_control_vs_heme_cv/cv7/train/heme/
number of files: 25776
size of feature vector: 512
size of feature matrix: (25776, 512)
size of label vector: (25776,)
size of training data of heme class:(25776, 512)
number of training data points of heme:25776
integrating files of  ../../bionoi_autoencoder_prj/ft_vec_control_vs_heme_cv/cv7/val/control/
number of files: 9312
size of feature vector: 512
size of feature matrix: (9312, 512)
size of label vector: (9312,)
size of val data of control class:(9312, 512)
number of val data points of control:9312
integrating files of  ../../bionoi_autoencoder_prj/ft_vec_control_vs_heme_cv/cv7/val/heme/
number of files: 2832
size of feature vector: 512
size of feature matrix: (2832, 512)
size of label vector: (2832,)
size of val data of heme class:(2832, 512)
number of val data points of heme:2832
shape of X_train: (109872, 512)
shape of y_train: (109872,)
shape of X_val: (12144, 512)
shape of y_val: (12144,)
training the random forest...
Iteration 1, loss = 0.41447917
Iteration 2, loss = 0.37575398
Iteration 3, loss = 0.34582990
Iteration 4, loss = 0.31620842
Iteration 5, loss = 0.29015462
Iteration 6, loss = 0.26280188
Iteration 7, loss = 0.23873888
Iteration 8, loss = 0.21768363
Iteration 9, loss = 0.19626241
Iteration 10, loss = 0.18138305
Iteration 11, loss = 0.16588787
Iteration 12, loss = 0.15142467
Iteration 13, loss = 0.14326497
Iteration 14, loss = 0.13496144
Iteration 15, loss = 0.12969743
Iteration 16, loss = 0.12355676
Iteration 17, loss = 0.11606939
Iteration 18, loss = 0.11304127
Iteration 19, loss = 0.10700699
Iteration 20, loss = 0.10992184
Iteration 21, loss = 0.10605196
Iteration 22, loss = 0.10073411
Iteration 23, loss = 0.10111448
Iteration 24, loss = 0.09905916
Iteration 25, loss = 0.09709397
Iteration 26, loss = 0.09489925
Iteration 27, loss = 0.09689899
Iteration 28, loss = 0.09364890
Iteration 29, loss = 0.09461003
Iteration 30, loss = 0.09019793
Iteration 31, loss = 0.09720389
Iteration 32, loss = 0.09352489
Iteration 33, loss = 0.09464829
Iteration 34, loss = 0.09218551
Iteration 35, loss = 0.09404584
Iteration 36, loss = 0.08992077
Iteration 37, loss = 0.09156362
Iteration 38, loss = 0.09248565
Iteration 39, loss = 0.09127777
Iteration 40, loss = 0.09366446
Iteration 41, loss = 0.08942963
Iteration 42, loss = 0.09460719
Iteration 43, loss = 0.09011972
Iteration 44, loss = 0.09690809
Iteration 45, loss = 0.09426596
Iteration 46, loss = 0.09451364
Iteration 47, loss = 0.08934147
Iteration 48, loss = 0.08986287
Iteration 49, loss = 0.08867414
Iteration 50, loss = 0.09484040
Iteration 51, loss = 0.08907712
Iteration 52, loss = 0.09562811
Iteration 53, loss = 0.09566835
Iteration 54, loss = 0.09026115
Iteration 55, loss = 0.09235130
Iteration 56, loss = 0.09795919
Iteration 57, loss = 0.09056042
Iteration 58, loss = 0.08918912
Iteration 59, loss = 0.09784135
Iteration 60, loss = 0.09191357
Training loss did not improve more than tol=0.000100 for 10 consecutive epochs. Stopping.
training finished.
training accuracy: 0.989205621086355
number of correct predictions: 9488
validation accuracy: 0.7812911725955204
validation precision: 0.5307262569832403
validation recall: 0.536723163841808
validation mcc: 0.3908671390158742
validation f1: 0.5337078651685394
validation confusion matrix: [[7968 1344]
 [1312 1520]]
----------------------------------------------
8th fold cross-validation
integrating files of  ../../bionoi_autoencoder_prj/ft_vec_control_vs_heme_cv/cv8/train/control/
number of files: 84096
size of feature vector: 512
size of feature matrix: (84096, 512)
size of label vector: (84096,)
size of training data of control class:(84096, 512)
number of training data points of control:84096
integrating files of  ../../bionoi_autoencoder_prj/ft_vec_control_vs_heme_cv/cv8/train/heme/
number of files: 25776
size of feature vector: 512
size of feature matrix: (25776, 512)
size of label vector: (25776,)
size of training data of heme class:(25776, 512)
number of training data points of heme:25776
integrating files of  ../../bionoi_autoencoder_prj/ft_vec_control_vs_heme_cv/cv8/val/control/
number of files: 9312
size of feature vector: 512
size of feature matrix: (9312, 512)
size of label vector: (9312,)
size of val data of control class:(9312, 512)
number of val data points of control:9312
integrating files of  ../../bionoi_autoencoder_prj/ft_vec_control_vs_heme_cv/cv8/val/heme/
number of files: 2832
size of feature vector: 512
size of feature matrix: (2832, 512)
size of label vector: (2832,)
size of val data of heme class:(2832, 512)
number of val data points of heme:2832
shape of X_train: (109872, 512)
shape of y_train: (109872,)
shape of X_val: (12144, 512)
shape of y_val: (12144,)
training the random forest...
Iteration 1, loss = 0.41421498
Iteration 2, loss = 0.37350543
Iteration 3, loss = 0.34084952
Iteration 4, loss = 0.31550676
Iteration 5, loss = 0.28403582
Iteration 6, loss = 0.26009276
Iteration 7, loss = 0.23328450
Iteration 8, loss = 0.21228460
Iteration 9, loss = 0.19339319
Iteration 10, loss = 0.17777173
Iteration 11, loss = 0.16313354
Iteration 12, loss = 0.15225980
Iteration 13, loss = 0.14019979
Iteration 14, loss = 0.13284191
Iteration 15, loss = 0.12703179
Iteration 16, loss = 0.11864811
Iteration 17, loss = 0.11828968
Iteration 18, loss = 0.11440685
Iteration 19, loss = 0.10958795
Iteration 20, loss = 0.10656115
Iteration 21, loss = 0.10167674
Iteration 22, loss = 0.10262026
Iteration 23, loss = 0.10240141
Iteration 24, loss = 0.09610040
Iteration 25, loss = 0.09855177
Iteration 26, loss = 0.09326871
Iteration 27, loss = 0.09571686
Iteration 28, loss = 0.09372899
Iteration 29, loss = 0.09661579
Iteration 30, loss = 0.09604894
Iteration 31, loss = 0.09183492
Iteration 32, loss = 0.09098304
Iteration 33, loss = 0.09355375
Iteration 34, loss = 0.09446830
Iteration 35, loss = 0.09015692
Iteration 36, loss = 0.09049176
Iteration 37, loss = 0.09113659
Iteration 38, loss = 0.08928709
Iteration 39, loss = 0.09253576
Iteration 40, loss = 0.08981412
Iteration 41, loss = 0.08706486
Iteration 42, loss = 0.09198899
Iteration 43, loss = 0.09149805
Iteration 44, loss = 0.09277251
Iteration 45, loss = 0.09296936
Iteration 46, loss = 0.08780847
Iteration 47, loss = 0.08987024
Iteration 48, loss = 0.09159119
Iteration 49, loss = 0.08556552
Iteration 50, loss = 0.09244348
Iteration 51, loss = 0.09162559
Iteration 52, loss = 0.08992072
Iteration 53, loss = 0.09050340
Iteration 54, loss = 0.09274300
Iteration 55, loss = 0.08884391
Iteration 56, loss = 0.08916798
Iteration 57, loss = 0.09216889
Iteration 58, loss = 0.09045026
Iteration 59, loss = 0.09026483
Iteration 60, loss = 0.08890089
Training loss did not improve more than tol=0.000100 for 10 consecutive epochs. Stopping.
training finished.
training accuracy: 0.9921181010630552
number of correct predictions: 9582
validation accuracy: 0.7890316205533597
validation precision: 0.5496688741721855
validation recall: 0.527542372881356
validation mcc: 0.4018680608494621
validation f1: 0.5383783783783784
validation confusion matrix: [[8088 1224]
 [1338 1494]]
----------------------------------------------
9th fold cross-validation
integrating files of  ../../bionoi_autoencoder_prj/ft_vec_control_vs_heme_cv/cv9/train/control/
number of files: 84096
size of feature vector: 512
size of feature matrix: (84096, 512)
size of label vector: (84096,)
size of training data of control class:(84096, 512)
number of training data points of control:84096
integrating files of  ../../bionoi_autoencoder_prj/ft_vec_control_vs_heme_cv/cv9/train/heme/
number of files: 25776
size of feature vector: 512
size of feature matrix: (25776, 512)
size of label vector: (25776,)
size of training data of heme class:(25776, 512)
number of training data points of heme:25776
integrating files of  ../../bionoi_autoencoder_prj/ft_vec_control_vs_heme_cv/cv9/val/control/
number of files: 9312
size of feature vector: 512
size of feature matrix: (9312, 512)
size of label vector: (9312,)
size of val data of control class:(9312, 512)
number of val data points of control:9312
integrating files of  ../../bionoi_autoencoder_prj/ft_vec_control_vs_heme_cv/cv9/val/heme/
number of files: 2832
size of feature vector: 512
size of feature matrix: (2832, 512)
size of label vector: (2832,)
size of val data of heme class:(2832, 512)
number of val data points of heme:2832
shape of X_train: (109872, 512)
shape of y_train: (109872,)
shape of X_val: (12144, 512)
shape of y_val: (12144,)
training the random forest...
Iteration 1, loss = 0.41268967
Iteration 2, loss = 0.37436257
Iteration 3, loss = 0.34428209
Iteration 4, loss = 0.31601332
Iteration 5, loss = 0.28888579
Iteration 6, loss = 0.26064476
Iteration 7, loss = 0.23815493
Iteration 8, loss = 0.21577899
Iteration 9, loss = 0.19455345
Iteration 10, loss = 0.18100479
Iteration 11, loss = 0.16549622
Iteration 12, loss = 0.15503878
Iteration 13, loss = 0.14561801
Iteration 14, loss = 0.13563116
Iteration 15, loss = 0.13240757
Iteration 16, loss = 0.12697854
Iteration 17, loss = 0.12010669
Iteration 18, loss = 0.11692309
Iteration 19, loss = 0.11337996
Iteration 20, loss = 0.11212038
Iteration 21, loss = 0.10703502
Iteration 22, loss = 0.10505261
Iteration 23, loss = 0.10346821
Iteration 24, loss = 0.10033704
Iteration 25, loss = 0.09964082
Iteration 26, loss = 0.10365260
Iteration 27, loss = 0.09835994
Iteration 28, loss = 0.09732295
Iteration 29, loss = 0.09378230
Iteration 30, loss = 0.09918753
Iteration 31, loss = 0.09566726
Iteration 32, loss = 0.09575737
Iteration 33, loss = 0.09400091
Iteration 34, loss = 0.09507109
Iteration 35, loss = 0.09466241
Iteration 36, loss = 0.09043253
Iteration 37, loss = 0.09513584
Iteration 38, loss = 0.09114198
Iteration 39, loss = 0.09210172
Iteration 40, loss = 0.09620030
Iteration 41, loss = 0.09043947
Iteration 42, loss = 0.09189715
Iteration 43, loss = 0.09372696
Iteration 44, loss = 0.09052771
Iteration 45, loss = 0.09763647
Iteration 46, loss = 0.08960366
Iteration 47, loss = 0.09084402
Iteration 48, loss = 0.09413904
Iteration 49, loss = 0.08947402
Iteration 50, loss = 0.09563508
Iteration 51, loss = 0.09059944
Iteration 52, loss = 0.08854108
Iteration 53, loss = 0.09231510
Iteration 54, loss = 0.09299472
Iteration 55, loss = 0.09659356
Iteration 56, loss = 0.09025467
Iteration 57, loss = 0.08904696
Iteration 58, loss = 0.09509283
Iteration 59, loss = 0.09248519
Iteration 60, loss = 0.09105864
Iteration 61, loss = 0.09238079
Iteration 62, loss = 0.09716312
Iteration 63, loss = 0.09140023
Training loss did not improve more than tol=0.000100 for 10 consecutive epochs. Stopping.
training finished.
training accuracy: 0.9890053880879569
number of correct predictions: 9593
validation accuracy: 0.789937417654809
validation precision: 0.5493155493155493
validation recall: 0.5526129943502824
validation mcc: 0.4138651566178033
validation f1: 0.5509593381446928
validation confusion matrix: [[8028 1284]
 [1267 1565]]
----------------------------------------------
10th fold cross-validation
integrating files of  ../../bionoi_autoencoder_prj/ft_vec_control_vs_heme_cv/cv10/train/control/
number of files: 84096
size of feature vector: 512
size of feature matrix: (84096, 512)
size of label vector: (84096,)
size of training data of control class:(84096, 512)
number of training data points of control:84096
integrating files of  ../../bionoi_autoencoder_prj/ft_vec_control_vs_heme_cv/cv10/train/heme/
number of files: 25776
size of feature vector: 512
size of feature matrix: (25776, 512)
size of label vector: (25776,)
size of training data of heme class:(25776, 512)
number of training data points of heme:25776
integrating files of  ../../bionoi_autoencoder_prj/ft_vec_control_vs_heme_cv/cv10/val/control/
number of files: 9312
size of feature vector: 512
size of feature matrix: (9312, 512)
size of label vector: (9312,)
size of val data of control class:(9312, 512)
number of val data points of control:9312
integrating files of  ../../bionoi_autoencoder_prj/ft_vec_control_vs_heme_cv/cv10/val/heme/
number of files: 2832
size of feature vector: 512
size of feature matrix: (2832, 512)
size of label vector: (2832,)
size of val data of heme class:(2832, 512)
number of val data points of heme:2832
shape of X_train: (109872, 512)
shape of y_train: (109872,)
shape of X_val: (12144, 512)
shape of y_val: (12144,)
training the random forest...
Iteration 1, loss = 0.41308908
Iteration 2, loss = 0.37352613
Iteration 3, loss = 0.34316206
Iteration 4, loss = 0.31543169
Iteration 5, loss = 0.29126127
Iteration 6, loss = 0.26641012
Iteration 7, loss = 0.24021667
Iteration 8, loss = 0.22118417
Iteration 9, loss = 0.20012721
Iteration 10, loss = 0.18546456
Iteration 11, loss = 0.17202191
Iteration 12, loss = 0.15897843
Iteration 13, loss = 0.14786366
Iteration 14, loss = 0.14178068
Iteration 15, loss = 0.13148074
Iteration 16, loss = 0.12498373
Iteration 17, loss = 0.12155782
Iteration 18, loss = 0.11787514
Iteration 19, loss = 0.11273559
Iteration 20, loss = 0.11414257
Iteration 21, loss = 0.10880742
Iteration 22, loss = 0.10804313
Iteration 23, loss = 0.10608729
Iteration 24, loss = 0.10019653
Iteration 25, loss = 0.10031887
Iteration 26, loss = 0.10022169
Iteration 27, loss = 0.10303034
Iteration 28, loss = 0.09778407
Iteration 29, loss = 0.09771146
Iteration 30, loss = 0.09671231
Iteration 31, loss = 0.09570877
Iteration 32, loss = 0.09735171
Iteration 33, loss = 0.09823872
Iteration 34, loss = 0.09709420
Iteration 35, loss = 0.09388034
Iteration 36, loss = 0.09356643
Iteration 37, loss = 0.09616193
Iteration 38, loss = 0.09772237
Iteration 39, loss = 0.09242743
Iteration 40, loss = 0.09181753
Iteration 41, loss = 0.09486800
Iteration 42, loss = 0.09308488
Iteration 43, loss = 0.09732726
Iteration 44, loss = 0.09797130
Iteration 45, loss = 0.09218617
Iteration 46, loss = 0.09528620
Iteration 47, loss = 0.09581362
Iteration 48, loss = 0.09307319
Iteration 49, loss = 0.09682879
Iteration 50, loss = 0.09770888
Iteration 51, loss = 0.09383962
Training loss did not improve more than tol=0.000100 for 10 consecutive epochs. Stopping.
training finished.
training accuracy: 0.98935124508519
number of correct predictions: 9838
validation accuracy: 0.8101119894598156
validation precision: 0.6052
validation recall: 0.5342514124293786
validation mcc: 0.4478949315909764
validation f1: 0.567516879219805
validation confusion matrix: [[8325  987]
 [1319 1513]]
