/home/wshi6/.conda/envs/pytorch/lib/python3.6/site-packages/sklearn/linear_model/sag.py:334: ConvergenceWarning: The max_iter was reached which means the coef_ did not converge
  "the coef_ did not converge", ConvergenceWarning)
/home/wshi6/.conda/envs/pytorch/lib/python3.6/site-packages/sklearn/linear_model/sag.py:334: ConvergenceWarning: The max_iter was reached which means the coef_ did not converge
  "the coef_ did not converge", ConvergenceWarning)
/home/wshi6/.conda/envs/pytorch/lib/python3.6/site-packages/sklearn/linear_model/sag.py:334: ConvergenceWarning: The max_iter was reached which means the coef_ did not converge
  "the coef_ did not converge", ConvergenceWarning)
/home/wshi6/.conda/envs/pytorch/lib/python3.6/site-packages/sklearn/linear_model/sag.py:334: ConvergenceWarning: The max_iter was reached which means the coef_ did not converge
  "the coef_ did not converge", ConvergenceWarning)
/home/wshi6/.conda/envs/pytorch/lib/python3.6/site-packages/sklearn/linear_model/sag.py:334: ConvergenceWarning: The max_iter was reached which means the coef_ did not converge
  "the coef_ did not converge", ConvergenceWarning)
/home/wshi6/.conda/envs/pytorch/lib/python3.6/site-packages/sklearn/linear_model/sag.py:334: ConvergenceWarning: The max_iter was reached which means the coef_ did not converge
  "the coef_ did not converge", ConvergenceWarning)
/home/wshi6/.conda/envs/pytorch/lib/python3.6/site-packages/sklearn/linear_model/sag.py:334: ConvergenceWarning: The max_iter was reached which means the coef_ did not converge
  "the coef_ did not converge", ConvergenceWarning)
/home/wshi6/.conda/envs/pytorch/lib/python3.6/site-packages/sklearn/linear_model/sag.py:334: ConvergenceWarning: The max_iter was reached which means the coef_ did not converge
  "the coef_ did not converge", ConvergenceWarning)
/home/wshi6/.conda/envs/pytorch/lib/python3.6/site-packages/sklearn/linear_model/sag.py:334: ConvergenceWarning: The max_iter was reached which means the coef_ did not converge
  "the coef_ did not converge", ConvergenceWarning)
/home/wshi6/.conda/envs/pytorch/lib/python3.6/site-packages/sklearn/linear_model/sag.py:334: ConvergenceWarning: The max_iter was reached which means the coef_ did not converge
  "the coef_ did not converge", ConvergenceWarning)
----------------------------------------------
1th fold cross-validation
integrating files of  ../../bionoi_autoencoder_prj/ft_vec_control_vs_heme_cv/cv1/train/control/
number of files: 84096
size of feature vector: 512
size of feature matrix: (84096, 512)
size of label vector: (84096,)
size of training data of control class:(84096, 512)
number of training data points of control:84096
integrating files of  ../../bionoi_autoencoder_prj/ft_vec_control_vs_heme_cv/cv1/train/heme/
number of files: 25776
size of feature vector: 512
size of feature matrix: (25776, 512)
size of label vector: (25776,)
size of training data of heme class:(25776, 512)
number of training data points of heme:25776
integrating files of  ../../bionoi_autoencoder_prj/ft_vec_control_vs_heme_cv/cv1/val/control/
number of files: 9312
size of feature vector: 512
size of feature matrix: (9312, 512)
size of label vector: (9312,)
size of val data of control class:(9312, 512)
number of val data points of control:9312
integrating files of  ../../bionoi_autoencoder_prj/ft_vec_control_vs_heme_cv/cv1/val/heme/
number of files: 2832
size of feature vector: 512
size of feature matrix: (2832, 512)
size of label vector: (2832,)
size of val data of heme class:(2832, 512)
number of val data points of heme:2832
shape of X_train: (109872, 512)
shape of y_train: (109872,)
shape of X_val: (12144, 512)
shape of y_val: (12144,)
training the Logistic Regressor...
training finished.
training accuracy: 0.6497560798019514
number of correct predictions: 7755
validation accuracy: 0.6385869565217391
validation precision: 0.33723604432364623
validation recall: 0.5695621468926554
validation mcc: 0.198313675164524
validation f1: 0.42363755745239656
validation confusion matrix: [[6142 3170]
 [1219 1613]]
----------------------------------------------
2th fold cross-validation
integrating files of  ../../bionoi_autoencoder_prj/ft_vec_control_vs_heme_cv/cv2/train/control/
number of files: 84096
size of feature vector: 512
size of feature matrix: (84096, 512)
size of label vector: (84096,)
size of training data of control class:(84096, 512)
number of training data points of control:84096
integrating files of  ../../bionoi_autoencoder_prj/ft_vec_control_vs_heme_cv/cv2/train/heme/
number of files: 25776
size of feature vector: 512
size of feature matrix: (25776, 512)
size of label vector: (25776,)
size of training data of heme class:(25776, 512)
number of training data points of heme:25776
integrating files of  ../../bionoi_autoencoder_prj/ft_vec_control_vs_heme_cv/cv2/val/control/
number of files: 9312
size of feature vector: 512
size of feature matrix: (9312, 512)
size of label vector: (9312,)
size of val data of control class:(9312, 512)
number of val data points of control:9312
integrating files of  ../../bionoi_autoencoder_prj/ft_vec_control_vs_heme_cv/cv2/val/heme/
number of files: 2832
size of feature vector: 512
size of feature matrix: (2832, 512)
size of label vector: (2832,)
size of val data of heme class:(2832, 512)
number of val data points of heme:2832
shape of X_train: (109872, 512)
shape of y_train: (109872,)
shape of X_val: (12144, 512)
shape of y_val: (12144,)
training the Logistic Regressor...
training finished.
training accuracy: 0.660486748216106
number of correct predictions: 7942
validation accuracy: 0.6539855072463768
validation precision: 0.35224331320103536
validation recall: 0.5766242937853108
validation mcc: 0.22120883559856627
validation f1: 0.43733261917514726
validation confusion matrix: [[6309 3003]
 [1199 1633]]
----------------------------------------------
3th fold cross-validation
integrating files of  ../../bionoi_autoencoder_prj/ft_vec_control_vs_heme_cv/cv3/train/control/
number of files: 84096
size of feature vector: 512
size of feature matrix: (84096, 512)
size of label vector: (84096,)
size of training data of control class:(84096, 512)
number of training data points of control:84096
integrating files of  ../../bionoi_autoencoder_prj/ft_vec_control_vs_heme_cv/cv3/train/heme/
number of files: 25776
size of feature vector: 512
size of feature matrix: (25776, 512)
size of label vector: (25776,)
size of training data of heme class:(25776, 512)
number of training data points of heme:25776
integrating files of  ../../bionoi_autoencoder_prj/ft_vec_control_vs_heme_cv/cv3/val/control/
number of files: 9312
size of feature vector: 512
size of feature matrix: (9312, 512)
size of label vector: (9312,)
size of val data of control class:(9312, 512)
number of val data points of control:9312
integrating files of  ../../bionoi_autoencoder_prj/ft_vec_control_vs_heme_cv/cv3/val/heme/
number of files: 2832
size of feature vector: 512
size of feature matrix: (2832, 512)
size of label vector: (2832,)
size of val data of heme class:(2832, 512)
number of val data points of heme:2832
shape of X_train: (109872, 512)
shape of y_train: (109872,)
shape of X_val: (12144, 512)
shape of y_val: (12144,)
training the Logistic Regressor...
training finished.
training accuracy: 0.6594946847240425
number of correct predictions: 7851
validation accuracy: 0.64649209486166
validation precision: 0.36261049463983447
validation recall: 0.6807909604519774
validation mcc: 0.2700699228947704
validation f1: 0.47318689409743525
validation confusion matrix: [[5923 3389]
 [ 904 1928]]
----------------------------------------------
4th fold cross-validation
integrating files of  ../../bionoi_autoencoder_prj/ft_vec_control_vs_heme_cv/cv4/train/control/
number of files: 84096
size of feature vector: 512
size of feature matrix: (84096, 512)
size of label vector: (84096,)
size of training data of control class:(84096, 512)
number of training data points of control:84096
integrating files of  ../../bionoi_autoencoder_prj/ft_vec_control_vs_heme_cv/cv4/train/heme/
number of files: 25776
size of feature vector: 512
size of feature matrix: (25776, 512)
size of label vector: (25776,)
size of training data of heme class:(25776, 512)
number of training data points of heme:25776
integrating files of  ../../bionoi_autoencoder_prj/ft_vec_control_vs_heme_cv/cv4/val/control/
number of files: 9312
size of feature vector: 512
size of feature matrix: (9312, 512)
size of label vector: (9312,)
size of val data of control class:(9312, 512)
number of val data points of control:9312
integrating files of  ../../bionoi_autoencoder_prj/ft_vec_control_vs_heme_cv/cv4/val/heme/
number of files: 2832
size of feature vector: 512
size of feature matrix: (2832, 512)
size of label vector: (2832,)
size of val data of heme class:(2832, 512)
number of val data points of heme:2832
shape of X_train: (109872, 512)
shape of y_train: (109872,)
shape of X_val: (12144, 512)
shape of y_val: (12144,)
training the Logistic Regressor...
training finished.
training accuracy: 0.6202490170380078
number of correct predictions: 7503
validation accuracy: 0.6178359683794467
validation precision: 0.3226818270927269
validation recall: 0.5812146892655368
validation mcc: 0.18008172315706497
validation f1: 0.41497541913525776
validation confusion matrix: [[5857 3455]
 [1186 1646]]
----------------------------------------------
5th fold cross-validation
integrating files of  ../../bionoi_autoencoder_prj/ft_vec_control_vs_heme_cv/cv5/train/control/
number of files: 84096
size of feature vector: 512
size of feature matrix: (84096, 512)
size of label vector: (84096,)
size of training data of control class:(84096, 512)
number of training data points of control:84096
integrating files of  ../../bionoi_autoencoder_prj/ft_vec_control_vs_heme_cv/cv5/train/heme/
number of files: 25776
size of feature vector: 512
size of feature matrix: (25776, 512)
size of label vector: (25776,)
size of training data of heme class:(25776, 512)
number of training data points of heme:25776
integrating files of  ../../bionoi_autoencoder_prj/ft_vec_control_vs_heme_cv/cv5/val/control/
number of files: 9312
size of feature vector: 512
size of feature matrix: (9312, 512)
size of label vector: (9312,)
size of val data of control class:(9312, 512)
number of val data points of control:9312
integrating files of  ../../bionoi_autoencoder_prj/ft_vec_control_vs_heme_cv/cv5/val/heme/
number of files: 2832
size of feature vector: 512
size of feature matrix: (2832, 512)
size of label vector: (2832,)
size of val data of heme class:(2832, 512)
number of val data points of heme:2832
shape of X_train: (109872, 512)
shape of y_train: (109872,)
shape of X_val: (12144, 512)
shape of y_val: (12144,)
training the Logistic Regressor...
training finished.
training accuracy: 0.6681866171545071
number of correct predictions: 8277
validation accuracy: 0.6815711462450593
validation precision: 0.37854963623562543
validation recall: 0.5695621468926554
validation mcc: 0.25270444400156744
validation f1: 0.4548146059495277
validation confusion matrix: [[6664 2648]
 [1219 1613]]
----------------------------------------------
6th fold cross-validation
integrating files of  ../../bionoi_autoencoder_prj/ft_vec_control_vs_heme_cv/cv6/train/control/
number of files: 84096
size of feature vector: 512
size of feature matrix: (84096, 512)
size of label vector: (84096,)
size of training data of control class:(84096, 512)
number of training data points of control:84096
integrating files of  ../../bionoi_autoencoder_prj/ft_vec_control_vs_heme_cv/cv6/train/heme/
number of files: 25776
size of feature vector: 512
size of feature matrix: (25776, 512)
size of label vector: (25776,)
size of training data of heme class:(25776, 512)
number of training data points of heme:25776
integrating files of  ../../bionoi_autoencoder_prj/ft_vec_control_vs_heme_cv/cv6/val/control/
number of files: 9312
size of feature vector: 512
size of feature matrix: (9312, 512)
size of label vector: (9312,)
size of val data of control class:(9312, 512)
number of val data points of control:9312
integrating files of  ../../bionoi_autoencoder_prj/ft_vec_control_vs_heme_cv/cv6/val/heme/
number of files: 2832
size of feature vector: 512
size of feature matrix: (2832, 512)
size of label vector: (2832,)
size of val data of heme class:(2832, 512)
number of val data points of heme:2832
shape of X_train: (109872, 512)
shape of y_train: (109872,)
shape of X_val: (12144, 512)
shape of y_val: (12144,)
training the Logistic Regressor...
training finished.
training accuracy: 0.6741298966069609
number of correct predictions: 8644
validation accuracy: 0.7117918313570487
validation precision: 0.4197501201345507
validation recall: 0.6168785310734464
validation mcc: 0.3185522514817303
validation f1: 0.4995710609093508
validation confusion matrix: [[6897 2415]
 [1085 1747]]
----------------------------------------------
7th fold cross-validation
integrating files of  ../../bionoi_autoencoder_prj/ft_vec_control_vs_heme_cv/cv7/train/control/
number of files: 84096
size of feature vector: 512
size of feature matrix: (84096, 512)
size of label vector: (84096,)
size of training data of control class:(84096, 512)
number of training data points of control:84096
integrating files of  ../../bionoi_autoencoder_prj/ft_vec_control_vs_heme_cv/cv7/train/heme/
number of files: 25776
size of feature vector: 512
size of feature matrix: (25776, 512)
size of label vector: (25776,)
size of training data of heme class:(25776, 512)
number of training data points of heme:25776
integrating files of  ../../bionoi_autoencoder_prj/ft_vec_control_vs_heme_cv/cv7/val/control/
number of files: 9312
size of feature vector: 512
size of feature matrix: (9312, 512)
size of label vector: (9312,)
size of val data of control class:(9312, 512)
number of val data points of control:9312
integrating files of  ../../bionoi_autoencoder_prj/ft_vec_control_vs_heme_cv/cv7/val/heme/
number of files: 2832
size of feature vector: 512
size of feature matrix: (2832, 512)
size of label vector: (2832,)
size of val data of heme class:(2832, 512)
number of val data points of heme:2832
shape of X_train: (109872, 512)
shape of y_train: (109872,)
shape of X_val: (12144, 512)
shape of y_val: (12144,)
training the Logistic Regressor...
training finished.
training accuracy: 0.5716652104266783
number of correct predictions: 7082
validation accuracy: 0.5831686429512516
validation precision: 0.3275061881188119
validation recall: 0.7475282485875706
validation mcc: 0.2379047243384951
validation f1: 0.4554647160068847
validation confusion matrix: [[4965 4347]
 [ 715 2117]]
----------------------------------------------
8th fold cross-validation
integrating files of  ../../bionoi_autoencoder_prj/ft_vec_control_vs_heme_cv/cv8/train/control/
number of files: 84096
size of feature vector: 512
size of feature matrix: (84096, 512)
size of label vector: (84096,)
size of training data of control class:(84096, 512)
number of training data points of control:84096
integrating files of  ../../bionoi_autoencoder_prj/ft_vec_control_vs_heme_cv/cv8/train/heme/
number of files: 25776
size of feature vector: 512
size of feature matrix: (25776, 512)
size of label vector: (25776,)
size of training data of heme class:(25776, 512)
number of training data points of heme:25776
integrating files of  ../../bionoi_autoencoder_prj/ft_vec_control_vs_heme_cv/cv8/val/control/
number of files: 9312
size of feature vector: 512
size of feature matrix: (9312, 512)
size of label vector: (9312,)
size of val data of control class:(9312, 512)
number of val data points of control:9312
integrating files of  ../../bionoi_autoencoder_prj/ft_vec_control_vs_heme_cv/cv8/val/heme/
number of files: 2832
size of feature vector: 512
size of feature matrix: (2832, 512)
size of label vector: (2832,)
size of val data of heme class:(2832, 512)
number of val data points of heme:2832
shape of X_train: (109872, 512)
shape of y_train: (109872,)
shape of X_val: (12144, 512)
shape of y_val: (12144,)
training the Logistic Regressor...
training finished.
training accuracy: 0.6512760302897918
number of correct predictions: 7882
validation accuracy: 0.6490447957839263
validation precision: 0.3459715639810427
validation recall: 0.567090395480226
validation mcc: 0.2097737796720066
validation f1: 0.42975648916242976
validation confusion matrix: [[6276 3036]
 [1226 1606]]
----------------------------------------------
9th fold cross-validation
integrating files of  ../../bionoi_autoencoder_prj/ft_vec_control_vs_heme_cv/cv9/train/control/
number of files: 84096
size of feature vector: 512
size of feature matrix: (84096, 512)
size of label vector: (84096,)
size of training data of control class:(84096, 512)
number of training data points of control:84096
integrating files of  ../../bionoi_autoencoder_prj/ft_vec_control_vs_heme_cv/cv9/train/heme/
number of files: 25776
size of feature vector: 512
size of feature matrix: (25776, 512)
size of label vector: (25776,)
size of training data of heme class:(25776, 512)
number of training data points of heme:25776
integrating files of  ../../bionoi_autoencoder_prj/ft_vec_control_vs_heme_cv/cv9/val/control/
number of files: 9312
size of feature vector: 512
size of feature matrix: (9312, 512)
size of label vector: (9312,)
size of val data of control class:(9312, 512)
number of val data points of control:9312
integrating files of  ../../bionoi_autoencoder_prj/ft_vec_control_vs_heme_cv/cv9/val/heme/
number of files: 2832
size of feature vector: 512
size of feature matrix: (2832, 512)
size of label vector: (2832,)
size of val data of heme class:(2832, 512)
number of val data points of heme:2832
shape of X_train: (109872, 512)
shape of y_train: (109872,)
shape of X_val: (12144, 512)
shape of y_val: (12144,)
training the Logistic Regressor...
training finished.
training accuracy: 0.6435124508519003
number of correct predictions: 7445
validation accuracy: 0.6130599472990778
validation precision: 0.32639018039799145
validation recall: 0.6197033898305084
validation mcc: 0.1964392940385828
validation f1: 0.4275794859300768
validation confusion matrix: [[5690 3622]
 [1077 1755]]
----------------------------------------------
10th fold cross-validation
integrating files of  ../../bionoi_autoencoder_prj/ft_vec_control_vs_heme_cv/cv10/train/control/
number of files: 84096
size of feature vector: 512
size of feature matrix: (84096, 512)
size of label vector: (84096,)
size of training data of control class:(84096, 512)
number of training data points of control:84096
integrating files of  ../../bionoi_autoencoder_prj/ft_vec_control_vs_heme_cv/cv10/train/heme/
number of files: 25776
size of feature vector: 512
size of feature matrix: (25776, 512)
size of label vector: (25776,)
size of training data of heme class:(25776, 512)
number of training data points of heme:25776
integrating files of  ../../bionoi_autoencoder_prj/ft_vec_control_vs_heme_cv/cv10/val/control/
number of files: 9312
size of feature vector: 512
size of feature matrix: (9312, 512)
size of label vector: (9312,)
size of val data of control class:(9312, 512)
number of val data points of control:9312
integrating files of  ../../bionoi_autoencoder_prj/ft_vec_control_vs_heme_cv/cv10/val/heme/
number of files: 2832
size of feature vector: 512
size of feature matrix: (2832, 512)
size of label vector: (2832,)
size of val data of heme class:(2832, 512)
number of val data points of heme:2832
shape of X_train: (109872, 512)
shape of y_train: (109872,)
shape of X_val: (12144, 512)
shape of y_val: (12144,)
training the Logistic Regressor...
training finished.
training accuracy: 0.6767238240862095
number of correct predictions: 8245
validation accuracy: 0.6789361001317523
validation precision: 0.3517643789941651
validation recall: 0.4470338983050847
validation mcc: 0.18196044064535752
validation f1: 0.39371792878246
validation confusion matrix: [[6979 2333]
 [1566 1266]]
