data directory: ../../bionoi_output/hydrophobicity/
batch size: 32
performing control_vs_heme cross-validation task.
Current device: cuda:0
*********************************************************************
starting 1th fold cross-validation
-------------------------------------------------------
Getting statistics for dataset...
--------------------------------------------------------
folds:  [1, 2, 3, 4, 5]
class name to integer map:  {'control': 0, 'heme': 1}
getting training data from following folders:  ['../../bionoi_output/hydrophobicity/control/fold_1', '../../bionoi_output/hydrophobicity/control/fold_2', '../../bionoi_output/hydrophobicity/control/fold_3', '../../bionoi_output/hydrophobicity/control/fold_4', '../../bionoi_output/hydrophobicity/control/fold_5', '../../bionoi_output/hydrophobicity/heme/fold_1', '../../bionoi_output/hydrophobicity/heme/fold_2', '../../bionoi_output/hydrophobicity/heme/fold_3', '../../bionoi_output/hydrophobicity/heme/fold_4', '../../bionoi_output/hydrophobicity/heme/fold_5']
folder classes:  [0, 0, 0, 0, 0, 1, 1, 1, 1, 1]
lengths of the folders:  [18720, 18672, 18672, 18672, 18672, 5760, 5712, 5712, 5712, 5712]
mean of the dataset:  [0.6829007267951965, 0.6253485679626465, 0.6253485679626465]
standard deviation of the dataset:  [0.2123645544052124, 0.21349205076694489, 0.21349205076694489]
-------------------------------------------------------
--------------------------------------------------------
generating training dataset...
folds:  [2, 3, 4, 5]
class name to integer map:  {'control': 0, 'heme': 1}
getting training data from following folders:  ['../../bionoi_output/hydrophobicity/control/fold_2', '../../bionoi_output/hydrophobicity/control/fold_3', '../../bionoi_output/hydrophobicity/control/fold_4', '../../bionoi_output/hydrophobicity/control/fold_5', '../../bionoi_output/hydrophobicity/heme/fold_2', '../../bionoi_output/hydrophobicity/heme/fold_3', '../../bionoi_output/hydrophobicity/heme/fold_4', '../../bionoi_output/hydrophobicity/heme/fold_5']
folder classes:  [0, 0, 0, 0, 1, 1, 1, 1]
lengths of the folders:  [18672, 18672, 18672, 18672, 5712, 5712, 5712, 5712]
--------------------------------------------------------
generating validation dataset...
folds:  [1]
class name to integer map:  {'control': 0, 'heme': 1}
getting training data from following folders:  ['../../bionoi_output/hydrophobicity/control/fold_1', '../../bionoi_output/hydrophobicity/heme/fold_1']
folder classes:  [0, 1]
lengths of the folders:  [18720, 5760]
Model:  resnet18
Feature extracting: False
Using pretrained model: True
Using 2 GPUs...
optimizer:
Adam (
Parameter Group 0
    amsgrad: False
    betas: (0.9, 0.999)
    eps: 1e-08
    lr: 0.0003
    weight_decay: 0.0003
)
Not using any learning rate scheduler.
 
Epoch 1/8
---------------
train Loss: 0.4813
train Accuracy:0.867 Precision:0.664 Recall:0.879 F1:0.756 MCC:0.680.
val Loss: 0.9092
val Accuracy:0.836 Precision:0.649 Recall:0.656 F1:0.653 MCC:0.545.
 
Epoch 2/8
---------------
train Loss: 0.2922
train Accuracy:0.926 Precision:0.794 Recall:0.926 F1:0.855 MCC:0.810.
val Loss: 0.9228
val Accuracy:0.845 Precision:0.649 Recall:0.741 F1:0.692 MCC:0.591.
 
Epoch 3/8
---------------
train Loss: 0.2028
train Accuracy:0.950 Precision:0.852 Recall:0.950 F1:0.899 MCC:0.868.
val Loss: 1.0875
val Accuracy:0.881 Precision:0.838 Recall:0.612 F1:0.708 MCC:0.647.
 
Epoch 4/8
---------------
train Loss: 0.1459
train Accuracy:0.964 Precision:0.891 Recall:0.964 F1:0.926 MCC:0.904.
val Loss: 0.8875
val Accuracy:0.879 Precision:0.761 Recall:0.707 F1:0.733 MCC:0.655.
 
Epoch 5/8
---------------
train Loss: 0.1074
train Accuracy:0.974 Precision:0.918 Recall:0.975 F1:0.946 MCC:0.929.
val Loss: 1.1356
val Accuracy:0.864 Precision:0.750 Recall:0.634 F1:0.687 MCC:0.604.
 
Epoch 6/8
---------------
train Loss: 0.0883
train Accuracy:0.979 Precision:0.933 Recall:0.980 F1:0.956 MCC:0.942.
val Loss: 1.1930
val Accuracy:0.874 Precision:0.767 Recall:0.669 F1:0.715 MCC:0.637.
 
Epoch 7/8
---------------
train Loss: 0.0776
train Accuracy:0.981 Precision:0.941 Recall:0.982 F1:0.961 MCC:0.949.
val Loss: 1.2381
val Accuracy:0.885 Precision:0.784 Recall:0.708 F1:0.744 MCC:0.672.
 
Epoch 8/8
---------------
train Loss: 0.0694
train Accuracy:0.983 Precision:0.945 Recall:0.984 F1:0.964 MCC:0.953.
val Loss: 1.2278
val Accuracy:0.849 Precision:0.650 Recall:0.772 F1:0.706 MCC:0.609.
Training complete in 168m 0s
*********************************************************************
starting 2th fold cross-validation
-------------------------------------------------------
Getting statistics for dataset...
--------------------------------------------------------
folds:  [1, 2, 3, 4, 5]
class name to integer map:  {'control': 0, 'heme': 1}
getting training data from following folders:  ['../../bionoi_output/hydrophobicity/control/fold_1', '../../bionoi_output/hydrophobicity/control/fold_2', '../../bionoi_output/hydrophobicity/control/fold_3', '../../bionoi_output/hydrophobicity/control/fold_4', '../../bionoi_output/hydrophobicity/control/fold_5', '../../bionoi_output/hydrophobicity/heme/fold_1', '../../bionoi_output/hydrophobicity/heme/fold_2', '../../bionoi_output/hydrophobicity/heme/fold_3', '../../bionoi_output/hydrophobicity/heme/fold_4', '../../bionoi_output/hydrophobicity/heme/fold_5']
folder classes:  [0, 0, 0, 0, 0, 1, 1, 1, 1, 1]
lengths of the folders:  [18720, 18672, 18672, 18672, 18672, 5760, 5712, 5712, 5712, 5712]
mean of the dataset:  [0.6829007267951965, 0.6253485679626465, 0.6253485679626465]
standard deviation of the dataset:  [0.2123645544052124, 0.21349205076694489, 0.21349205076694489]
-------------------------------------------------------
--------------------------------------------------------
generating training dataset...
folds:  [1, 3, 4, 5]
class name to integer map:  {'control': 0, 'heme': 1}
getting training data from following folders:  ['../../bionoi_output/hydrophobicity/control/fold_1', '../../bionoi_output/hydrophobicity/control/fold_3', '../../bionoi_output/hydrophobicity/control/fold_4', '../../bionoi_output/hydrophobicity/control/fold_5', '../../bionoi_output/hydrophobicity/heme/fold_1', '../../bionoi_output/hydrophobicity/heme/fold_3', '../../bionoi_output/hydrophobicity/heme/fold_4', '../../bionoi_output/hydrophobicity/heme/fold_5']
folder classes:  [0, 0, 0, 0, 1, 1, 1, 1]
lengths of the folders:  [18720, 18672, 18672, 18672, 5760, 5712, 5712, 5712]
--------------------------------------------------------
generating validation dataset...
folds:  [2]
class name to integer map:  {'control': 0, 'heme': 1}
getting training data from following folders:  ['../../bionoi_output/hydrophobicity/control/fold_2', '../../bionoi_output/hydrophobicity/heme/fold_2']
folder classes:  [0, 1]
lengths of the folders:  [18672, 5712]
Model:  resnet18
Feature extracting: False
Using pretrained model: True
Using 2 GPUs...
optimizer:
Adam (
Parameter Group 0
    amsgrad: False
    betas: (0.9, 0.999)
    eps: 1e-08
    lr: 0.0003
    weight_decay: 0.0003
)
Not using any learning rate scheduler.
 
Epoch 1/8
---------------
train Loss: 0.5198
train Accuracy:0.852 Precision:0.637 Recall:0.861 F1:0.732 MCC:0.647.
val Loss: 0.6380
val Accuracy:0.875 Precision:0.767 Recall:0.672 F1:0.716 MCC:0.639.
 
Epoch 2/8
---------------
train Loss: 0.3421
train Accuracy:0.909 Precision:0.752 Recall:0.911 F1:0.824 MCC:0.769.
val Loss: 0.4703
val Accuracy:0.894 Precision:0.740 Recall:0.844 F1:0.788 MCC:0.721.
 
Epoch 3/8
---------------
train Loss: 0.2372
train Accuracy:0.939 Precision:0.826 Recall:0.939 F1:0.879 MCC:0.841.
val Loss: 0.8101
val Accuracy:0.893 Precision:0.871 Recall:0.637 F1:0.736 MCC:0.683.
 
Epoch 4/8
---------------
train Loss: 0.1690
train Accuracy:0.957 Precision:0.873 Recall:0.958 F1:0.913 MCC:0.887.
val Loss: 0.5656
val Accuracy:0.904 Precision:0.767 Recall:0.845 F1:0.805 MCC:0.742.
 
Epoch 5/8
---------------
train Loss: 0.1298
train Accuracy:0.968 Precision:0.901 Recall:0.968 F1:0.934 MCC:0.913.
val Loss: 1.0350
val Accuracy:0.903 Precision:0.893 Recall:0.667 F1:0.764 MCC:0.716.
 
Epoch 6/8
---------------
train Loss: 0.1090
train Accuracy:0.974 Precision:0.919 Recall:0.974 F1:0.946 MCC:0.929.
val Loss: 0.4812
val Accuracy:0.906 Precision:0.742 Recall:0.918 F1:0.821 MCC:0.766.
 
Epoch 7/8
---------------
train Loss: 0.0932
train Accuracy:0.977 Precision:0.928 Recall:0.978 F1:0.952 MCC:0.938.
val Loss: 0.5670
val Accuracy:0.906 Precision:0.751 Recall:0.897 F1:0.818 MCC:0.760.
 
Epoch 8/8
---------------
train Loss: 0.0824
train Accuracy:0.980 Precision:0.937 Recall:0.981 F1:0.958 MCC:0.946.
val Loss: 0.6633
val Accuracy:0.889 Precision:0.708 Recall:0.900 F1:0.792 MCC:0.728.
Training complete in 167m 41s
*********************************************************************
starting 3th fold cross-validation
-------------------------------------------------------
Getting statistics for dataset...
--------------------------------------------------------
folds:  [1, 2, 3, 4, 5]
class name to integer map:  {'control': 0, 'heme': 1}
getting training data from following folders:  ['../../bionoi_output/hydrophobicity/control/fold_1', '../../bionoi_output/hydrophobicity/control/fold_2', '../../bionoi_output/hydrophobicity/control/fold_3', '../../bionoi_output/hydrophobicity/control/fold_4', '../../bionoi_output/hydrophobicity/control/fold_5', '../../bionoi_output/hydrophobicity/heme/fold_1', '../../bionoi_output/hydrophobicity/heme/fold_2', '../../bionoi_output/hydrophobicity/heme/fold_3', '../../bionoi_output/hydrophobicity/heme/fold_4', '../../bionoi_output/hydrophobicity/heme/fold_5']
folder classes:  [0, 0, 0, 0, 0, 1, 1, 1, 1, 1]
lengths of the folders:  [18720, 18672, 18672, 18672, 18672, 5760, 5712, 5712, 5712, 5712]
mean of the dataset:  [0.6829007267951965, 0.6253485679626465, 0.6253485679626465]
standard deviation of the dataset:  [0.2123645544052124, 0.21349205076694489, 0.21349205076694489]
-------------------------------------------------------
--------------------------------------------------------
generating training dataset...
folds:  [1, 2, 4, 5]
class name to integer map:  {'control': 0, 'heme': 1}
getting training data from following folders:  ['../../bionoi_output/hydrophobicity/control/fold_1', '../../bionoi_output/hydrophobicity/control/fold_2', '../../bionoi_output/hydrophobicity/control/fold_4', '../../bionoi_output/hydrophobicity/control/fold_5', '../../bionoi_output/hydrophobicity/heme/fold_1', '../../bionoi_output/hydrophobicity/heme/fold_2', '../../bionoi_output/hydrophobicity/heme/fold_4', '../../bionoi_output/hydrophobicity/heme/fold_5']
folder classes:  [0, 0, 0, 0, 1, 1, 1, 1]
lengths of the folders:  [18720, 18672, 18672, 18672, 5760, 5712, 5712, 5712]
--------------------------------------------------------
generating validation dataset...
folds:  [3]
class name to integer map:  {'control': 0, 'heme': 1}
getting training data from following folders:  ['../../bionoi_output/hydrophobicity/control/fold_3', '../../bionoi_output/hydrophobicity/heme/fold_3']
folder classes:  [0, 1]
lengths of the folders:  [18672, 5712]
Model:  resnet18
Feature extracting: False
Using pretrained model: True
Using 2 GPUs...
optimizer:
Adam (
Parameter Group 0
    amsgrad: False
    betas: (0.9, 0.999)
    eps: 1e-08
    lr: 0.0003
    weight_decay: 0.0003
)
Not using any learning rate scheduler.
 
Epoch 1/8
---------------
train Loss: 0.5255
train Accuracy:0.850 Precision:0.632 Recall:0.862 F1:0.729 MCC:0.643.
val Loss: 0.3767
val Accuracy:0.912 Precision:0.767 Recall:0.894 F1:0.826 MCC:0.771.
 
Epoch 2/8
---------------
train Loss: 0.3461
train Accuracy:0.906 Precision:0.746 Recall:0.910 F1:0.820 MCC:0.764.
val Loss: 0.3524
val Accuracy:0.909 Precision:0.739 Recall:0.945 F1:0.830 MCC:0.780.
 
Epoch 3/8
---------------
train Loss: 0.2383
train Accuracy:0.939 Precision:0.825 Recall:0.940 F1:0.879 MCC:0.841.
val Loss: 0.4294
val Accuracy:0.884 Precision:0.679 Recall:0.956 F1:0.794 MCC:0.737.
 
Epoch 4/8
---------------
train Loss: 0.1690
train Accuracy:0.958 Precision:0.874 Recall:0.959 F1:0.914 MCC:0.888.
val Loss: 0.4276
val Accuracy:0.902 Precision:0.721 Recall:0.948 F1:0.819 MCC:0.766.
 
Epoch 5/8
---------------
train Loss: 0.1292
train Accuracy:0.968 Precision:0.901 Recall:0.969 F1:0.934 MCC:0.913.
val Loss: 0.3261
val Accuracy:0.938 Precision:0.832 Recall:0.923 F1:0.875 MCC:0.836.
 
Epoch 6/8
---------------
train Loss: 0.1052
train Accuracy:0.974 Precision:0.919 Recall:0.976 F1:0.947 MCC:0.931.
val Loss: 0.3873
val Accuracy:0.918 Precision:0.761 Recall:0.946 F1:0.843 MCC:0.797.
 
Epoch 7/8
---------------
train Loss: 0.0930
train Accuracy:0.978 Precision:0.930 Recall:0.978 F1:0.954 MCC:0.940.
val Loss: 0.4166
val Accuracy:0.909 Precision:0.739 Recall:0.945 F1:0.829 MCC:0.779.
 
Epoch 8/8
---------------
train Loss: 0.0817
train Accuracy:0.980 Precision:0.938 Recall:0.981 F1:0.959 MCC:0.946.
val Loss: 0.4029
val Accuracy:0.921 Precision:0.782 Recall:0.919 F1:0.845 MCC:0.797.
Training complete in 167m 53s
*********************************************************************
starting 4th fold cross-validation
-------------------------------------------------------
Getting statistics for dataset...
--------------------------------------------------------
folds:  [1, 2, 3, 4, 5]
class name to integer map:  {'control': 0, 'heme': 1}
getting training data from following folders:  ['../../bionoi_output/hydrophobicity/control/fold_1', '../../bionoi_output/hydrophobicity/control/fold_2', '../../bionoi_output/hydrophobicity/control/fold_3', '../../bionoi_output/hydrophobicity/control/fold_4', '../../bionoi_output/hydrophobicity/control/fold_5', '../../bionoi_output/hydrophobicity/heme/fold_1', '../../bionoi_output/hydrophobicity/heme/fold_2', '../../bionoi_output/hydrophobicity/heme/fold_3', '../../bionoi_output/hydrophobicity/heme/fold_4', '../../bionoi_output/hydrophobicity/heme/fold_5']
folder classes:  [0, 0, 0, 0, 0, 1, 1, 1, 1, 1]
lengths of the folders:  [18720, 18672, 18672, 18672, 18672, 5760, 5712, 5712, 5712, 5712]
mean of the dataset:  [0.6829007267951965, 0.6253485679626465, 0.6253485679626465]
standard deviation of the dataset:  [0.2123645544052124, 0.21349205076694489, 0.21349205076694489]
-------------------------------------------------------
--------------------------------------------------------
generating training dataset...
folds:  [1, 2, 3, 5]
class name to integer map:  {'control': 0, 'heme': 1}
getting training data from following folders:  ['../../bionoi_output/hydrophobicity/control/fold_1', '../../bionoi_output/hydrophobicity/control/fold_2', '../../bionoi_output/hydrophobicity/control/fold_3', '../../bionoi_output/hydrophobicity/control/fold_5', '../../bionoi_output/hydrophobicity/heme/fold_1', '../../bionoi_output/hydrophobicity/heme/fold_2', '../../bionoi_output/hydrophobicity/heme/fold_3', '../../bionoi_output/hydrophobicity/heme/fold_5']
folder classes:  [0, 0, 0, 0, 1, 1, 1, 1]
lengths of the folders:  [18720, 18672, 18672, 18672, 5760, 5712, 5712, 5712]
--------------------------------------------------------
generating validation dataset...
folds:  [4]
class name to integer map:  {'control': 0, 'heme': 1}
getting training data from following folders:  ['../../bionoi_output/hydrophobicity/control/fold_4', '../../bionoi_output/hydrophobicity/heme/fold_4']
folder classes:  [0, 1]
lengths of the folders:  [18672, 5712]
Model:  resnet18
Feature extracting: False
Using pretrained model: True
Using 2 GPUs...
optimizer:
Adam (
Parameter Group 0
    amsgrad: False
    betas: (0.9, 0.999)
    eps: 1e-08
    lr: 0.0003
    weight_decay: 0.0003
)
Not using any learning rate scheduler.
 
Epoch 1/8
---------------
train Loss: 0.5454
train Accuracy:0.842 Precision:0.618 Recall:0.856 F1:0.718 MCC:0.628.
val Loss: 0.6541
val Accuracy:0.893 Precision:0.813 Recall:0.705 F1:0.755 MCC:0.690.
 
Epoch 2/8
---------------
train Loss: 0.3721
train Accuracy:0.899 Precision:0.731 Recall:0.904 F1:0.808 MCC:0.749.
val Loss: 0.7973
val Accuracy:0.831 Precision:0.640 Recall:0.640 F1:0.640 MCC:0.530.
 
Epoch 3/8
---------------
train Loss: 0.2620
train Accuracy:0.931 Precision:0.805 Recall:0.933 F1:0.864 MCC:0.823.
val Loss: 0.5799
val Accuracy:0.904 Precision:0.834 Recall:0.735 F1:0.782 MCC:0.723.
 
Epoch 4/8
---------------
train Loss: 0.1880
train Accuracy:0.952 Precision:0.857 Recall:0.954 F1:0.903 MCC:0.873.
val Loss: 0.4403
val Accuracy:0.866 Precision:0.642 Recall:0.964 F1:0.771 MCC:0.709.
 
Epoch 5/8
---------------
train Loss: 0.1437
train Accuracy:0.964 Precision:0.890 Recall:0.966 F1:0.926 MCC:0.904.
val Loss: 1.3169
val Accuracy:0.681 Precision:0.423 Recall:0.990 F1:0.593 MCC:0.491.
 
Epoch 6/8
---------------
train Loss: 0.1179
train Accuracy:0.970 Precision:0.909 Recall:0.971 F1:0.939 MCC:0.920.
val Loss: 0.3709
val Accuracy:0.929 Precision:0.825 Recall:0.882 F1:0.853 MCC:0.806.
 
Epoch 7/8
---------------
train Loss: 0.1012
train Accuracy:0.975 Precision:0.923 Recall:0.976 F1:0.949 MCC:0.933.
val Loss: 0.8786
val Accuracy:0.902 Precision:0.900 Recall:0.656 F1:0.759 MCC:0.714.
 
Epoch 8/8
---------------
train Loss: 0.0889
train Accuracy:0.978 Precision:0.930 Recall:0.980 F1:0.955 MCC:0.941.
val Loss: 0.4021
val Accuracy:0.908 Precision:0.736 Recall:0.949 F1:0.829 MCC:0.779.
Training complete in 167m 50s
*********************************************************************
starting 5th fold cross-validation
-------------------------------------------------------
Getting statistics for dataset...
--------------------------------------------------------
folds:  [1, 2, 3, 4, 5]
class name to integer map:  {'control': 0, 'heme': 1}
getting training data from following folders:  ['../../bionoi_output/hydrophobicity/control/fold_1', '../../bionoi_output/hydrophobicity/control/fold_2', '../../bionoi_output/hydrophobicity/control/fold_3', '../../bionoi_output/hydrophobicity/control/fold_4', '../../bionoi_output/hydrophobicity/control/fold_5', '../../bionoi_output/hydrophobicity/heme/fold_1', '../../bionoi_output/hydrophobicity/heme/fold_2', '../../bionoi_output/hydrophobicity/heme/fold_3', '../../bionoi_output/hydrophobicity/heme/fold_4', '../../bionoi_output/hydrophobicity/heme/fold_5']
folder classes:  [0, 0, 0, 0, 0, 1, 1, 1, 1, 1]
lengths of the folders:  [18720, 18672, 18672, 18672, 18672, 5760, 5712, 5712, 5712, 5712]
mean of the dataset:  [0.6829007267951965, 0.6253485679626465, 0.6253485679626465]
standard deviation of the dataset:  [0.2123645544052124, 0.21349205076694489, 0.21349205076694489]
-------------------------------------------------------
--------------------------------------------------------
generating training dataset...
folds:  [1, 2, 3, 4]
class name to integer map:  {'control': 0, 'heme': 1}
getting training data from following folders:  ['../../bionoi_output/hydrophobicity/control/fold_1', '../../bionoi_output/hydrophobicity/control/fold_2', '../../bionoi_output/hydrophobicity/control/fold_3', '../../bionoi_output/hydrophobicity/control/fold_4', '../../bionoi_output/hydrophobicity/heme/fold_1', '../../bionoi_output/hydrophobicity/heme/fold_2', '../../bionoi_output/hydrophobicity/heme/fold_3', '../../bionoi_output/hydrophobicity/heme/fold_4']
folder classes:  [0, 0, 0, 0, 1, 1, 1, 1]
lengths of the folders:  [18720, 18672, 18672, 18672, 5760, 5712, 5712, 5712]
--------------------------------------------------------
generating validation dataset...
folds:  [5]
class name to integer map:  {'control': 0, 'heme': 1}
getting training data from following folders:  ['../../bionoi_output/hydrophobicity/control/fold_5', '../../bionoi_output/hydrophobicity/heme/fold_5']
folder classes:  [0, 1]
lengths of the folders:  [18672, 5712]
Model:  resnet18
Feature extracting: False
Using pretrained model: True
Using 2 GPUs...
optimizer:
Adam (
Parameter Group 0
    amsgrad: False
    betas: (0.9, 0.999)
    eps: 1e-08
    lr: 0.0003
    weight_decay: 0.0003
)
Not using any learning rate scheduler.
 
Epoch 1/8
---------------
train Loss: 0.4949
train Accuracy:0.864 Precision:0.658 Recall:0.872 F1:0.750 MCC:0.671.
val Loss: 0.7297
val Accuracy:0.894 Precision:0.903 Recall:0.611 F1:0.729 MCC:0.686.
 
Epoch 2/8
---------------
train Loss: 0.3181
train Accuracy:0.918 Precision:0.774 Recall:0.915 F1:0.839 MCC:0.789.
val Loss: 0.4921
val Accuracy:0.877 Precision:0.690 Recall:0.860 F1:0.766 MCC:0.691.
 
Epoch 3/8
---------------
train Loss: 0.2188
train Accuracy:0.944 Precision:0.838 Recall:0.944 F1:0.888 MCC:0.853.
val Loss: 0.6102
val Accuracy:0.893 Precision:0.760 Recall:0.793 F1:0.776 MCC:0.706.
 
Epoch 4/8
---------------
train Loss: 0.1621
train Accuracy:0.959 Precision:0.879 Recall:0.959 F1:0.917 MCC:0.892.
val Loss: 0.6588
val Accuracy:0.832 Precision:0.591 Recall:0.916 F1:0.719 MCC:0.636.
 
Epoch 5/8
---------------
train Loss: 0.1226
train Accuracy:0.970 Precision:0.907 Recall:0.971 F1:0.938 MCC:0.919.
val Loss: 0.7080
val Accuracy:0.919 Precision:0.863 Recall:0.780 F1:0.819 MCC:0.769.
 
Epoch 6/8
---------------
train Loss: 0.1022
train Accuracy:0.975 Precision:0.922 Recall:0.975 F1:0.948 MCC:0.932.
val Loss: 0.6237
val Accuracy:0.862 Precision:0.648 Recall:0.893 F1:0.751 MCC:0.675.
 
Epoch 7/8
---------------
train Loss: 0.0843
train Accuracy:0.979 Precision:0.934 Recall:0.980 F1:0.957 MCC:0.944.
val Loss: 0.7554
val Accuracy:0.902 Precision:0.791 Recall:0.788 F1:0.790 MCC:0.725.
 
Epoch 8/8
---------------
train Loss: 0.0803
train Accuracy:0.981 Precision:0.939 Recall:0.981 F1:0.960 MCC:0.947.
val Loss: 0.9442
val Accuracy:0.899 Precision:0.795 Recall:0.767 F1:0.781 MCC:0.715.
Training complete in 167m 52s
------------------------------------
metrics for each fold when validation loss reaches minimum:
[{'loss': 0.8875387349890338, 'acc': 0.8787581699346405, 'precision': 0.7610321615557217, 'recall': 0.7065972222222222, 'mcc': 0.6552879286562079}, {'loss': 0.4702787746887977, 'acc': 0.8938648293963255, 'precision': 0.7397912189131102, 'recall': 0.8436624649859944, 'mcc': 0.7206624800916379}, {'loss': 0.32605902574042206, 'acc': 0.938361220472441, 'precision': 0.8320972068802273, 'recall': 0.9231442577030813, 'mcc': 0.8364568650844202}, {'loss': 0.37094531743115017, 'acc': 0.9285597112860893, 'precision': 0.8253031792854801, 'recall': 0.8816526610644257, 'mcc': 0.806240836501317}, {'loss': 0.49206546459376344, 'acc': 0.8767224409448819, 'precision': 0.6901883609783526, 'recall': 0.8595938375350141, 'mcc': 0.6909242745067671}]
Averge metrics over 5 folds:
average loss:  0.5093774634886336
average accuracy:  0.9032532744068756
average precision:  0.7696824255225784
average recall:  0.8429300887021476
average mcc:  0.74191447696807
cross-validation finished, end of program
