data directory: ../../bionoi_output/blended/
batch size: 32
performing control_vs_nucleotide cross-validation task.
Current device: cuda:0
*********************************************************************
starting 1th fold cross-validation
-------------------------------------------------------
Getting statistics for dataset...
--------------------------------------------------------
folds:  [1, 2, 3, 4, 5]
class name to integer map:  {'control': 0, 'nucleotide': 1}
getting training data from following folders:  ['../../bionoi_output/blended/control/fold_1', '../../bionoi_output/blended/control/fold_2', '../../bionoi_output/blended/control/fold_3', '../../bionoi_output/blended/control/fold_4', '../../bionoi_output/blended/control/fold_5', '../../bionoi_output/blended/nucleotide/fold_1', '../../bionoi_output/blended/nucleotide/fold_2', '../../bionoi_output/blended/nucleotide/fold_3', '../../bionoi_output/blended/nucleotide/fold_4', '../../bionoi_output/blended/nucleotide/fold_5']
folder classes:  [0, 0, 0, 0, 0, 1, 1, 1, 1, 1]
lengths of the folders:  [18720, 18672, 18672, 18672, 18672, 14928, 14928, 14928, 14880, 14880]
mean of the dataset:  [0.6667590737342834, 0.6995871067047119, 0.5908481478691101]
standard deviation of the dataset:  [0.06886448711156845, 0.07136232405900955, 0.07775507122278214]
-------------------------------------------------------
--------------------------------------------------------
generating training dataset...
folds:  [2, 3, 4, 5]
class name to integer map:  {'control': 0, 'nucleotide': 1}
getting training data from following folders:  ['../../bionoi_output/blended/control/fold_2', '../../bionoi_output/blended/control/fold_3', '../../bionoi_output/blended/control/fold_4', '../../bionoi_output/blended/control/fold_5', '../../bionoi_output/blended/nucleotide/fold_2', '../../bionoi_output/blended/nucleotide/fold_3', '../../bionoi_output/blended/nucleotide/fold_4', '../../bionoi_output/blended/nucleotide/fold_5']
folder classes:  [0, 0, 0, 0, 1, 1, 1, 1]
lengths of the folders:  [18672, 18672, 18672, 18672, 14928, 14928, 14880, 14880]
--------------------------------------------------------
generating validation dataset...
folds:  [1]
class name to integer map:  {'control': 0, 'nucleotide': 1}
getting training data from following folders:  ['../../bionoi_output/blended/control/fold_1', '../../bionoi_output/blended/nucleotide/fold_1']
folder classes:  [0, 1]
lengths of the folders:  [18720, 14928]
Model:  resnet18
Feature extracting: False
Using pretrained model: True
Using 2 GPUs...
optimizer:
Adam (
Parameter Group 0
    amsgrad: False
    betas: (0.9, 0.999)
    eps: 1e-08
    lr: 0.0003
    weight_decay: 0.0001
)
Not using any learning rate scheduler.
 
Epoch 1/8
---------------
train Loss: 0.3852
train Accuracy:0.846 Precision:0.815 Recall:0.844 F1:0.829 MCC:0.689.
val Loss: 0.6072
val Accuracy:0.770 Precision:0.715 Recall:0.799 F1:0.755 MCC:0.542.
 
Epoch 2/8
---------------
train Loss: 0.2161
train Accuracy:0.921 Precision:0.904 Recall:0.921 F1:0.912 MCC:0.841.
val Loss: 0.6577
val Accuracy:0.805 Precision:0.842 Recall:0.690 F1:0.758 MCC:0.606.
 
Epoch 3/8
---------------
train Loss: 0.1356
train Accuracy:0.954 Precision:0.943 Recall:0.953 F1:0.948 MCC:0.906.
val Loss: 0.6823
val Accuracy:0.819 Precision:0.883 Recall:0.683 F1:0.770 MCC:0.639.
 
Epoch 4/8
---------------
train Loss: 0.0943
train Accuracy:0.968 Precision:0.960 Recall:0.969 F1:0.964 MCC:0.936.
val Loss: 0.8693
val Accuracy:0.798 Precision:0.800 Recall:0.727 F1:0.762 MCC:0.589.
 
Epoch 5/8
---------------
train Loss: 0.0759
train Accuracy:0.975 Precision:0.969 Recall:0.975 F1:0.972 MCC:0.949.
val Loss: 0.8034
val Accuracy:0.819 Precision:0.813 Recall:0.769 F1:0.790 MCC:0.632.
 
Epoch 6/8
---------------
train Loss: 0.0629
train Accuracy:0.979 Precision:0.974 Recall:0.979 F1:0.977 MCC:0.958.
val Loss: 0.8481
val Accuracy:0.827 Precision:0.837 Recall:0.757 F1:0.795 MCC:0.648.
 
Epoch 7/8
---------------
train Loss: 0.0559
train Accuracy:0.982 Precision:0.977 Recall:0.982 F1:0.980 MCC:0.963.
val Loss: 0.7725
val Accuracy:0.820 Precision:0.760 Recall:0.869 F1:0.811 MCC:0.646.
 
Epoch 8/8
---------------
train Loss: 0.0505
train Accuracy:0.983 Precision:0.979 Recall:0.984 F1:0.981 MCC:0.966.
val Loss: 0.7935
val Accuracy:0.820 Precision:0.776 Recall:0.837 F1:0.805 MCC:0.641.
Training complete in 231m 13s
*********************************************************************
starting 2th fold cross-validation
-------------------------------------------------------
Getting statistics for dataset...
--------------------------------------------------------
folds:  [1, 2, 3, 4, 5]
class name to integer map:  {'control': 0, 'nucleotide': 1}
getting training data from following folders:  ['../../bionoi_output/blended/control/fold_1', '../../bionoi_output/blended/control/fold_2', '../../bionoi_output/blended/control/fold_3', '../../bionoi_output/blended/control/fold_4', '../../bionoi_output/blended/control/fold_5', '../../bionoi_output/blended/nucleotide/fold_1', '../../bionoi_output/blended/nucleotide/fold_2', '../../bionoi_output/blended/nucleotide/fold_3', '../../bionoi_output/blended/nucleotide/fold_4', '../../bionoi_output/blended/nucleotide/fold_5']
folder classes:  [0, 0, 0, 0, 0, 1, 1, 1, 1, 1]
lengths of the folders:  [18720, 18672, 18672, 18672, 18672, 14928, 14928, 14928, 14880, 14880]
mean of the dataset:  [0.6667590737342834, 0.6995871067047119, 0.5908481478691101]
standard deviation of the dataset:  [0.06886448711156845, 0.07136232405900955, 0.07775507122278214]
-------------------------------------------------------
--------------------------------------------------------
generating training dataset...
folds:  [1, 3, 4, 5]
class name to integer map:  {'control': 0, 'nucleotide': 1}
getting training data from following folders:  ['../../bionoi_output/blended/control/fold_1', '../../bionoi_output/blended/control/fold_3', '../../bionoi_output/blended/control/fold_4', '../../bionoi_output/blended/control/fold_5', '../../bionoi_output/blended/nucleotide/fold_1', '../../bionoi_output/blended/nucleotide/fold_3', '../../bionoi_output/blended/nucleotide/fold_4', '../../bionoi_output/blended/nucleotide/fold_5']
folder classes:  [0, 0, 0, 0, 1, 1, 1, 1]
lengths of the folders:  [18720, 18672, 18672, 18672, 14928, 14928, 14880, 14880]
--------------------------------------------------------
generating validation dataset...
folds:  [2]
class name to integer map:  {'control': 0, 'nucleotide': 1}
getting training data from following folders:  ['../../bionoi_output/blended/control/fold_2', '../../bionoi_output/blended/nucleotide/fold_2']
folder classes:  [0, 1]
lengths of the folders:  [18672, 14928]
Model:  resnet18
Feature extracting: False
Using pretrained model: True
Using 2 GPUs...
optimizer:
Adam (
Parameter Group 0
    amsgrad: False
    betas: (0.9, 0.999)
    eps: 1e-08
    lr: 0.0003
    weight_decay: 0.0001
)
Not using any learning rate scheduler.
 
Epoch 1/8
---------------
train Loss: 0.4038
train Accuracy:0.836 Precision:0.804 Recall:0.833 F1:0.818 MCC:0.669.
val Loss: 0.3739
val Accuracy:0.863 Precision:0.830 Recall:0.869 F1:0.850 MCC:0.725.
 
Epoch 2/8
---------------
train Loss: 0.2234
train Accuracy:0.919 Precision:0.902 Recall:0.919 F1:0.910 MCC:0.837.
val Loss: 0.4170
val Accuracy:0.858 Precision:0.807 Recall:0.895 F1:0.849 MCC:0.719.
 
Epoch 3/8
---------------
train Loss: 0.1316
train Accuracy:0.954 Precision:0.943 Recall:0.954 F1:0.948 MCC:0.906.
val Loss: 0.4430
val Accuracy:0.870 Precision:0.860 Recall:0.846 F1:0.853 MCC:0.737.
 
Epoch 4/8
---------------
train Loss: 0.0949
train Accuracy:0.968 Precision:0.960 Recall:0.968 F1:0.964 MCC:0.935.
val Loss: 0.5461
val Accuracy:0.859 Precision:0.806 Recall:0.897 F1:0.849 MCC:0.721.
 
Epoch 5/8
---------------
train Loss: 0.0747
train Accuracy:0.975 Precision:0.969 Recall:0.976 F1:0.972 MCC:0.950.
val Loss: 0.5961
val Accuracy:0.846 Precision:0.787 Recall:0.896 F1:0.838 MCC:0.698.
 
Epoch 6/8
---------------
train Loss: 0.0627
train Accuracy:0.980 Precision:0.975 Recall:0.980 F1:0.977 MCC:0.959.
val Loss: 0.5505
val Accuracy:0.873 Precision:0.865 Recall:0.844 F1:0.855 MCC:0.741.
 
Epoch 7/8
---------------
train Loss: 0.0553
train Accuracy:0.981 Precision:0.977 Recall:0.981 F1:0.979 MCC:0.962.
val Loss: 0.5230
val Accuracy:0.885 Precision:0.873 Recall:0.867 F1:0.870 MCC:0.767.
 
Epoch 8/8
---------------
train Loss: 0.0501
train Accuracy:0.984 Precision:0.980 Recall:0.984 F1:0.982 MCC:0.967.
val Loss: 0.5613
val Accuracy:0.871 Precision:0.849 Recall:0.864 F1:0.856 MCC:0.740.
Training complete in 231m 1s
*********************************************************************
starting 3th fold cross-validation
-------------------------------------------------------
Getting statistics for dataset...
--------------------------------------------------------
folds:  [1, 2, 3, 4, 5]
class name to integer map:  {'control': 0, 'nucleotide': 1}
getting training data from following folders:  ['../../bionoi_output/blended/control/fold_1', '../../bionoi_output/blended/control/fold_2', '../../bionoi_output/blended/control/fold_3', '../../bionoi_output/blended/control/fold_4', '../../bionoi_output/blended/control/fold_5', '../../bionoi_output/blended/nucleotide/fold_1', '../../bionoi_output/blended/nucleotide/fold_2', '../../bionoi_output/blended/nucleotide/fold_3', '../../bionoi_output/blended/nucleotide/fold_4', '../../bionoi_output/blended/nucleotide/fold_5']
folder classes:  [0, 0, 0, 0, 0, 1, 1, 1, 1, 1]
lengths of the folders:  [18720, 18672, 18672, 18672, 18672, 14928, 14928, 14928, 14880, 14880]
mean of the dataset:  [0.6667590737342834, 0.6995871067047119, 0.5908481478691101]
standard deviation of the dataset:  [0.06886448711156845, 0.07136232405900955, 0.07775507122278214]
-------------------------------------------------------
--------------------------------------------------------
generating training dataset...
folds:  [1, 2, 4, 5]
class name to integer map:  {'control': 0, 'nucleotide': 1}
getting training data from following folders:  ['../../bionoi_output/blended/control/fold_1', '../../bionoi_output/blended/control/fold_2', '../../bionoi_output/blended/control/fold_4', '../../bionoi_output/blended/control/fold_5', '../../bionoi_output/blended/nucleotide/fold_1', '../../bionoi_output/blended/nucleotide/fold_2', '../../bionoi_output/blended/nucleotide/fold_4', '../../bionoi_output/blended/nucleotide/fold_5']
folder classes:  [0, 0, 0, 0, 1, 1, 1, 1]
lengths of the folders:  [18720, 18672, 18672, 18672, 14928, 14928, 14880, 14880]
--------------------------------------------------------
generating validation dataset...
folds:  [3]
class name to integer map:  {'control': 0, 'nucleotide': 1}
getting training data from following folders:  ['../../bionoi_output/blended/control/fold_3', '../../bionoi_output/blended/nucleotide/fold_3']
folder classes:  [0, 1]
lengths of the folders:  [18672, 14928]
Model:  resnet18
Feature extracting: False
Using pretrained model: True
Using 2 GPUs...
optimizer:
Adam (
Parameter Group 0
    amsgrad: False
    betas: (0.9, 0.999)
    eps: 1e-08
    lr: 0.0003
    weight_decay: 0.0001
)
Not using any learning rate scheduler.
 
Epoch 1/8
---------------
train Loss: 0.4140
train Accuracy:0.832 Precision:0.802 Recall:0.826 F1:0.814 MCC:0.661.
val Loss: 0.4240
val Accuracy:0.847 Precision:0.824 Recall:0.834 F1:0.829 MCC:0.690.
 
Epoch 2/8
---------------
train Loss: 0.2263
train Accuracy:0.917 Precision:0.900 Recall:0.915 F1:0.908 MCC:0.833.
val Loss: 0.4061
val Accuracy:0.865 Precision:0.823 Recall:0.887 F1:0.854 MCC:0.731.
 
Epoch 3/8
---------------
train Loss: 0.1366
train Accuracy:0.953 Precision:0.942 Recall:0.952 F1:0.947 MCC:0.904.
val Loss: 0.4147
val Accuracy:0.863 Precision:0.820 Recall:0.886 F1:0.852 MCC:0.726.
 
Epoch 4/8
---------------
train Loss: 0.0952
train Accuracy:0.968 Precision:0.961 Recall:0.969 F1:0.965 MCC:0.936.
val Loss: 0.4680
val Accuracy:0.870 Precision:0.827 Recall:0.895 F1:0.860 MCC:0.741.
 
Epoch 5/8
---------------
train Loss: 0.0769
train Accuracy:0.974 Precision:0.968 Recall:0.974 F1:0.971 MCC:0.948.
val Loss: 0.4607
val Accuracy:0.878 Precision:0.857 Recall:0.871 F1:0.864 MCC:0.754.
 
Epoch 6/8
---------------
train Loss: 0.0647
train Accuracy:0.979 Precision:0.973 Recall:0.979 F1:0.976 MCC:0.957.
val Loss: 0.4680
val Accuracy:0.888 Precision:0.895 Recall:0.847 F1:0.870 MCC:0.772.
 
Epoch 7/8
---------------
train Loss: 0.0570
train Accuracy:0.981 Precision:0.977 Recall:0.981 F1:0.979 MCC:0.962.
val Loss: 0.6145
val Accuracy:0.831 Precision:0.746 Recall:0.937 F1:0.831 MCC:0.683.
 
Epoch 8/8
---------------
train Loss: 0.0497
train Accuracy:0.984 Precision:0.980 Recall:0.984 F1:0.982 MCC:0.967.
val Loss: 0.5197
val Accuracy:0.870 Precision:0.836 Recall:0.880 F1:0.858 MCC:0.739.
Training complete in 231m 3s
*********************************************************************
starting 4th fold cross-validation
-------------------------------------------------------
Getting statistics for dataset...
--------------------------------------------------------
folds:  [1, 2, 3, 4, 5]
class name to integer map:  {'control': 0, 'nucleotide': 1}
getting training data from following folders:  ['../../bionoi_output/blended/control/fold_1', '../../bionoi_output/blended/control/fold_2', '../../bionoi_output/blended/control/fold_3', '../../bionoi_output/blended/control/fold_4', '../../bionoi_output/blended/control/fold_5', '../../bionoi_output/blended/nucleotide/fold_1', '../../bionoi_output/blended/nucleotide/fold_2', '../../bionoi_output/blended/nucleotide/fold_3', '../../bionoi_output/blended/nucleotide/fold_4', '../../bionoi_output/blended/nucleotide/fold_5']
folder classes:  [0, 0, 0, 0, 0, 1, 1, 1, 1, 1]
lengths of the folders:  [18720, 18672, 18672, 18672, 18672, 14928, 14928, 14928, 14880, 14880]
mean of the dataset:  [0.6667590737342834, 0.6995871067047119, 0.5908481478691101]
standard deviation of the dataset:  [0.06886448711156845, 0.07136232405900955, 0.07775507122278214]
-------------------------------------------------------
--------------------------------------------------------
generating training dataset...
folds:  [1, 2, 3, 5]
class name to integer map:  {'control': 0, 'nucleotide': 1}
getting training data from following folders:  ['../../bionoi_output/blended/control/fold_1', '../../bionoi_output/blended/control/fold_2', '../../bionoi_output/blended/control/fold_3', '../../bionoi_output/blended/control/fold_5', '../../bionoi_output/blended/nucleotide/fold_1', '../../bionoi_output/blended/nucleotide/fold_2', '../../bionoi_output/blended/nucleotide/fold_3', '../../bionoi_output/blended/nucleotide/fold_5']
folder classes:  [0, 0, 0, 0, 1, 1, 1, 1]
lengths of the folders:  [18720, 18672, 18672, 18672, 14928, 14928, 14928, 14880]
--------------------------------------------------------
generating validation dataset...
folds:  [4]
class name to integer map:  {'control': 0, 'nucleotide': 1}
getting training data from following folders:  ['../../bionoi_output/blended/control/fold_4', '../../bionoi_output/blended/nucleotide/fold_4']
folder classes:  [0, 1]
lengths of the folders:  [18672, 14880]
Model:  resnet18
Feature extracting: False
Using pretrained model: True
Using 2 GPUs...
optimizer:
Adam (
Parameter Group 0
    amsgrad: False
    betas: (0.9, 0.999)
    eps: 1e-08
    lr: 0.0003
    weight_decay: 0.0001
)
Not using any learning rate scheduler.
 
Epoch 1/8
---------------
train Loss: 0.3969
train Accuracy:0.841 Precision:0.815 Recall:0.832 F1:0.823 MCC:0.679.
val Loss: 0.5021
val Accuracy:0.810 Precision:0.838 Recall:0.708 F1:0.768 MCC:0.615.
 
Epoch 2/8
---------------
train Loss: 0.2211
train Accuracy:0.919 Precision:0.905 Recall:0.915 F1:0.910 MCC:0.837.
val Loss: 0.4747
val Accuracy:0.833 Precision:0.816 Recall:0.805 F1:0.810 MCC:0.661.
 
Epoch 3/8
---------------
train Loss: 0.1322
train Accuracy:0.955 Precision:0.945 Recall:0.954 F1:0.949 MCC:0.909.
val Loss: 0.8561
val Accuracy:0.785 Precision:0.885 Recall:0.591 F1:0.709 MCC:0.577.
 
Epoch 4/8
---------------
train Loss: 0.0940
train Accuracy:0.969 Precision:0.962 Recall:0.969 F1:0.965 MCC:0.937.
val Loss: 0.5812
val Accuracy:0.837 Precision:0.824 Recall:0.805 F1:0.814 MCC:0.670.
 
Epoch 5/8
---------------
train Loss: 0.0716
train Accuracy:0.976 Precision:0.971 Recall:0.975 F1:0.973 MCC:0.951.
val Loss: 0.8770
val Accuracy:0.815 Precision:0.900 Recall:0.655 F1:0.758 MCC:0.634.
 
Epoch 6/8
---------------
train Loss: 0.0604
train Accuracy:0.980 Precision:0.976 Recall:0.980 F1:0.978 MCC:0.960.
val Loss: 0.6581
val Accuracy:0.835 Precision:0.879 Recall:0.729 F1:0.797 MCC:0.669.
 
Epoch 7/8
---------------
train Loss: 0.0532
train Accuracy:0.983 Precision:0.978 Recall:0.983 F1:0.980 MCC:0.965.
val Loss: 0.8435
val Accuracy:0.827 Precision:0.899 Recall:0.687 F1:0.779 MCC:0.656.
 
Epoch 8/8
---------------
train Loss: 0.0470
train Accuracy:0.985 Precision:0.981 Recall:0.984 F1:0.983 MCC:0.969.
val Loss: 0.6759
val Accuracy:0.827 Precision:0.811 Recall:0.793 F1:0.802 MCC:0.648.
Training complete in 231m 21s
*********************************************************************
starting 5th fold cross-validation
-------------------------------------------------------
Getting statistics for dataset...
--------------------------------------------------------
folds:  [1, 2, 3, 4, 5]
class name to integer map:  {'control': 0, 'nucleotide': 1}
getting training data from following folders:  ['../../bionoi_output/blended/control/fold_1', '../../bionoi_output/blended/control/fold_2', '../../bionoi_output/blended/control/fold_3', '../../bionoi_output/blended/control/fold_4', '../../bionoi_output/blended/control/fold_5', '../../bionoi_output/blended/nucleotide/fold_1', '../../bionoi_output/blended/nucleotide/fold_2', '../../bionoi_output/blended/nucleotide/fold_3', '../../bionoi_output/blended/nucleotide/fold_4', '../../bionoi_output/blended/nucleotide/fold_5']
folder classes:  [0, 0, 0, 0, 0, 1, 1, 1, 1, 1]
lengths of the folders:  [18720, 18672, 18672, 18672, 18672, 14928, 14928, 14928, 14880, 14880]
mean of the dataset:  [0.6667590737342834, 0.6995871067047119, 0.5908481478691101]
standard deviation of the dataset:  [0.06886448711156845, 0.07136232405900955, 0.07775507122278214]
-------------------------------------------------------
--------------------------------------------------------
generating training dataset...
folds:  [1, 2, 3, 4]
class name to integer map:  {'control': 0, 'nucleotide': 1}
getting training data from following folders:  ['../../bionoi_output/blended/control/fold_1', '../../bionoi_output/blended/control/fold_2', '../../bionoi_output/blended/control/fold_3', '../../bionoi_output/blended/control/fold_4', '../../bionoi_output/blended/nucleotide/fold_1', '../../bionoi_output/blended/nucleotide/fold_2', '../../bionoi_output/blended/nucleotide/fold_3', '../../bionoi_output/blended/nucleotide/fold_4']
folder classes:  [0, 0, 0, 0, 1, 1, 1, 1]
lengths of the folders:  [18720, 18672, 18672, 18672, 14928, 14928, 14928, 14880]
--------------------------------------------------------
generating validation dataset...
folds:  [5]
class name to integer map:  {'control': 0, 'nucleotide': 1}
getting training data from following folders:  ['../../bionoi_output/blended/control/fold_5', '../../bionoi_output/blended/nucleotide/fold_5']
folder classes:  [0, 1]
lengths of the folders:  [18672, 14880]
Model:  resnet18
Feature extracting: False
Using pretrained model: True
Using 2 GPUs...
optimizer:
Adam (
Parameter Group 0
    amsgrad: False
    betas: (0.9, 0.999)
    eps: 1e-08
    lr: 0.0003
    weight_decay: 0.0001
)
Not using any learning rate scheduler.
 
Epoch 1/8
---------------
train Loss: 0.3901
train Accuracy:0.844 Precision:0.814 Recall:0.841 F1:0.827 MCC:0.686.
val Loss: 0.5272
val Accuracy:0.812 Precision:0.802 Recall:0.766 F1:0.784 MCC:0.619.
 
Epoch 2/8
---------------
train Loss: 0.2131
train Accuracy:0.923 Precision:0.905 Recall:0.923 F1:0.914 MCC:0.844.
val Loss: 0.5332
val Accuracy:0.841 Precision:0.829 Recall:0.808 F1:0.818 MCC:0.677.
 
Epoch 3/8
---------------
train Loss: 0.1313
train Accuracy:0.955 Precision:0.944 Recall:0.955 F1:0.949 MCC:0.908.
val Loss: 0.5895
val Accuracy:0.850 Precision:0.846 Recall:0.809 F1:0.827 MCC:0.695.
 
Epoch 4/8
---------------
train Loss: 0.0925
train Accuracy:0.969 Precision:0.961 Recall:0.969 F1:0.965 MCC:0.937.
val Loss: 0.7149
val Accuracy:0.825 Precision:0.827 Recall:0.766 F1:0.796 MCC:0.645.
 
Epoch 5/8
---------------
train Loss: 0.0734
train Accuracy:0.976 Precision:0.969 Recall:0.976 F1:0.973 MCC:0.950.
val Loss: 0.7473
val Accuracy:0.827 Precision:0.811 Recall:0.796 F1:0.803 MCC:0.649.
 
Epoch 6/8
---------------
train Loss: 0.0624
train Accuracy:0.979 Precision:0.974 Recall:0.979 F1:0.977 MCC:0.958.
val Loss: 0.7320
val Accuracy:0.836 Precision:0.870 Recall:0.742 F1:0.801 MCC:0.670.
 
Epoch 7/8
---------------
train Loss: 0.0542
train Accuracy:0.982 Precision:0.978 Recall:0.982 F1:0.980 MCC:0.964.
val Loss: 0.9106
val Accuracy:0.803 Precision:0.787 Recall:0.763 F1:0.775 MCC:0.600.
 
Epoch 8/8
---------------
train Loss: 0.0493
train Accuracy:0.984 Precision:0.980 Recall:0.984 F1:0.982 MCC:0.967.
val Loss: 0.6918
val Accuracy:0.836 Precision:0.819 Recall:0.811 F1:0.815 MCC:0.668.
Training complete in 231m 25s
------------------------------------
metrics for each fold when validation loss reaches minimum:
[{'loss': 0.6071841414491732, 'acc': 0.7695256776034237, 'precision': 0.7149277880985198, 'recall': 0.7991693461950696, 'mcc': 0.5416017743044872}, {'loss': 0.3739176126817862, 'acc': 0.8631547619047619, 'precision': 0.8304965446634246, 'recall': 0.8694399785637728, 'mcc': 0.7248046811014998}, {'loss': 0.4061008030530952, 'acc': 0.8650892857142857, 'precision': 0.8228461395117709, 'recall': 0.88739281886388, 'mcc': 0.73071205698735}, {'loss': 0.4746604666796024, 'acc': 0.8327074391988555, 'precision': 0.8157410562180579, 'recall': 0.804502688172043, 'mcc': 0.6606618300974589}, {'loss': 0.5272379547400194, 'acc': 0.8124403910348116, 'precision': 0.8023804493274175, 'recall': 0.7656586021505376, 'mcc': 0.6187814878025769}]
Averge metrics over 5 folds:
average loss:  0.47782019572073525
average accuracy:  0.8285835110912277
average precision:  0.7972783955638381
average recall:  0.8252326867890606
average mcc:  0.6553123660586746
cross-validation finished, end of program
