data directory: ../../bionoi_output/binding_prob/
batch size: 32
performing control_vs_nucleotide cross-validation task.
Current device: cuda:0
*********************************************************************
starting 1th fold cross-validation
-------------------------------------------------------
Getting statistics for dataset...
--------------------------------------------------------
folds:  [1, 2, 3, 4, 5]
class name to integer map:  {'control': 0, 'nucleotide': 1}
getting training data from following folders:  ['../../bionoi_output/binding_prob/control/fold_1', '../../bionoi_output/binding_prob/control/fold_2', '../../bionoi_output/binding_prob/control/fold_3', '../../bionoi_output/binding_prob/control/fold_4', '../../bionoi_output/binding_prob/control/fold_5', '../../bionoi_output/binding_prob/nucleotide/fold_1', '../../bionoi_output/binding_prob/nucleotide/fold_2', '../../bionoi_output/binding_prob/nucleotide/fold_3', '../../bionoi_output/binding_prob/nucleotide/fold_4', '../../bionoi_output/binding_prob/nucleotide/fold_5']
folder classes:  [0, 0, 0, 0, 0, 1, 1, 1, 1, 1]
lengths of the folders:  [18720, 18672, 18672, 18672, 18672, 14928, 14928, 14928, 14880, 14880]
mean of the dataset:  [0.53474360704422, 0.7735225558280945, 0.6519120335578918]
standard deviation of the dataset:  [0.13332517445087433, 0.12862733006477356, 0.027981696650385857]
-------------------------------------------------------
--------------------------------------------------------
generating training dataset...
folds:  [2, 3, 4, 5]
class name to integer map:  {'control': 0, 'nucleotide': 1}
getting training data from following folders:  ['../../bionoi_output/binding_prob/control/fold_2', '../../bionoi_output/binding_prob/control/fold_3', '../../bionoi_output/binding_prob/control/fold_4', '../../bionoi_output/binding_prob/control/fold_5', '../../bionoi_output/binding_prob/nucleotide/fold_2', '../../bionoi_output/binding_prob/nucleotide/fold_3', '../../bionoi_output/binding_prob/nucleotide/fold_4', '../../bionoi_output/binding_prob/nucleotide/fold_5']
folder classes:  [0, 0, 0, 0, 1, 1, 1, 1]
lengths of the folders:  [18672, 18672, 18672, 18672, 14928, 14928, 14880, 14880]
--------------------------------------------------------
generating validation dataset...
folds:  [1]
class name to integer map:  {'control': 0, 'nucleotide': 1}
getting training data from following folders:  ['../../bionoi_output/binding_prob/control/fold_1', '../../bionoi_output/binding_prob/nucleotide/fold_1']
folder classes:  [0, 1]
lengths of the folders:  [18720, 14928]
Model:  resnet18
Feature extracting: False
Using pretrained model: True
Using 2 GPUs...
optimizer:
Adam (
Parameter Group 0
    amsgrad: False
    betas: (0.9, 0.999)
    eps: 1e-08
    lr: 0.0003
    weight_decay: 0.0001
)
Not using any learning rate scheduler.
 
Epoch 1/8
---------------
train Loss: 0.4241
train Accuracy:0.830 Precision:0.791 Recall:0.838 F1:0.814 MCC:0.659.
val Loss: 0.4378
val Accuracy:0.812 Precision:0.746 Recall:0.874 F1:0.805 MCC:0.633.
 
Epoch 2/8
---------------
train Loss: 0.3133
train Accuracy:0.879 Precision:0.851 Recall:0.883 F1:0.867 MCC:0.757.
val Loss: 0.5061
val Accuracy:0.821 Precision:0.817 Recall:0.770 F1:0.793 MCC:0.637.
 
Epoch 3/8
---------------
train Loss: 0.2208
train Accuracy:0.918 Precision:0.899 Recall:0.920 F1:0.909 MCC:0.835.
val Loss: 0.6075
val Accuracy:0.815 Precision:0.829 Recall:0.735 F1:0.779 MCC:0.625.
 
Epoch 4/8
---------------
train Loss: 0.1504
train Accuracy:0.947 Precision:0.934 Recall:0.947 F1:0.940 MCC:0.892.
val Loss: 0.7190
val Accuracy:0.814 Precision:0.793 Recall:0.787 F1:0.790 MCC:0.624.
 
Epoch 5/8
---------------
train Loss: 0.1083
train Accuracy:0.963 Precision:0.954 Recall:0.962 F1:0.958 MCC:0.925.
val Loss: 0.6005
val Accuracy:0.824 Precision:0.799 Recall:0.805 F1:0.802 MCC:0.643.
 
Epoch 6/8
---------------
train Loss: 0.0872
train Accuracy:0.970 Precision:0.962 Recall:0.970 F1:0.966 MCC:0.939.
val Loss: 0.6816
val Accuracy:0.829 Precision:0.780 Recall:0.856 F1:0.816 MCC:0.659.
 
Epoch 7/8
---------------
train Loss: 0.0757
train Accuracy:0.974 Precision:0.968 Recall:0.974 F1:0.971 MCC:0.948.
val Loss: 0.7538
val Accuracy:0.819 Precision:0.792 Recall:0.803 F1:0.797 MCC:0.634.
 
Epoch 8/8
---------------
train Loss: 0.0688
train Accuracy:0.977 Precision:0.971 Recall:0.978 F1:0.974 MCC:0.954.
val Loss: 0.7822
val Accuracy:0.821 Precision:0.762 Recall:0.866 F1:0.811 MCC:0.646.
Training complete in 231m 24s
*********************************************************************
starting 2th fold cross-validation
-------------------------------------------------------
Getting statistics for dataset...
--------------------------------------------------------
folds:  [1, 2, 3, 4, 5]
class name to integer map:  {'control': 0, 'nucleotide': 1}
getting training data from following folders:  ['../../bionoi_output/binding_prob/control/fold_1', '../../bionoi_output/binding_prob/control/fold_2', '../../bionoi_output/binding_prob/control/fold_3', '../../bionoi_output/binding_prob/control/fold_4', '../../bionoi_output/binding_prob/control/fold_5', '../../bionoi_output/binding_prob/nucleotide/fold_1', '../../bionoi_output/binding_prob/nucleotide/fold_2', '../../bionoi_output/binding_prob/nucleotide/fold_3', '../../bionoi_output/binding_prob/nucleotide/fold_4', '../../bionoi_output/binding_prob/nucleotide/fold_5']
folder classes:  [0, 0, 0, 0, 0, 1, 1, 1, 1, 1]
lengths of the folders:  [18720, 18672, 18672, 18672, 18672, 14928, 14928, 14928, 14880, 14880]
mean of the dataset:  [0.53474360704422, 0.7735225558280945, 0.6519120335578918]
standard deviation of the dataset:  [0.13332517445087433, 0.12862733006477356, 0.027981696650385857]
-------------------------------------------------------
--------------------------------------------------------
generating training dataset...
folds:  [1, 3, 4, 5]
class name to integer map:  {'control': 0, 'nucleotide': 1}
getting training data from following folders:  ['../../bionoi_output/binding_prob/control/fold_1', '../../bionoi_output/binding_prob/control/fold_3', '../../bionoi_output/binding_prob/control/fold_4', '../../bionoi_output/binding_prob/control/fold_5', '../../bionoi_output/binding_prob/nucleotide/fold_1', '../../bionoi_output/binding_prob/nucleotide/fold_3', '../../bionoi_output/binding_prob/nucleotide/fold_4', '../../bionoi_output/binding_prob/nucleotide/fold_5']
folder classes:  [0, 0, 0, 0, 1, 1, 1, 1]
lengths of the folders:  [18720, 18672, 18672, 18672, 14928, 14928, 14880, 14880]
--------------------------------------------------------
generating validation dataset...
folds:  [2]
class name to integer map:  {'control': 0, 'nucleotide': 1}
getting training data from following folders:  ['../../bionoi_output/binding_prob/control/fold_2', '../../bionoi_output/binding_prob/nucleotide/fold_2']
folder classes:  [0, 1]
lengths of the folders:  [18672, 14928]
Model:  resnet18
Feature extracting: False
Using pretrained model: True
Using 2 GPUs...
optimizer:
Adam (
Parameter Group 0
    amsgrad: False
    betas: (0.9, 0.999)
    eps: 1e-08
    lr: 0.0003
    weight_decay: 0.0001
)
Not using any learning rate scheduler.
 
Epoch 1/8
---------------
train Loss: 0.4417
train Accuracy:0.819 Precision:0.777 Recall:0.830 F1:0.803 MCC:0.637.
val Loss: 0.3909
val Accuracy:0.849 Precision:0.810 Recall:0.862 F1:0.835 MCC:0.697.
 
Epoch 2/8
---------------
train Loss: 0.3354
train Accuracy:0.868 Precision:0.833 Recall:0.878 F1:0.855 MCC:0.734.
val Loss: 0.4350
val Accuracy:0.848 Precision:0.888 Recall:0.753 F1:0.815 MCC:0.695.
 
Epoch 3/8
---------------
train Loss: 0.2437
train Accuracy:0.909 Precision:0.884 Recall:0.914 F1:0.899 MCC:0.816.
val Loss: 0.4502
val Accuracy:0.850 Precision:0.777 Recall:0.929 F1:0.846 MCC:0.713.
 
Epoch 4/8
---------------
train Loss: 0.1686
train Accuracy:0.938 Precision:0.922 Recall:0.941 F1:0.931 MCC:0.876.
val Loss: 0.4835
val Accuracy:0.856 Precision:0.805 Recall:0.891 F1:0.846 MCC:0.715.
 
Epoch 5/8
---------------
train Loss: 0.1214
train Accuracy:0.957 Precision:0.945 Recall:0.959 F1:0.952 MCC:0.913.
val Loss: 0.5214
val Accuracy:0.857 Precision:0.858 Recall:0.814 F1:0.835 MCC:0.711.
 
Epoch 6/8
---------------
train Loss: 0.0957
train Accuracy:0.967 Precision:0.958 Recall:0.968 F1:0.963 MCC:0.933.
val Loss: 0.6342
val Accuracy:0.847 Precision:0.865 Recall:0.778 F1:0.819 MCC:0.690.
 
Epoch 7/8
---------------
train Loss: 0.0809
train Accuracy:0.973 Precision:0.965 Recall:0.974 F1:0.970 MCC:0.945.
val Loss: 0.8444
val Accuracy:0.811 Precision:0.878 Recall:0.669 F1:0.759 MCC:0.624.
 
Epoch 8/8
---------------
train Loss: 0.0737
train Accuracy:0.975 Precision:0.968 Recall:0.975 F1:0.971 MCC:0.949.
val Loss: 0.6254
val Accuracy:0.864 Precision:0.845 Recall:0.849 F1:0.847 MCC:0.724.
Training complete in 231m 19s
*********************************************************************
starting 3th fold cross-validation
-------------------------------------------------------
Getting statistics for dataset...
--------------------------------------------------------
folds:  [1, 2, 3, 4, 5]
class name to integer map:  {'control': 0, 'nucleotide': 1}
getting training data from following folders:  ['../../bionoi_output/binding_prob/control/fold_1', '../../bionoi_output/binding_prob/control/fold_2', '../../bionoi_output/binding_prob/control/fold_3', '../../bionoi_output/binding_prob/control/fold_4', '../../bionoi_output/binding_prob/control/fold_5', '../../bionoi_output/binding_prob/nucleotide/fold_1', '../../bionoi_output/binding_prob/nucleotide/fold_2', '../../bionoi_output/binding_prob/nucleotide/fold_3', '../../bionoi_output/binding_prob/nucleotide/fold_4', '../../bionoi_output/binding_prob/nucleotide/fold_5']
folder classes:  [0, 0, 0, 0, 0, 1, 1, 1, 1, 1]
lengths of the folders:  [18720, 18672, 18672, 18672, 18672, 14928, 14928, 14928, 14880, 14880]
mean of the dataset:  [0.53474360704422, 0.7735225558280945, 0.6519120335578918]
standard deviation of the dataset:  [0.13332517445087433, 0.12862733006477356, 0.027981696650385857]
-------------------------------------------------------
--------------------------------------------------------
generating training dataset...
folds:  [1, 2, 4, 5]
class name to integer map:  {'control': 0, 'nucleotide': 1}
getting training data from following folders:  ['../../bionoi_output/binding_prob/control/fold_1', '../../bionoi_output/binding_prob/control/fold_2', '../../bionoi_output/binding_prob/control/fold_4', '../../bionoi_output/binding_prob/control/fold_5', '../../bionoi_output/binding_prob/nucleotide/fold_1', '../../bionoi_output/binding_prob/nucleotide/fold_2', '../../bionoi_output/binding_prob/nucleotide/fold_4', '../../bionoi_output/binding_prob/nucleotide/fold_5']
folder classes:  [0, 0, 0, 0, 1, 1, 1, 1]
lengths of the folders:  [18720, 18672, 18672, 18672, 14928, 14928, 14880, 14880]
--------------------------------------------------------
generating validation dataset...
folds:  [3]
class name to integer map:  {'control': 0, 'nucleotide': 1}
getting training data from following folders:  ['../../bionoi_output/binding_prob/control/fold_3', '../../bionoi_output/binding_prob/nucleotide/fold_3']
folder classes:  [0, 1]
lengths of the folders:  [18672, 14928]
Model:  resnet18
Feature extracting: False
Using pretrained model: True
Using 2 GPUs...
optimizer:
Adam (
Parameter Group 0
    amsgrad: False
    betas: (0.9, 0.999)
    eps: 1e-08
    lr: 0.0003
    weight_decay: 0.0001
)
Not using any learning rate scheduler.
 
Epoch 1/8
---------------
train Loss: 0.4385
train Accuracy:0.823 Precision:0.780 Recall:0.836 F1:0.807 MCC:0.645.
val Loss: 0.3772
val Accuracy:0.852 Precision:0.835 Recall:0.832 F1:0.833 MCC:0.701.
 
Epoch 2/8
---------------
train Loss: 0.3165
train Accuracy:0.878 Precision:0.848 Recall:0.884 F1:0.865 MCC:0.754.
val Loss: 0.5883
val Accuracy:0.804 Precision:0.829 Recall:0.705 F1:0.762 MCC:0.603.
 
Epoch 3/8
---------------
train Loss: 0.2213
train Accuracy:0.919 Precision:0.897 Recall:0.922 F1:0.910 MCC:0.836.
val Loss: 0.4564
val Accuracy:0.836 Precision:0.760 Recall:0.923 F1:0.833 MCC:0.687.
 
Epoch 4/8
---------------
train Loss: 0.1497
train Accuracy:0.947 Precision:0.932 Recall:0.948 F1:0.940 MCC:0.892.
val Loss: 0.4759
val Accuracy:0.851 Precision:0.789 Recall:0.907 F1:0.844 MCC:0.709.
 
Epoch 5/8
---------------
train Loss: 0.1107
train Accuracy:0.962 Precision:0.951 Recall:0.963 F1:0.957 MCC:0.923.
val Loss: 0.4733
val Accuracy:0.857 Precision:0.803 Recall:0.900 F1:0.848 MCC:0.718.
 
Epoch 6/8
---------------
train Loss: 0.0898
train Accuracy:0.969 Precision:0.961 Recall:0.970 F1:0.965 MCC:0.938.
val Loss: 0.5636
val Accuracy:0.839 Precision:0.821 Recall:0.817 F1:0.819 MCC:0.674.
 
Epoch 7/8
---------------
train Loss: 0.0775
train Accuracy:0.974 Precision:0.967 Recall:0.975 F1:0.971 MCC:0.948.
val Loss: 0.5684
val Accuracy:0.857 Precision:0.816 Recall:0.876 F1:0.845 MCC:0.714.
 
Epoch 8/8
---------------
train Loss: 0.0697
train Accuracy:0.976 Precision:0.970 Recall:0.976 F1:0.973 MCC:0.951.
val Loss: 0.6217
val Accuracy:0.851 Precision:0.838 Recall:0.822 F1:0.830 MCC:0.697.
Training complete in 231m 17s
*********************************************************************
starting 4th fold cross-validation
-------------------------------------------------------
Getting statistics for dataset...
--------------------------------------------------------
folds:  [1, 2, 3, 4, 5]
class name to integer map:  {'control': 0, 'nucleotide': 1}
getting training data from following folders:  ['../../bionoi_output/binding_prob/control/fold_1', '../../bionoi_output/binding_prob/control/fold_2', '../../bionoi_output/binding_prob/control/fold_3', '../../bionoi_output/binding_prob/control/fold_4', '../../bionoi_output/binding_prob/control/fold_5', '../../bionoi_output/binding_prob/nucleotide/fold_1', '../../bionoi_output/binding_prob/nucleotide/fold_2', '../../bionoi_output/binding_prob/nucleotide/fold_3', '../../bionoi_output/binding_prob/nucleotide/fold_4', '../../bionoi_output/binding_prob/nucleotide/fold_5']
folder classes:  [0, 0, 0, 0, 0, 1, 1, 1, 1, 1]
lengths of the folders:  [18720, 18672, 18672, 18672, 18672, 14928, 14928, 14928, 14880, 14880]
mean of the dataset:  [0.53474360704422, 0.7735225558280945, 0.6519120335578918]
standard deviation of the dataset:  [0.13332517445087433, 0.12862733006477356, 0.027981696650385857]
-------------------------------------------------------
--------------------------------------------------------
generating training dataset...
folds:  [1, 2, 3, 5]
class name to integer map:  {'control': 0, 'nucleotide': 1}
getting training data from following folders:  ['../../bionoi_output/binding_prob/control/fold_1', '../../bionoi_output/binding_prob/control/fold_2', '../../bionoi_output/binding_prob/control/fold_3', '../../bionoi_output/binding_prob/control/fold_5', '../../bionoi_output/binding_prob/nucleotide/fold_1', '../../bionoi_output/binding_prob/nucleotide/fold_2', '../../bionoi_output/binding_prob/nucleotide/fold_3', '../../bionoi_output/binding_prob/nucleotide/fold_5']
folder classes:  [0, 0, 0, 0, 1, 1, 1, 1]
lengths of the folders:  [18720, 18672, 18672, 18672, 14928, 14928, 14928, 14880]
--------------------------------------------------------
generating validation dataset...
folds:  [4]
class name to integer map:  {'control': 0, 'nucleotide': 1}
getting training data from following folders:  ['../../bionoi_output/binding_prob/control/fold_4', '../../bionoi_output/binding_prob/nucleotide/fold_4']
folder classes:  [0, 1]
lengths of the folders:  [18672, 14880]
Model:  resnet18
Feature extracting: False
Using pretrained model: True
Using 2 GPUs...
optimizer:
Adam (
Parameter Group 0
    amsgrad: False
    betas: (0.9, 0.999)
    eps: 1e-08
    lr: 0.0003
    weight_decay: 0.0001
)
Not using any learning rate scheduler.
 
Epoch 1/8
---------------
train Loss: 0.4275
train Accuracy:0.827 Precision:0.786 Recall:0.840 F1:0.812 MCC:0.654.
val Loss: 0.4358
val Accuracy:0.824 Precision:0.787 Recall:0.825 F1:0.806 MCC:0.645.
 
Epoch 2/8
---------------
train Loss: 0.3160
train Accuracy:0.879 Precision:0.847 Recall:0.886 F1:0.866 MCC:0.756.
val Loss: 0.4965
val Accuracy:0.821 Precision:0.836 Recall:0.741 F1:0.786 MCC:0.636.
 
Epoch 3/8
---------------
train Loss: 0.2238
train Accuracy:0.917 Precision:0.897 Recall:0.919 F1:0.908 MCC:0.833.
val Loss: 0.5185
val Accuracy:0.826 Precision:0.810 Recall:0.794 F1:0.802 MCC:0.647.
 
Epoch 4/8
---------------
train Loss: 0.1561
train Accuracy:0.945 Precision:0.931 Recall:0.946 F1:0.938 MCC:0.889.
val Loss: 0.5869
val Accuracy:0.817 Precision:0.793 Recall:0.795 F1:0.794 MCC:0.629.
 
Epoch 5/8
---------------
train Loss: 0.1106
train Accuracy:0.962 Precision:0.951 Recall:0.963 F1:0.957 MCC:0.922.
val Loss: 0.6793
val Accuracy:0.823 Precision:0.820 Recall:0.768 F1:0.793 MCC:0.639.
 
Epoch 6/8
---------------
train Loss: 0.0895
train Accuracy:0.970 Precision:0.962 Recall:0.971 F1:0.966 MCC:0.939.
val Loss: 0.7141
val Accuracy:0.821 Precision:0.780 Recall:0.832 F1:0.805 MCC:0.642.
 
Epoch 7/8
---------------
train Loss: 0.0787
train Accuracy:0.973 Precision:0.966 Recall:0.974 F1:0.970 MCC:0.945.
val Loss: 0.8397
val Accuracy:0.820 Precision:0.842 Recall:0.731 F1:0.782 MCC:0.634.
 
Epoch 8/8
---------------
train Loss: 0.0705
train Accuracy:0.976 Precision:0.970 Recall:0.977 F1:0.973 MCC:0.952.
val Loss: 0.7371
val Accuracy:0.826 Precision:0.829 Recall:0.766 F1:0.796 MCC:0.646.
Training complete in 231m 25s
*********************************************************************
starting 5th fold cross-validation
-------------------------------------------------------
Getting statistics for dataset...
--------------------------------------------------------
folds:  [1, 2, 3, 4, 5]
class name to integer map:  {'control': 0, 'nucleotide': 1}
getting training data from following folders:  ['../../bionoi_output/binding_prob/control/fold_1', '../../bionoi_output/binding_prob/control/fold_2', '../../bionoi_output/binding_prob/control/fold_3', '../../bionoi_output/binding_prob/control/fold_4', '../../bionoi_output/binding_prob/control/fold_5', '../../bionoi_output/binding_prob/nucleotide/fold_1', '../../bionoi_output/binding_prob/nucleotide/fold_2', '../../bionoi_output/binding_prob/nucleotide/fold_3', '../../bionoi_output/binding_prob/nucleotide/fold_4', '../../bionoi_output/binding_prob/nucleotide/fold_5']
folder classes:  [0, 0, 0, 0, 0, 1, 1, 1, 1, 1]
lengths of the folders:  [18720, 18672, 18672, 18672, 18672, 14928, 14928, 14928, 14880, 14880]
mean of the dataset:  [0.53474360704422, 0.7735225558280945, 0.6519120335578918]
standard deviation of the dataset:  [0.13332517445087433, 0.12862733006477356, 0.027981696650385857]
-------------------------------------------------------
--------------------------------------------------------
generating training dataset...
folds:  [1, 2, 3, 4]
class name to integer map:  {'control': 0, 'nucleotide': 1}
getting training data from following folders:  ['../../bionoi_output/binding_prob/control/fold_1', '../../bionoi_output/binding_prob/control/fold_2', '../../bionoi_output/binding_prob/control/fold_3', '../../bionoi_output/binding_prob/control/fold_4', '../../bionoi_output/binding_prob/nucleotide/fold_1', '../../bionoi_output/binding_prob/nucleotide/fold_2', '../../bionoi_output/binding_prob/nucleotide/fold_3', '../../bionoi_output/binding_prob/nucleotide/fold_4']
folder classes:  [0, 0, 0, 0, 1, 1, 1, 1]
lengths of the folders:  [18720, 18672, 18672, 18672, 14928, 14928, 14928, 14880]
--------------------------------------------------------
generating validation dataset...
folds:  [5]
class name to integer map:  {'control': 0, 'nucleotide': 1}
getting training data from following folders:  ['../../bionoi_output/binding_prob/control/fold_5', '../../bionoi_output/binding_prob/nucleotide/fold_5']
folder classes:  [0, 1]
lengths of the folders:  [18672, 14880]
Model:  resnet18
Feature extracting: False
Using pretrained model: True
Using 2 GPUs...
optimizer:
Adam (
Parameter Group 0
    amsgrad: False
    betas: (0.9, 0.999)
    eps: 1e-08
    lr: 0.0003
    weight_decay: 0.0001
)
Not using any learning rate scheduler.
 
Epoch 1/8
---------------
train Loss: 0.4194
train Accuracy:0.832 Precision:0.792 Recall:0.841 F1:0.816 MCC:0.662.
val Loss: 0.5946
val Accuracy:0.778 Precision:0.770 Recall:0.712 F1:0.740 MCC:0.548.
 
Epoch 2/8
---------------
train Loss: 0.3004
train Accuracy:0.885 Precision:0.857 Recall:0.890 F1:0.873 MCC:0.769.
val Loss: 0.4557
val Accuracy:0.831 Precision:0.800 Recall:0.825 F1:0.812 MCC:0.659.
 
Epoch 3/8
---------------
train Loss: 0.2126
train Accuracy:0.921 Precision:0.901 Recall:0.923 F1:0.912 MCC:0.841.
val Loss: 0.5986
val Accuracy:0.818 Precision:0.855 Recall:0.710 F1:0.775 MCC:0.632.
 
Epoch 4/8
---------------
train Loss: 0.1439
train Accuracy:0.949 Precision:0.937 Recall:0.949 F1:0.943 MCC:0.897.
val Loss: 0.5835
val Accuracy:0.800 Precision:0.747 Recall:0.831 F1:0.787 MCC:0.603.
 
Epoch 5/8
---------------
train Loss: 0.1072
train Accuracy:0.963 Precision:0.954 Recall:0.963 F1:0.959 MCC:0.926.
val Loss: 0.7290
val Accuracy:0.813 Precision:0.772 Recall:0.820 F1:0.795 MCC:0.624.
 
Epoch 6/8
---------------
train Loss: 0.0866
train Accuracy:0.970 Precision:0.963 Recall:0.971 F1:0.967 MCC:0.940.
val Loss: 0.7181
val Accuracy:0.811 Precision:0.774 Recall:0.810 F1:0.792 MCC:0.619.
 
Epoch 7/8
---------------
train Loss: 0.0748
train Accuracy:0.975 Precision:0.968 Recall:0.975 F1:0.972 MCC:0.949.
val Loss: 0.7597
val Accuracy:0.807 Precision:0.804 Recall:0.748 F1:0.775 MCC:0.608.
 
Epoch 8/8
---------------
train Loss: 0.0665
train Accuracy:0.978 Precision:0.972 Recall:0.978 F1:0.975 MCC:0.955.
val Loss: 0.7465
val Accuracy:0.821 Precision:0.792 Recall:0.810 F1:0.801 MCC:0.639.
Training complete in 231m 9s
------------------------------------
metrics for each fold when validation loss reaches minimum:
[{'loss': 0.4378039897253442, 'acc': 0.8118758915834522, 'precision': 0.7458819492107069, 'recall': 0.8735932475884244, 'mcc': 0.6326872793352455}, {'loss': 0.3909068612683387, 'acc': 0.8490178571428572, 'precision': 0.8100811780252973, 'recall': 0.8623392282958199, 'mcc': 0.6973646922321322}, {'loss': 0.3771669622191361, 'acc': 0.8521726190476191, 'precision': 0.8347785171741614, 'recall': 0.8319265809217578, 'mcc': 0.7005288757316376}, {'loss': 0.43575608606672767, 'acc': 0.8237064854554125, 'precision': 0.7874318691888426, 'recall': 0.8252688172043011, 'mcc': 0.6451808797621376}, {'loss': 0.45565760993337884, 'acc': 0.8309191702432046, 'precision': 0.8001173479366321, 'recall': 0.8247983870967742, 'mcc': 0.6587840842391813}]
Averge metrics over 5 folds:
average loss:  0.4194583018425851
average accuracy:  0.8335384046945091
average precision:  0.795658172307128
average recall:  0.8435852522214156
average mcc:  0.6669091622600669
cross-validation finished, end of program
