data directory: ../../bionoi_output/charge/
batch size: 32
performing control_vs_heme cross-validation task.
Current device: cuda:0
*********************************************************************
starting 1th fold cross-validation
-------------------------------------------------------
Getting statistics for dataset...
--------------------------------------------------------
folds:  [1, 2, 3, 4, 5]
class name to integer map:  {'control': 0, 'heme': 1}
getting training data from following folders:  ['../../bionoi_output/charge/control/fold_1', '../../bionoi_output/charge/control/fold_2', '../../bionoi_output/charge/control/fold_3', '../../bionoi_output/charge/control/fold_4', '../../bionoi_output/charge/control/fold_5', '../../bionoi_output/charge/heme/fold_1', '../../bionoi_output/charge/heme/fold_2', '../../bionoi_output/charge/heme/fold_3', '../../bionoi_output/charge/heme/fold_4', '../../bionoi_output/charge/heme/fold_5']
folder classes:  [0, 0, 0, 0, 0, 1, 1, 1, 1, 1]
lengths of the folders:  [18720, 18672, 18672, 18672, 18672, 5760, 5712, 5712, 5712, 5712]
mean of the dataset:  [0.7630475759506226, 0.6514990925788879, 0.544958233833313]
standard deviation of the dataset:  [0.1590789258480072, 0.02840588241815567, 0.1592293232679367]
-------------------------------------------------------
--------------------------------------------------------
generating training dataset...
folds:  [2, 3, 4, 5]
class name to integer map:  {'control': 0, 'heme': 1}
getting training data from following folders:  ['../../bionoi_output/charge/control/fold_2', '../../bionoi_output/charge/control/fold_3', '../../bionoi_output/charge/control/fold_4', '../../bionoi_output/charge/control/fold_5', '../../bionoi_output/charge/heme/fold_2', '../../bionoi_output/charge/heme/fold_3', '../../bionoi_output/charge/heme/fold_4', '../../bionoi_output/charge/heme/fold_5']
folder classes:  [0, 0, 0, 0, 1, 1, 1, 1]
lengths of the folders:  [18672, 18672, 18672, 18672, 5712, 5712, 5712, 5712]
--------------------------------------------------------
generating validation dataset...
folds:  [1]
class name to integer map:  {'control': 0, 'heme': 1}
getting training data from following folders:  ['../../bionoi_output/charge/control/fold_1', '../../bionoi_output/charge/heme/fold_1']
folder classes:  [0, 1]
lengths of the folders:  [18720, 5760]
Model:  resnet18
Feature extracting: False
Using pretrained model: True
Using 2 GPUs...
optimizer:
Adam (
Parameter Group 0
    amsgrad: False
    betas: (0.9, 0.999)
    eps: 1e-08
    lr: 0.0003
    weight_decay: 0.0003
)
Not using any learning rate scheduler.
 
Epoch 1/8
---------------
train Loss: 0.4875
train Accuracy:0.868 Precision:0.666 Recall:0.875 F1:0.756 MCC:0.680.
val Loss: 0.7967
val Accuracy:0.818 Precision:0.591 Recall:0.735 F1:0.655 MCC:0.539.
 
Epoch 2/8
---------------
train Loss: 0.3192
train Accuracy:0.917 Precision:0.769 Recall:0.923 F1:0.839 MCC:0.790.
val Loss: 0.8036
val Accuracy:0.856 Precision:0.684 Recall:0.724 F1:0.703 MCC:0.609.
 
Epoch 3/8
---------------
train Loss: 0.2286
train Accuracy:0.941 Precision:0.827 Recall:0.946 F1:0.882 MCC:0.847.
val Loss: 1.0370
val Accuracy:0.815 Precision:0.581 Recall:0.759 F1:0.658 MCC:0.543.
 
Epoch 4/8
---------------
train Loss: 0.1683
train Accuracy:0.957 Precision:0.870 Recall:0.961 F1:0.913 MCC:0.887.
val Loss: 1.0849
val Accuracy:0.862 Precision:0.720 Recall:0.677 F1:0.698 MCC:0.609.
 
Epoch 5/8
---------------
train Loss: 0.1256
train Accuracy:0.968 Precision:0.899 Recall:0.972 F1:0.934 MCC:0.914.
val Loss: 1.2217
val Accuracy:0.850 Precision:0.683 Recall:0.674 F1:0.678 MCC:0.580.
 
Epoch 6/8
---------------
train Loss: 0.1110
train Accuracy:0.972 Precision:0.912 Recall:0.975 F1:0.942 MCC:0.925.
val Loss: 1.2853
val Accuracy:0.852 Precision:0.709 Recall:0.627 F1:0.665 MCC:0.572.
 
Epoch 7/8
---------------
train Loss: 0.0937
train Accuracy:0.977 Precision:0.925 Recall:0.980 F1:0.951 MCC:0.937.
val Loss: 1.7831
val Accuracy:0.860 Precision:0.776 Recall:0.571 F1:0.658 MCC:0.583.
 
Epoch 8/8
---------------
train Loss: 0.0821
train Accuracy:0.980 Precision:0.935 Recall:0.982 F1:0.958 MCC:0.945.
val Loss: 1.2419
val Accuracy:0.852 Precision:0.679 Recall:0.703 F1:0.691 MCC:0.594.
Training complete in 167m 42s
*********************************************************************
starting 2th fold cross-validation
-------------------------------------------------------
Getting statistics for dataset...
--------------------------------------------------------
folds:  [1, 2, 3, 4, 5]
class name to integer map:  {'control': 0, 'heme': 1}
getting training data from following folders:  ['../../bionoi_output/charge/control/fold_1', '../../bionoi_output/charge/control/fold_2', '../../bionoi_output/charge/control/fold_3', '../../bionoi_output/charge/control/fold_4', '../../bionoi_output/charge/control/fold_5', '../../bionoi_output/charge/heme/fold_1', '../../bionoi_output/charge/heme/fold_2', '../../bionoi_output/charge/heme/fold_3', '../../bionoi_output/charge/heme/fold_4', '../../bionoi_output/charge/heme/fold_5']
folder classes:  [0, 0, 0, 0, 0, 1, 1, 1, 1, 1]
lengths of the folders:  [18720, 18672, 18672, 18672, 18672, 5760, 5712, 5712, 5712, 5712]
mean of the dataset:  [0.7630475759506226, 0.6514990925788879, 0.544958233833313]
standard deviation of the dataset:  [0.1590789258480072, 0.02840588241815567, 0.1592293232679367]
-------------------------------------------------------
--------------------------------------------------------
generating training dataset...
folds:  [1, 3, 4, 5]
class name to integer map:  {'control': 0, 'heme': 1}
getting training data from following folders:  ['../../bionoi_output/charge/control/fold_1', '../../bionoi_output/charge/control/fold_3', '../../bionoi_output/charge/control/fold_4', '../../bionoi_output/charge/control/fold_5', '../../bionoi_output/charge/heme/fold_1', '../../bionoi_output/charge/heme/fold_3', '../../bionoi_output/charge/heme/fold_4', '../../bionoi_output/charge/heme/fold_5']
folder classes:  [0, 0, 0, 0, 1, 1, 1, 1]
lengths of the folders:  [18720, 18672, 18672, 18672, 5760, 5712, 5712, 5712]
--------------------------------------------------------
generating validation dataset...
folds:  [2]
class name to integer map:  {'control': 0, 'heme': 1}
getting training data from following folders:  ['../../bionoi_output/charge/control/fold_2', '../../bionoi_output/charge/heme/fold_2']
folder classes:  [0, 1]
lengths of the folders:  [18672, 5712]
Model:  resnet18
Feature extracting: False
Using pretrained model: True
Using 2 GPUs...
optimizer:
Adam (
Parameter Group 0
    amsgrad: False
    betas: (0.9, 0.999)
    eps: 1e-08
    lr: 0.0003
    weight_decay: 0.0003
)
Not using any learning rate scheduler.
 
Epoch 1/8
---------------
train Loss: 0.5332
train Accuracy:0.852 Precision:0.636 Recall:0.861 F1:0.732 MCC:0.646.
val Loss: 0.4980
val Accuracy:0.866 Precision:0.660 Recall:0.885 F1:0.756 MCC:0.680.
 
Epoch 2/8
---------------
train Loss: 0.3692
train Accuracy:0.901 Precision:0.732 Recall:0.911 F1:0.812 MCC:0.754.
val Loss: 0.5673
val Accuracy:0.893 Precision:0.779 Recall:0.761 F1:0.770 MCC:0.701.
 
Epoch 3/8
---------------
train Loss: 0.2730
train Accuracy:0.927 Precision:0.790 Recall:0.937 F1:0.857 MCC:0.814.
val Loss: 0.6165
val Accuracy:0.831 Precision:0.591 Recall:0.899 F1:0.713 MCC:0.627.
 
Epoch 4/8
---------------
train Loss: 0.1991
train Accuracy:0.947 Precision:0.840 Recall:0.956 F1:0.894 MCC:0.862.
val Loss: 0.5781
val Accuracy:0.889 Precision:0.730 Recall:0.834 F1:0.779 MCC:0.708.
 
Epoch 5/8
---------------
train Loss: 0.1541
train Accuracy:0.960 Precision:0.875 Recall:0.968 F1:0.919 MCC:0.895.
val Loss: 1.1024
val Accuracy:0.876 Precision:0.853 Recall:0.567 F1:0.682 MCC:0.628.
 
Epoch 6/8
---------------
train Loss: 0.1269
train Accuracy:0.968 Precision:0.898 Recall:0.972 F1:0.934 MCC:0.914.
val Loss: 0.8892
val Accuracy:0.897 Precision:0.750 Recall:0.838 F1:0.792 MCC:0.725.
 
Epoch 7/8
---------------
train Loss: 0.1099
train Accuracy:0.972 Precision:0.911 Recall:0.977 F1:0.942 MCC:0.925.
val Loss: 0.6702
val Accuracy:0.865 Precision:0.651 Recall:0.910 F1:0.759 MCC:0.687.
 
Epoch 8/8
---------------
train Loss: 0.0965
train Accuracy:0.976 Precision:0.922 Recall:0.980 F1:0.950 MCC:0.935.
val Loss: 0.7345
val Accuracy:0.824 Precision:0.579 Recall:0.920 F1:0.711 MCC:0.626.
Training complete in 167m 48s
*********************************************************************
starting 3th fold cross-validation
-------------------------------------------------------
Getting statistics for dataset...
--------------------------------------------------------
folds:  [1, 2, 3, 4, 5]
class name to integer map:  {'control': 0, 'heme': 1}
getting training data from following folders:  ['../../bionoi_output/charge/control/fold_1', '../../bionoi_output/charge/control/fold_2', '../../bionoi_output/charge/control/fold_3', '../../bionoi_output/charge/control/fold_4', '../../bionoi_output/charge/control/fold_5', '../../bionoi_output/charge/heme/fold_1', '../../bionoi_output/charge/heme/fold_2', '../../bionoi_output/charge/heme/fold_3', '../../bionoi_output/charge/heme/fold_4', '../../bionoi_output/charge/heme/fold_5']
folder classes:  [0, 0, 0, 0, 0, 1, 1, 1, 1, 1]
lengths of the folders:  [18720, 18672, 18672, 18672, 18672, 5760, 5712, 5712, 5712, 5712]
mean of the dataset:  [0.7630475759506226, 0.6514990925788879, 0.544958233833313]
standard deviation of the dataset:  [0.1590789258480072, 0.02840588241815567, 0.1592293232679367]
-------------------------------------------------------
--------------------------------------------------------
generating training dataset...
folds:  [1, 2, 4, 5]
class name to integer map:  {'control': 0, 'heme': 1}
getting training data from following folders:  ['../../bionoi_output/charge/control/fold_1', '../../bionoi_output/charge/control/fold_2', '../../bionoi_output/charge/control/fold_4', '../../bionoi_output/charge/control/fold_5', '../../bionoi_output/charge/heme/fold_1', '../../bionoi_output/charge/heme/fold_2', '../../bionoi_output/charge/heme/fold_4', '../../bionoi_output/charge/heme/fold_5']
folder classes:  [0, 0, 0, 0, 1, 1, 1, 1]
lengths of the folders:  [18720, 18672, 18672, 18672, 5760, 5712, 5712, 5712]
--------------------------------------------------------
generating validation dataset...
folds:  [3]
class name to integer map:  {'control': 0, 'heme': 1}
getting training data from following folders:  ['../../bionoi_output/charge/control/fold_3', '../../bionoi_output/charge/heme/fold_3']
folder classes:  [0, 1]
lengths of the folders:  [18672, 5712]
Model:  resnet18
Feature extracting: False
Using pretrained model: True
Using 2 GPUs...
optimizer:
Adam (
Parameter Group 0
    amsgrad: False
    betas: (0.9, 0.999)
    eps: 1e-08
    lr: 0.0003
    weight_decay: 0.0003
)
Not using any learning rate scheduler.
 
Epoch 1/8
---------------
train Loss: 0.5578
train Accuracy:0.845 Precision:0.625 Recall:0.853 F1:0.721 MCC:0.632.
val Loss: 0.8584
val Accuracy:0.702 Precision:0.438 Recall:0.970 F1:0.604 MCC:0.500.
 
Epoch 2/8
---------------
train Loss: 0.3906
train Accuracy:0.894 Precision:0.718 Recall:0.904 F1:0.801 MCC:0.739.
val Loss: 0.4755
val Accuracy:0.874 Precision:0.665 Recall:0.929 F1:0.775 MCC:0.710.
 
Epoch 3/8
---------------
train Loss: 0.2813
train Accuracy:0.926 Precision:0.789 Recall:0.935 F1:0.855 MCC:0.811.
val Loss: 0.4727
val Accuracy:0.878 Precision:0.674 Recall:0.927 F1:0.780 MCC:0.716.
 
Epoch 4/8
---------------
train Loss: 0.1997
train Accuracy:0.948 Precision:0.844 Recall:0.954 F1:0.896 MCC:0.864.
val Loss: 0.5303
val Accuracy:0.936 Precision:0.853 Recall:0.876 F1:0.864 MCC:0.822.
 
Epoch 5/8
---------------
train Loss: 0.1500
train Accuracy:0.961 Precision:0.881 Recall:0.965 F1:0.921 MCC:0.897.
val Loss: 0.4655
val Accuracy:0.923 Precision:0.828 Recall:0.847 F1:0.838 MCC:0.787.
 
Epoch 6/8
---------------
train Loss: 0.1227
train Accuracy:0.968 Precision:0.901 Recall:0.971 F1:0.935 MCC:0.915.
val Loss: 0.5725
val Accuracy:0.904 Precision:0.747 Recall:0.894 F1:0.814 MCC:0.756.
 
Epoch 7/8
---------------
train Loss: 0.1091
train Accuracy:0.972 Precision:0.914 Recall:0.975 F1:0.943 MCC:0.926.
val Loss: 0.5289
val Accuracy:0.932 Precision:0.834 Recall:0.884 F1:0.859 MCC:0.814.
 
Epoch 8/8
---------------
train Loss: 0.0924
train Accuracy:0.977 Precision:0.928 Recall:0.979 F1:0.953 MCC:0.938.
val Loss: 0.6549
val Accuracy:0.939 Precision:0.875 Recall:0.862 F1:0.868 MCC:0.828.
Training complete in 167m 39s
*********************************************************************
starting 4th fold cross-validation
-------------------------------------------------------
Getting statistics for dataset...
--------------------------------------------------------
folds:  [1, 2, 3, 4, 5]
class name to integer map:  {'control': 0, 'heme': 1}
getting training data from following folders:  ['../../bionoi_output/charge/control/fold_1', '../../bionoi_output/charge/control/fold_2', '../../bionoi_output/charge/control/fold_3', '../../bionoi_output/charge/control/fold_4', '../../bionoi_output/charge/control/fold_5', '../../bionoi_output/charge/heme/fold_1', '../../bionoi_output/charge/heme/fold_2', '../../bionoi_output/charge/heme/fold_3', '../../bionoi_output/charge/heme/fold_4', '../../bionoi_output/charge/heme/fold_5']
folder classes:  [0, 0, 0, 0, 0, 1, 1, 1, 1, 1]
lengths of the folders:  [18720, 18672, 18672, 18672, 18672, 5760, 5712, 5712, 5712, 5712]
mean of the dataset:  [0.7630475759506226, 0.6514990925788879, 0.544958233833313]
standard deviation of the dataset:  [0.1590789258480072, 0.02840588241815567, 0.1592293232679367]
-------------------------------------------------------
--------------------------------------------------------
generating training dataset...
folds:  [1, 2, 3, 5]
class name to integer map:  {'control': 0, 'heme': 1}
getting training data from following folders:  ['../../bionoi_output/charge/control/fold_1', '../../bionoi_output/charge/control/fold_2', '../../bionoi_output/charge/control/fold_3', '../../bionoi_output/charge/control/fold_5', '../../bionoi_output/charge/heme/fold_1', '../../bionoi_output/charge/heme/fold_2', '../../bionoi_output/charge/heme/fold_3', '../../bionoi_output/charge/heme/fold_5']
folder classes:  [0, 0, 0, 0, 1, 1, 1, 1]
lengths of the folders:  [18720, 18672, 18672, 18672, 5760, 5712, 5712, 5712]
--------------------------------------------------------
generating validation dataset...
folds:  [4]
class name to integer map:  {'control': 0, 'heme': 1}
getting training data from following folders:  ['../../bionoi_output/charge/control/fold_4', '../../bionoi_output/charge/heme/fold_4']
folder classes:  [0, 1]
lengths of the folders:  [18672, 5712]
Model:  resnet18
Feature extracting: False
Using pretrained model: True
Using 2 GPUs...
optimizer:
Adam (
Parameter Group 0
    amsgrad: False
    betas: (0.9, 0.999)
    eps: 1e-08
    lr: 0.0003
    weight_decay: 0.0003
)
Not using any learning rate scheduler.
 
Epoch 1/8
---------------
train Loss: 0.5511
train Accuracy:0.849 Precision:0.631 Recall:0.856 F1:0.726 MCC:0.639.
val Loss: 0.7178
val Accuracy:0.773 Precision:0.509 Recall:0.875 F1:0.644 MCC:0.533.
 
Epoch 2/8
---------------
train Loss: 0.3856
train Accuracy:0.896 Precision:0.722 Recall:0.908 F1:0.805 MCC:0.744.
val Loss: 0.5964
val Accuracy:0.803 Precision:0.545 Recall:0.950 F1:0.693 MCC:0.610.
 
Epoch 3/8
---------------
train Loss: 0.2774
train Accuracy:0.925 Precision:0.786 Recall:0.937 F1:0.855 MCC:0.811.
val Loss: 0.7878
val Accuracy:0.890 Precision:0.828 Recall:0.670 F1:0.741 MCC:0.678.
 
Epoch 4/8
---------------
train Loss: 0.2058
train Accuracy:0.946 Precision:0.836 Recall:0.955 F1:0.892 MCC:0.859.
val Loss: 0.4655
val Accuracy:0.908 Precision:0.765 Recall:0.874 F1:0.816 MCC:0.758.
 
Epoch 5/8
---------------
train Loss: 0.1550
train Accuracy:0.960 Precision:0.877 Recall:0.966 F1:0.920 MCC:0.895.
val Loss: 0.6661
val Accuracy:0.903 Precision:0.761 Recall:0.856 F1:0.806 MCC:0.744.
 
Epoch 6/8
---------------
train Loss: 0.1290
train Accuracy:0.967 Precision:0.895 Recall:0.971 F1:0.932 MCC:0.911.
val Loss: 0.6985
val Accuracy:0.901 Precision:0.785 Recall:0.798 F1:0.791 MCC:0.727.
 
Epoch 7/8
---------------
train Loss: 0.1108
train Accuracy:0.972 Precision:0.911 Recall:0.975 F1:0.942 MCC:0.924.
val Loss: 0.6184
val Accuracy:0.901 Precision:0.785 Recall:0.797 F1:0.791 MCC:0.727.
 
Epoch 8/8
---------------
train Loss: 0.0991
train Accuracy:0.975 Precision:0.921 Recall:0.979 F1:0.949 MCC:0.934.
val Loss: 0.5976
val Accuracy:0.911 Precision:0.767 Recall:0.893 F1:0.825 MCC:0.770.
Training complete in 167m 42s
*********************************************************************
starting 5th fold cross-validation
-------------------------------------------------------
Getting statistics for dataset...
--------------------------------------------------------
folds:  [1, 2, 3, 4, 5]
class name to integer map:  {'control': 0, 'heme': 1}
getting training data from following folders:  ['../../bionoi_output/charge/control/fold_1', '../../bionoi_output/charge/control/fold_2', '../../bionoi_output/charge/control/fold_3', '../../bionoi_output/charge/control/fold_4', '../../bionoi_output/charge/control/fold_5', '../../bionoi_output/charge/heme/fold_1', '../../bionoi_output/charge/heme/fold_2', '../../bionoi_output/charge/heme/fold_3', '../../bionoi_output/charge/heme/fold_4', '../../bionoi_output/charge/heme/fold_5']
folder classes:  [0, 0, 0, 0, 0, 1, 1, 1, 1, 1]
lengths of the folders:  [18720, 18672, 18672, 18672, 18672, 5760, 5712, 5712, 5712, 5712]
mean of the dataset:  [0.7630475759506226, 0.6514990925788879, 0.544958233833313]
standard deviation of the dataset:  [0.1590789258480072, 0.02840588241815567, 0.1592293232679367]
-------------------------------------------------------
--------------------------------------------------------
generating training dataset...
folds:  [1, 2, 3, 4]
class name to integer map:  {'control': 0, 'heme': 1}
getting training data from following folders:  ['../../bionoi_output/charge/control/fold_1', '../../bionoi_output/charge/control/fold_2', '../../bionoi_output/charge/control/fold_3', '../../bionoi_output/charge/control/fold_4', '../../bionoi_output/charge/heme/fold_1', '../../bionoi_output/charge/heme/fold_2', '../../bionoi_output/charge/heme/fold_3', '../../bionoi_output/charge/heme/fold_4']
folder classes:  [0, 0, 0, 0, 1, 1, 1, 1]
lengths of the folders:  [18720, 18672, 18672, 18672, 5760, 5712, 5712, 5712]
--------------------------------------------------------
generating validation dataset...
folds:  [5]
class name to integer map:  {'control': 0, 'heme': 1}
getting training data from following folders:  ['../../bionoi_output/charge/control/fold_5', '../../bionoi_output/charge/heme/fold_5']
folder classes:  [0, 1]
lengths of the folders:  [18672, 5712]
Model:  resnet18
Feature extracting: False
Using pretrained model: True
Using 2 GPUs...
optimizer:
Adam (
Parameter Group 0
    amsgrad: False
    betas: (0.9, 0.999)
    eps: 1e-08
    lr: 0.0003
    weight_decay: 0.0003
)
Not using any learning rate scheduler.
 
Epoch 1/8
---------------
train Loss: 0.5247
train Accuracy:0.856 Precision:0.645 Recall:0.860 F1:0.737 MCC:0.653.
val Loss: 0.5345
val Accuracy:0.865 Precision:0.663 Recall:0.861 F1:0.749 MCC:0.670.
 
Epoch 2/8
---------------
train Loss: 0.3512
train Accuracy:0.906 Precision:0.745 Recall:0.912 F1:0.820 MCC:0.765.
val Loss: 0.5792
val Accuracy:0.891 Precision:0.739 Recall:0.828 F1:0.781 MCC:0.711.
 
Epoch 3/8
---------------
train Loss: 0.2506
train Accuracy:0.935 Precision:0.811 Recall:0.942 F1:0.872 MCC:0.833.
val Loss: 0.5707
val Accuracy:0.881 Precision:0.711 Recall:0.830 F1:0.766 MCC:0.690.
 
Epoch 4/8
---------------
train Loss: 0.1866
train Accuracy:0.952 Precision:0.854 Recall:0.957 F1:0.903 MCC:0.873.
val Loss: 0.7046
val Accuracy:0.792 Precision:0.533 Recall:0.912 F1:0.673 MCC:0.577.
 
Epoch 5/8
---------------
train Loss: 0.1419
train Accuracy:0.964 Precision:0.890 Recall:0.968 F1:0.927 MCC:0.905.
val Loss: 0.6560
val Accuracy:0.891 Precision:0.735 Recall:0.834 F1:0.781 MCC:0.711.
 
Epoch 6/8
---------------
train Loss: 0.1170
train Accuracy:0.970 Precision:0.907 Recall:0.973 F1:0.939 MCC:0.921.
val Loss: 0.6333
val Accuracy:0.864 Precision:0.656 Recall:0.886 F1:0.753 MCC:0.677.
 
Epoch 7/8
---------------
train Loss: 0.1012
train Accuracy:0.975 Precision:0.920 Recall:0.977 F1:0.948 MCC:0.932.
val Loss: 0.8070
val Accuracy:0.861 Precision:0.652 Recall:0.874 F1:0.747 MCC:0.668.
 
Epoch 8/8
---------------
train Loss: 0.0901
train Accuracy:0.978 Precision:0.931 Recall:0.980 F1:0.955 MCC:0.941.
val Loss: 0.8302
val Accuracy:0.878 Precision:0.708 Recall:0.811 F1:0.756 MCC:0.678.
Training complete in 167m 48s
------------------------------------
metrics for each fold when validation loss reaches minimum:
[{'loss': 0.7967333391600964, 'acc': 0.8177696078431372, 'precision': 0.5905731418212243, 'recall': 0.7352430555555556, 'mcc': 0.5391016848935019}, {'loss': 0.4979561721206963, 'acc': 0.8661007217847769, 'precision': 0.6596633172386793, 'recall': 0.8849789915966386, 'mcc': 0.6799747588713762}, {'loss': 0.46548307536712547, 'acc': 0.9230232939632546, 'precision': 0.8281704603799418, 'recall': 0.8471638655462185, 'mcc': 0.7872155143589848}, {'loss': 0.46554305371180604, 'acc': 0.9078083989501312, 'precision': 0.7653999387067116, 'recall': 0.8744747899159664, 'mcc': 0.7581202244020719}, {'loss': 0.5344582955668292, 'acc': 0.8650754593175853, 'precision': 0.6633837021046951, 'recall': 0.8608193277310925, 'mcc': 0.6695873739415314}]
Averge metrics over 5 folds:
average loss:  0.5520347871853107
average accuracy:  0.875955496371777
average precision:  0.7014381120502504
average recall:  0.8405360060690942
average mcc:  0.6867999112934933
cross-validation finished, end of program
