data directory: ../../bionoi_output/residue_type/
batch size: 32
performing control_vs_nucleotide cross-validation task.
Current device: cuda:0
*********************************************************************
starting 1th fold cross-validation
-------------------------------------------------------
Getting statistics for dataset...
--------------------------------------------------------
folds:  [1, 2, 3, 4, 5]
class name to integer map:  {'control': 0, 'nucleotide': 1}
getting training data from following folders:  ['../../bionoi_output/residue_type/control/fold_1', '../../bionoi_output/residue_type/control/fold_2', '../../bionoi_output/residue_type/control/fold_3', '../../bionoi_output/residue_type/control/fold_4', '../../bionoi_output/residue_type/control/fold_5', '../../bionoi_output/residue_type/nucleotide/fold_1', '../../bionoi_output/residue_type/nucleotide/fold_2', '../../bionoi_output/residue_type/nucleotide/fold_3', '../../bionoi_output/residue_type/nucleotide/fold_4', '../../bionoi_output/residue_type/nucleotide/fold_5']
folder classes:  [0, 0, 0, 0, 0, 1, 1, 1, 1, 1]
lengths of the folders:  [18720, 18672, 18672, 18672, 18672, 14928, 14928, 14928, 14880, 14880]
mean of the dataset:  [0.5944128632545471, 0.4471217393875122, 0.6721197366714478]
standard deviation of the dataset:  [0.23443077504634857, 0.19053664803504944, 0.24851182103157043]
-------------------------------------------------------
--------------------------------------------------------
generating training dataset...
folds:  [2, 3, 4, 5]
class name to integer map:  {'control': 0, 'nucleotide': 1}
getting training data from following folders:  ['../../bionoi_output/residue_type/control/fold_2', '../../bionoi_output/residue_type/control/fold_3', '../../bionoi_output/residue_type/control/fold_4', '../../bionoi_output/residue_type/control/fold_5', '../../bionoi_output/residue_type/nucleotide/fold_2', '../../bionoi_output/residue_type/nucleotide/fold_3', '../../bionoi_output/residue_type/nucleotide/fold_4', '../../bionoi_output/residue_type/nucleotide/fold_5']
folder classes:  [0, 0, 0, 0, 1, 1, 1, 1]
lengths of the folders:  [18672, 18672, 18672, 18672, 14928, 14928, 14880, 14880]
--------------------------------------------------------
generating validation dataset...
folds:  [1]
class name to integer map:  {'control': 0, 'nucleotide': 1}
getting training data from following folders:  ['../../bionoi_output/residue_type/control/fold_1', '../../bionoi_output/residue_type/nucleotide/fold_1']
folder classes:  [0, 1]
lengths of the folders:  [18720, 14928]
Model:  resnet18
Feature extracting: False
Using pretrained model: True
Using 2 GPUs...
optimizer:
Adam (
Parameter Group 0
    amsgrad: False
    betas: (0.9, 0.999)
    eps: 1e-08
    lr: 0.0003
    weight_decay: 0.0001
)
Not using any learning rate scheduler.
 
Epoch 1/8
---------------
train Loss: 0.3694
train Accuracy:0.856 Precision:0.826 Recall:0.855 F1:0.840 MCC:0.709.
val Loss: 0.4330
val Accuracy:0.831 Precision:0.823 Recall:0.788 F1:0.805 MCC:0.656.
 
Epoch 2/8
---------------
train Loss: 0.2404
train Accuracy:0.912 Precision:0.895 Recall:0.908 F1:0.901 MCC:0.822.
val Loss: 0.4738
val Accuracy:0.848 Precision:0.881 Recall:0.761 F1:0.817 MCC:0.694.
 
Epoch 3/8
---------------
train Loss: 0.1535
train Accuracy:0.946 Precision:0.935 Recall:0.943 F1:0.939 MCC:0.890.
val Loss: 0.4548
val Accuracy:0.858 Precision:0.859 Recall:0.813 F1:0.835 MCC:0.711.
 
Epoch 4/8
---------------
train Loss: 0.1029
train Accuracy:0.965 Precision:0.957 Recall:0.964 F1:0.960 MCC:0.929.
val Loss: 0.5859
val Accuracy:0.848 Precision:0.845 Recall:0.803 F1:0.824 MCC:0.690.
 
Epoch 5/8
---------------
train Loss: 0.0811
train Accuracy:0.973 Precision:0.966 Recall:0.972 F1:0.969 MCC:0.944.
val Loss: 0.6905
val Accuracy:0.843 Precision:0.850 Recall:0.784 F1:0.816 MCC:0.681.
 
Epoch 6/8
---------------
train Loss: 0.0668
train Accuracy:0.978 Precision:0.972 Recall:0.977 F1:0.975 MCC:0.955.
val Loss: 0.5795
val Accuracy:0.853 Precision:0.826 Recall:0.845 F1:0.836 MCC:0.702.
 
Epoch 7/8
---------------
train Loss: 0.0593
train Accuracy:0.981 Precision:0.976 Recall:0.980 F1:0.978 MCC:0.961.
val Loss: 0.5703
val Accuracy:0.849 Precision:0.806 Recall:0.869 F1:0.836 MCC:0.698.
 
Epoch 8/8
---------------
train Loss: 0.0522
train Accuracy:0.983 Precision:0.979 Recall:0.982 F1:0.981 MCC:0.965.
val Loss: 0.6138
val Accuracy:0.860 Precision:0.846 Recall:0.835 F1:0.841 MCC:0.715.
Training complete in 231m 29s
*********************************************************************
starting 2th fold cross-validation
-------------------------------------------------------
Getting statistics for dataset...
--------------------------------------------------------
folds:  [1, 2, 3, 4, 5]
class name to integer map:  {'control': 0, 'nucleotide': 1}
getting training data from following folders:  ['../../bionoi_output/residue_type/control/fold_1', '../../bionoi_output/residue_type/control/fold_2', '../../bionoi_output/residue_type/control/fold_3', '../../bionoi_output/residue_type/control/fold_4', '../../bionoi_output/residue_type/control/fold_5', '../../bionoi_output/residue_type/nucleotide/fold_1', '../../bionoi_output/residue_type/nucleotide/fold_2', '../../bionoi_output/residue_type/nucleotide/fold_3', '../../bionoi_output/residue_type/nucleotide/fold_4', '../../bionoi_output/residue_type/nucleotide/fold_5']
folder classes:  [0, 0, 0, 0, 0, 1, 1, 1, 1, 1]
lengths of the folders:  [18720, 18672, 18672, 18672, 18672, 14928, 14928, 14928, 14880, 14880]
mean of the dataset:  [0.5944128632545471, 0.4471217393875122, 0.6721197366714478]
standard deviation of the dataset:  [0.23443077504634857, 0.19053664803504944, 0.24851182103157043]
-------------------------------------------------------
--------------------------------------------------------
generating training dataset...
folds:  [1, 3, 4, 5]
class name to integer map:  {'control': 0, 'nucleotide': 1}
getting training data from following folders:  ['../../bionoi_output/residue_type/control/fold_1', '../../bionoi_output/residue_type/control/fold_3', '../../bionoi_output/residue_type/control/fold_4', '../../bionoi_output/residue_type/control/fold_5', '../../bionoi_output/residue_type/nucleotide/fold_1', '../../bionoi_output/residue_type/nucleotide/fold_3', '../../bionoi_output/residue_type/nucleotide/fold_4', '../../bionoi_output/residue_type/nucleotide/fold_5']
folder classes:  [0, 0, 0, 0, 1, 1, 1, 1]
lengths of the folders:  [18720, 18672, 18672, 18672, 14928, 14928, 14880, 14880]
--------------------------------------------------------
generating validation dataset...
folds:  [2]
class name to integer map:  {'control': 0, 'nucleotide': 1}
getting training data from following folders:  ['../../bionoi_output/residue_type/control/fold_2', '../../bionoi_output/residue_type/nucleotide/fold_2']
folder classes:  [0, 1]
lengths of the folders:  [18672, 14928]
Model:  resnet18
Feature extracting: False
Using pretrained model: True
Using 2 GPUs...
optimizer:
Adam (
Parameter Group 0
    amsgrad: False
    betas: (0.9, 0.999)
    eps: 1e-08
    lr: 0.0003
    weight_decay: 0.0001
)
Not using any learning rate scheduler.
 
Epoch 1/8
---------------
train Loss: 0.3876
train Accuracy:0.845 Precision:0.814 Recall:0.844 F1:0.829 MCC:0.688.
val Loss: 0.5068
val Accuracy:0.822 Precision:0.827 Recall:0.758 F1:0.791 MCC:0.638.
 
Epoch 2/8
---------------
train Loss: 0.2517
train Accuracy:0.906 Precision:0.886 Recall:0.905 F1:0.896 MCC:0.811.
val Loss: 0.4020
val Accuracy:0.866 Precision:0.830 Recall:0.878 F1:0.853 MCC:0.730.
 
Epoch 3/8
---------------
train Loss: 0.1635
train Accuracy:0.942 Precision:0.928 Recall:0.941 F1:0.935 MCC:0.882.
val Loss: 0.4259
val Accuracy:0.872 Precision:0.828 Recall:0.898 F1:0.861 MCC:0.744.
 
Epoch 4/8
---------------
train Loss: 0.1121
train Accuracy:0.962 Precision:0.952 Recall:0.962 F1:0.957 MCC:0.922.
val Loss: 0.4789
val Accuracy:0.873 Precision:0.862 Recall:0.851 F1:0.857 MCC:0.743.
 
Epoch 5/8
---------------
train Loss: 0.0876
train Accuracy:0.970 Precision:0.962 Recall:0.971 F1:0.966 MCC:0.939.
val Loss: 0.5637
val Accuracy:0.844 Precision:0.775 Recall:0.914 F1:0.839 MCC:0.698.
 
Epoch 6/8
---------------
train Loss: 0.0703
train Accuracy:0.977 Precision:0.971 Recall:0.977 F1:0.974 MCC:0.953.
val Loss: 0.4999
val Accuracy:0.876 Precision:0.874 Recall:0.841 F1:0.857 MCC:0.748.
 
Epoch 7/8
---------------
train Loss: 0.0631
train Accuracy:0.979 Precision:0.974 Recall:0.979 F1:0.977 MCC:0.958.
val Loss: 0.5607
val Accuracy:0.873 Precision:0.841 Recall:0.880 F1:0.860 MCC:0.744.
 
Epoch 8/8
---------------
train Loss: 0.0565
train Accuracy:0.981 Precision:0.977 Recall:0.981 F1:0.979 MCC:0.962.
val Loss: 0.5369
val Accuracy:0.870 Precision:0.836 Recall:0.880 F1:0.858 MCC:0.739.
Training complete in 231m 6s
*********************************************************************
starting 3th fold cross-validation
-------------------------------------------------------
Getting statistics for dataset...
--------------------------------------------------------
folds:  [1, 2, 3, 4, 5]
class name to integer map:  {'control': 0, 'nucleotide': 1}
getting training data from following folders:  ['../../bionoi_output/residue_type/control/fold_1', '../../bionoi_output/residue_type/control/fold_2', '../../bionoi_output/residue_type/control/fold_3', '../../bionoi_output/residue_type/control/fold_4', '../../bionoi_output/residue_type/control/fold_5', '../../bionoi_output/residue_type/nucleotide/fold_1', '../../bionoi_output/residue_type/nucleotide/fold_2', '../../bionoi_output/residue_type/nucleotide/fold_3', '../../bionoi_output/residue_type/nucleotide/fold_4', '../../bionoi_output/residue_type/nucleotide/fold_5']
folder classes:  [0, 0, 0, 0, 0, 1, 1, 1, 1, 1]
lengths of the folders:  [18720, 18672, 18672, 18672, 18672, 14928, 14928, 14928, 14880, 14880]
mean of the dataset:  [0.5944128632545471, 0.4471217393875122, 0.6721197366714478]
standard deviation of the dataset:  [0.23443077504634857, 0.19053664803504944, 0.24851182103157043]
-------------------------------------------------------
--------------------------------------------------------
generating training dataset...
folds:  [1, 2, 4, 5]
class name to integer map:  {'control': 0, 'nucleotide': 1}
getting training data from following folders:  ['../../bionoi_output/residue_type/control/fold_1', '../../bionoi_output/residue_type/control/fold_2', '../../bionoi_output/residue_type/control/fold_4', '../../bionoi_output/residue_type/control/fold_5', '../../bionoi_output/residue_type/nucleotide/fold_1', '../../bionoi_output/residue_type/nucleotide/fold_2', '../../bionoi_output/residue_type/nucleotide/fold_4', '../../bionoi_output/residue_type/nucleotide/fold_5']
folder classes:  [0, 0, 0, 0, 1, 1, 1, 1]
lengths of the folders:  [18720, 18672, 18672, 18672, 14928, 14928, 14880, 14880]
--------------------------------------------------------
generating validation dataset...
folds:  [3]
class name to integer map:  {'control': 0, 'nucleotide': 1}
getting training data from following folders:  ['../../bionoi_output/residue_type/control/fold_3', '../../bionoi_output/residue_type/nucleotide/fold_3']
folder classes:  [0, 1]
lengths of the folders:  [18672, 14928]
Model:  resnet18
Feature extracting: False
Using pretrained model: True
Using 2 GPUs...
optimizer:
Adam (
Parameter Group 0
    amsgrad: False
    betas: (0.9, 0.999)
    eps: 1e-08
    lr: 0.0003
    weight_decay: 0.0001
)
Not using any learning rate scheduler.
 
Epoch 1/8
---------------
train Loss: 0.3762
train Accuracy:0.851 Precision:0.822 Recall:0.849 F1:0.835 MCC:0.700.
val Loss: 0.3752
val Accuracy:0.864 Precision:0.848 Recall:0.845 F1:0.846 MCC:0.724.
 
Epoch 2/8
---------------
train Loss: 0.2376
train Accuracy:0.913 Precision:0.895 Recall:0.910 F1:0.902 MCC:0.824.
val Loss: 0.3606
val Accuracy:0.877 Precision:0.897 Recall:0.817 F1:0.855 MCC:0.751.
 
Epoch 3/8
---------------
train Loss: 0.1468
train Accuracy:0.949 Precision:0.937 Recall:0.947 F1:0.942 MCC:0.896.
val Loss: 0.3687
val Accuracy:0.876 Precision:0.833 Recall:0.900 F1:0.865 MCC:0.752.
 
Epoch 4/8
---------------
train Loss: 0.0996
train Accuracy:0.966 Precision:0.958 Recall:0.965 F1:0.962 MCC:0.931.
val Loss: 0.3612
val Accuracy:0.897 Precision:0.886 Recall:0.881 F1:0.883 MCC:0.791.
 
Epoch 5/8
---------------
train Loss: 0.0798
train Accuracy:0.973 Precision:0.967 Recall:0.973 F1:0.970 MCC:0.946.
val Loss: 0.4252
val Accuracy:0.882 Precision:0.851 Recall:0.889 F1:0.870 MCC:0.762.
 
Epoch 6/8
---------------
train Loss: 0.0681
train Accuracy:0.977 Precision:0.971 Recall:0.976 F1:0.974 MCC:0.953.
val Loss: 0.4690
val Accuracy:0.884 Precision:0.856 Recall:0.888 F1:0.872 MCC:0.766.
 
Epoch 7/8
---------------
train Loss: 0.0592
train Accuracy:0.981 Precision:0.976 Recall:0.980 F1:0.978 MCC:0.961.
val Loss: 0.4527
val Accuracy:0.884 Precision:0.851 Recall:0.896 F1:0.873 MCC:0.767.
 
Epoch 8/8
---------------
train Loss: 0.0529
train Accuracy:0.983 Precision:0.978 Recall:0.983 F1:0.980 MCC:0.965.
val Loss: 0.5521
val Accuracy:0.873 Precision:0.882 Recall:0.826 F1:0.853 MCC:0.743.
Training complete in 231m 26s
*********************************************************************
starting 4th fold cross-validation
-------------------------------------------------------
Getting statistics for dataset...
--------------------------------------------------------
folds:  [1, 2, 3, 4, 5]
class name to integer map:  {'control': 0, 'nucleotide': 1}
getting training data from following folders:  ['../../bionoi_output/residue_type/control/fold_1', '../../bionoi_output/residue_type/control/fold_2', '../../bionoi_output/residue_type/control/fold_3', '../../bionoi_output/residue_type/control/fold_4', '../../bionoi_output/residue_type/control/fold_5', '../../bionoi_output/residue_type/nucleotide/fold_1', '../../bionoi_output/residue_type/nucleotide/fold_2', '../../bionoi_output/residue_type/nucleotide/fold_3', '../../bionoi_output/residue_type/nucleotide/fold_4', '../../bionoi_output/residue_type/nucleotide/fold_5']
folder classes:  [0, 0, 0, 0, 0, 1, 1, 1, 1, 1]
lengths of the folders:  [18720, 18672, 18672, 18672, 18672, 14928, 14928, 14928, 14880, 14880]
mean of the dataset:  [0.5944128632545471, 0.4471217393875122, 0.6721197366714478]
standard deviation of the dataset:  [0.23443077504634857, 0.19053664803504944, 0.24851182103157043]
-------------------------------------------------------
--------------------------------------------------------
generating training dataset...
folds:  [1, 2, 3, 5]
class name to integer map:  {'control': 0, 'nucleotide': 1}
getting training data from following folders:  ['../../bionoi_output/residue_type/control/fold_1', '../../bionoi_output/residue_type/control/fold_2', '../../bionoi_output/residue_type/control/fold_3', '../../bionoi_output/residue_type/control/fold_5', '../../bionoi_output/residue_type/nucleotide/fold_1', '../../bionoi_output/residue_type/nucleotide/fold_2', '../../bionoi_output/residue_type/nucleotide/fold_3', '../../bionoi_output/residue_type/nucleotide/fold_5']
folder classes:  [0, 0, 0, 0, 1, 1, 1, 1]
lengths of the folders:  [18720, 18672, 18672, 18672, 14928, 14928, 14928, 14880]
--------------------------------------------------------
generating validation dataset...
folds:  [4]
class name to integer map:  {'control': 0, 'nucleotide': 1}
getting training data from following folders:  ['../../bionoi_output/residue_type/control/fold_4', '../../bionoi_output/residue_type/nucleotide/fold_4']
folder classes:  [0, 1]
lengths of the folders:  [18672, 14880]
Model:  resnet18
Feature extracting: False
Using pretrained model: True
Using 2 GPUs...
optimizer:
Adam (
Parameter Group 0
    amsgrad: False
    betas: (0.9, 0.999)
    eps: 1e-08
    lr: 0.0003
    weight_decay: 0.0001
)
Not using any learning rate scheduler.
 
Epoch 1/8
---------------
train Loss: 0.3668
train Accuracy:0.856 Precision:0.828 Recall:0.854 F1:0.841 MCC:0.710.
val Loss: 0.4342
val Accuracy:0.840 Precision:0.843 Recall:0.786 F1:0.814 MCC:0.675.
 
Epoch 2/8
---------------
train Loss: 0.2273
train Accuracy:0.918 Precision:0.903 Recall:0.913 F1:0.908 MCC:0.834.
val Loss: 0.4857
val Accuracy:0.852 Precision:0.865 Recall:0.788 F1:0.825 MCC:0.699.
 
Epoch 3/8
---------------
train Loss: 0.1438
train Accuracy:0.949 Precision:0.938 Recall:0.948 F1:0.943 MCC:0.897.
val Loss: 0.6299
val Accuracy:0.839 Precision:0.882 Recall:0.735 F1:0.802 MCC:0.675.
 
Epoch 4/8
---------------
train Loss: 0.1008
train Accuracy:0.965 Precision:0.958 Recall:0.965 F1:0.961 MCC:0.930.
val Loss: 0.6214
val Accuracy:0.849 Precision:0.889 Recall:0.755 F1:0.816 MCC:0.697.
 
Epoch 5/8
---------------
train Loss: 0.0785
train Accuracy:0.974 Precision:0.968 Recall:0.973 F1:0.970 MCC:0.947.
val Loss: 0.5449
val Accuracy:0.861 Precision:0.851 Recall:0.831 F1:0.841 MCC:0.717.
 
Epoch 6/8
---------------
train Loss: 0.0670
train Accuracy:0.978 Precision:0.973 Recall:0.977 F1:0.975 MCC:0.955.
val Loss: 0.5484
val Accuracy:0.854 Precision:0.818 Recall:0.861 F1:0.839 MCC:0.706.
 
Epoch 7/8
---------------
train Loss: 0.0587
train Accuracy:0.981 Precision:0.976 Recall:0.980 F1:0.978 MCC:0.961.
val Loss: 0.5863
val Accuracy:0.857 Precision:0.859 Recall:0.810 F1:0.834 MCC:0.709.
 
Epoch 8/8
---------------
train Loss: 0.0520
train Accuracy:0.983 Precision:0.979 Recall:0.983 F1:0.981 MCC:0.966.
val Loss: 0.6704
val Accuracy:0.844 Precision:0.825 Recall:0.823 F1:0.824 MCC:0.684.
Training complete in 231m 34s
*********************************************************************
starting 5th fold cross-validation
-------------------------------------------------------
Getting statistics for dataset...
--------------------------------------------------------
folds:  [1, 2, 3, 4, 5]
class name to integer map:  {'control': 0, 'nucleotide': 1}
getting training data from following folders:  ['../../bionoi_output/residue_type/control/fold_1', '../../bionoi_output/residue_type/control/fold_2', '../../bionoi_output/residue_type/control/fold_3', '../../bionoi_output/residue_type/control/fold_4', '../../bionoi_output/residue_type/control/fold_5', '../../bionoi_output/residue_type/nucleotide/fold_1', '../../bionoi_output/residue_type/nucleotide/fold_2', '../../bionoi_output/residue_type/nucleotide/fold_3', '../../bionoi_output/residue_type/nucleotide/fold_4', '../../bionoi_output/residue_type/nucleotide/fold_5']
folder classes:  [0, 0, 0, 0, 0, 1, 1, 1, 1, 1]
lengths of the folders:  [18720, 18672, 18672, 18672, 18672, 14928, 14928, 14928, 14880, 14880]
mean of the dataset:  [0.5944128632545471, 0.4471217393875122, 0.6721197366714478]
standard deviation of the dataset:  [0.23443077504634857, 0.19053664803504944, 0.24851182103157043]
-------------------------------------------------------
--------------------------------------------------------
generating training dataset...
folds:  [1, 2, 3, 4]
class name to integer map:  {'control': 0, 'nucleotide': 1}
getting training data from following folders:  ['../../bionoi_output/residue_type/control/fold_1', '../../bionoi_output/residue_type/control/fold_2', '../../bionoi_output/residue_type/control/fold_3', '../../bionoi_output/residue_type/control/fold_4', '../../bionoi_output/residue_type/nucleotide/fold_1', '../../bionoi_output/residue_type/nucleotide/fold_2', '../../bionoi_output/residue_type/nucleotide/fold_3', '../../bionoi_output/residue_type/nucleotide/fold_4']
folder classes:  [0, 0, 0, 0, 1, 1, 1, 1]
lengths of the folders:  [18720, 18672, 18672, 18672, 14928, 14928, 14928, 14880]
--------------------------------------------------------
generating validation dataset...
folds:  [5]
class name to integer map:  {'control': 0, 'nucleotide': 1}
getting training data from following folders:  ['../../bionoi_output/residue_type/control/fold_5', '../../bionoi_output/residue_type/nucleotide/fold_5']
folder classes:  [0, 1]
lengths of the folders:  [18672, 14880]
Model:  resnet18
Feature extracting: False
Using pretrained model: True
Using 2 GPUs...
optimizer:
Adam (
Parameter Group 0
    amsgrad: False
    betas: (0.9, 0.999)
    eps: 1e-08
    lr: 0.0003
    weight_decay: 0.0001
)
Not using any learning rate scheduler.
 
Epoch 1/8
---------------
train Loss: 0.3604
train Accuracy:0.861 Precision:0.832 Recall:0.859 F1:0.845 MCC:0.719.
val Loss: 0.4799
val Accuracy:0.833 Precision:0.773 Recall:0.884 F1:0.825 MCC:0.672.
 
Epoch 2/8
---------------
train Loss: 0.2256
train Accuracy:0.918 Precision:0.901 Recall:0.915 F1:0.908 MCC:0.833.
val Loss: 0.5869
val Accuracy:0.825 Precision:0.790 Recall:0.824 F1:0.807 MCC:0.648.
 
Epoch 3/8
---------------
train Loss: 0.1453
train Accuracy:0.949 Precision:0.938 Recall:0.949 F1:0.943 MCC:0.898.
val Loss: 0.6652
val Accuracy:0.841 Precision:0.889 Recall:0.733 F1:0.804 MCC:0.681.
 
Epoch 4/8
---------------
train Loss: 0.1006
train Accuracy:0.965 Precision:0.957 Recall:0.964 F1:0.961 MCC:0.929.
val Loss: 0.6378
val Accuracy:0.834 Precision:0.790 Recall:0.853 F1:0.820 MCC:0.669.
 
Epoch 5/8
---------------
train Loss: 0.0768
train Accuracy:0.974 Precision:0.968 Recall:0.974 F1:0.971 MCC:0.948.
val Loss: 0.6634
val Accuracy:0.842 Precision:0.827 Recall:0.815 F1:0.821 MCC:0.680.
 
Epoch 6/8
---------------
train Loss: 0.0655
train Accuracy:0.978 Precision:0.973 Recall:0.978 F1:0.976 MCC:0.956.
val Loss: 0.6959
val Accuracy:0.842 Precision:0.828 Recall:0.813 F1:0.821 MCC:0.680.
 
Epoch 7/8
---------------
train Loss: 0.0580
train Accuracy:0.981 Precision:0.976 Recall:0.980 F1:0.978 MCC:0.961.
val Loss: 0.6880
val Accuracy:0.838 Precision:0.792 Recall:0.862 F1:0.825 MCC:0.678.
 
Epoch 8/8
---------------
train Loss: 0.0519
train Accuracy:0.983 Precision:0.978 Recall:0.983 F1:0.981 MCC:0.966.
val Loss: 0.6973
val Accuracy:0.845 Precision:0.808 Recall:0.853 F1:0.830 MCC:0.689.
Training complete in 231m 36s
------------------------------------
metrics for each fold when validation loss reaches minimum:
[{'loss': 0.43297117653768286, 'acc': 0.8308963385639563, 'precision': 0.8229618235211859, 'recall': 0.7884512325830654, 'mcc': 0.6564512662544167}, {'loss': 0.4019778120641907, 'acc': 0.865625, 'precision': 0.8296296296296296, 'recall': 0.8778135048231511, 'mcc': 0.7304329847164233}, {'loss': 0.3606239607539915, 'acc': 0.8769642857142858, 'precision': 0.8968382352941177, 'recall': 0.8170551982851019, 'mcc': 0.7510459174729712}, {'loss': 0.4342133954742947, 'acc': 0.8401883643299952, 'precision': 0.8430651672433679, 'recall': 0.7859543010752689, 'mcc': 0.6752681237227337}, {'loss': 0.4798673821749094, 'acc': 0.8331545064377682, 'precision': 0.7727112469150311, 'recall': 0.883736559139785, 'mcc': 0.6723164722301647}]
Averge metrics over 5 folds:
average loss:  0.42193074540101383
average accuracy:  0.8493656990092011
average precision:  0.8330412205206663
average recall:  0.8306021591812744
average mcc:  0.697102952879342
cross-validation finished, end of program
