data directory: ../../bionoi_output/hydrophobicity/
batch size: 32
performing control_vs_nucleotide cross-validation task.
Current device: cuda:0
*********************************************************************
starting 1th fold cross-validation
-------------------------------------------------------
Getting statistics for dataset...
--------------------------------------------------------
folds:  [1, 2, 3, 4, 5]
class name to integer map:  {'control': 0, 'nucleotide': 1}
getting training data from following folders:  ['../../bionoi_output/hydrophobicity/control/fold_1', '../../bionoi_output/hydrophobicity/control/fold_2', '../../bionoi_output/hydrophobicity/control/fold_3', '../../bionoi_output/hydrophobicity/control/fold_4', '../../bionoi_output/hydrophobicity/control/fold_5', '../../bionoi_output/hydrophobicity/nucleotide/fold_1', '../../bionoi_output/hydrophobicity/nucleotide/fold_2', '../../bionoi_output/hydrophobicity/nucleotide/fold_3', '../../bionoi_output/hydrophobicity/nucleotide/fold_4', '../../bionoi_output/hydrophobicity/nucleotide/fold_5']
folder classes:  [0, 0, 0, 0, 0, 1, 1, 1, 1, 1]
lengths of the folders:  [18720, 18672, 18672, 18672, 18672, 14928, 14928, 14928, 14880, 14880]
mean of the dataset:  [0.7100328207015991, 0.5989740490913391, 0.5989740490913391]
standard deviation of the dataset:  [0.2106335610151291, 0.2124953716993332, 0.2124953716993332]
-------------------------------------------------------
--------------------------------------------------------
generating training dataset...
folds:  [2, 3, 4, 5]
class name to integer map:  {'control': 0, 'nucleotide': 1}
getting training data from following folders:  ['../../bionoi_output/hydrophobicity/control/fold_2', '../../bionoi_output/hydrophobicity/control/fold_3', '../../bionoi_output/hydrophobicity/control/fold_4', '../../bionoi_output/hydrophobicity/control/fold_5', '../../bionoi_output/hydrophobicity/nucleotide/fold_2', '../../bionoi_output/hydrophobicity/nucleotide/fold_3', '../../bionoi_output/hydrophobicity/nucleotide/fold_4', '../../bionoi_output/hydrophobicity/nucleotide/fold_5']
folder classes:  [0, 0, 0, 0, 1, 1, 1, 1]
lengths of the folders:  [18672, 18672, 18672, 18672, 14928, 14928, 14880, 14880]
--------------------------------------------------------
generating validation dataset...
folds:  [1]
class name to integer map:  {'control': 0, 'nucleotide': 1}
getting training data from following folders:  ['../../bionoi_output/hydrophobicity/control/fold_1', '../../bionoi_output/hydrophobicity/nucleotide/fold_1']
folder classes:  [0, 1]
lengths of the folders:  [18720, 14928]
Model:  resnet18
Feature extracting: False
Using pretrained model: True
Using 2 GPUs...
optimizer:
Adam (
Parameter Group 0
    amsgrad: False
    betas: (0.9, 0.999)
    eps: 1e-08
    lr: 0.0003
    weight_decay: 0.0001
)
Not using any learning rate scheduler.
 
Epoch 1/8
---------------
train Loss: 0.4354
train Accuracy:0.824 Precision:0.789 Recall:0.825 F1:0.806 MCC:0.646.
val Loss: 0.4591
val Accuracy:0.813 Precision:0.800 Recall:0.773 F1:0.786 MCC:0.621.
 
Epoch 2/8
---------------
train Loss: 0.3114
train Accuracy:0.882 Precision:0.858 Recall:0.879 F1:0.868 MCC:0.761.
val Loss: 0.6631
val Accuracy:0.775 Precision:0.920 Recall:0.540 F1:0.680 MCC:0.568.
 
Epoch 3/8
---------------
train Loss: 0.2205
train Accuracy:0.920 Precision:0.904 Recall:0.916 F1:0.910 MCC:0.838.
val Loss: 0.5050
val Accuracy:0.841 Precision:0.874 Recall:0.749 F1:0.807 MCC:0.679.
 
Epoch 4/8
---------------
train Loss: 0.1485
train Accuracy:0.948 Precision:0.938 Recall:0.946 F1:0.942 MCC:0.895.
val Loss: 0.4746
val Accuracy:0.849 Precision:0.814 Recall:0.856 F1:0.834 MCC:0.697.
 
Epoch 5/8
---------------
train Loss: 0.1072
train Accuracy:0.964 Precision:0.955 Recall:0.963 F1:0.959 MCC:0.926.
val Loss: 0.6221
val Accuracy:0.832 Precision:0.857 Recall:0.745 F1:0.797 MCC:0.659.
 
Epoch 6/8
---------------
train Loss: 0.0841
train Accuracy:0.972 Precision:0.966 Recall:0.972 F1:0.969 MCC:0.943.
val Loss: 0.7341
val Accuracy:0.805 Precision:0.744 Recall:0.854 F1:0.795 MCC:0.616.
 
Epoch 7/8
---------------
train Loss: 0.0727
train Accuracy:0.976 Precision:0.970 Recall:0.976 F1:0.973 MCC:0.951.
val Loss: 0.7291
val Accuracy:0.826 Precision:0.750 Recall:0.913 F1:0.823 MCC:0.668.
 
Epoch 8/8
---------------
train Loss: 0.0635
train Accuracy:0.979 Precision:0.974 Recall:0.978 F1:0.976 MCC:0.957.
val Loss: 0.6375
val Accuracy:0.832 Precision:0.788 Recall:0.848 F1:0.817 MCC:0.663.
Training complete in 231m 51s
*********************************************************************
starting 2th fold cross-validation
-------------------------------------------------------
Getting statistics for dataset...
--------------------------------------------------------
folds:  [1, 2, 3, 4, 5]
class name to integer map:  {'control': 0, 'nucleotide': 1}
getting training data from following folders:  ['../../bionoi_output/hydrophobicity/control/fold_1', '../../bionoi_output/hydrophobicity/control/fold_2', '../../bionoi_output/hydrophobicity/control/fold_3', '../../bionoi_output/hydrophobicity/control/fold_4', '../../bionoi_output/hydrophobicity/control/fold_5', '../../bionoi_output/hydrophobicity/nucleotide/fold_1', '../../bionoi_output/hydrophobicity/nucleotide/fold_2', '../../bionoi_output/hydrophobicity/nucleotide/fold_3', '../../bionoi_output/hydrophobicity/nucleotide/fold_4', '../../bionoi_output/hydrophobicity/nucleotide/fold_5']
folder classes:  [0, 0, 0, 0, 0, 1, 1, 1, 1, 1]
lengths of the folders:  [18720, 18672, 18672, 18672, 18672, 14928, 14928, 14928, 14880, 14880]
mean of the dataset:  [0.7100328207015991, 0.5989740490913391, 0.5989740490913391]
standard deviation of the dataset:  [0.2106335610151291, 0.2124953716993332, 0.2124953716993332]
-------------------------------------------------------
--------------------------------------------------------
generating training dataset...
folds:  [1, 3, 4, 5]
class name to integer map:  {'control': 0, 'nucleotide': 1}
getting training data from following folders:  ['../../bionoi_output/hydrophobicity/control/fold_1', '../../bionoi_output/hydrophobicity/control/fold_3', '../../bionoi_output/hydrophobicity/control/fold_4', '../../bionoi_output/hydrophobicity/control/fold_5', '../../bionoi_output/hydrophobicity/nucleotide/fold_1', '../../bionoi_output/hydrophobicity/nucleotide/fold_3', '../../bionoi_output/hydrophobicity/nucleotide/fold_4', '../../bionoi_output/hydrophobicity/nucleotide/fold_5']
folder classes:  [0, 0, 0, 0, 1, 1, 1, 1]
lengths of the folders:  [18720, 18672, 18672, 18672, 14928, 14928, 14880, 14880]
--------------------------------------------------------
generating validation dataset...
folds:  [2]
class name to integer map:  {'control': 0, 'nucleotide': 1}
getting training data from following folders:  ['../../bionoi_output/hydrophobicity/control/fold_2', '../../bionoi_output/hydrophobicity/nucleotide/fold_2']
folder classes:  [0, 1]
lengths of the folders:  [18672, 14928]
Model:  resnet18
Feature extracting: False
Using pretrained model: True
Using 2 GPUs...
optimizer:
Adam (
Parameter Group 0
    amsgrad: False
    betas: (0.9, 0.999)
    eps: 1e-08
    lr: 0.0003
    weight_decay: 0.0001
)
Not using any learning rate scheduler.
 
Epoch 1/8
---------------
train Loss: 0.4427
train Accuracy:0.817 Precision:0.776 Recall:0.826 F1:0.801 MCC:0.633.
val Loss: 0.4333
val Accuracy:0.840 Precision:0.874 Recall:0.746 F1:0.805 MCC:0.676.
 
Epoch 2/8
---------------
train Loss: 0.3096
train Accuracy:0.881 Precision:0.852 Recall:0.886 F1:0.869 MCC:0.761.
val Loss: 0.4162
val Accuracy:0.852 Precision:0.804 Recall:0.883 F1:0.842 MCC:0.707.
 
Epoch 3/8
---------------
train Loss: 0.2123
train Accuracy:0.922 Precision:0.903 Recall:0.925 F1:0.914 MCC:0.844.
val Loss: 0.4491
val Accuracy:0.867 Precision:0.870 Recall:0.823 F1:0.846 MCC:0.729.
 
Epoch 4/8
---------------
train Loss: 0.1446
train Accuracy:0.949 Precision:0.936 Recall:0.950 F1:0.943 MCC:0.897.
val Loss: 0.4872
val Accuracy:0.868 Precision:0.920 Recall:0.770 F1:0.839 MCC:0.737.
 
Epoch 5/8
---------------
train Loss: 0.1067
train Accuracy:0.963 Precision:0.953 Recall:0.965 F1:0.959 MCC:0.926.
val Loss: 0.4629
val Accuracy:0.870 Precision:0.835 Recall:0.883 F1:0.858 MCC:0.740.
 
Epoch 6/8
---------------
train Loss: 0.0846
train Accuracy:0.971 Precision:0.963 Recall:0.972 F1:0.968 MCC:0.941.
val Loss: 0.5014
val Accuracy:0.875 Precision:0.889 Recall:0.821 F1:0.854 MCC:0.747.
 
Epoch 7/8
---------------
train Loss: 0.0723
train Accuracy:0.976 Precision:0.969 Recall:0.976 F1:0.973 MCC:0.951.
val Loss: 0.5128
val Accuracy:0.877 Precision:0.899 Recall:0.815 F1:0.855 MCC:0.752.
 
Epoch 8/8
---------------
train Loss: 0.0646
train Accuracy:0.978 Precision:0.972 Recall:0.978 F1:0.975 MCC:0.955.
val Loss: 0.5805
val Accuracy:0.856 Precision:0.795 Recall:0.911 F1:0.849 MCC:0.719.
Training complete in 231m 23s
*********************************************************************
starting 3th fold cross-validation
-------------------------------------------------------
Getting statistics for dataset...
--------------------------------------------------------
folds:  [1, 2, 3, 4, 5]
class name to integer map:  {'control': 0, 'nucleotide': 1}
getting training data from following folders:  ['../../bionoi_output/hydrophobicity/control/fold_1', '../../bionoi_output/hydrophobicity/control/fold_2', '../../bionoi_output/hydrophobicity/control/fold_3', '../../bionoi_output/hydrophobicity/control/fold_4', '../../bionoi_output/hydrophobicity/control/fold_5', '../../bionoi_output/hydrophobicity/nucleotide/fold_1', '../../bionoi_output/hydrophobicity/nucleotide/fold_2', '../../bionoi_output/hydrophobicity/nucleotide/fold_3', '../../bionoi_output/hydrophobicity/nucleotide/fold_4', '../../bionoi_output/hydrophobicity/nucleotide/fold_5']
folder classes:  [0, 0, 0, 0, 0, 1, 1, 1, 1, 1]
lengths of the folders:  [18720, 18672, 18672, 18672, 18672, 14928, 14928, 14928, 14880, 14880]
mean of the dataset:  [0.7100328207015991, 0.5989740490913391, 0.5989740490913391]
standard deviation of the dataset:  [0.2106335610151291, 0.2124953716993332, 0.2124953716993332]
-------------------------------------------------------
--------------------------------------------------------
generating training dataset...
folds:  [1, 2, 4, 5]
class name to integer map:  {'control': 0, 'nucleotide': 1}
getting training data from following folders:  ['../../bionoi_output/hydrophobicity/control/fold_1', '../../bionoi_output/hydrophobicity/control/fold_2', '../../bionoi_output/hydrophobicity/control/fold_4', '../../bionoi_output/hydrophobicity/control/fold_5', '../../bionoi_output/hydrophobicity/nucleotide/fold_1', '../../bionoi_output/hydrophobicity/nucleotide/fold_2', '../../bionoi_output/hydrophobicity/nucleotide/fold_4', '../../bionoi_output/hydrophobicity/nucleotide/fold_5']
folder classes:  [0, 0, 0, 0, 1, 1, 1, 1]
lengths of the folders:  [18720, 18672, 18672, 18672, 14928, 14928, 14880, 14880]
--------------------------------------------------------
generating validation dataset...
folds:  [3]
class name to integer map:  {'control': 0, 'nucleotide': 1}
getting training data from following folders:  ['../../bionoi_output/hydrophobicity/control/fold_3', '../../bionoi_output/hydrophobicity/nucleotide/fold_3']
folder classes:  [0, 1]
lengths of the folders:  [18672, 14928]
Model:  resnet18
Feature extracting: False
Using pretrained model: True
Using 2 GPUs...
optimizer:
Adam (
Parameter Group 0
    amsgrad: False
    betas: (0.9, 0.999)
    eps: 1e-08
    lr: 0.0003
    weight_decay: 0.0001
)
Not using any learning rate scheduler.
 
Epoch 1/8
---------------
train Loss: 0.4480
train Accuracy:0.816 Precision:0.776 Recall:0.822 F1:0.799 MCC:0.631.
val Loss: 0.3490
val Accuracy:0.863 Precision:0.816 Recall:0.892 F1:0.852 MCC:0.727.
 
Epoch 2/8
---------------
train Loss: 0.3145
train Accuracy:0.879 Precision:0.852 Recall:0.880 F1:0.866 MCC:0.756.
val Loss: 0.6025
val Accuracy:0.804 Precision:0.896 Recall:0.632 F1:0.742 MCC:0.615.
 
Epoch 3/8
---------------
train Loss: 0.2162
train Accuracy:0.922 Precision:0.903 Recall:0.922 F1:0.912 MCC:0.841.
val Loss: 0.4405
val Accuracy:0.849 Precision:0.834 Recall:0.826 F1:0.830 MCC:0.695.
 
Epoch 4/8
---------------
train Loss: 0.1463
train Accuracy:0.948 Precision:0.936 Recall:0.948 F1:0.942 MCC:0.895.
val Loss: 0.3991
val Accuracy:0.871 Precision:0.855 Recall:0.854 F1:0.854 MCC:0.738.
 
Epoch 5/8
---------------
train Loss: 0.1070
train Accuracy:0.963 Precision:0.954 Recall:0.964 F1:0.959 MCC:0.926.
val Loss: 0.4902
val Accuracy:0.847 Precision:0.798 Recall:0.879 F1:0.837 MCC:0.697.
 
Epoch 6/8
---------------
train Loss: 0.0859
train Accuracy:0.970 Precision:0.963 Recall:0.971 F1:0.967 MCC:0.940.
val Loss: 0.5802
val Accuracy:0.851 Precision:0.877 Recall:0.771 F1:0.821 MCC:0.698.
 
Epoch 7/8
---------------
train Loss: 0.0739
train Accuracy:0.974 Precision:0.968 Recall:0.974 F1:0.971 MCC:0.948.
val Loss: 0.6090
val Accuracy:0.847 Precision:0.881 Recall:0.756 F1:0.814 MCC:0.691.
 
Epoch 8/8
---------------
train Loss: 0.0658
train Accuracy:0.978 Precision:0.972 Recall:0.978 F1:0.975 MCC:0.956.
val Loss: 0.5055
val Accuracy:0.862 Precision:0.849 Recall:0.840 F1:0.844 MCC:0.721.
Training complete in 231m 33s
*********************************************************************
starting 4th fold cross-validation
-------------------------------------------------------
Getting statistics for dataset...
--------------------------------------------------------
folds:  [1, 2, 3, 4, 5]
class name to integer map:  {'control': 0, 'nucleotide': 1}
getting training data from following folders:  ['../../bionoi_output/hydrophobicity/control/fold_1', '../../bionoi_output/hydrophobicity/control/fold_2', '../../bionoi_output/hydrophobicity/control/fold_3', '../../bionoi_output/hydrophobicity/control/fold_4', '../../bionoi_output/hydrophobicity/control/fold_5', '../../bionoi_output/hydrophobicity/nucleotide/fold_1', '../../bionoi_output/hydrophobicity/nucleotide/fold_2', '../../bionoi_output/hydrophobicity/nucleotide/fold_3', '../../bionoi_output/hydrophobicity/nucleotide/fold_4', '../../bionoi_output/hydrophobicity/nucleotide/fold_5']
folder classes:  [0, 0, 0, 0, 0, 1, 1, 1, 1, 1]
lengths of the folders:  [18720, 18672, 18672, 18672, 18672, 14928, 14928, 14928, 14880, 14880]
mean of the dataset:  [0.7100328207015991, 0.5989740490913391, 0.5989740490913391]
standard deviation of the dataset:  [0.2106335610151291, 0.2124953716993332, 0.2124953716993332]
-------------------------------------------------------
--------------------------------------------------------
generating training dataset...
folds:  [1, 2, 3, 5]
class name to integer map:  {'control': 0, 'nucleotide': 1}
getting training data from following folders:  ['../../bionoi_output/hydrophobicity/control/fold_1', '../../bionoi_output/hydrophobicity/control/fold_2', '../../bionoi_output/hydrophobicity/control/fold_3', '../../bionoi_output/hydrophobicity/control/fold_5', '../../bionoi_output/hydrophobicity/nucleotide/fold_1', '../../bionoi_output/hydrophobicity/nucleotide/fold_2', '../../bionoi_output/hydrophobicity/nucleotide/fold_3', '../../bionoi_output/hydrophobicity/nucleotide/fold_5']
folder classes:  [0, 0, 0, 0, 1, 1, 1, 1]
lengths of the folders:  [18720, 18672, 18672, 18672, 14928, 14928, 14928, 14880]
--------------------------------------------------------
generating validation dataset...
folds:  [4]
class name to integer map:  {'control': 0, 'nucleotide': 1}
getting training data from following folders:  ['../../bionoi_output/hydrophobicity/control/fold_4', '../../bionoi_output/hydrophobicity/nucleotide/fold_4']
folder classes:  [0, 1]
lengths of the folders:  [18672, 14880]
Model:  resnet18
Feature extracting: False
Using pretrained model: True
Using 2 GPUs...
optimizer:
Adam (
Parameter Group 0
    amsgrad: False
    betas: (0.9, 0.999)
    eps: 1e-08
    lr: 0.0003
    weight_decay: 0.0001
)
Not using any learning rate scheduler.
 
Epoch 1/8
---------------
train Loss: 0.4377
train Accuracy:0.821 Precision:0.784 Recall:0.824 F1:0.804 MCC:0.640.
val Loss: 0.4930
val Accuracy:0.825 Precision:0.817 Recall:0.780 F1:0.798 MCC:0.644.
 
Epoch 2/8
---------------
train Loss: 0.2990
train Accuracy:0.887 Precision:0.864 Recall:0.885 F1:0.874 MCC:0.772.
val Loss: 0.4439
val Accuracy:0.843 Precision:0.866 Recall:0.764 F1:0.812 MCC:0.682.
 
Epoch 3/8
---------------
train Loss: 0.2030
train Accuracy:0.927 Precision:0.911 Recall:0.925 F1:0.918 MCC:0.852.
val Loss: 0.5599
val Accuracy:0.826 Precision:0.864 Recall:0.721 F1:0.786 MCC:0.649.
 
Epoch 4/8
---------------
train Loss: 0.1383
train Accuracy:0.952 Precision:0.942 Recall:0.950 F1:0.946 MCC:0.903.
val Loss: 0.5614
val Accuracy:0.847 Precision:0.858 Recall:0.784 F1:0.819 MCC:0.688.
 
Epoch 5/8
---------------
train Loss: 0.1043
train Accuracy:0.964 Precision:0.956 Recall:0.963 F1:0.960 MCC:0.927.
val Loss: 0.6859
val Accuracy:0.833 Precision:0.879 Recall:0.722 F1:0.793 MCC:0.664.
 
Epoch 6/8
---------------
train Loss: 0.0824
train Accuracy:0.972 Precision:0.966 Recall:0.972 F1:0.969 MCC:0.943.
val Loss: 0.5778
val Accuracy:0.857 Precision:0.832 Recall:0.848 F1:0.840 MCC:0.710.
 
Epoch 7/8
---------------
train Loss: 0.0722
train Accuracy:0.976 Precision:0.970 Recall:0.975 F1:0.973 MCC:0.951.
val Loss: 0.6199
val Accuracy:0.839 Precision:0.814 Recall:0.824 F1:0.819 MCC:0.674.
 
Epoch 8/8
---------------
train Loss: 0.0627
train Accuracy:0.979 Precision:0.974 Recall:0.979 F1:0.976 MCC:0.957.
val Loss: 0.6432
val Accuracy:0.844 Precision:0.865 Recall:0.768 F1:0.813 MCC:0.684.
Training complete in 231m 33s
*********************************************************************
starting 5th fold cross-validation
-------------------------------------------------------
Getting statistics for dataset...
--------------------------------------------------------
folds:  [1, 2, 3, 4, 5]
class name to integer map:  {'control': 0, 'nucleotide': 1}
getting training data from following folders:  ['../../bionoi_output/hydrophobicity/control/fold_1', '../../bionoi_output/hydrophobicity/control/fold_2', '../../bionoi_output/hydrophobicity/control/fold_3', '../../bionoi_output/hydrophobicity/control/fold_4', '../../bionoi_output/hydrophobicity/control/fold_5', '../../bionoi_output/hydrophobicity/nucleotide/fold_1', '../../bionoi_output/hydrophobicity/nucleotide/fold_2', '../../bionoi_output/hydrophobicity/nucleotide/fold_3', '../../bionoi_output/hydrophobicity/nucleotide/fold_4', '../../bionoi_output/hydrophobicity/nucleotide/fold_5']
folder classes:  [0, 0, 0, 0, 0, 1, 1, 1, 1, 1]
lengths of the folders:  [18720, 18672, 18672, 18672, 18672, 14928, 14928, 14928, 14880, 14880]
mean of the dataset:  [0.7100328207015991, 0.5989740490913391, 0.5989740490913391]
standard deviation of the dataset:  [0.2106335610151291, 0.2124953716993332, 0.2124953716993332]
-------------------------------------------------------
--------------------------------------------------------
generating training dataset...
folds:  [1, 2, 3, 4]
class name to integer map:  {'control': 0, 'nucleotide': 1}
getting training data from following folders:  ['../../bionoi_output/hydrophobicity/control/fold_1', '../../bionoi_output/hydrophobicity/control/fold_2', '../../bionoi_output/hydrophobicity/control/fold_3', '../../bionoi_output/hydrophobicity/control/fold_4', '../../bionoi_output/hydrophobicity/nucleotide/fold_1', '../../bionoi_output/hydrophobicity/nucleotide/fold_2', '../../bionoi_output/hydrophobicity/nucleotide/fold_3', '../../bionoi_output/hydrophobicity/nucleotide/fold_4']
folder classes:  [0, 0, 0, 0, 1, 1, 1, 1]
lengths of the folders:  [18720, 18672, 18672, 18672, 14928, 14928, 14928, 14880]
--------------------------------------------------------
generating validation dataset...
folds:  [5]
class name to integer map:  {'control': 0, 'nucleotide': 1}
getting training data from following folders:  ['../../bionoi_output/hydrophobicity/control/fold_5', '../../bionoi_output/hydrophobicity/nucleotide/fold_5']
folder classes:  [0, 1]
lengths of the folders:  [18672, 14880]
Model:  resnet18
Feature extracting: False
Using pretrained model: True
Using 2 GPUs...
optimizer:
Adam (
Parameter Group 0
    amsgrad: False
    betas: (0.9, 0.999)
    eps: 1e-08
    lr: 0.0003
    weight_decay: 0.0001
)
Not using any learning rate scheduler.
 
Epoch 1/8
---------------
train Loss: 0.4221
train Accuracy:0.829 Precision:0.792 Recall:0.833 F1:0.812 MCC:0.655.
val Loss: 0.4642
val Accuracy:0.815 Precision:0.778 Recall:0.814 F1:0.796 MCC:0.627.
 
Epoch 2/8
---------------
train Loss: 0.2886
train Accuracy:0.890 Precision:0.866 Recall:0.892 F1:0.878 MCC:0.779.
val Loss: 0.5625
val Accuracy:0.802 Precision:0.773 Recall:0.784 F1:0.778 MCC:0.599.
 
Epoch 3/8
---------------
train Loss: 0.2009
train Accuracy:0.927 Precision:0.910 Recall:0.926 F1:0.918 MCC:0.852.
val Loss: 0.5236
val Accuracy:0.827 Precision:0.796 Recall:0.821 F1:0.808 MCC:0.652.
 
Epoch 4/8
---------------
train Loss: 0.1359
train Accuracy:0.953 Precision:0.942 Recall:0.952 F1:0.947 MCC:0.905.
val Loss: 0.5944
val Accuracy:0.822 Precision:0.769 Recall:0.855 F1:0.810 MCC:0.646.
 
Epoch 5/8
---------------
train Loss: 0.1033
train Accuracy:0.965 Precision:0.957 Recall:0.965 F1:0.961 MCC:0.929.
val Loss: 0.7482
val Accuracy:0.828 Precision:0.861 Recall:0.729 F1:0.790 MCC:0.652.
 
Epoch 6/8
---------------
train Loss: 0.0833
train Accuracy:0.972 Precision:0.964 Recall:0.972 F1:0.968 MCC:0.942.
val Loss: 0.6313
val Accuracy:0.833 Precision:0.815 Recall:0.805 F1:0.810 MCC:0.661.
 
Epoch 7/8
---------------
train Loss: 0.0715
train Accuracy:0.976 Precision:0.970 Recall:0.976 F1:0.973 MCC:0.952.
val Loss: 0.7066
val Accuracy:0.839 Precision:0.823 Recall:0.812 F1:0.818 MCC:0.674.
 
Epoch 8/8
---------------
train Loss: 0.0637
train Accuracy:0.979 Precision:0.973 Recall:0.979 F1:0.976 MCC:0.957.
val Loss: 0.7193
val Accuracy:0.842 Precision:0.853 Recall:0.778 F1:0.814 MCC:0.680.
Training complete in 231m 39s
------------------------------------
metrics for each fold when validation loss reaches minimum:
[{'loss': 0.4591090535896481, 'acc': 0.8134807417974322, 'precision': 0.7998752252876751, 'recall': 0.7729769560557342, 'mcc': 0.6211571938744203}, {'loss': 0.4161797746377332, 'acc': 0.8523511904761905, 'precision': 0.8037052836857822, 'recall': 0.8834405144694534, 'mcc': 0.7067002610385218}, {'loss': 0.3490334330428214, 'acc': 0.8628571428571429, 'precision': 0.8164091243561442, 'recall': 0.8918810289389068, 'mcc': 0.7272902657496815}, {'loss': 0.44391216979347414, 'acc': 0.84293037672866, 'precision': 0.8664023181332927, 'recall': 0.7635752688172043, 'mcc': 0.6818981866585179}, {'loss': 0.4642213362139864, 'acc': 0.8145863137815927, 'precision': 0.7783349405335905, 'recall': 0.8136424731182795, 'mcc': 0.6266128684602946}]
Averge metrics over 5 folds:
average loss:  0.42649115345553257
average accuracy:  0.8372411531282037
average precision:  0.812945378399297
average recall:  0.8251032482799155
average mcc:  0.6727317551562872
cross-validation finished, end of program
