data directory: ../../data_homology_reduced/images/
batch size: 256
performing control_vs_nucleotide cross-validation task.
Current device: cuda:0
*********************************************************************
starting 1th fold cross-validation
--------------------------------------------------------
generating training dataset...
folds:  [2, 3, 4, 5]
class name to integer map:  {'control': 0, 'nucleotide': 1}
getting training data from following folders:  ['../../data_homology_reduced/images/control/fold_2', '../../data_homology_reduced/images/control/fold_3', '../../data_homology_reduced/images/control/fold_4', '../../data_homology_reduced/images/control/fold_5', '../../data_homology_reduced/images/nucleotide/fold_2', '../../data_homology_reduced/images/nucleotide/fold_3', '../../data_homology_reduced/images/nucleotide/fold_4', '../../data_homology_reduced/images/nucleotide/fold_5']
folder classes:  [0, 0, 0, 0, 1, 1, 1, 1]
lengths of the folders:  [18672, 18672, 18672, 18672, 14928, 14928, 14880, 14880]
--------------------------------------------------------
generating validation dataset...
folds:  [1]
class name to integer map:  {'control': 0, 'nucleotide': 1}
getting training data from following folders:  ['../../data_homology_reduced/images/control/fold_1', '../../data_homology_reduced/images/nucleotide/fold_1']
folder classes:  [0, 1]
lengths of the folders:  [18720, 14928]
Model:  resnet18
Feature extracting: False
Using pretrained model: True
Using 2 GPUs...
optimizer:
Adam (
Parameter Group 0
    amsgrad: False
    betas: (0.9, 0.999)
    eps: 1e-08
    lr: 0.001
    weight_decay: 0.0001
)
Not using andy learning rate scheduler.
 
Epoch 1/2
---------------
