data directory: ../../bionoi_output/binding_prob/
batch size: 32
performing control_vs_heme cross-validation task.
Current device: cuda:0
*********************************************************************
starting 1th fold cross-validation
-------------------------------------------------------
Getting statistics for dataset...
--------------------------------------------------------
folds:  [1, 2, 3, 4, 5]
class name to integer map:  {'control': 0, 'heme': 1}
getting training data from following folders:  ['../../bionoi_output/binding_prob/control/fold_1', '../../bionoi_output/binding_prob/control/fold_2', '../../bionoi_output/binding_prob/control/fold_3', '../../bionoi_output/binding_prob/control/fold_4', '../../bionoi_output/binding_prob/control/fold_5', '../../bionoi_output/binding_prob/heme/fold_1', '../../bionoi_output/binding_prob/heme/fold_2', '../../bionoi_output/binding_prob/heme/fold_3', '../../bionoi_output/binding_prob/heme/fold_4', '../../bionoi_output/binding_prob/heme/fold_5']
folder classes:  [0, 0, 0, 0, 0, 1, 1, 1, 1, 1]
lengths of the folders:  [18720, 18672, 18672, 18672, 18672, 5760, 5712, 5712, 5712, 5712]
mean of the dataset:  [0.5646592378616333, 0.7427370548248291, 0.6514990925788879]
standard deviation of the dataset:  [0.14978395402431488, 0.14669547975063324, 0.02840588241815567]
-------------------------------------------------------
--------------------------------------------------------
generating training dataset...
folds:  [2, 3, 4, 5]
class name to integer map:  {'control': 0, 'heme': 1}
getting training data from following folders:  ['../../bionoi_output/binding_prob/control/fold_2', '../../bionoi_output/binding_prob/control/fold_3', '../../bionoi_output/binding_prob/control/fold_4', '../../bionoi_output/binding_prob/control/fold_5', '../../bionoi_output/binding_prob/heme/fold_2', '../../bionoi_output/binding_prob/heme/fold_3', '../../bionoi_output/binding_prob/heme/fold_4', '../../bionoi_output/binding_prob/heme/fold_5']
folder classes:  [0, 0, 0, 0, 1, 1, 1, 1]
lengths of the folders:  [18672, 18672, 18672, 18672, 5712, 5712, 5712, 5712]
--------------------------------------------------------
generating validation dataset...
folds:  [1]
class name to integer map:  {'control': 0, 'heme': 1}
getting training data from following folders:  ['../../bionoi_output/binding_prob/control/fold_1', '../../bionoi_output/binding_prob/heme/fold_1']
folder classes:  [0, 1]
lengths of the folders:  [18720, 5760]
Model:  resnet18
Feature extracting: False
Using pretrained model: True
Using 2 GPUs...
optimizer:
Adam (
Parameter Group 0
    amsgrad: False
    betas: (0.9, 0.999)
    eps: 1e-08
    lr: 0.0003
    weight_decay: 0.0003
)
Not using any learning rate scheduler.
 
Epoch 1/8
---------------
train Loss: 0.4704
train Accuracy:0.874 Precision:0.678 Recall:0.881 F1:0.766 MCC:0.693.
val Loss: 0.9179
val Accuracy:0.765 Precision:0.501 Recall:0.753 F1:0.601 MCC:0.463.
 
Epoch 2/8
---------------
train Loss: 0.3187
train Accuracy:0.919 Precision:0.775 Recall:0.920 F1:0.841 MCC:0.792.
val Loss: 0.8943
val Accuracy:0.852 Precision:0.677 Recall:0.712 F1:0.694 MCC:0.597.
 
Epoch 3/8
---------------
train Loss: 0.2294
train Accuracy:0.942 Precision:0.832 Recall:0.944 F1:0.885 MCC:0.849.
val Loss: 1.0659
val Accuracy:0.876 Precision:0.802 Recall:0.630 F1:0.705 MCC:0.636.
 
Epoch 4/8
---------------
train Loss: 0.1606
train Accuracy:0.959 Precision:0.876 Recall:0.963 F1:0.917 MCC:0.892.
val Loss: 0.9754
val Accuracy:0.819 Precision:0.587 Recall:0.768 F1:0.666 MCC:0.554.
 
Epoch 5/8
---------------
train Loss: 0.1258
train Accuracy:0.969 Precision:0.903 Recall:0.971 F1:0.936 MCC:0.916.
val Loss: 1.1412
val Accuracy:0.852 Precision:0.687 Recall:0.680 F1:0.683 MCC:0.587.
 
Epoch 6/8
---------------
train Loss: 0.1057
train Accuracy:0.973 Precision:0.916 Recall:0.976 F1:0.945 MCC:0.928.
val Loss: 1.3431
val Accuracy:0.858 Precision:0.713 Recall:0.662 F1:0.687 MCC:0.596.
 
Epoch 7/8
---------------
train Loss: 0.0869
train Accuracy:0.979 Precision:0.933 Recall:0.980 F1:0.956 MCC:0.942.
val Loss: 1.5975
val Accuracy:0.879 Precision:0.840 Recall:0.600 F1:0.700 MCC:0.641.
 
Epoch 8/8
---------------
train Loss: 0.0802
train Accuracy:0.980 Precision:0.937 Recall:0.982 F1:0.959 MCC:0.946.
val Loss: 2.0773
val Accuracy:0.875 Precision:0.838 Recall:0.580 F1:0.685 MCC:0.627.
Training complete in 168m 34s
*********************************************************************
starting 2th fold cross-validation
-------------------------------------------------------
Getting statistics for dataset...
--------------------------------------------------------
folds:  [1, 2, 3, 4, 5]
class name to integer map:  {'control': 0, 'heme': 1}
getting training data from following folders:  ['../../bionoi_output/binding_prob/control/fold_1', '../../bionoi_output/binding_prob/control/fold_2', '../../bionoi_output/binding_prob/control/fold_3', '../../bionoi_output/binding_prob/control/fold_4', '../../bionoi_output/binding_prob/control/fold_5', '../../bionoi_output/binding_prob/heme/fold_1', '../../bionoi_output/binding_prob/heme/fold_2', '../../bionoi_output/binding_prob/heme/fold_3', '../../bionoi_output/binding_prob/heme/fold_4', '../../bionoi_output/binding_prob/heme/fold_5']
folder classes:  [0, 0, 0, 0, 0, 1, 1, 1, 1, 1]
lengths of the folders:  [18720, 18672, 18672, 18672, 18672, 5760, 5712, 5712, 5712, 5712]
mean of the dataset:  [0.5646592378616333, 0.7427370548248291, 0.6514990925788879]
standard deviation of the dataset:  [0.14978395402431488, 0.14669547975063324, 0.02840588241815567]
-------------------------------------------------------
--------------------------------------------------------
generating training dataset...
folds:  [1, 3, 4, 5]
class name to integer map:  {'control': 0, 'heme': 1}
getting training data from following folders:  ['../../bionoi_output/binding_prob/control/fold_1', '../../bionoi_output/binding_prob/control/fold_3', '../../bionoi_output/binding_prob/control/fold_4', '../../bionoi_output/binding_prob/control/fold_5', '../../bionoi_output/binding_prob/heme/fold_1', '../../bionoi_output/binding_prob/heme/fold_3', '../../bionoi_output/binding_prob/heme/fold_4', '../../bionoi_output/binding_prob/heme/fold_5']
folder classes:  [0, 0, 0, 0, 1, 1, 1, 1]
lengths of the folders:  [18720, 18672, 18672, 18672, 5760, 5712, 5712, 5712]
--------------------------------------------------------
generating validation dataset...
folds:  [2]
class name to integer map:  {'control': 0, 'heme': 1}
getting training data from following folders:  ['../../bionoi_output/binding_prob/control/fold_2', '../../bionoi_output/binding_prob/heme/fold_2']
folder classes:  [0, 1]
lengths of the folders:  [18672, 5712]
Model:  resnet18
Feature extracting: False
Using pretrained model: True
Using 2 GPUs...
optimizer:
Adam (
Parameter Group 0
    amsgrad: False
    betas: (0.9, 0.999)
    eps: 1e-08
    lr: 0.0003
    weight_decay: 0.0003
)
Not using any learning rate scheduler.
 
Epoch 1/8
---------------
train Loss: 0.5344
train Accuracy:0.856 Precision:0.648 Recall:0.850 F1:0.735 MCC:0.650.
val Loss: 0.5000
val Accuracy:0.874 Precision:0.687 Recall:0.850 F1:0.760 MCC:0.683.
 
Epoch 2/8
---------------
train Loss: 0.3666
train Accuracy:0.906 Precision:0.750 Recall:0.897 F1:0.817 MCC:0.760.
val Loss: 0.4647
val Accuracy:0.883 Precision:0.694 Recall:0.895 F1:0.782 MCC:0.714.
 
Epoch 3/8
---------------
train Loss: 0.2605
train Accuracy:0.935 Precision:0.816 Recall:0.932 F1:0.870 MCC:0.830.
val Loss: 0.5285
val Accuracy:0.888 Precision:0.733 Recall:0.820 F1:0.774 MCC:0.702.
 
Epoch 4/8
---------------
train Loss: 0.1883
train Accuracy:0.953 Precision:0.860 Recall:0.953 F1:0.904 MCC:0.875.
val Loss: 0.5880
val Accuracy:0.886 Precision:0.716 Recall:0.849 F1:0.777 MCC:0.705.
 
Epoch 5/8
---------------
train Loss: 0.1430
train Accuracy:0.965 Precision:0.893 Recall:0.965 F1:0.928 MCC:0.906.
val Loss: 1.2143
val Accuracy:0.877 Precision:0.841 Recall:0.584 F1:0.689 MCC:0.632.
 
Epoch 6/8
---------------
train Loss: 0.1128
train Accuracy:0.973 Precision:0.915 Recall:0.973 F1:0.943 MCC:0.926.
val Loss: 0.6579
val Accuracy:0.864 Precision:0.649 Recall:0.914 F1:0.759 MCC:0.688.
 
Epoch 7/8
---------------
train Loss: 0.0992
train Accuracy:0.976 Precision:0.925 Recall:0.975 F1:0.949 MCC:0.934.
val Loss: 0.7764
val Accuracy:0.887 Precision:0.732 Recall:0.814 F1:0.771 MCC:0.698.
 
Epoch 8/8
---------------
train Loss: 0.0928
train Accuracy:0.977 Precision:0.930 Recall:0.977 F1:0.953 MCC:0.938.
val Loss: 0.7713
val Accuracy:0.860 Precision:0.642 Recall:0.912 F1:0.754 MCC:0.680.
Training complete in 168m 40s
*********************************************************************
starting 3th fold cross-validation
-------------------------------------------------------
Getting statistics for dataset...
--------------------------------------------------------
folds:  [1, 2, 3, 4, 5]
class name to integer map:  {'control': 0, 'heme': 1}
getting training data from following folders:  ['../../bionoi_output/binding_prob/control/fold_1', '../../bionoi_output/binding_prob/control/fold_2', '../../bionoi_output/binding_prob/control/fold_3', '../../bionoi_output/binding_prob/control/fold_4', '../../bionoi_output/binding_prob/control/fold_5', '../../bionoi_output/binding_prob/heme/fold_1', '../../bionoi_output/binding_prob/heme/fold_2', '../../bionoi_output/binding_prob/heme/fold_3', '../../bionoi_output/binding_prob/heme/fold_4', '../../bionoi_output/binding_prob/heme/fold_5']
folder classes:  [0, 0, 0, 0, 0, 1, 1, 1, 1, 1]
lengths of the folders:  [18720, 18672, 18672, 18672, 18672, 5760, 5712, 5712, 5712, 5712]
mean of the dataset:  [0.5646592378616333, 0.7427370548248291, 0.6514990925788879]
standard deviation of the dataset:  [0.14978395402431488, 0.14669547975063324, 0.02840588241815567]
-------------------------------------------------------
--------------------------------------------------------
generating training dataset...
folds:  [1, 2, 4, 5]
class name to integer map:  {'control': 0, 'heme': 1}
getting training data from following folders:  ['../../bionoi_output/binding_prob/control/fold_1', '../../bionoi_output/binding_prob/control/fold_2', '../../bionoi_output/binding_prob/control/fold_4', '../../bionoi_output/binding_prob/control/fold_5', '../../bionoi_output/binding_prob/heme/fold_1', '../../bionoi_output/binding_prob/heme/fold_2', '../../bionoi_output/binding_prob/heme/fold_4', '../../bionoi_output/binding_prob/heme/fold_5']
folder classes:  [0, 0, 0, 0, 1, 1, 1, 1]
lengths of the folders:  [18720, 18672, 18672, 18672, 5760, 5712, 5712, 5712]
--------------------------------------------------------
generating validation dataset...
folds:  [3]
class name to integer map:  {'control': 0, 'heme': 1}
getting training data from following folders:  ['../../bionoi_output/binding_prob/control/fold_3', '../../bionoi_output/binding_prob/heme/fold_3']
folder classes:  [0, 1]
lengths of the folders:  [18672, 5712]
Model:  resnet18
Feature extracting: False
Using pretrained model: True
Using 2 GPUs...
optimizer:
Adam (
Parameter Group 0
    amsgrad: False
    betas: (0.9, 0.999)
    eps: 1e-08
    lr: 0.0003
    weight_decay: 0.0003
)
Not using any learning rate scheduler.
 
Epoch 1/8
---------------
train Loss: 0.5578
train Accuracy:0.849 Precision:0.634 Recall:0.848 F1:0.725 MCC:0.637.
val Loss: 0.5123
val Accuracy:0.912 Precision:0.859 Recall:0.748 F1:0.800 MCC:0.747.
 
Epoch 2/8
---------------
train Loss: 0.4082
train Accuracy:0.893 Precision:0.721 Recall:0.890 F1:0.796 MCC:0.732.
val Loss: 0.3794
val Accuracy:0.914 Precision:0.775 Recall:0.894 F1:0.830 MCC:0.776.
 
Epoch 3/8
---------------
train Loss: 0.2969
train Accuracy:0.923 Precision:0.785 Recall:0.923 F1:0.849 MCC:0.802.
val Loss: 0.4453
val Accuracy:0.865 Precision:0.648 Recall:0.925 F1:0.762 MCC:0.692.
 
Epoch 4/8
---------------
train Loss: 0.2066
train Accuracy:0.948 Precision:0.846 Recall:0.951 F1:0.896 MCC:0.864.
val Loss: 0.4545
val Accuracy:0.898 Precision:0.725 Recall:0.910 F1:0.807 MCC:0.747.
 
Epoch 5/8
---------------
train Loss: 0.1530
train Accuracy:0.962 Precision:0.885 Recall:0.964 F1:0.923 MCC:0.899.
val Loss: 0.5272
val Accuracy:0.923 Precision:0.843 Recall:0.824 F1:0.834 MCC:0.783.
 
Epoch 6/8
---------------
train Loss: 0.1236
train Accuracy:0.970 Precision:0.907 Recall:0.970 F1:0.938 MCC:0.919.
val Loss: 0.6199
val Accuracy:0.889 Precision:0.736 Recall:0.823 F1:0.777 MCC:0.706.
 
Epoch 7/8
---------------
train Loss: 0.1054
train Accuracy:0.975 Precision:0.923 Recall:0.975 F1:0.948 MCC:0.932.
val Loss: 0.4904
val Accuracy:0.926 Precision:0.810 Recall:0.893 F1:0.849 MCC:0.802.
 
Epoch 8/8
---------------
train Loss: 0.0922
train Accuracy:0.978 Precision:0.931 Recall:0.977 F1:0.954 MCC:0.939.
val Loss: 0.5765
val Accuracy:0.869 Precision:0.655 Recall:0.930 F1:0.769 MCC:0.702.
Training complete in 168m 43s
*********************************************************************
starting 4th fold cross-validation
-------------------------------------------------------
Getting statistics for dataset...
--------------------------------------------------------
folds:  [1, 2, 3, 4, 5]
class name to integer map:  {'control': 0, 'heme': 1}
getting training data from following folders:  ['../../bionoi_output/binding_prob/control/fold_1', '../../bionoi_output/binding_prob/control/fold_2', '../../bionoi_output/binding_prob/control/fold_3', '../../bionoi_output/binding_prob/control/fold_4', '../../bionoi_output/binding_prob/control/fold_5', '../../bionoi_output/binding_prob/heme/fold_1', '../../bionoi_output/binding_prob/heme/fold_2', '../../bionoi_output/binding_prob/heme/fold_3', '../../bionoi_output/binding_prob/heme/fold_4', '../../bionoi_output/binding_prob/heme/fold_5']
folder classes:  [0, 0, 0, 0, 0, 1, 1, 1, 1, 1]
lengths of the folders:  [18720, 18672, 18672, 18672, 18672, 5760, 5712, 5712, 5712, 5712]
mean of the dataset:  [0.5646592378616333, 0.7427370548248291, 0.6514990925788879]
standard deviation of the dataset:  [0.14978395402431488, 0.14669547975063324, 0.02840588241815567]
-------------------------------------------------------
--------------------------------------------------------
generating training dataset...
folds:  [1, 2, 3, 5]
class name to integer map:  {'control': 0, 'heme': 1}
getting training data from following folders:  ['../../bionoi_output/binding_prob/control/fold_1', '../../bionoi_output/binding_prob/control/fold_2', '../../bionoi_output/binding_prob/control/fold_3', '../../bionoi_output/binding_prob/control/fold_5', '../../bionoi_output/binding_prob/heme/fold_1', '../../bionoi_output/binding_prob/heme/fold_2', '../../bionoi_output/binding_prob/heme/fold_3', '../../bionoi_output/binding_prob/heme/fold_5']
folder classes:  [0, 0, 0, 0, 1, 1, 1, 1]
lengths of the folders:  [18720, 18672, 18672, 18672, 5760, 5712, 5712, 5712]
--------------------------------------------------------
generating validation dataset...
folds:  [4]
class name to integer map:  {'control': 0, 'heme': 1}
getting training data from following folders:  ['../../bionoi_output/binding_prob/control/fold_4', '../../bionoi_output/binding_prob/heme/fold_4']
folder classes:  [0, 1]
lengths of the folders:  [18672, 5712]
Model:  resnet18
Feature extracting: False
Using pretrained model: True
Using 2 GPUs...
optimizer:
Adam (
Parameter Group 0
    amsgrad: False
    betas: (0.9, 0.999)
    eps: 1e-08
    lr: 0.0003
    weight_decay: 0.0003
)
Not using any learning rate scheduler.
 
Epoch 1/8
---------------
train Loss: 0.5459
train Accuracy:0.853 Precision:0.641 Recall:0.847 F1:0.730 MCC:0.643.
val Loss: 0.7132
val Accuracy:0.799 Precision:0.549 Recall:0.788 F1:0.647 MCC:0.529.
 
Epoch 2/8
---------------
train Loss: 0.3902
train Accuracy:0.899 Precision:0.732 Recall:0.895 F1:0.806 MCC:0.745.
val Loss: 0.4125
val Accuracy:0.900 Precision:0.729 Recall:0.913 F1:0.811 MCC:0.753.
 
Epoch 3/8
---------------
train Loss: 0.2845
train Accuracy:0.927 Precision:0.794 Recall:0.927 F1:0.856 MCC:0.811.
val Loss: 0.5120
val Accuracy:0.901 Precision:0.780 Recall:0.805 F1:0.792 MCC:0.728.
 
Epoch 4/8
---------------
train Loss: 0.2013
train Accuracy:0.949 Precision:0.850 Recall:0.951 F1:0.898 MCC:0.866.
val Loss: 0.4679
val Accuracy:0.917 Precision:0.788 Recall:0.883 F1:0.833 MCC:0.780.
 
Epoch 5/8
---------------
train Loss: 0.1533
train Accuracy:0.961 Precision:0.882 Recall:0.962 F1:0.921 MCC:0.896.
val Loss: 0.4561
val Accuracy:0.889 Precision:0.702 Recall:0.915 F1:0.795 MCC:0.733.
 
Epoch 6/8
---------------
train Loss: 0.1222
train Accuracy:0.970 Precision:0.906 Recall:0.972 F1:0.938 MCC:0.919.
val Loss: 0.5361
val Accuracy:0.899 Precision:0.749 Recall:0.855 F1:0.798 MCC:0.734.
 
Epoch 7/8
---------------
train Loss: 0.1057
train Accuracy:0.974 Precision:0.918 Recall:0.975 F1:0.946 MCC:0.929.
val Loss: 0.5162
val Accuracy:0.916 Precision:0.800 Recall:0.857 F1:0.828 MCC:0.773.
 
Epoch 8/8
---------------
train Loss: 0.0904
train Accuracy:0.978 Precision:0.930 Recall:0.978 F1:0.954 MCC:0.940.
val Loss: 0.5236
val Accuracy:0.898 Precision:0.727 Recall:0.907 F1:0.807 MCC:0.748.
Training complete in 168m 34s
*********************************************************************
starting 5th fold cross-validation
-------------------------------------------------------
Getting statistics for dataset...
--------------------------------------------------------
folds:  [1, 2, 3, 4, 5]
class name to integer map:  {'control': 0, 'heme': 1}
getting training data from following folders:  ['../../bionoi_output/binding_prob/control/fold_1', '../../bionoi_output/binding_prob/control/fold_2', '../../bionoi_output/binding_prob/control/fold_3', '../../bionoi_output/binding_prob/control/fold_4', '../../bionoi_output/binding_prob/control/fold_5', '../../bionoi_output/binding_prob/heme/fold_1', '../../bionoi_output/binding_prob/heme/fold_2', '../../bionoi_output/binding_prob/heme/fold_3', '../../bionoi_output/binding_prob/heme/fold_4', '../../bionoi_output/binding_prob/heme/fold_5']
folder classes:  [0, 0, 0, 0, 0, 1, 1, 1, 1, 1]
lengths of the folders:  [18720, 18672, 18672, 18672, 18672, 5760, 5712, 5712, 5712, 5712]
mean of the dataset:  [0.5646592378616333, 0.7427370548248291, 0.6514990925788879]
standard deviation of the dataset:  [0.14978395402431488, 0.14669547975063324, 0.02840588241815567]
-------------------------------------------------------
--------------------------------------------------------
generating training dataset...
folds:  [1, 2, 3, 4]
class name to integer map:  {'control': 0, 'heme': 1}
getting training data from following folders:  ['../../bionoi_output/binding_prob/control/fold_1', '../../bionoi_output/binding_prob/control/fold_2', '../../bionoi_output/binding_prob/control/fold_3', '../../bionoi_output/binding_prob/control/fold_4', '../../bionoi_output/binding_prob/heme/fold_1', '../../bionoi_output/binding_prob/heme/fold_2', '../../bionoi_output/binding_prob/heme/fold_3', '../../bionoi_output/binding_prob/heme/fold_4']
folder classes:  [0, 0, 0, 0, 1, 1, 1, 1]
lengths of the folders:  [18720, 18672, 18672, 18672, 5760, 5712, 5712, 5712]
--------------------------------------------------------
generating validation dataset...
folds:  [5]
class name to integer map:  {'control': 0, 'heme': 1}
getting training data from following folders:  ['../../bionoi_output/binding_prob/control/fold_5', '../../bionoi_output/binding_prob/heme/fold_5']
folder classes:  [0, 1]
lengths of the folders:  [18672, 5712]
Model:  resnet18
Feature extracting: False
Using pretrained model: True
Using 2 GPUs...
optimizer:
Adam (
Parameter Group 0
    amsgrad: False
    betas: (0.9, 0.999)
    eps: 1e-08
    lr: 0.0003
    weight_decay: 0.0003
)
Not using any learning rate scheduler.
 
Epoch 1/8
---------------
train Loss: 0.5285
train Accuracy:0.857 Precision:0.646 Recall:0.859 F1:0.738 MCC:0.654.
val Loss: 0.7102
val Accuracy:0.891 Precision:0.831 Recall:0.672 F1:0.743 MCC:0.681.
 
Epoch 2/8
---------------
train Loss: 0.3837
train Accuracy:0.901 Precision:0.738 Recall:0.896 F1:0.809 MCC:0.749.
val Loss: 0.5633
val Accuracy:0.855 Precision:0.638 Recall:0.884 F1:0.741 MCC:0.661.
 
Epoch 3/8
---------------
train Loss: 0.2788
train Accuracy:0.929 Precision:0.802 Recall:0.928 F1:0.861 MCC:0.818.
val Loss: 0.5862
val Accuracy:0.878 Precision:0.707 Recall:0.818 F1:0.759 MCC:0.681.
 
Epoch 4/8
---------------
train Loss: 0.1983
train Accuracy:0.949 Precision:0.850 Recall:0.950 F1:0.897 MCC:0.866.
val Loss: 0.8067
val Accuracy:0.865 Precision:0.687 Recall:0.783 F1:0.732 MCC:0.645.
 
Epoch 5/8
---------------
train Loss: 0.1436
train Accuracy:0.964 Precision:0.889 Recall:0.966 F1:0.926 MCC:0.903.
val Loss: 0.7225
val Accuracy:0.892 Precision:0.742 Recall:0.824 F1:0.781 MCC:0.711.
 
Epoch 6/8
---------------
train Loss: 0.1226
train Accuracy:0.969 Precision:0.905 Recall:0.970 F1:0.936 MCC:0.917.
val Loss: 0.6585
val Accuracy:0.876 Precision:0.689 Recall:0.857 F1:0.764 MCC:0.689.
 
Epoch 7/8
---------------
train Loss: 0.0989
train Accuracy:0.976 Precision:0.926 Recall:0.976 F1:0.951 MCC:0.935.
val Loss: 0.7033
val Accuracy:0.883 Precision:0.715 Recall:0.835 F1:0.770 MCC:0.696.
 
Epoch 8/8
---------------
train Loss: 0.0884
train Accuracy:0.978 Precision:0.931 Recall:0.980 F1:0.955 MCC:0.941.
val Loss: 0.9267
val Accuracy:0.897 Precision:0.806 Recall:0.737 F1:0.770 MCC:0.705.
Training complete in 168m 46s
------------------------------------
metrics for each fold when validation loss reaches minimum:
[{'loss': 0.8943313365863039, 'acc': 0.8522467320261438, 'precision': 0.6767860089094209, 'recall': 0.7121527777777777, 'mcc': 0.5970477954213559}, {'loss': 0.4646922458168559, 'acc': 0.8829150262467191, 'precision': 0.6938000271333604, 'recall': 0.8953081232492998, 'mcc': 0.714198808428594}, {'loss': 0.37936026527206573, 'acc': 0.9141650262467191, 'precision': 0.7746243739565943, 'recall': 0.8935574229691877, 'mcc': 0.7763710842942816}, {'loss': 0.4124508624079972, 'acc': 0.9002624671916011, 'precision': 0.7294990204310103, 'recall': 0.9126400560224089, 'mcc': 0.7528793711312232}, {'loss': 0.5632840358209735, 'acc': 0.855232939632546, 'precision': 0.637891809908999, 'recall': 0.883578431372549, 'mcc': 0.660510050398347}]
Averge metrics over 5 folds:
average loss:  0.5428237491808393
average accuracy:  0.8809644382687459
average precision:  0.7025202480678769
average recall:  0.8594473622782447
average mcc:  0.7002014219347602
cross-validation finished, end of program
