data directory: ../../bionoi_output/residue_type/
batch size: 32
performing control_vs_heme cross-validation task.
Current device: cuda:0
*********************************************************************
starting 1th fold cross-validation
-------------------------------------------------------
Getting statistics for dataset...
--------------------------------------------------------
folds:  [1, 2, 3, 4, 5]
class name to integer map:  {'control': 0, 'heme': 1}
getting training data from following folders:  ['../../bionoi_output/residue_type/control/fold_1', '../../bionoi_output/residue_type/control/fold_2', '../../bionoi_output/residue_type/control/fold_3', '../../bionoi_output/residue_type/control/fold_4', '../../bionoi_output/residue_type/control/fold_5', '../../bionoi_output/residue_type/heme/fold_1', '../../bionoi_output/residue_type/heme/fold_2', '../../bionoi_output/residue_type/heme/fold_3', '../../bionoi_output/residue_type/heme/fold_4', '../../bionoi_output/residue_type/heme/fold_5']
folder classes:  [0, 0, 0, 0, 0, 1, 1, 1, 1, 1]
lengths of the folders:  [18720, 18672, 18672, 18672, 18672, 5760, 5712, 5712, 5712, 5712]
mean of the dataset:  [0.6119805574417114, 0.43295788764953613, 0.6477060914039612]
standard deviation of the dataset:  [0.22968298196792603, 0.17724934220314026, 0.25409725308418274]
-------------------------------------------------------
--------------------------------------------------------
generating training dataset...
folds:  [2, 3, 4, 5]
class name to integer map:  {'control': 0, 'heme': 1}
getting training data from following folders:  ['../../bionoi_output/residue_type/control/fold_2', '../../bionoi_output/residue_type/control/fold_3', '../../bionoi_output/residue_type/control/fold_4', '../../bionoi_output/residue_type/control/fold_5', '../../bionoi_output/residue_type/heme/fold_2', '../../bionoi_output/residue_type/heme/fold_3', '../../bionoi_output/residue_type/heme/fold_4', '../../bionoi_output/residue_type/heme/fold_5']
folder classes:  [0, 0, 0, 0, 1, 1, 1, 1]
lengths of the folders:  [18672, 18672, 18672, 18672, 5712, 5712, 5712, 5712]
--------------------------------------------------------
generating validation dataset...
folds:  [1]
class name to integer map:  {'control': 0, 'heme': 1}
getting training data from following folders:  ['../../bionoi_output/residue_type/control/fold_1', '../../bionoi_output/residue_type/heme/fold_1']
folder classes:  [0, 1]
lengths of the folders:  [18720, 5760]
Model:  resnet18
Feature extracting: False
Using pretrained model: True
Using 2 GPUs...
optimizer:
Adam (
Parameter Group 0
    amsgrad: False
    betas: (0.9, 0.999)
    eps: 1e-08
    lr: 0.0003
    weight_decay: 0.0003
)
Not using any learning rate scheduler.
 
Epoch 1/8
---------------
train Loss: 0.3698
train Accuracy:0.908 Precision:0.752 Recall:0.904 F1:0.821 MCC:0.765.
val Loss: 0.8023
val Accuracy:0.843 Precision:0.646 Recall:0.739 F1:0.689 MCC:0.588.
 
Epoch 2/8
---------------
train Loss: 0.2236
train Accuracy:0.946 Precision:0.847 Recall:0.940 F1:0.891 MCC:0.858.
val Loss: 0.7353
val Accuracy:0.861 Precision:0.673 Recall:0.797 F1:0.730 MCC:0.642.
 
Epoch 3/8
---------------
train Loss: 0.1507
train Accuracy:0.964 Precision:0.892 Recall:0.963 F1:0.926 MCC:0.904.
val Loss: 1.3635
val Accuracy:0.884 Precision:0.892 Recall:0.577 F1:0.700 MCC:0.656.
 
Epoch 4/8
---------------
train Loss: 0.1099
train Accuracy:0.974 Precision:0.918 Recall:0.974 F1:0.945 MCC:0.928.
val Loss: 1.4520
val Accuracy:0.878 Precision:0.865 Recall:0.568 F1:0.686 MCC:0.635.
 
Epoch 5/8
---------------
train Loss: 0.0812
train Accuracy:0.980 Precision:0.939 Recall:0.981 F1:0.959 MCC:0.947.
val Loss: 1.0298
val Accuracy:0.895 Precision:0.836 Recall:0.691 F1:0.757 MCC:0.696.
 
Epoch 6/8
---------------
train Loss: 0.0722
train Accuracy:0.983 Precision:0.947 Recall:0.983 F1:0.965 MCC:0.954.
val Loss: 1.2168
val Accuracy:0.883 Precision:0.789 Recall:0.688 F1:0.735 MCC:0.663.
 
Epoch 7/8
---------------
train Loss: 0.0597
train Accuracy:0.986 Precision:0.957 Recall:0.986 F1:0.971 MCC:0.963.
val Loss: 1.4926
val Accuracy:0.894 Precision:0.839 Recall:0.680 F1:0.751 MCC:0.691.
 
Epoch 8/8
---------------
train Loss: 0.0537
train Accuracy:0.987 Precision:0.959 Recall:0.987 F1:0.973 MCC:0.965.
val Loss: 1.7871
val Accuracy:0.887 Precision:0.863 Recall:0.617 F1:0.720 MCC:0.665.
Training complete in 167m 48s
*********************************************************************
starting 2th fold cross-validation
-------------------------------------------------------
Getting statistics for dataset...
--------------------------------------------------------
folds:  [1, 2, 3, 4, 5]
class name to integer map:  {'control': 0, 'heme': 1}
getting training data from following folders:  ['../../bionoi_output/residue_type/control/fold_1', '../../bionoi_output/residue_type/control/fold_2', '../../bionoi_output/residue_type/control/fold_3', '../../bionoi_output/residue_type/control/fold_4', '../../bionoi_output/residue_type/control/fold_5', '../../bionoi_output/residue_type/heme/fold_1', '../../bionoi_output/residue_type/heme/fold_2', '../../bionoi_output/residue_type/heme/fold_3', '../../bionoi_output/residue_type/heme/fold_4', '../../bionoi_output/residue_type/heme/fold_5']
folder classes:  [0, 0, 0, 0, 0, 1, 1, 1, 1, 1]
lengths of the folders:  [18720, 18672, 18672, 18672, 18672, 5760, 5712, 5712, 5712, 5712]
mean of the dataset:  [0.6119805574417114, 0.43295788764953613, 0.6477060914039612]
standard deviation of the dataset:  [0.22968298196792603, 0.17724934220314026, 0.25409725308418274]
-------------------------------------------------------
--------------------------------------------------------
generating training dataset...
folds:  [1, 3, 4, 5]
class name to integer map:  {'control': 0, 'heme': 1}
getting training data from following folders:  ['../../bionoi_output/residue_type/control/fold_1', '../../bionoi_output/residue_type/control/fold_3', '../../bionoi_output/residue_type/control/fold_4', '../../bionoi_output/residue_type/control/fold_5', '../../bionoi_output/residue_type/heme/fold_1', '../../bionoi_output/residue_type/heme/fold_3', '../../bionoi_output/residue_type/heme/fold_4', '../../bionoi_output/residue_type/heme/fold_5']
folder classes:  [0, 0, 0, 0, 1, 1, 1, 1]
lengths of the folders:  [18720, 18672, 18672, 18672, 5760, 5712, 5712, 5712]
--------------------------------------------------------
generating validation dataset...
folds:  [2]
class name to integer map:  {'control': 0, 'heme': 1}
getting training data from following folders:  ['../../bionoi_output/residue_type/control/fold_2', '../../bionoi_output/residue_type/heme/fold_2']
folder classes:  [0, 1]
lengths of the folders:  [18672, 5712]
Model:  resnet18
Feature extracting: False
Using pretrained model: True
Using 2 GPUs...
optimizer:
Adam (
Parameter Group 0
    amsgrad: False
    betas: (0.9, 0.999)
    eps: 1e-08
    lr: 0.0003
    weight_decay: 0.0003
)
Not using any learning rate scheduler.
 
Epoch 1/8
---------------
train Loss: 0.4195
train Accuracy:0.890 Precision:0.714 Recall:0.884 F1:0.790 MCC:0.724.
val Loss: 1.0136
val Accuracy:0.741 Precision:0.474 Recall:0.966 F1:0.636 MCC:0.541.
 
Epoch 2/8
---------------
train Loss: 0.2580
train Accuracy:0.934 Precision:0.813 Recall:0.932 F1:0.868 MCC:0.828.
val Loss: 0.4136
val Accuracy:0.919 Precision:0.786 Recall:0.899 F1:0.839 MCC:0.789.
 
Epoch 3/8
---------------
train Loss: 0.1679
train Accuracy:0.958 Precision:0.876 Recall:0.957 F1:0.915 MCC:0.889.
val Loss: 0.4193
val Accuracy:0.923 Precision:0.829 Recall:0.847 F1:0.838 MCC:0.788.
 
Epoch 4/8
---------------
train Loss: 0.1228
train Accuracy:0.970 Precision:0.909 Recall:0.970 F1:0.938 MCC:0.920.
val Loss: 0.6929
val Accuracy:0.918 Precision:0.863 Recall:0.772 F1:0.815 MCC:0.764.
 
Epoch 5/8
---------------
train Loss: 0.0962
train Accuracy:0.977 Precision:0.928 Recall:0.976 F1:0.951 MCC:0.936.
val Loss: 0.5901
val Accuracy:0.936 Precision:0.892 Recall:0.827 F1:0.858 MCC:0.818.
 
Epoch 6/8
---------------
train Loss: 0.0773
train Accuracy:0.982 Precision:0.943 Recall:0.983 F1:0.963 MCC:0.951.
val Loss: 0.5263
val Accuracy:0.929 Precision:0.845 Recall:0.856 F1:0.850 MCC:0.804.
 
Epoch 7/8
---------------
train Loss: 0.0713
train Accuracy:0.983 Precision:0.947 Recall:0.982 F1:0.964 MCC:0.953.
val Loss: 0.7750
val Accuracy:0.933 Precision:0.900 Recall:0.804 F1:0.850 MCC:0.809.
 
Epoch 8/8
---------------
train Loss: 0.0661
train Accuracy:0.985 Precision:0.953 Recall:0.985 F1:0.969 MCC:0.959.
val Loss: 0.7813
val Accuracy:0.901 Precision:0.751 Recall:0.867 F1:0.805 MCC:0.743.
Training complete in 167m 44s
*********************************************************************
starting 3th fold cross-validation
-------------------------------------------------------
Getting statistics for dataset...
--------------------------------------------------------
folds:  [1, 2, 3, 4, 5]
class name to integer map:  {'control': 0, 'heme': 1}
getting training data from following folders:  ['../../bionoi_output/residue_type/control/fold_1', '../../bionoi_output/residue_type/control/fold_2', '../../bionoi_output/residue_type/control/fold_3', '../../bionoi_output/residue_type/control/fold_4', '../../bionoi_output/residue_type/control/fold_5', '../../bionoi_output/residue_type/heme/fold_1', '../../bionoi_output/residue_type/heme/fold_2', '../../bionoi_output/residue_type/heme/fold_3', '../../bionoi_output/residue_type/heme/fold_4', '../../bionoi_output/residue_type/heme/fold_5']
folder classes:  [0, 0, 0, 0, 0, 1, 1, 1, 1, 1]
lengths of the folders:  [18720, 18672, 18672, 18672, 18672, 5760, 5712, 5712, 5712, 5712]
mean of the dataset:  [0.6119805574417114, 0.43295788764953613, 0.6477060914039612]
standard deviation of the dataset:  [0.22968298196792603, 0.17724934220314026, 0.25409725308418274]
-------------------------------------------------------
--------------------------------------------------------
generating training dataset...
folds:  [1, 2, 4, 5]
class name to integer map:  {'control': 0, 'heme': 1}
getting training data from following folders:  ['../../bionoi_output/residue_type/control/fold_1', '../../bionoi_output/residue_type/control/fold_2', '../../bionoi_output/residue_type/control/fold_4', '../../bionoi_output/residue_type/control/fold_5', '../../bionoi_output/residue_type/heme/fold_1', '../../bionoi_output/residue_type/heme/fold_2', '../../bionoi_output/residue_type/heme/fold_4', '../../bionoi_output/residue_type/heme/fold_5']
folder classes:  [0, 0, 0, 0, 1, 1, 1, 1]
lengths of the folders:  [18720, 18672, 18672, 18672, 5760, 5712, 5712, 5712]
--------------------------------------------------------
generating validation dataset...
folds:  [3]
class name to integer map:  {'control': 0, 'heme': 1}
getting training data from following folders:  ['../../bionoi_output/residue_type/control/fold_3', '../../bionoi_output/residue_type/heme/fold_3']
folder classes:  [0, 1]
lengths of the folders:  [18672, 5712]
Model:  resnet18
Feature extracting: False
Using pretrained model: True
Using 2 GPUs...
optimizer:
Adam (
Parameter Group 0
    amsgrad: False
    betas: (0.9, 0.999)
    eps: 1e-08
    lr: 0.0003
    weight_decay: 0.0003
)
Not using any learning rate scheduler.
 
Epoch 1/8
---------------
train Loss: 0.4151
train Accuracy:0.891 Precision:0.715 Recall:0.886 F1:0.792 MCC:0.726.
val Loss: 0.3997
val Accuracy:0.921 Precision:0.780 Recall:0.920 F1:0.844 MCC:0.797.
 
Epoch 2/8
---------------
train Loss: 0.2558
train Accuracy:0.935 Precision:0.816 Recall:0.933 F1:0.871 MCC:0.831.
val Loss: 0.3997
val Accuracy:0.926 Precision:0.820 Recall:0.875 F1:0.846 MCC:0.798.
 
Epoch 3/8
---------------
train Loss: 0.1702
train Accuracy:0.958 Precision:0.875 Recall:0.958 F1:0.915 MCC:0.889.
val Loss: 0.4098
val Accuracy:0.939 Precision:0.847 Recall:0.902 F1:0.873 MCC:0.834.
 
Epoch 4/8
---------------
train Loss: 0.1223
train Accuracy:0.970 Precision:0.908 Recall:0.970 F1:0.938 MCC:0.920.
val Loss: 0.4739
val Accuracy:0.944 Precision:0.897 Recall:0.862 F1:0.879 MCC:0.843.
 
Epoch 5/8
---------------
train Loss: 0.0981
train Accuracy:0.977 Precision:0.929 Recall:0.977 F1:0.952 MCC:0.938.
val Loss: 0.3880
val Accuracy:0.938 Precision:0.836 Recall:0.914 F1:0.873 MCC:0.833.
 
Epoch 6/8
---------------
train Loss: 0.0822
train Accuracy:0.981 Precision:0.939 Recall:0.981 F1:0.960 MCC:0.947.
val Loss: 0.4242
val Accuracy:0.912 Precision:0.750 Recall:0.938 F1:0.833 MCC:0.784.
 
Epoch 7/8
---------------
train Loss: 0.0698
train Accuracy:0.984 Precision:0.951 Recall:0.984 F1:0.967 MCC:0.957.
val Loss: 0.4476
val Accuracy:0.947 Precision:0.862 Recall:0.921 F1:0.890 MCC:0.856.
 
Epoch 8/8
---------------
train Loss: 0.0648
train Accuracy:0.984 Precision:0.951 Recall:0.985 F1:0.968 MCC:0.958.
val Loss: 0.4128
val Accuracy:0.919 Precision:0.768 Recall:0.937 F1:0.844 MCC:0.797.
Training complete in 167m 49s
*********************************************************************
starting 4th fold cross-validation
-------------------------------------------------------
Getting statistics for dataset...
--------------------------------------------------------
folds:  [1, 2, 3, 4, 5]
class name to integer map:  {'control': 0, 'heme': 1}
getting training data from following folders:  ['../../bionoi_output/residue_type/control/fold_1', '../../bionoi_output/residue_type/control/fold_2', '../../bionoi_output/residue_type/control/fold_3', '../../bionoi_output/residue_type/control/fold_4', '../../bionoi_output/residue_type/control/fold_5', '../../bionoi_output/residue_type/heme/fold_1', '../../bionoi_output/residue_type/heme/fold_2', '../../bionoi_output/residue_type/heme/fold_3', '../../bionoi_output/residue_type/heme/fold_4', '../../bionoi_output/residue_type/heme/fold_5']
folder classes:  [0, 0, 0, 0, 0, 1, 1, 1, 1, 1]
lengths of the folders:  [18720, 18672, 18672, 18672, 18672, 5760, 5712, 5712, 5712, 5712]
mean of the dataset:  [0.6119805574417114, 0.43295788764953613, 0.6477060914039612]
standard deviation of the dataset:  [0.22968298196792603, 0.17724934220314026, 0.25409725308418274]
-------------------------------------------------------
--------------------------------------------------------
generating training dataset...
folds:  [1, 2, 3, 5]
class name to integer map:  {'control': 0, 'heme': 1}
getting training data from following folders:  ['../../bionoi_output/residue_type/control/fold_1', '../../bionoi_output/residue_type/control/fold_2', '../../bionoi_output/residue_type/control/fold_3', '../../bionoi_output/residue_type/control/fold_5', '../../bionoi_output/residue_type/heme/fold_1', '../../bionoi_output/residue_type/heme/fold_2', '../../bionoi_output/residue_type/heme/fold_3', '../../bionoi_output/residue_type/heme/fold_5']
folder classes:  [0, 0, 0, 0, 1, 1, 1, 1]
lengths of the folders:  [18720, 18672, 18672, 18672, 5760, 5712, 5712, 5712]
--------------------------------------------------------
generating validation dataset...
folds:  [4]
class name to integer map:  {'control': 0, 'heme': 1}
getting training data from following folders:  ['../../bionoi_output/residue_type/control/fold_4', '../../bionoi_output/residue_type/heme/fold_4']
folder classes:  [0, 1]
lengths of the folders:  [18672, 5712]
Model:  resnet18
Feature extracting: False
Using pretrained model: True
Using 2 GPUs...
optimizer:
Adam (
Parameter Group 0
    amsgrad: False
    betas: (0.9, 0.999)
    eps: 1e-08
    lr: 0.0003
    weight_decay: 0.0003
)
Not using any learning rate scheduler.
 
Epoch 1/8
---------------
train Loss: 0.4286
train Accuracy:0.887 Precision:0.706 Recall:0.884 F1:0.786 MCC:0.718.
val Loss: 0.3126
val Accuracy:0.934 Precision:0.833 Recall:0.900 F1:0.865 MCC:0.823.
 
Epoch 2/8
---------------
train Loss: 0.2487
train Accuracy:0.937 Precision:0.821 Recall:0.937 F1:0.875 MCC:0.836.
val Loss: 0.3104
val Accuracy:0.896 Precision:0.700 Recall:0.973 F1:0.814 MCC:0.764.
 
Epoch 3/8
---------------
train Loss: 0.1630
train Accuracy:0.959 Precision:0.878 Recall:0.961 F1:0.917 MCC:0.892.
val Loss: 0.2746
val Accuracy:0.932 Precision:0.800 Recall:0.947 F1:0.868 MCC:0.828.
 
Epoch 4/8
---------------
train Loss: 0.1177
train Accuracy:0.972 Precision:0.913 Recall:0.973 F1:0.942 MCC:0.924.
val Loss: 0.3400
val Accuracy:0.915 Precision:0.744 Recall:0.974 F1:0.844 MCC:0.800.
 
Epoch 5/8
---------------
train Loss: 0.0950
train Accuracy:0.977 Precision:0.928 Recall:0.978 F1:0.952 MCC:0.938.
val Loss: 0.3042
val Accuracy:0.950 Precision:0.881 Recall:0.908 F1:0.894 MCC:0.862.
 
Epoch 6/8
---------------
train Loss: 0.0821
train Accuracy:0.981 Precision:0.940 Recall:0.981 F1:0.960 MCC:0.947.
val Loss: 0.3892
val Accuracy:0.931 Precision:0.830 Recall:0.885 F1:0.856 MCC:0.811.
 
Epoch 7/8
---------------
train Loss: 0.0736
train Accuracy:0.983 Precision:0.945 Recall:0.983 F1:0.963 MCC:0.952.
val Loss: 0.4091
val Accuracy:0.930 Precision:0.808 Recall:0.922 F1:0.861 MCC:0.818.
 
Epoch 8/8
---------------
train Loss: 0.0633
train Accuracy:0.985 Precision:0.952 Recall:0.986 F1:0.968 MCC:0.959.
val Loss: 0.3646
val Accuracy:0.941 Precision:0.836 Recall:0.932 F1:0.881 MCC:0.844.
Training complete in 167m 54s
*********************************************************************
starting 5th fold cross-validation
-------------------------------------------------------
Getting statistics for dataset...
--------------------------------------------------------
folds:  [1, 2, 3, 4, 5]
class name to integer map:  {'control': 0, 'heme': 1}
getting training data from following folders:  ['../../bionoi_output/residue_type/control/fold_1', '../../bionoi_output/residue_type/control/fold_2', '../../bionoi_output/residue_type/control/fold_3', '../../bionoi_output/residue_type/control/fold_4', '../../bionoi_output/residue_type/control/fold_5', '../../bionoi_output/residue_type/heme/fold_1', '../../bionoi_output/residue_type/heme/fold_2', '../../bionoi_output/residue_type/heme/fold_3', '../../bionoi_output/residue_type/heme/fold_4', '../../bionoi_output/residue_type/heme/fold_5']
folder classes:  [0, 0, 0, 0, 0, 1, 1, 1, 1, 1]
lengths of the folders:  [18720, 18672, 18672, 18672, 18672, 5760, 5712, 5712, 5712, 5712]
mean of the dataset:  [0.6119805574417114, 0.43295788764953613, 0.6477060914039612]
standard deviation of the dataset:  [0.22968298196792603, 0.17724934220314026, 0.25409725308418274]
-------------------------------------------------------
--------------------------------------------------------
generating training dataset...
folds:  [1, 2, 3, 4]
class name to integer map:  {'control': 0, 'heme': 1}
getting training data from following folders:  ['../../bionoi_output/residue_type/control/fold_1', '../../bionoi_output/residue_type/control/fold_2', '../../bionoi_output/residue_type/control/fold_3', '../../bionoi_output/residue_type/control/fold_4', '../../bionoi_output/residue_type/heme/fold_1', '../../bionoi_output/residue_type/heme/fold_2', '../../bionoi_output/residue_type/heme/fold_3', '../../bionoi_output/residue_type/heme/fold_4']
folder classes:  [0, 0, 0, 0, 1, 1, 1, 1]
lengths of the folders:  [18720, 18672, 18672, 18672, 5760, 5712, 5712, 5712]
--------------------------------------------------------
generating validation dataset...
folds:  [5]
class name to integer map:  {'control': 0, 'heme': 1}
getting training data from following folders:  ['../../bionoi_output/residue_type/control/fold_5', '../../bionoi_output/residue_type/heme/fold_5']
folder classes:  [0, 1]
lengths of the folders:  [18672, 5712]
Model:  resnet18
Feature extracting: False
Using pretrained model: True
Using 2 GPUs...
optimizer:
Adam (
Parameter Group 0
    amsgrad: False
    betas: (0.9, 0.999)
    eps: 1e-08
    lr: 0.0003
    weight_decay: 0.0003
)
Not using any learning rate scheduler.
 
Epoch 1/8
---------------
train Loss: 0.3986
train Accuracy:0.897 Precision:0.728 Recall:0.896 F1:0.804 MCC:0.742.
val Loss: 0.4547
val Accuracy:0.895 Precision:0.746 Recall:0.835 F1:0.788 MCC:0.721.
 
Epoch 2/8
---------------
train Loss: 0.2303
train Accuracy:0.943 Precision:0.836 Recall:0.941 F1:0.885 MCC:0.850.
val Loss: 0.5423
val Accuracy:0.900 Precision:0.757 Recall:0.844 F1:0.798 MCC:0.734.
 
Epoch 3/8
---------------
train Loss: 0.1499
train Accuracy:0.964 Precision:0.894 Recall:0.962 F1:0.927 MCC:0.905.
val Loss: 0.7188
val Accuracy:0.910 Precision:0.856 Recall:0.740 F1:0.794 MCC:0.740.
 
Epoch 4/8
---------------
train Loss: 0.1106
train Accuracy:0.974 Precision:0.920 Recall:0.973 F1:0.946 MCC:0.929.
val Loss: 0.7651
val Accuracy:0.895 Precision:0.761 Recall:0.806 F1:0.783 MCC:0.714.
 
Epoch 5/8
---------------
train Loss: 0.0862
train Accuracy:0.979 Precision:0.934 Recall:0.978 F1:0.956 MCC:0.942.
val Loss: 0.7091
val Accuracy:0.907 Precision:0.787 Recall:0.829 F1:0.807 MCC:0.747.
 
Epoch 6/8
---------------
train Loss: 0.0711
train Accuracy:0.983 Precision:0.947 Recall:0.984 F1:0.965 MCC:0.955.
val Loss: 0.6506
val Accuracy:0.908 Precision:0.790 Recall:0.827 F1:0.808 MCC:0.748.
 
Epoch 7/8
---------------
train Loss: 0.0679
train Accuracy:0.984 Precision:0.952 Recall:0.984 F1:0.967 MCC:0.957.
val Loss: 0.6185
val Accuracy:0.885 Precision:0.713 Recall:0.849 F1:0.775 MCC:0.703.
 
Epoch 8/8
---------------
train Loss: 0.0563
train Accuracy:0.987 Precision:0.959 Recall:0.987 F1:0.973 MCC:0.964.
val Loss: 0.8025
val Accuracy:0.920 Precision:0.859 Recall:0.789 F1:0.822 MCC:0.772.
Training complete in 168m 1s
------------------------------------
metrics for each fold when validation loss reaches minimum:
[{'loss': 0.7352509497573563, 'acc': 0.8613153594771242, 'precision': 0.6734125238304737, 'recall': 0.7972222222222223, 'mcc': 0.6417877873661468}, {'loss': 0.41360865634061844, 'acc': 0.9191683070866141, 'precision': 0.7864033073036288, 'recall': 0.8991596638655462, 'mcc': 0.7885110791323127}, {'loss': 0.3879694253682303, 'acc': 0.9377050524934383, 'precision': 0.8356010885224908, 'recall': 0.9138655462184874, 'mcc': 0.8332880182118861}, {'loss': 0.2745513687688818, 'acc': 0.932373687664042, 'precision': 0.800473302765863, 'recall': 0.9474789915966386, 'mcc': 0.8280702977307983}, {'loss': 0.45467880571119274, 'acc': 0.8948900918635171, 'precision': 0.7463620716632765, 'recall': 0.8350840336134454, 'mcc': 0.7206284330604408}]
Averge metrics over 5 folds:
average loss:  0.45321184118925595
average accuracy:  0.9090904997169471
average precision:  0.7684504588171466
average recall:  0.878562091503268
average mcc:  0.7624571231003169
cross-validation finished, end of program
